INFO - 2019-01-31 03:45:17 --> Config Class Initialized
INFO - 2019-01-31 03:45:17 --> Hooks Class Initialized
DEBUG - 2019-01-31 03:45:17 --> UTF-8 Support Enabled
INFO - 2019-01-31 03:45:17 --> Utf8 Class Initialized
INFO - 2019-01-31 03:45:17 --> URI Class Initialized
DEBUG - 2019-01-31 03:45:17 --> No URI present. Default controller set.
INFO - 2019-01-31 03:45:17 --> Router Class Initialized
INFO - 2019-01-31 03:45:17 --> Output Class Initialized
INFO - 2019-01-31 03:45:17 --> Security Class Initialized
DEBUG - 2019-01-31 03:45:17 --> Global POST, GET and COOKIE data sanitized
INFO - 2019-01-31 03:45:17 --> Input Class Initialized
INFO - 2019-01-31 03:45:17 --> Language Class Initialized
INFO - 2019-01-31 03:45:17 --> Loader Class Initialized
INFO - 2019-01-31 03:45:17 --> Helper loaded: url_helper
INFO - 2019-01-31 03:45:17 --> Helper loaded: form_helper
INFO - 2019-01-31 03:45:17 --> Helper loaded: html_helper
INFO - 2019-01-31 03:45:17 --> Helper loaded: rbac_helper
INFO - 2019-01-31 03:45:17 --> Helper loaded: layout_helper
INFO - 2019-01-31 03:45:17 --> Helper loaded: func_helper
INFO - 2019-01-31 03:45:17 --> Helper loaded: oraxe_helper
INFO - 2019-01-31 03:45:17 --> Database Driver Class Initialized
DEBUG - 2019-01-31 03:45:18 --> Session: "sess_save_path" is empty; using "session.save_path" value from php.ini.
INFO - 2019-01-31 03:45:18 --> Session: Class initialized using 'files' driver.
INFO - 2019-01-31 03:45:18 --> Controller Class Initialized
DEBUG - 2019-01-31 03:45:18 --> Session class already loaded. Second attempt ignored.
INFO - 2019-01-31 03:45:18 --> Form Validation Class Initialized
INFO - 2019-01-31 03:45:18 --> Config Class Initialized
INFO - 2019-01-31 03:45:18 --> Hooks Class Initialized
DEBUG - 2019-01-31 03:45:18 --> UTF-8 Support Enabled
INFO - 2019-01-31 03:45:18 --> Utf8 Class Initialized
INFO - 2019-01-31 03:45:18 --> URI Class Initialized
INFO - 2019-01-31 03:45:18 --> Router Class Initialized
INFO - 2019-01-31 03:45:18 --> Output Class Initialized
INFO - 2019-01-31 03:45:18 --> Security Class Initialized
DEBUG - 2019-01-31 03:45:18 --> Global POST, GET and COOKIE data sanitized
INFO - 2019-01-31 03:45:18 --> Input Class Initialized
INFO - 2019-01-31 03:45:18 --> Language Class Initialized
INFO - 2019-01-31 03:45:18 --> Loader Class Initialized
INFO - 2019-01-31 03:45:18 --> Helper loaded: url_helper
INFO - 2019-01-31 03:45:18 --> Helper loaded: form_helper
INFO - 2019-01-31 03:45:18 --> Helper loaded: html_helper
INFO - 2019-01-31 03:45:18 --> Helper loaded: rbac_helper
INFO - 2019-01-31 03:45:18 --> Helper loaded: layout_helper
INFO - 2019-01-31 03:45:18 --> Helper loaded: func_helper
INFO - 2019-01-31 03:45:18 --> Helper loaded: oraxe_helper
INFO - 2019-01-31 03:45:18 --> Database Driver Class Initialized
DEBUG - 2019-01-31 03:45:18 --> Session: "sess_save_path" is empty; using "session.save_path" value from php.ini.
INFO - 2019-01-31 03:45:18 --> Session: Class initialized using 'files' driver.
INFO - 2019-01-31 03:45:18 --> Controller Class Initialized
DEBUG - 2019-01-31 03:45:18 --> Session class already loaded. Second attempt ignored.
INFO - 2019-01-31 03:45:18 --> Form Validation Class Initialized
INFO - 2019-01-31 03:45:19 --> user_id=[lutfi]module=[company]method[get]
INFO - 2019-01-31 03:45:19 --> user_id=[lutfi]module=[structure]method[get]
INFO - 2019-01-31 03:45:19 --> user_id=[lutfi]module=[report]method[get]
INFO - 2019-01-31 03:45:19 --> user_id=[lutfi]module=[workhour]method[get]
INFO - 2019-01-31 03:45:19 --> user_id=[lutfi]module=[holiday]method[get]
INFO - 2019-01-31 03:45:19 --> user_id=[lutfi]module=[employees]method[get]
INFO - 2019-01-31 03:45:19 --> user_id=[lutfi]module=[timesheet]method[get]
INFO - 2019-01-31 03:45:19 --> user_id=[lutfi]module=[absent]method[get]
INFO - 2019-01-31 03:45:19 --> user_id=[lutfi]module=[onleave]method[get]
INFO - 2019-01-31 03:45:19 --> user_id=[lutfi]module=[overtime]method[get]
INFO - 2019-01-31 03:45:19 --> user_id=[lutfi]module=[schemas]method[get]
INFO - 2019-01-31 03:45:19 --> user_id=[lutfi]module=[adjustment]method[get]
INFO - 2019-01-31 03:45:19 --> user_id=[lutfi]module=[reimburse]method[get]
INFO - 2019-01-31 03:45:19 --> user_id=[lutfi]module=[wages]method[get]
INFO - 2019-01-31 03:45:19 --> user_id=[lutfi]module=[paydays]method[get]
INFO - 2019-01-31 03:45:19 --> File loaded: C:\MNEMONIC\GDrive\Web\cyberhrm\application\views\dashboard.php
INFO - 2019-01-31 03:45:19 --> File loaded: C:\MNEMONIC\GDrive\Web\cyberhrm\application\views\layouts/default.php
INFO - 2019-01-31 03:45:19 --> Final output sent to browser
DEBUG - 2019-01-31 03:45:19 --> Total execution time: 0.4036
INFO - 2019-01-31 03:45:19 --> Config Class Initialized
INFO - 2019-01-31 03:45:19 --> Hooks Class Initialized
DEBUG - 2019-01-31 03:45:19 --> UTF-8 Support Enabled
INFO - 2019-01-31 03:45:19 --> Utf8 Class Initialized
INFO - 2019-01-31 03:45:19 --> URI Class Initialized
INFO - 2019-01-31 03:45:19 --> Config Class Initialized
INFO - 2019-01-31 03:45:19 --> Hooks Class Initialized
INFO - 2019-01-31 03:45:19 --> Config Class Initialized
INFO - 2019-01-31 03:45:19 --> Hooks Class Initialized
DEBUG - 2019-01-31 03:45:19 --> UTF-8 Support Enabled
INFO - 2019-01-31 03:45:19 --> Utf8 Class Initialized
DEBUG - 2019-01-31 03:45:19 --> UTF-8 Support Enabled
INFO - 2019-01-31 03:45:19 --> Utf8 Class Initialized
INFO - 2019-01-31 03:45:19 --> URI Class Initialized
INFO - 2019-01-31 03:45:19 --> Config Class Initialized
INFO - 2019-01-31 03:45:19 --> URI Class Initialized
INFO - 2019-01-31 03:45:19 --> Hooks Class Initialized
INFO - 2019-01-31 03:45:19 --> Router Class Initialized
INFO - 2019-01-31 03:45:19 --> Router Class Initialized
INFO - 2019-01-31 03:45:19 --> Router Class Initialized
DEBUG - 2019-01-31 03:45:19 --> UTF-8 Support Enabled
INFO - 2019-01-31 03:45:19 --> Utf8 Class Initialized
INFO - 2019-01-31 03:45:19 --> Output Class Initialized
INFO - 2019-01-31 03:45:19 --> URI Class Initialized
INFO - 2019-01-31 03:45:19 --> Security Class Initialized
DEBUG - 2019-01-31 03:45:19 --> Global POST, GET and COOKIE data sanitized
INFO - 2019-01-31 03:45:19 --> Router Class Initialized
INFO - 2019-01-31 03:45:19 --> Input Class Initialized
INFO - 2019-01-31 03:45:19 --> Language Class Initialized
INFO - 2019-01-31 03:45:19 --> Output Class Initialized
INFO - 2019-01-31 03:45:19 --> Output Class Initialized
INFO - 2019-01-31 03:45:19 --> Output Class Initialized
INFO - 2019-01-31 03:45:19 --> Security Class Initialized
INFO - 2019-01-31 03:45:19 --> Security Class Initialized
INFO - 2019-01-31 03:45:19 --> Security Class Initialized
INFO - 2019-01-31 03:45:19 --> Loader Class Initialized
DEBUG - 2019-01-31 03:45:19 --> Global POST, GET and COOKIE data sanitized
DEBUG - 2019-01-31 03:45:19 --> Global POST, GET and COOKIE data sanitized
INFO - 2019-01-31 03:45:19 --> Input Class Initialized
INFO - 2019-01-31 03:45:19 --> Input Class Initialized
DEBUG - 2019-01-31 03:45:19 --> Global POST, GET and COOKIE data sanitized
INFO - 2019-01-31 03:45:19 --> Input Class Initialized
INFO - 2019-01-31 03:45:19 --> Language Class Initialized
INFO - 2019-01-31 03:45:19 --> Language Class Initialized
INFO - 2019-01-31 03:45:19 --> Helper loaded: url_helper
INFO - 2019-01-31 03:45:19 --> Language Class Initialized
INFO - 2019-01-31 03:45:19 --> Helper loaded: form_helper
INFO - 2019-01-31 03:45:19 --> Loader Class Initialized
INFO - 2019-01-31 03:45:19 --> Loader Class Initialized
INFO - 2019-01-31 03:45:19 --> Helper loaded: html_helper
INFO - 2019-01-31 03:45:19 --> Helper loaded: rbac_helper
INFO - 2019-01-31 03:45:19 --> Helper loaded: url_helper
INFO - 2019-01-31 03:45:19 --> Helper loaded: url_helper
INFO - 2019-01-31 03:45:19 --> Helper loaded: layout_helper
INFO - 2019-01-31 03:45:19 --> Helper loaded: func_helper
INFO - 2019-01-31 03:45:19 --> Helper loaded: form_helper
INFO - 2019-01-31 03:45:19 --> Loader Class Initialized
INFO - 2019-01-31 03:45:19 --> Helper loaded: html_helper
INFO - 2019-01-31 03:45:19 --> Helper loaded: form_helper
INFO - 2019-01-31 03:45:19 --> Helper loaded: oraxe_helper
INFO - 2019-01-31 03:45:19 --> Helper loaded: url_helper
INFO - 2019-01-31 03:45:19 --> Helper loaded: html_helper
INFO - 2019-01-31 03:45:19 --> Helper loaded: rbac_helper
INFO - 2019-01-31 03:45:19 --> Helper loaded: form_helper
INFO - 2019-01-31 03:45:19 --> Helper loaded: rbac_helper
INFO - 2019-01-31 03:45:19 --> Helper loaded: layout_helper
INFO - 2019-01-31 03:45:19 --> Helper loaded: html_helper
INFO - 2019-01-31 03:45:19 --> Helper loaded: func_helper
INFO - 2019-01-31 03:45:19 --> Helper loaded: rbac_helper
INFO - 2019-01-31 03:45:19 --> Helper loaded: layout_helper
INFO - 2019-01-31 03:45:19 --> Helper loaded: layout_helper
INFO - 2019-01-31 03:45:19 --> Helper loaded: func_helper
INFO - 2019-01-31 03:45:19 --> Helper loaded: func_helper
INFO - 2019-01-31 03:45:19 --> Helper loaded: oraxe_helper
INFO - 2019-01-31 03:45:19 --> Helper loaded: oraxe_helper
INFO - 2019-01-31 03:45:19 --> Database Driver Class Initialized
INFO - 2019-01-31 03:45:19 --> Database Driver Class Initialized
INFO - 2019-01-31 03:45:19 --> Database Driver Class Initialized
DEBUG - 2019-01-31 03:45:19 --> Session: "sess_save_path" is empty; using "session.save_path" value from php.ini.
INFO - 2019-01-31 03:45:19 --> Session: Class initialized using 'files' driver.
INFO - 2019-01-31 03:45:19 --> Controller Class Initialized
DEBUG - 2019-01-31 03:45:19 --> Session class already loaded. Second attempt ignored.
INFO - 2019-01-31 03:45:19 --> Form Validation Class Initialized
DEBUG - 2019-01-31 03:45:20 --> Session: "sess_save_path" is empty; using "session.save_path" value from php.ini.
DEBUG - 2019-01-31 03:45:20 --> Session: "sess_save_path" is empty; using "session.save_path" value from php.ini.
INFO - 2019-01-31 03:45:20 --> Session: Class initialized using 'files' driver.
INFO - 2019-01-31 03:45:20 --> Controller Class Initialized
DEBUG - 2019-01-31 03:45:20 --> Session class already loaded. Second attempt ignored.
INFO - 2019-01-31 03:45:20 --> Form Validation Class Initialized
INFO - 2019-01-31 03:45:20 --> Session: Class initialized using 'files' driver.
INFO - 2019-01-31 03:45:20 --> Controller Class Initialized
DEBUG - 2019-01-31 03:45:20 --> Session class already loaded. Second attempt ignored.
INFO - 2019-01-31 03:45:20 --> Form Validation Class Initialized
