INFO - 2018-12-07 10:28:27 --> Config Class Initialized
INFO - 2018-12-07 10:28:27 --> Hooks Class Initialized
DEBUG - 2018-12-07 10:28:27 --> UTF-8 Support Enabled
INFO - 2018-12-07 10:28:27 --> Utf8 Class Initialized
INFO - 2018-12-07 10:28:27 --> URI Class Initialized
INFO - 2018-12-07 10:28:27 --> Router Class Initialized
INFO - 2018-12-07 10:28:27 --> Output Class Initialized
INFO - 2018-12-07 10:28:27 --> Security Class Initialized
DEBUG - 2018-12-07 10:28:27 --> Global POST, GET and COOKIE data sanitized
INFO - 2018-12-07 10:28:27 --> Input Class Initialized
INFO - 2018-12-07 10:28:27 --> Language Class Initialized
INFO - 2018-12-07 10:28:27 --> Loader Class Initialized
INFO - 2018-12-07 10:28:27 --> Helper loaded: url_helper
INFO - 2018-12-07 10:28:27 --> Helper loaded: form_helper
INFO - 2018-12-07 10:28:27 --> Helper loaded: html_helper
INFO - 2018-12-07 10:28:27 --> Helper loaded: rbac_helper
INFO - 2018-12-07 10:28:27 --> Helper loaded: layout_helper
INFO - 2018-12-07 10:28:27 --> Helper loaded: func_helper
INFO - 2018-12-07 10:28:27 --> Database Driver Class Initialized
DEBUG - 2018-12-07 10:28:29 --> Session: "sess_save_path" is empty; using "session.save_path" value from php.ini.
INFO - 2018-12-07 10:28:29 --> Session: Class initialized using 'files' driver.
INFO - 2018-12-07 10:28:29 --> Controller Class Initialized
DEBUG - 2018-12-07 10:28:29 --> Session class already loaded. Second attempt ignored.
INFO - 2018-12-07 10:28:29 --> Form Validation Class Initialized
INFO - 2018-12-07 10:28:29 --> File loaded: C:\MNEMONIC\GDrive\Web\cyberhrm\application\views\employees.php
INFO - 2018-12-07 10:28:29 --> File loaded: C:\MNEMONIC\GDrive\Web\cyberhrm\application\views\layouts/default.php
INFO - 2018-12-07 10:28:29 --> Final output sent to browser
DEBUG - 2018-12-07 10:28:29 --> Total execution time: 1.6910
INFO - 2018-12-07 10:28:32 --> Config Class Initialized
INFO - 2018-12-07 10:28:32 --> Hooks Class Initialized
DEBUG - 2018-12-07 10:28:32 --> UTF-8 Support Enabled
INFO - 2018-12-07 10:28:32 --> Utf8 Class Initialized
INFO - 2018-12-07 10:28:32 --> URI Class Initialized
INFO - 2018-12-07 10:28:32 --> Router Class Initialized
INFO - 2018-12-07 10:28:32 --> Output Class Initialized
INFO - 2018-12-07 10:28:32 --> Security Class Initialized
DEBUG - 2018-12-07 10:28:32 --> Global POST, GET and COOKIE data sanitized
INFO - 2018-12-07 10:28:32 --> Input Class Initialized
INFO - 2018-12-07 10:28:32 --> Language Class Initialized
INFO - 2018-12-07 10:28:32 --> Loader Class Initialized
INFO - 2018-12-07 10:28:32 --> Helper loaded: url_helper
INFO - 2018-12-07 10:28:32 --> Helper loaded: form_helper
INFO - 2018-12-07 10:28:32 --> Helper loaded: html_helper
INFO - 2018-12-07 10:28:32 --> Helper loaded: rbac_helper
INFO - 2018-12-07 10:28:32 --> Helper loaded: layout_helper
INFO - 2018-12-07 10:28:32 --> Helper loaded: func_helper
INFO - 2018-12-07 10:28:32 --> Database Driver Class Initialized
DEBUG - 2018-12-07 10:28:32 --> Session: "sess_save_path" is empty; using "session.save_path" value from php.ini.
INFO - 2018-12-07 10:28:32 --> Session: Class initialized using 'files' driver.
INFO - 2018-12-07 10:28:32 --> Controller Class Initialized
DEBUG - 2018-12-07 10:28:32 --> Session class already loaded. Second attempt ignored.
INFO - 2018-12-07 10:28:32 --> Form Validation Class Initialized
INFO - 2018-12-07 10:28:32 --> Final output sent to browser
DEBUG - 2018-12-07 10:28:32 --> Total execution time: 0.2745
INFO - 2018-12-07 10:34:33 --> Config Class Initialized
INFO - 2018-12-07 10:34:33 --> Hooks Class Initialized
DEBUG - 2018-12-07 10:34:33 --> UTF-8 Support Enabled
INFO - 2018-12-07 10:34:33 --> Utf8 Class Initialized
INFO - 2018-12-07 10:34:33 --> URI Class Initialized
INFO - 2018-12-07 10:34:33 --> Router Class Initialized
INFO - 2018-12-07 10:34:33 --> Output Class Initialized
INFO - 2018-12-07 10:34:33 --> Security Class Initialized
DEBUG - 2018-12-07 10:34:33 --> Global POST, GET and COOKIE data sanitized
INFO - 2018-12-07 10:34:33 --> Input Class Initialized
INFO - 2018-12-07 10:34:33 --> Language Class Initialized
INFO - 2018-12-07 10:34:33 --> Loader Class Initialized
INFO - 2018-12-07 10:34:33 --> Helper loaded: url_helper
INFO - 2018-12-07 10:34:33 --> Helper loaded: form_helper
INFO - 2018-12-07 10:34:33 --> Helper loaded: html_helper
INFO - 2018-12-07 10:34:33 --> Helper loaded: rbac_helper
INFO - 2018-12-07 10:34:33 --> Helper loaded: layout_helper
INFO - 2018-12-07 10:34:33 --> Helper loaded: func_helper
INFO - 2018-12-07 10:34:33 --> Database Driver Class Initialized
DEBUG - 2018-12-07 10:34:33 --> Session: "sess_save_path" is empty; using "session.save_path" value from php.ini.
INFO - 2018-12-07 10:34:33 --> Session: Class initialized using 'files' driver.
INFO - 2018-12-07 10:34:33 --> Controller Class Initialized
DEBUG - 2018-12-07 10:34:33 --> Session class already loaded. Second attempt ignored.
INFO - 2018-12-07 10:34:33 --> Form Validation Class Initialized
INFO - 2018-12-07 10:34:33 --> File loaded: C:\MNEMONIC\GDrive\Web\cyberhrm\application\views\schemas.php
INFO - 2018-12-07 10:34:33 --> File loaded: C:\MNEMONIC\GDrive\Web\cyberhrm\application\views\layouts/default.php
INFO - 2018-12-07 10:34:33 --> Final output sent to browser
DEBUG - 2018-12-07 10:34:33 --> Total execution time: 0.1568
INFO - 2018-12-07 10:34:35 --> Config Class Initialized
INFO - 2018-12-07 10:34:35 --> Hooks Class Initialized
DEBUG - 2018-12-07 10:34:35 --> UTF-8 Support Enabled
INFO - 2018-12-07 10:34:35 --> Utf8 Class Initialized
INFO - 2018-12-07 10:34:35 --> URI Class Initialized
INFO - 2018-12-07 10:34:35 --> Router Class Initialized
INFO - 2018-12-07 10:34:35 --> Output Class Initialized
INFO - 2018-12-07 10:34:35 --> Security Class Initialized
DEBUG - 2018-12-07 10:34:35 --> Global POST, GET and COOKIE data sanitized
INFO - 2018-12-07 10:34:35 --> Input Class Initialized
INFO - 2018-12-07 10:34:35 --> Language Class Initialized
INFO - 2018-12-07 10:34:35 --> Loader Class Initialized
INFO - 2018-12-07 10:34:35 --> Helper loaded: url_helper
INFO - 2018-12-07 10:34:35 --> Helper loaded: form_helper
INFO - 2018-12-07 10:34:35 --> Helper loaded: html_helper
INFO - 2018-12-07 10:34:35 --> Helper loaded: rbac_helper
INFO - 2018-12-07 10:34:35 --> Helper loaded: layout_helper
INFO - 2018-12-07 10:34:35 --> Helper loaded: func_helper
INFO - 2018-12-07 10:34:35 --> Database Driver Class Initialized
DEBUG - 2018-12-07 10:34:35 --> Session: "sess_save_path" is empty; using "session.save_path" value from php.ini.
INFO - 2018-12-07 10:34:35 --> Session: Class initialized using 'files' driver.
INFO - 2018-12-07 10:34:35 --> Controller Class Initialized
DEBUG - 2018-12-07 10:34:35 --> Session class already loaded. Second attempt ignored.
INFO - 2018-12-07 10:34:35 --> Form Validation Class Initialized
INFO - 2018-12-07 10:34:35 --> Final output sent to browser
DEBUG - 2018-12-07 10:34:35 --> Total execution time: 0.2302
INFO - 2018-12-07 10:34:37 --> Config Class Initialized
INFO - 2018-12-07 10:34:37 --> Hooks Class Initialized
DEBUG - 2018-12-07 10:34:37 --> UTF-8 Support Enabled
INFO - 2018-12-07 10:34:37 --> Utf8 Class Initialized
INFO - 2018-12-07 10:34:37 --> URI Class Initialized
INFO - 2018-12-07 10:34:37 --> Router Class Initialized
INFO - 2018-12-07 10:34:37 --> Output Class Initialized
INFO - 2018-12-07 10:34:37 --> Security Class Initialized
DEBUG - 2018-12-07 10:34:37 --> Global POST, GET and COOKIE data sanitized
INFO - 2018-12-07 10:34:37 --> Input Class Initialized
INFO - 2018-12-07 10:34:37 --> Language Class Initialized
INFO - 2018-12-07 10:34:37 --> Loader Class Initialized
INFO - 2018-12-07 10:34:37 --> Helper loaded: url_helper
INFO - 2018-12-07 10:34:37 --> Helper loaded: form_helper
INFO - 2018-12-07 10:34:37 --> Helper loaded: html_helper
INFO - 2018-12-07 10:34:37 --> Helper loaded: rbac_helper
INFO - 2018-12-07 10:34:37 --> Helper loaded: layout_helper
INFO - 2018-12-07 10:34:37 --> Helper loaded: func_helper
INFO - 2018-12-07 10:34:37 --> Database Driver Class Initialized
DEBUG - 2018-12-07 10:34:37 --> Session: "sess_save_path" is empty; using "session.save_path" value from php.ini.
INFO - 2018-12-07 10:34:37 --> Session: Class initialized using 'files' driver.
INFO - 2018-12-07 10:34:37 --> Controller Class Initialized
DEBUG - 2018-12-07 10:34:37 --> Session class already loaded. Second attempt ignored.
INFO - 2018-12-07 10:34:37 --> Form Validation Class Initialized
INFO - 2018-12-07 10:34:37 --> File loaded: C:\MNEMONIC\GDrive\Web\cyberhrm\application\views\schema.php
INFO - 2018-12-07 10:34:37 --> File loaded: C:\MNEMONIC\GDrive\Web\cyberhrm\application\views\layouts/default.php
INFO - 2018-12-07 10:34:37 --> Final output sent to browser
DEBUG - 2018-12-07 10:34:37 --> Total execution time: 0.1262
INFO - 2018-12-07 10:34:38 --> Config Class Initialized
INFO - 2018-12-07 10:34:38 --> Hooks Class Initialized
DEBUG - 2018-12-07 10:34:38 --> UTF-8 Support Enabled
INFO - 2018-12-07 10:34:38 --> Utf8 Class Initialized
INFO - 2018-12-07 10:34:38 --> URI Class Initialized
INFO - 2018-12-07 10:34:38 --> Router Class Initialized
INFO - 2018-12-07 10:34:38 --> Output Class Initialized
INFO - 2018-12-07 10:34:38 --> Security Class Initialized
DEBUG - 2018-12-07 10:34:38 --> Global POST, GET and COOKIE data sanitized
INFO - 2018-12-07 10:34:38 --> Input Class Initialized
INFO - 2018-12-07 10:34:38 --> Language Class Initialized
INFO - 2018-12-07 10:34:38 --> Loader Class Initialized
INFO - 2018-12-07 10:34:38 --> Helper loaded: url_helper
INFO - 2018-12-07 10:34:38 --> Helper loaded: form_helper
INFO - 2018-12-07 10:34:38 --> Helper loaded: html_helper
INFO - 2018-12-07 10:34:38 --> Helper loaded: rbac_helper
INFO - 2018-12-07 10:34:38 --> Helper loaded: layout_helper
INFO - 2018-12-07 10:34:38 --> Helper loaded: func_helper
INFO - 2018-12-07 10:34:38 --> Database Driver Class Initialized
DEBUG - 2018-12-07 10:34:38 --> Session: "sess_save_path" is empty; using "session.save_path" value from php.ini.
INFO - 2018-12-07 10:34:38 --> Session: Class initialized using 'files' driver.
INFO - 2018-12-07 10:34:38 --> Controller Class Initialized
DEBUG - 2018-12-07 10:34:38 --> Session class already loaded. Second attempt ignored.
INFO - 2018-12-07 10:34:38 --> Form Validation Class Initialized
INFO - 2018-12-07 10:34:38 --> Config Class Initialized
INFO - 2018-12-07 10:34:38 --> Hooks Class Initialized
DEBUG - 2018-12-07 10:34:38 --> UTF-8 Support Enabled
INFO - 2018-12-07 10:34:38 --> Utf8 Class Initialized
INFO - 2018-12-07 10:34:38 --> URI Class Initialized
INFO - 2018-12-07 10:34:38 --> Router Class Initialized
INFO - 2018-12-07 10:34:38 --> Output Class Initialized
INFO - 2018-12-07 10:34:38 --> Security Class Initialized
DEBUG - 2018-12-07 10:34:38 --> Global POST, GET and COOKIE data sanitized
INFO - 2018-12-07 10:34:38 --> Config Class Initialized
INFO - 2018-12-07 10:34:38 --> Input Class Initialized
INFO - 2018-12-07 10:34:38 --> Hooks Class Initialized
INFO - 2018-12-07 10:34:38 --> Language Class Initialized
DEBUG - 2018-12-07 10:34:38 --> UTF-8 Support Enabled
INFO - 2018-12-07 10:34:38 --> Utf8 Class Initialized
INFO - 2018-12-07 10:34:38 --> Loader Class Initialized
INFO - 2018-12-07 10:34:38 --> URI Class Initialized
INFO - 2018-12-07 10:34:38 --> Helper loaded: url_helper
INFO - 2018-12-07 10:34:38 --> Router Class Initialized
INFO - 2018-12-07 10:34:38 --> Helper loaded: form_helper
INFO - 2018-12-07 10:34:38 --> Output Class Initialized
INFO - 2018-12-07 10:34:38 --> Helper loaded: html_helper
INFO - 2018-12-07 10:34:38 --> Helper loaded: rbac_helper
INFO - 2018-12-07 10:34:38 --> Security Class Initialized
INFO - 2018-12-07 10:34:38 --> Helper loaded: layout_helper
INFO - 2018-12-07 10:34:38 --> Helper loaded: func_helper
DEBUG - 2018-12-07 10:34:38 --> Global POST, GET and COOKIE data sanitized
INFO - 2018-12-07 10:34:38 --> Input Class Initialized
INFO - 2018-12-07 10:34:38 --> Language Class Initialized
INFO - 2018-12-07 10:34:38 --> Database Driver Class Initialized
INFO - 2018-12-07 10:34:38 --> Loader Class Initialized
INFO - 2018-12-07 10:34:38 --> Helper loaded: url_helper
INFO - 2018-12-07 10:34:38 --> Config Class Initialized
INFO - 2018-12-07 10:34:38 --> Hooks Class Initialized
INFO - 2018-12-07 10:34:38 --> Helper loaded: form_helper
INFO - 2018-12-07 10:34:38 --> Helper loaded: html_helper
INFO - 2018-12-07 10:34:38 --> Helper loaded: rbac_helper
DEBUG - 2018-12-07 10:34:38 --> UTF-8 Support Enabled
INFO - 2018-12-07 10:34:38 --> Helper loaded: layout_helper
INFO - 2018-12-07 10:34:38 --> Utf8 Class Initialized
INFO - 2018-12-07 10:34:38 --> URI Class Initialized
INFO - 2018-12-07 10:34:38 --> Helper loaded: func_helper
INFO - 2018-12-07 10:34:38 --> Router Class Initialized
INFO - 2018-12-07 10:34:38 --> Output Class Initialized
INFO - 2018-12-07 10:34:38 --> Database Driver Class Initialized
INFO - 2018-12-07 10:34:38 --> Security Class Initialized
DEBUG - 2018-12-07 10:34:38 --> Global POST, GET and COOKIE data sanitized
INFO - 2018-12-07 10:34:38 --> Input Class Initialized
INFO - 2018-12-07 10:34:38 --> Language Class Initialized
INFO - 2018-12-07 10:34:38 --> Loader Class Initialized
INFO - 2018-12-07 10:34:38 --> Helper loaded: url_helper
INFO - 2018-12-07 10:34:38 --> Helper loaded: form_helper
DEBUG - 2018-12-07 10:34:38 --> Session: "sess_save_path" is empty; using "session.save_path" value from php.ini.
INFO - 2018-12-07 10:34:38 --> Helper loaded: html_helper
INFO - 2018-12-07 10:34:38 --> Session: Class initialized using 'files' driver.
INFO - 2018-12-07 10:34:38 --> Controller Class Initialized
INFO - 2018-12-07 10:34:38 --> Helper loaded: rbac_helper
DEBUG - 2018-12-07 10:34:38 --> Session class already loaded. Second attempt ignored.
INFO - 2018-12-07 10:34:38 --> Helper loaded: layout_helper
INFO - 2018-12-07 10:34:38 --> Form Validation Class Initialized
INFO - 2018-12-07 10:34:38 --> Helper loaded: func_helper
INFO - 2018-12-07 10:34:38 --> Final output sent to browser
INFO - 2018-12-07 10:34:38 --> Config Class Initialized
DEBUG - 2018-12-07 10:34:38 --> Total execution time: 0.2219
INFO - 2018-12-07 10:34:38 --> Hooks Class Initialized
INFO - 2018-12-07 10:34:38 --> Database Driver Class Initialized
DEBUG - 2018-12-07 10:34:38 --> UTF-8 Support Enabled
INFO - 2018-12-07 10:34:38 --> Utf8 Class Initialized
INFO - 2018-12-07 10:34:38 --> URI Class Initialized
DEBUG - 2018-12-07 10:34:38 --> Session: "sess_save_path" is empty; using "session.save_path" value from php.ini.
INFO - 2018-12-07 10:34:38 --> Router Class Initialized
INFO - 2018-12-07 10:34:38 --> Session: Class initialized using 'files' driver.
INFO - 2018-12-07 10:34:38 --> Controller Class Initialized
INFO - 2018-12-07 10:34:38 --> Output Class Initialized
DEBUG - 2018-12-07 10:34:38 --> Session class already loaded. Second attempt ignored.
INFO - 2018-12-07 10:34:38 --> Security Class Initialized
INFO - 2018-12-07 10:34:38 --> Form Validation Class Initialized
DEBUG - 2018-12-07 10:34:38 --> Global POST, GET and COOKIE data sanitized
INFO - 2018-12-07 10:34:38 --> Input Class Initialized
INFO - 2018-12-07 10:34:38 --> Language Class Initialized
INFO - 2018-12-07 10:34:38 --> Loader Class Initialized
INFO - 2018-12-07 10:34:38 --> Helper loaded: url_helper
INFO - 2018-12-07 10:34:38 --> Helper loaded: form_helper
INFO - 2018-12-07 10:34:38 --> Helper loaded: html_helper
INFO - 2018-12-07 10:34:38 --> Helper loaded: rbac_helper
DEBUG - 2018-12-07 10:34:38 --> Session: "sess_save_path" is empty; using "session.save_path" value from php.ini.
INFO - 2018-12-07 10:34:38 --> Helper loaded: layout_helper
INFO - 2018-12-07 10:34:38 --> Helper loaded: func_helper
INFO - 2018-12-07 10:34:38 --> Database Driver Class Initialized
INFO - 2018-12-07 10:34:38 --> Final output sent to browser
DEBUG - 2018-12-07 10:34:38 --> Total execution time: 0.2914
INFO - 2018-12-07 10:34:38 --> Session: Class initialized using 'files' driver.
INFO - 2018-12-07 10:34:38 --> Controller Class Initialized
DEBUG - 2018-12-07 10:34:38 --> Session class already loaded. Second attempt ignored.
INFO - 2018-12-07 10:34:38 --> Form Validation Class Initialized
DEBUG - 2018-12-07 10:34:38 --> Session: "sess_save_path" is empty; using "session.save_path" value from php.ini.
INFO - 2018-12-07 10:34:38 --> Final output sent to browser
DEBUG - 2018-12-07 10:34:38 --> Total execution time: 0.2359
INFO - 2018-12-07 10:34:38 --> Session: Class initialized using 'files' driver.
INFO - 2018-12-07 10:34:38 --> Controller Class Initialized
DEBUG - 2018-12-07 10:34:38 --> Session class already loaded. Second attempt ignored.
INFO - 2018-12-07 10:34:38 --> Form Validation Class Initialized
INFO - 2018-12-07 10:34:38 --> Final output sent to browser
DEBUG - 2018-12-07 10:34:38 --> Total execution time: 0.2265
INFO - 2018-12-07 11:21:14 --> Config Class Initialized
INFO - 2018-12-07 11:21:14 --> Hooks Class Initialized
DEBUG - 2018-12-07 11:21:14 --> UTF-8 Support Enabled
INFO - 2018-12-07 11:21:14 --> Utf8 Class Initialized
INFO - 2018-12-07 11:21:14 --> URI Class Initialized
INFO - 2018-12-07 11:21:14 --> Router Class Initialized
INFO - 2018-12-07 11:21:14 --> Output Class Initialized
INFO - 2018-12-07 11:21:14 --> Security Class Initialized
DEBUG - 2018-12-07 11:21:14 --> Global POST, GET and COOKIE data sanitized
INFO - 2018-12-07 11:21:14 --> Input Class Initialized
INFO - 2018-12-07 11:21:14 --> Language Class Initialized
INFO - 2018-12-07 11:21:15 --> Loader Class Initialized
INFO - 2018-12-07 11:21:15 --> Helper loaded: url_helper
INFO - 2018-12-07 11:21:15 --> Helper loaded: form_helper
INFO - 2018-12-07 11:21:15 --> Helper loaded: html_helper
INFO - 2018-12-07 11:21:15 --> Helper loaded: rbac_helper
INFO - 2018-12-07 11:21:15 --> Helper loaded: layout_helper
INFO - 2018-12-07 11:21:15 --> Helper loaded: func_helper
INFO - 2018-12-07 11:21:15 --> Database Driver Class Initialized
DEBUG - 2018-12-07 11:21:15 --> Session: "sess_save_path" is empty; using "session.save_path" value from php.ini.
INFO - 2018-12-07 11:21:15 --> Session: Class initialized using 'files' driver.
INFO - 2018-12-07 11:21:15 --> Controller Class Initialized
DEBUG - 2018-12-07 11:21:15 --> Session class already loaded. Second attempt ignored.
INFO - 2018-12-07 11:21:15 --> Form Validation Class Initialized
INFO - 2018-12-07 11:21:15 --> File loaded: C:\MNEMONIC\GDrive\Web\cyberhrm\application\views\overtime.php
INFO - 2018-12-07 11:21:15 --> File loaded: C:\MNEMONIC\GDrive\Web\cyberhrm\application\views\layouts/default.php
INFO - 2018-12-07 11:21:15 --> Final output sent to browser
DEBUG - 2018-12-07 11:21:15 --> Total execution time: 0.6442
INFO - 2018-12-07 11:21:16 --> Config Class Initialized
INFO - 2018-12-07 11:21:16 --> Hooks Class Initialized
DEBUG - 2018-12-07 11:21:16 --> UTF-8 Support Enabled
INFO - 2018-12-07 11:21:16 --> Utf8 Class Initialized
INFO - 2018-12-07 11:21:16 --> URI Class Initialized
INFO - 2018-12-07 11:21:16 --> Router Class Initialized
INFO - 2018-12-07 11:21:16 --> Output Class Initialized
INFO - 2018-12-07 11:21:16 --> Security Class Initialized
DEBUG - 2018-12-07 11:21:16 --> Global POST, GET and COOKIE data sanitized
INFO - 2018-12-07 11:21:16 --> Input Class Initialized
INFO - 2018-12-07 11:21:16 --> Language Class Initialized
INFO - 2018-12-07 11:21:16 --> Loader Class Initialized
INFO - 2018-12-07 11:21:16 --> Helper loaded: url_helper
INFO - 2018-12-07 11:21:16 --> Helper loaded: form_helper
INFO - 2018-12-07 11:21:16 --> Helper loaded: html_helper
INFO - 2018-12-07 11:21:16 --> Helper loaded: rbac_helper
INFO - 2018-12-07 11:21:16 --> Helper loaded: layout_helper
INFO - 2018-12-07 11:21:16 --> Helper loaded: func_helper
INFO - 2018-12-07 11:21:16 --> Database Driver Class Initialized
DEBUG - 2018-12-07 11:21:16 --> Session: "sess_save_path" is empty; using "session.save_path" value from php.ini.
INFO - 2018-12-07 11:21:16 --> Session: Class initialized using 'files' driver.
INFO - 2018-12-07 11:21:16 --> Controller Class Initialized
DEBUG - 2018-12-07 11:21:16 --> Session class already loaded. Second attempt ignored.
INFO - 2018-12-07 11:21:16 --> Form Validation Class Initialized
INFO - 2018-12-07 11:21:17 --> Final output sent to browser
DEBUG - 2018-12-07 11:21:17 --> Total execution time: 0.3063
INFO - 2018-12-07 11:21:18 --> Config Class Initialized
INFO - 2018-12-07 11:21:18 --> Hooks Class Initialized
DEBUG - 2018-12-07 11:21:18 --> UTF-8 Support Enabled
INFO - 2018-12-07 11:21:18 --> Utf8 Class Initialized
INFO - 2018-12-07 11:21:18 --> URI Class Initialized
INFO - 2018-12-07 11:21:18 --> Router Class Initialized
INFO - 2018-12-07 11:21:18 --> Output Class Initialized
INFO - 2018-12-07 11:21:18 --> Security Class Initialized
DEBUG - 2018-12-07 11:21:18 --> Global POST, GET and COOKIE data sanitized
INFO - 2018-12-07 11:21:18 --> Input Class Initialized
INFO - 2018-12-07 11:21:18 --> Language Class Initialized
INFO - 2018-12-07 11:21:18 --> Loader Class Initialized
INFO - 2018-12-07 11:21:18 --> Helper loaded: url_helper
INFO - 2018-12-07 11:21:18 --> Helper loaded: form_helper
INFO - 2018-12-07 11:21:18 --> Helper loaded: html_helper
INFO - 2018-12-07 11:21:18 --> Helper loaded: rbac_helper
INFO - 2018-12-07 11:21:18 --> Helper loaded: layout_helper
INFO - 2018-12-07 11:21:18 --> Helper loaded: func_helper
INFO - 2018-12-07 11:21:18 --> Database Driver Class Initialized
DEBUG - 2018-12-07 11:21:19 --> Session: "sess_save_path" is empty; using "session.save_path" value from php.ini.
INFO - 2018-12-07 11:21:19 --> Session: Class initialized using 'files' driver.
INFO - 2018-12-07 11:21:19 --> Controller Class Initialized
DEBUG - 2018-12-07 11:21:19 --> Session class already loaded. Second attempt ignored.
INFO - 2018-12-07 11:21:19 --> Form Validation Class Initialized
INFO - 2018-12-07 11:21:19 --> Config Class Initialized
INFO - 2018-12-07 11:21:19 --> Hooks Class Initialized
DEBUG - 2018-12-07 11:21:19 --> UTF-8 Support Enabled
INFO - 2018-12-07 11:21:19 --> Utf8 Class Initialized
INFO - 2018-12-07 11:21:19 --> URI Class Initialized
INFO - 2018-12-07 11:21:19 --> Router Class Initialized
INFO - 2018-12-07 11:21:19 --> Output Class Initialized
INFO - 2018-12-07 11:21:19 --> Security Class Initialized
DEBUG - 2018-12-07 11:21:19 --> Global POST, GET and COOKIE data sanitized
INFO - 2018-12-07 11:21:19 --> Input Class Initialized
INFO - 2018-12-07 11:21:19 --> Language Class Initialized
INFO - 2018-12-07 11:21:19 --> Loader Class Initialized
INFO - 2018-12-07 11:21:19 --> Helper loaded: url_helper
INFO - 2018-12-07 11:21:19 --> Helper loaded: form_helper
INFO - 2018-12-07 11:21:19 --> Helper loaded: html_helper
INFO - 2018-12-07 11:21:19 --> Helper loaded: rbac_helper
INFO - 2018-12-07 11:21:19 --> Helper loaded: layout_helper
INFO - 2018-12-07 11:21:19 --> Helper loaded: func_helper
INFO - 2018-12-07 11:21:19 --> Database Driver Class Initialized
DEBUG - 2018-12-07 11:21:19 --> Session: "sess_save_path" is empty; using "session.save_path" value from php.ini.
INFO - 2018-12-07 11:21:19 --> Session: Class initialized using 'files' driver.
INFO - 2018-12-07 11:21:19 --> Controller Class Initialized
DEBUG - 2018-12-07 11:21:19 --> Session class already loaded. Second attempt ignored.
INFO - 2018-12-07 11:21:19 --> Form Validation Class Initialized
INFO - 2018-12-07 11:21:19 --> Final output sent to browser
DEBUG - 2018-12-07 11:21:19 --> Total execution time: 0.1409
INFO - 2018-12-07 11:21:19 --> Config Class Initialized
INFO - 2018-12-07 11:21:19 --> Hooks Class Initialized
DEBUG - 2018-12-07 11:21:19 --> UTF-8 Support Enabled
INFO - 2018-12-07 11:21:19 --> Utf8 Class Initialized
INFO - 2018-12-07 11:21:19 --> URI Class Initialized
INFO - 2018-12-07 11:21:19 --> Router Class Initialized
INFO - 2018-12-07 11:21:19 --> Output Class Initialized
INFO - 2018-12-07 11:21:19 --> Security Class Initialized
DEBUG - 2018-12-07 11:21:19 --> Global POST, GET and COOKIE data sanitized
INFO - 2018-12-07 11:21:19 --> Input Class Initialized
INFO - 2018-12-07 11:21:19 --> Language Class Initialized
INFO - 2018-12-07 11:21:19 --> Loader Class Initialized
INFO - 2018-12-07 11:21:19 --> Helper loaded: url_helper
INFO - 2018-12-07 11:21:19 --> Helper loaded: form_helper
INFO - 2018-12-07 11:21:19 --> Helper loaded: html_helper
INFO - 2018-12-07 11:21:19 --> Helper loaded: rbac_helper
INFO - 2018-12-07 11:21:19 --> Helper loaded: layout_helper
INFO - 2018-12-07 11:21:19 --> Helper loaded: func_helper
INFO - 2018-12-07 11:21:19 --> Database Driver Class Initialized
DEBUG - 2018-12-07 11:21:19 --> Session: "sess_save_path" is empty; using "session.save_path" value from php.ini.
INFO - 2018-12-07 11:21:19 --> Session: Class initialized using 'files' driver.
INFO - 2018-12-07 11:21:19 --> Controller Class Initialized
DEBUG - 2018-12-07 11:21:19 --> Session class already loaded. Second attempt ignored.
INFO - 2018-12-07 11:21:19 --> Form Validation Class Initialized
INFO - 2018-12-07 11:21:19 --> Final output sent to browser
DEBUG - 2018-12-07 11:21:19 --> Total execution time: 0.1134
INFO - 2018-12-07 11:21:19 --> Config Class Initialized
INFO - 2018-12-07 11:21:19 --> Hooks Class Initialized
DEBUG - 2018-12-07 11:21:19 --> UTF-8 Support Enabled
INFO - 2018-12-07 11:21:19 --> Utf8 Class Initialized
INFO - 2018-12-07 11:21:19 --> URI Class Initialized
INFO - 2018-12-07 11:21:19 --> Router Class Initialized
INFO - 2018-12-07 11:21:19 --> Output Class Initialized
INFO - 2018-12-07 11:21:19 --> Security Class Initialized
DEBUG - 2018-12-07 11:21:19 --> Global POST, GET and COOKIE data sanitized
INFO - 2018-12-07 11:21:19 --> Input Class Initialized
INFO - 2018-12-07 11:21:19 --> Language Class Initialized
INFO - 2018-12-07 11:21:19 --> Loader Class Initialized
INFO - 2018-12-07 11:21:19 --> Helper loaded: url_helper
INFO - 2018-12-07 11:21:19 --> Helper loaded: form_helper
INFO - 2018-12-07 11:21:19 --> Helper loaded: html_helper
INFO - 2018-12-07 11:21:19 --> Helper loaded: rbac_helper
INFO - 2018-12-07 11:21:19 --> Helper loaded: layout_helper
INFO - 2018-12-07 11:21:19 --> Helper loaded: func_helper
INFO - 2018-12-07 11:21:20 --> Database Driver Class Initialized
DEBUG - 2018-12-07 11:21:20 --> Session: "sess_save_path" is empty; using "session.save_path" value from php.ini.
INFO - 2018-12-07 11:21:20 --> Session: Class initialized using 'files' driver.
INFO - 2018-12-07 11:21:20 --> Controller Class Initialized
DEBUG - 2018-12-07 11:21:20 --> Session class already loaded. Second attempt ignored.
INFO - 2018-12-07 11:21:20 --> Form Validation Class Initialized
INFO - 2018-12-07 11:39:37 --> Config Class Initialized
INFO - 2018-12-07 11:39:37 --> Hooks Class Initialized
DEBUG - 2018-12-07 11:39:37 --> UTF-8 Support Enabled
INFO - 2018-12-07 11:39:37 --> Utf8 Class Initialized
INFO - 2018-12-07 11:39:37 --> URI Class Initialized
INFO - 2018-12-07 11:39:37 --> Router Class Initialized
INFO - 2018-12-07 11:39:37 --> Output Class Initialized
INFO - 2018-12-07 11:39:37 --> Security Class Initialized
DEBUG - 2018-12-07 11:39:37 --> Global POST, GET and COOKIE data sanitized
INFO - 2018-12-07 11:39:37 --> Input Class Initialized
INFO - 2018-12-07 11:39:37 --> Language Class Initialized
INFO - 2018-12-07 11:39:37 --> Loader Class Initialized
INFO - 2018-12-07 11:39:37 --> Helper loaded: url_helper
INFO - 2018-12-07 11:39:37 --> Helper loaded: form_helper
INFO - 2018-12-07 11:39:37 --> Helper loaded: html_helper
INFO - 2018-12-07 11:39:37 --> Helper loaded: rbac_helper
INFO - 2018-12-07 11:39:37 --> Helper loaded: layout_helper
INFO - 2018-12-07 11:39:37 --> Helper loaded: func_helper
INFO - 2018-12-07 11:39:37 --> Database Driver Class Initialized
DEBUG - 2018-12-07 11:39:37 --> Session: "sess_save_path" is empty; using "session.save_path" value from php.ini.
INFO - 2018-12-07 11:39:37 --> Session: Class initialized using 'files' driver.
INFO - 2018-12-07 11:39:37 --> Controller Class Initialized
DEBUG - 2018-12-07 11:39:37 --> Session class already loaded. Second attempt ignored.
INFO - 2018-12-07 11:39:37 --> Form Validation Class Initialized
INFO - 2018-12-07 11:39:37 --> File loaded: C:\MNEMONIC\GDrive\Web\cyberhrm\application\views\overtime.php
INFO - 2018-12-07 11:39:37 --> File loaded: C:\MNEMONIC\GDrive\Web\cyberhrm\application\views\layouts/default.php
INFO - 2018-12-07 11:39:37 --> Final output sent to browser
DEBUG - 2018-12-07 11:39:37 --> Total execution time: 0.1982
INFO - 2018-12-07 11:39:38 --> Config Class Initialized
INFO - 2018-12-07 11:39:38 --> Hooks Class Initialized
DEBUG - 2018-12-07 11:39:38 --> UTF-8 Support Enabled
INFO - 2018-12-07 11:39:38 --> Utf8 Class Initialized
INFO - 2018-12-07 11:39:38 --> URI Class Initialized
INFO - 2018-12-07 11:39:38 --> Router Class Initialized
INFO - 2018-12-07 11:39:38 --> Output Class Initialized
INFO - 2018-12-07 11:39:38 --> Security Class Initialized
DEBUG - 2018-12-07 11:39:38 --> Global POST, GET and COOKIE data sanitized
INFO - 2018-12-07 11:39:38 --> Input Class Initialized
INFO - 2018-12-07 11:39:38 --> Language Class Initialized
INFO - 2018-12-07 11:39:38 --> Loader Class Initialized
INFO - 2018-12-07 11:39:38 --> Helper loaded: url_helper
INFO - 2018-12-07 11:39:38 --> Helper loaded: form_helper
INFO - 2018-12-07 11:39:38 --> Helper loaded: html_helper
INFO - 2018-12-07 11:39:38 --> Helper loaded: rbac_helper
INFO - 2018-12-07 11:39:38 --> Helper loaded: layout_helper
INFO - 2018-12-07 11:39:38 --> Helper loaded: func_helper
INFO - 2018-12-07 11:39:38 --> Database Driver Class Initialized
DEBUG - 2018-12-07 11:39:38 --> Session: "sess_save_path" is empty; using "session.save_path" value from php.ini.
INFO - 2018-12-07 11:39:38 --> Session: Class initialized using 'files' driver.
INFO - 2018-12-07 11:39:38 --> Controller Class Initialized
DEBUG - 2018-12-07 11:39:38 --> Session class already loaded. Second attempt ignored.
INFO - 2018-12-07 11:39:38 --> Form Validation Class Initialized
INFO - 2018-12-07 11:39:38 --> Final output sent to browser
DEBUG - 2018-12-07 11:39:38 --> Total execution time: 0.1978
INFO - 2018-12-07 11:39:40 --> Config Class Initialized
INFO - 2018-12-07 11:39:40 --> Hooks Class Initialized
DEBUG - 2018-12-07 11:39:40 --> UTF-8 Support Enabled
INFO - 2018-12-07 11:39:40 --> Utf8 Class Initialized
INFO - 2018-12-07 11:39:40 --> URI Class Initialized
INFO - 2018-12-07 11:39:40 --> Router Class Initialized
INFO - 2018-12-07 11:39:40 --> Output Class Initialized
INFO - 2018-12-07 11:39:40 --> Security Class Initialized
DEBUG - 2018-12-07 11:39:40 --> Global POST, GET and COOKIE data sanitized
INFO - 2018-12-07 11:39:40 --> Input Class Initialized
INFO - 2018-12-07 11:39:40 --> Language Class Initialized
INFO - 2018-12-07 11:39:40 --> Loader Class Initialized
INFO - 2018-12-07 11:39:40 --> Helper loaded: url_helper
INFO - 2018-12-07 11:39:40 --> Helper loaded: form_helper
INFO - 2018-12-07 11:39:40 --> Helper loaded: html_helper
INFO - 2018-12-07 11:39:40 --> Helper loaded: rbac_helper
INFO - 2018-12-07 11:39:40 --> Helper loaded: layout_helper
INFO - 2018-12-07 11:39:40 --> Helper loaded: func_helper
INFO - 2018-12-07 11:39:40 --> Database Driver Class Initialized
DEBUG - 2018-12-07 11:39:40 --> Session: "sess_save_path" is empty; using "session.save_path" value from php.ini.
INFO - 2018-12-07 11:39:40 --> Session: Class initialized using 'files' driver.
INFO - 2018-12-07 11:39:40 --> Controller Class Initialized
DEBUG - 2018-12-07 11:39:40 --> Session class already loaded. Second attempt ignored.
INFO - 2018-12-07 11:39:40 --> Form Validation Class Initialized
INFO - 2018-12-07 11:39:40 --> File loaded: C:\MNEMONIC\GDrive\Web\cyberhrm\application\views\schemas.php
INFO - 2018-12-07 11:39:40 --> File loaded: C:\MNEMONIC\GDrive\Web\cyberhrm\application\views\layouts/default.php
INFO - 2018-12-07 11:39:40 --> Final output sent to browser
DEBUG - 2018-12-07 11:39:40 --> Total execution time: 0.1564
INFO - 2018-12-07 11:39:41 --> Config Class Initialized
INFO - 2018-12-07 11:39:41 --> Hooks Class Initialized
DEBUG - 2018-12-07 11:39:41 --> UTF-8 Support Enabled
INFO - 2018-12-07 11:39:41 --> Utf8 Class Initialized
INFO - 2018-12-07 11:39:41 --> URI Class Initialized
INFO - 2018-12-07 11:39:41 --> Router Class Initialized
INFO - 2018-12-07 11:39:41 --> Output Class Initialized
INFO - 2018-12-07 11:39:41 --> Security Class Initialized
DEBUG - 2018-12-07 11:39:41 --> Global POST, GET and COOKIE data sanitized
INFO - 2018-12-07 11:39:41 --> Input Class Initialized
INFO - 2018-12-07 11:39:41 --> Language Class Initialized
INFO - 2018-12-07 11:39:41 --> Loader Class Initialized
INFO - 2018-12-07 11:39:41 --> Helper loaded: url_helper
INFO - 2018-12-07 11:39:41 --> Helper loaded: form_helper
INFO - 2018-12-07 11:39:41 --> Helper loaded: html_helper
INFO - 2018-12-07 11:39:41 --> Helper loaded: rbac_helper
INFO - 2018-12-07 11:39:41 --> Helper loaded: layout_helper
INFO - 2018-12-07 11:39:41 --> Helper loaded: func_helper
INFO - 2018-12-07 11:39:41 --> Database Driver Class Initialized
DEBUG - 2018-12-07 11:39:41 --> Session: "sess_save_path" is empty; using "session.save_path" value from php.ini.
INFO - 2018-12-07 11:39:41 --> Session: Class initialized using 'files' driver.
INFO - 2018-12-07 11:39:41 --> Controller Class Initialized
DEBUG - 2018-12-07 11:39:41 --> Session class already loaded. Second attempt ignored.
INFO - 2018-12-07 11:39:41 --> Form Validation Class Initialized
INFO - 2018-12-07 11:39:41 --> Final output sent to browser
DEBUG - 2018-12-07 11:39:41 --> Total execution time: 0.1641
INFO - 2018-12-07 11:39:42 --> Config Class Initialized
INFO - 2018-12-07 11:39:42 --> Hooks Class Initialized
DEBUG - 2018-12-07 11:39:42 --> UTF-8 Support Enabled
INFO - 2018-12-07 11:39:42 --> Utf8 Class Initialized
INFO - 2018-12-07 11:39:42 --> URI Class Initialized
INFO - 2018-12-07 11:39:42 --> Router Class Initialized
INFO - 2018-12-07 11:39:42 --> Output Class Initialized
INFO - 2018-12-07 11:39:42 --> Security Class Initialized
DEBUG - 2018-12-07 11:39:42 --> Global POST, GET and COOKIE data sanitized
INFO - 2018-12-07 11:39:42 --> Input Class Initialized
INFO - 2018-12-07 11:39:42 --> Language Class Initialized
INFO - 2018-12-07 11:39:42 --> Loader Class Initialized
INFO - 2018-12-07 11:39:42 --> Helper loaded: url_helper
INFO - 2018-12-07 11:39:42 --> Helper loaded: form_helper
INFO - 2018-12-07 11:39:42 --> Helper loaded: html_helper
INFO - 2018-12-07 11:39:42 --> Helper loaded: rbac_helper
INFO - 2018-12-07 11:39:42 --> Helper loaded: layout_helper
INFO - 2018-12-07 11:39:42 --> Helper loaded: func_helper
INFO - 2018-12-07 11:39:42 --> Database Driver Class Initialized
DEBUG - 2018-12-07 11:39:42 --> Session: "sess_save_path" is empty; using "session.save_path" value from php.ini.
INFO - 2018-12-07 11:39:42 --> Session: Class initialized using 'files' driver.
INFO - 2018-12-07 11:39:42 --> Controller Class Initialized
DEBUG - 2018-12-07 11:39:42 --> Session class already loaded. Second attempt ignored.
INFO - 2018-12-07 11:39:42 --> Form Validation Class Initialized
INFO - 2018-12-07 11:39:43 --> File loaded: C:\MNEMONIC\GDrive\Web\cyberhrm\application\views\schema.php
INFO - 2018-12-07 11:39:43 --> File loaded: C:\MNEMONIC\GDrive\Web\cyberhrm\application\views\layouts/default.php
INFO - 2018-12-07 11:39:43 --> Final output sent to browser
DEBUG - 2018-12-07 11:39:43 --> Total execution time: 0.2832
INFO - 2018-12-07 11:39:43 --> Config Class Initialized
INFO - 2018-12-07 11:39:43 --> Hooks Class Initialized
DEBUG - 2018-12-07 11:39:43 --> UTF-8 Support Enabled
INFO - 2018-12-07 11:39:43 --> Utf8 Class Initialized
INFO - 2018-12-07 11:39:43 --> URI Class Initialized
INFO - 2018-12-07 11:39:43 --> Router Class Initialized
INFO - 2018-12-07 11:39:43 --> Output Class Initialized
INFO - 2018-12-07 11:39:43 --> Security Class Initialized
DEBUG - 2018-12-07 11:39:43 --> Global POST, GET and COOKIE data sanitized
INFO - 2018-12-07 11:39:43 --> Input Class Initialized
INFO - 2018-12-07 11:39:43 --> Language Class Initialized
INFO - 2018-12-07 11:39:43 --> Loader Class Initialized
INFO - 2018-12-07 11:39:43 --> Helper loaded: url_helper
INFO - 2018-12-07 11:39:43 --> Helper loaded: form_helper
INFO - 2018-12-07 11:39:43 --> Helper loaded: html_helper
INFO - 2018-12-07 11:39:43 --> Helper loaded: rbac_helper
INFO - 2018-12-07 11:39:43 --> Helper loaded: layout_helper
INFO - 2018-12-07 11:39:43 --> Helper loaded: func_helper
INFO - 2018-12-07 11:39:43 --> Database Driver Class Initialized
DEBUG - 2018-12-07 11:39:44 --> Session: "sess_save_path" is empty; using "session.save_path" value from php.ini.
INFO - 2018-12-07 11:39:44 --> Session: Class initialized using 'files' driver.
INFO - 2018-12-07 11:39:44 --> Controller Class Initialized
DEBUG - 2018-12-07 11:39:44 --> Session class already loaded. Second attempt ignored.
INFO - 2018-12-07 11:39:44 --> Form Validation Class Initialized
INFO - 2018-12-07 11:39:44 --> Config Class Initialized
INFO - 2018-12-07 11:39:44 --> Hooks Class Initialized
DEBUG - 2018-12-07 11:39:44 --> UTF-8 Support Enabled
INFO - 2018-12-07 11:39:44 --> Utf8 Class Initialized
INFO - 2018-12-07 11:39:44 --> URI Class Initialized
INFO - 2018-12-07 11:39:44 --> Router Class Initialized
INFO - 2018-12-07 11:39:44 --> Config Class Initialized
INFO - 2018-12-07 11:39:44 --> Hooks Class Initialized
INFO - 2018-12-07 11:39:44 --> Output Class Initialized
INFO - 2018-12-07 11:39:44 --> Security Class Initialized
DEBUG - 2018-12-07 11:39:44 --> UTF-8 Support Enabled
INFO - 2018-12-07 11:39:44 --> Utf8 Class Initialized
DEBUG - 2018-12-07 11:39:44 --> Global POST, GET and COOKIE data sanitized
INFO - 2018-12-07 11:39:44 --> Input Class Initialized
INFO - 2018-12-07 11:39:44 --> URI Class Initialized
INFO - 2018-12-07 11:39:44 --> Language Class Initialized
INFO - 2018-12-07 11:39:44 --> Loader Class Initialized
INFO - 2018-12-07 11:39:44 --> Helper loaded: url_helper
INFO - 2018-12-07 11:39:44 --> Config Class Initialized
INFO - 2018-12-07 11:39:44 --> Hooks Class Initialized
DEBUG - 2018-12-07 11:39:44 --> UTF-8 Support Enabled
INFO - 2018-12-07 11:39:44 --> Router Class Initialized
INFO - 2018-12-07 11:39:44 --> Utf8 Class Initialized
INFO - 2018-12-07 11:39:44 --> Helper loaded: form_helper
INFO - 2018-12-07 11:39:44 --> URI Class Initialized
INFO - 2018-12-07 11:39:44 --> Output Class Initialized
INFO - 2018-12-07 11:39:44 --> Helper loaded: html_helper
INFO - 2018-12-07 11:39:44 --> Router Class Initialized
INFO - 2018-12-07 11:39:44 --> Helper loaded: rbac_helper
INFO - 2018-12-07 11:39:44 --> Security Class Initialized
INFO - 2018-12-07 11:39:44 --> Helper loaded: layout_helper
INFO - 2018-12-07 11:39:44 --> Output Class Initialized
DEBUG - 2018-12-07 11:39:44 --> Global POST, GET and COOKIE data sanitized
INFO - 2018-12-07 11:39:44 --> Helper loaded: func_helper
INFO - 2018-12-07 11:39:44 --> Input Class Initialized
INFO - 2018-12-07 11:39:44 --> Security Class Initialized
INFO - 2018-12-07 11:39:44 --> Language Class Initialized
DEBUG - 2018-12-07 11:39:44 --> Global POST, GET and COOKIE data sanitized
INFO - 2018-12-07 11:39:44 --> Input Class Initialized
INFO - 2018-12-07 11:39:44 --> Language Class Initialized
INFO - 2018-12-07 11:39:44 --> Loader Class Initialized
INFO - 2018-12-07 11:39:44 --> Helper loaded: url_helper
INFO - 2018-12-07 11:39:44 --> Loader Class Initialized
INFO - 2018-12-07 11:39:44 --> Helper loaded: form_helper
INFO - 2018-12-07 11:39:44 --> Helper loaded: url_helper
INFO - 2018-12-07 11:39:44 --> Database Driver Class Initialized
INFO - 2018-12-07 11:39:44 --> Helper loaded: html_helper
INFO - 2018-12-07 11:39:44 --> Helper loaded: rbac_helper
INFO - 2018-12-07 11:39:44 --> Helper loaded: form_helper
INFO - 2018-12-07 11:39:44 --> Helper loaded: html_helper
INFO - 2018-12-07 11:39:44 --> Helper loaded: layout_helper
INFO - 2018-12-07 11:39:44 --> Helper loaded: func_helper
INFO - 2018-12-07 11:39:44 --> Helper loaded: rbac_helper
INFO - 2018-12-07 11:39:44 --> Helper loaded: layout_helper
INFO - 2018-12-07 11:39:44 --> Helper loaded: func_helper
INFO - 2018-12-07 11:39:44 --> Database Driver Class Initialized
INFO - 2018-12-07 11:39:44 --> Database Driver Class Initialized
DEBUG - 2018-12-07 11:39:44 --> Session: "sess_save_path" is empty; using "session.save_path" value from php.ini.
INFO - 2018-12-07 11:39:44 --> Session: Class initialized using 'files' driver.
INFO - 2018-12-07 11:39:44 --> Controller Class Initialized
DEBUG - 2018-12-07 11:39:44 --> Session class already loaded. Second attempt ignored.
INFO - 2018-12-07 11:39:44 --> Form Validation Class Initialized
INFO - 2018-12-07 11:39:44 --> Final output sent to browser
DEBUG - 2018-12-07 11:39:44 --> Total execution time: 0.2445
INFO - 2018-12-07 11:39:44 --> Config Class Initialized
INFO - 2018-12-07 11:39:44 --> Hooks Class Initialized
DEBUG - 2018-12-07 11:39:44 --> UTF-8 Support Enabled
INFO - 2018-12-07 11:39:44 --> Utf8 Class Initialized
INFO - 2018-12-07 11:39:44 --> URI Class Initialized
DEBUG - 2018-12-07 11:39:44 --> Session: "sess_save_path" is empty; using "session.save_path" value from php.ini.
INFO - 2018-12-07 11:39:44 --> Session: Class initialized using 'files' driver.
INFO - 2018-12-07 11:39:44 --> Controller Class Initialized
INFO - 2018-12-07 11:39:44 --> Router Class Initialized
DEBUG - 2018-12-07 11:39:44 --> Session class already loaded. Second attempt ignored.
INFO - 2018-12-07 11:39:44 --> Output Class Initialized
INFO - 2018-12-07 11:39:44 --> Form Validation Class Initialized
INFO - 2018-12-07 11:39:44 --> Security Class Initialized
INFO - 2018-12-07 11:39:44 --> Final output sent to browser
DEBUG - 2018-12-07 11:39:44 --> Total execution time: 0.2461
DEBUG - 2018-12-07 11:39:44 --> Global POST, GET and COOKIE data sanitized
INFO - 2018-12-07 11:39:44 --> Input Class Initialized
INFO - 2018-12-07 11:39:44 --> Language Class Initialized
DEBUG - 2018-12-07 11:39:44 --> Session: "sess_save_path" is empty; using "session.save_path" value from php.ini.
INFO - 2018-12-07 11:39:44 --> Session: Class initialized using 'files' driver.
INFO - 2018-12-07 11:39:44 --> Controller Class Initialized
INFO - 2018-12-07 11:39:44 --> Loader Class Initialized
DEBUG - 2018-12-07 11:39:44 --> Session class already loaded. Second attempt ignored.
INFO - 2018-12-07 11:39:44 --> Helper loaded: url_helper
INFO - 2018-12-07 11:39:44 --> Form Validation Class Initialized
INFO - 2018-12-07 11:39:44 --> Helper loaded: form_helper
INFO - 2018-12-07 11:39:44 --> Helper loaded: html_helper
INFO - 2018-12-07 11:39:44 --> Final output sent to browser
DEBUG - 2018-12-07 11:39:44 --> Total execution time: 0.2432
INFO - 2018-12-07 11:39:44 --> Helper loaded: rbac_helper
INFO - 2018-12-07 11:39:44 --> Helper loaded: layout_helper
INFO - 2018-12-07 11:39:44 --> Helper loaded: func_helper
INFO - 2018-12-07 11:39:44 --> Database Driver Class Initialized
DEBUG - 2018-12-07 11:39:44 --> Session: "sess_save_path" is empty; using "session.save_path" value from php.ini.
INFO - 2018-12-07 11:39:44 --> Session: Class initialized using 'files' driver.
INFO - 2018-12-07 11:39:44 --> Controller Class Initialized
DEBUG - 2018-12-07 11:39:44 --> Session class already loaded. Second attempt ignored.
INFO - 2018-12-07 11:39:44 --> Form Validation Class Initialized
INFO - 2018-12-07 11:39:44 --> Final output sent to browser
DEBUG - 2018-12-07 11:39:44 --> Total execution time: 0.1980
INFO - 2018-12-07 16:49:09 --> Config Class Initialized
INFO - 2018-12-07 16:49:09 --> Hooks Class Initialized
DEBUG - 2018-12-07 16:49:09 --> UTF-8 Support Enabled
INFO - 2018-12-07 16:49:09 --> Utf8 Class Initialized
INFO - 2018-12-07 16:49:09 --> URI Class Initialized
INFO - 2018-12-07 16:49:09 --> Router Class Initialized
INFO - 2018-12-07 16:49:09 --> Output Class Initialized
INFO - 2018-12-07 16:49:09 --> Security Class Initialized
DEBUG - 2018-12-07 16:49:09 --> Global POST, GET and COOKIE data sanitized
INFO - 2018-12-07 16:49:09 --> Input Class Initialized
INFO - 2018-12-07 16:49:09 --> Language Class Initialized
INFO - 2018-12-07 16:49:10 --> Loader Class Initialized
INFO - 2018-12-07 16:49:10 --> Helper loaded: url_helper
INFO - 2018-12-07 16:49:10 --> Helper loaded: form_helper
INFO - 2018-12-07 16:49:10 --> Helper loaded: html_helper
INFO - 2018-12-07 16:49:10 --> Helper loaded: rbac_helper
INFO - 2018-12-07 16:49:10 --> Helper loaded: layout_helper
INFO - 2018-12-07 16:49:10 --> Helper loaded: func_helper
INFO - 2018-12-07 16:49:10 --> Database Driver Class Initialized
DEBUG - 2018-12-07 16:49:13 --> Session: "sess_save_path" is empty; using "session.save_path" value from php.ini.
INFO - 2018-12-07 16:49:13 --> Session: Class initialized using 'files' driver.
INFO - 2018-12-07 16:49:13 --> Controller Class Initialized
DEBUG - 2018-12-07 16:49:13 --> Session class already loaded. Second attempt ignored.
INFO - 2018-12-07 16:49:13 --> Form Validation Class Initialized
INFO - 2018-12-07 16:49:13 --> File loaded: C:\MNEMONIC\GDrive\Web\cyberhrm\application\views\employees.php
INFO - 2018-12-07 16:49:13 --> File loaded: C:\MNEMONIC\GDrive\Web\cyberhrm\application\views\layouts/default.php
INFO - 2018-12-07 16:49:13 --> Final output sent to browser
DEBUG - 2018-12-07 16:49:13 --> Total execution time: 4.2526
INFO - 2018-12-07 16:49:18 --> Config Class Initialized
INFO - 2018-12-07 16:49:18 --> Hooks Class Initialized
DEBUG - 2018-12-07 16:49:18 --> UTF-8 Support Enabled
INFO - 2018-12-07 16:49:18 --> Utf8 Class Initialized
INFO - 2018-12-07 16:49:18 --> URI Class Initialized
INFO - 2018-12-07 16:49:18 --> Router Class Initialized
INFO - 2018-12-07 16:49:18 --> Output Class Initialized
INFO - 2018-12-07 16:49:18 --> Security Class Initialized
DEBUG - 2018-12-07 16:49:18 --> Global POST, GET and COOKIE data sanitized
INFO - 2018-12-07 16:49:18 --> Input Class Initialized
INFO - 2018-12-07 16:49:18 --> Language Class Initialized
INFO - 2018-12-07 16:49:18 --> Loader Class Initialized
INFO - 2018-12-07 16:49:18 --> Helper loaded: url_helper
INFO - 2018-12-07 16:49:18 --> Helper loaded: form_helper
INFO - 2018-12-07 16:49:18 --> Helper loaded: html_helper
INFO - 2018-12-07 16:49:18 --> Helper loaded: rbac_helper
INFO - 2018-12-07 16:49:18 --> Helper loaded: layout_helper
INFO - 2018-12-07 16:49:18 --> Helper loaded: func_helper
INFO - 2018-12-07 16:49:18 --> Database Driver Class Initialized
DEBUG - 2018-12-07 16:49:18 --> Session: "sess_save_path" is empty; using "session.save_path" value from php.ini.
INFO - 2018-12-07 16:49:18 --> Session: Class initialized using 'files' driver.
INFO - 2018-12-07 16:49:18 --> Controller Class Initialized
DEBUG - 2018-12-07 16:49:18 --> Session class already loaded. Second attempt ignored.
INFO - 2018-12-07 16:49:18 --> Form Validation Class Initialized
INFO - 2018-12-07 16:49:19 --> Final output sent to browser
DEBUG - 2018-12-07 16:49:19 --> Total execution time: 1.0509
INFO - 2018-12-07 16:49:21 --> Config Class Initialized
INFO - 2018-12-07 16:49:21 --> Hooks Class Initialized
DEBUG - 2018-12-07 16:49:21 --> UTF-8 Support Enabled
INFO - 2018-12-07 16:49:21 --> Utf8 Class Initialized
INFO - 2018-12-07 16:49:21 --> URI Class Initialized
INFO - 2018-12-07 16:49:21 --> Router Class Initialized
INFO - 2018-12-07 16:49:21 --> Output Class Initialized
INFO - 2018-12-07 16:49:22 --> Security Class Initialized
DEBUG - 2018-12-07 16:49:22 --> Global POST, GET and COOKIE data sanitized
INFO - 2018-12-07 16:49:22 --> Input Class Initialized
INFO - 2018-12-07 16:49:22 --> Language Class Initialized
INFO - 2018-12-07 16:49:22 --> Loader Class Initialized
INFO - 2018-12-07 16:49:22 --> Helper loaded: url_helper
INFO - 2018-12-07 16:49:22 --> Helper loaded: form_helper
INFO - 2018-12-07 16:49:22 --> Helper loaded: html_helper
INFO - 2018-12-07 16:49:22 --> Helper loaded: rbac_helper
INFO - 2018-12-07 16:49:22 --> Helper loaded: layout_helper
INFO - 2018-12-07 16:49:22 --> Helper loaded: func_helper
INFO - 2018-12-07 16:49:22 --> Database Driver Class Initialized
DEBUG - 2018-12-07 16:49:22 --> Session: "sess_save_path" is empty; using "session.save_path" value from php.ini.
INFO - 2018-12-07 16:49:22 --> Session: Class initialized using 'files' driver.
INFO - 2018-12-07 16:49:22 --> Controller Class Initialized
DEBUG - 2018-12-07 16:49:22 --> Session class already loaded. Second attempt ignored.
INFO - 2018-12-07 16:49:22 --> Form Validation Class Initialized
INFO - 2018-12-07 16:49:22 --> File loaded: C:\MNEMONIC\GDrive\Web\cyberhrm\application\views\workhour.php
INFO - 2018-12-07 16:49:22 --> File loaded: C:\MNEMONIC\GDrive\Web\cyberhrm\application\views\layouts/default.php
INFO - 2018-12-07 16:49:22 --> Final output sent to browser
DEBUG - 2018-12-07 16:49:22 --> Total execution time: 0.2159
INFO - 2018-12-07 16:49:22 --> Config Class Initialized
INFO - 2018-12-07 16:49:22 --> Hooks Class Initialized
DEBUG - 2018-12-07 16:49:22 --> UTF-8 Support Enabled
INFO - 2018-12-07 16:49:22 --> Utf8 Class Initialized
INFO - 2018-12-07 16:49:22 --> URI Class Initialized
INFO - 2018-12-07 16:49:22 --> Router Class Initialized
INFO - 2018-12-07 16:49:22 --> Output Class Initialized
INFO - 2018-12-07 16:49:22 --> Security Class Initialized
DEBUG - 2018-12-07 16:49:23 --> Global POST, GET and COOKIE data sanitized
INFO - 2018-12-07 16:49:23 --> Input Class Initialized
INFO - 2018-12-07 16:49:23 --> Language Class Initialized
INFO - 2018-12-07 16:49:23 --> Config Class Initialized
INFO - 2018-12-07 16:49:23 --> Hooks Class Initialized
DEBUG - 2018-12-07 16:49:23 --> UTF-8 Support Enabled
INFO - 2018-12-07 16:49:23 --> Utf8 Class Initialized
INFO - 2018-12-07 16:49:23 --> URI Class Initialized
INFO - 2018-12-07 16:49:23 --> Router Class Initialized
INFO - 2018-12-07 16:49:23 --> Config Class Initialized
INFO - 2018-12-07 16:49:23 --> Output Class Initialized
INFO - 2018-12-07 16:49:23 --> Hooks Class Initialized
INFO - 2018-12-07 16:49:23 --> Security Class Initialized
DEBUG - 2018-12-07 16:49:23 --> UTF-8 Support Enabled
DEBUG - 2018-12-07 16:49:23 --> Global POST, GET and COOKIE data sanitized
INFO - 2018-12-07 16:49:23 --> Utf8 Class Initialized
INFO - 2018-12-07 16:49:23 --> Input Class Initialized
INFO - 2018-12-07 16:49:23 --> Language Class Initialized
INFO - 2018-12-07 16:49:23 --> URI Class Initialized
INFO - 2018-12-07 16:49:23 --> Router Class Initialized
INFO - 2018-12-07 16:49:23 --> Output Class Initialized
INFO - 2018-12-07 16:49:23 --> Security Class Initialized
DEBUG - 2018-12-07 16:49:23 --> Global POST, GET and COOKIE data sanitized
INFO - 2018-12-07 16:49:23 --> Input Class Initialized
INFO - 2018-12-07 16:49:23 --> Language Class Initialized
INFO - 2018-12-07 16:49:23 --> Loader Class Initialized
INFO - 2018-12-07 16:49:23 --> Helper loaded: url_helper
INFO - 2018-12-07 16:49:23 --> Helper loaded: form_helper
INFO - 2018-12-07 16:49:23 --> Helper loaded: html_helper
INFO - 2018-12-07 16:49:23 --> Loader Class Initialized
INFO - 2018-12-07 16:49:23 --> Helper loaded: rbac_helper
INFO - 2018-12-07 16:49:23 --> Helper loaded: url_helper
INFO - 2018-12-07 16:49:23 --> Helper loaded: layout_helper
INFO - 2018-12-07 16:49:23 --> Helper loaded: func_helper
INFO - 2018-12-07 16:49:23 --> Helper loaded: form_helper
INFO - 2018-12-07 16:49:23 --> Helper loaded: html_helper
INFO - 2018-12-07 16:49:23 --> Helper loaded: rbac_helper
INFO - 2018-12-07 16:49:23 --> Loader Class Initialized
INFO - 2018-12-07 16:49:23 --> Helper loaded: layout_helper
INFO - 2018-12-07 16:49:23 --> Helper loaded: url_helper
INFO - 2018-12-07 16:49:23 --> Helper loaded: func_helper
INFO - 2018-12-07 16:49:23 --> Database Driver Class Initialized
INFO - 2018-12-07 16:49:23 --> Helper loaded: form_helper
INFO - 2018-12-07 16:49:23 --> Helper loaded: html_helper
INFO - 2018-12-07 16:49:23 --> Helper loaded: rbac_helper
INFO - 2018-12-07 16:49:23 --> Helper loaded: layout_helper
INFO - 2018-12-07 16:49:23 --> Helper loaded: func_helper
INFO - 2018-12-07 16:49:23 --> Database Driver Class Initialized
INFO - 2018-12-07 16:49:23 --> Database Driver Class Initialized
DEBUG - 2018-12-07 16:49:23 --> Session: "sess_save_path" is empty; using "session.save_path" value from php.ini.
INFO - 2018-12-07 16:49:23 --> Session: Class initialized using 'files' driver.
INFO - 2018-12-07 16:49:23 --> Controller Class Initialized
DEBUG - 2018-12-07 16:49:23 --> Session class already loaded. Second attempt ignored.
INFO - 2018-12-07 16:49:23 --> Form Validation Class Initialized
INFO - 2018-12-07 16:49:23 --> Final output sent to browser
DEBUG - 2018-12-07 16:49:23 --> Total execution time: 0.2644
DEBUG - 2018-12-07 16:49:23 --> Session: "sess_save_path" is empty; using "session.save_path" value from php.ini.
DEBUG - 2018-12-07 16:49:23 --> Session: "sess_save_path" is empty; using "session.save_path" value from php.ini.
INFO - 2018-12-07 16:49:23 --> Session: Class initialized using 'files' driver.
INFO - 2018-12-07 16:49:23 --> Controller Class Initialized
DEBUG - 2018-12-07 16:49:23 --> Session class already loaded. Second attempt ignored.
INFO - 2018-12-07 16:49:23 --> Form Validation Class Initialized
INFO - 2018-12-07 16:49:23 --> Final output sent to browser
DEBUG - 2018-12-07 16:49:23 --> Total execution time: 0.3161
INFO - 2018-12-07 16:49:23 --> Session: Class initialized using 'files' driver.
INFO - 2018-12-07 16:49:23 --> Controller Class Initialized
DEBUG - 2018-12-07 16:49:23 --> Session class already loaded. Second attempt ignored.
INFO - 2018-12-07 16:49:23 --> Form Validation Class Initialized
INFO - 2018-12-07 16:49:23 --> Final output sent to browser
DEBUG - 2018-12-07 16:49:23 --> Total execution time: 0.3846
INFO - 2018-12-07 23:49:54 --> Config Class Initialized
INFO - 2018-12-07 23:49:54 --> Hooks Class Initialized
DEBUG - 2018-12-07 23:49:54 --> UTF-8 Support Enabled
INFO - 2018-12-07 23:49:54 --> Utf8 Class Initialized
INFO - 2018-12-07 23:49:54 --> URI Class Initialized
INFO - 2018-12-07 23:49:54 --> Router Class Initialized
INFO - 2018-12-07 23:49:54 --> Output Class Initialized
INFO - 2018-12-07 23:49:54 --> Security Class Initialized
DEBUG - 2018-12-07 23:49:54 --> Global POST, GET and COOKIE data sanitized
INFO - 2018-12-07 23:49:54 --> Input Class Initialized
INFO - 2018-12-07 23:49:54 --> Language Class Initialized
INFO - 2018-12-07 23:49:54 --> Loader Class Initialized
INFO - 2018-12-07 23:49:54 --> Helper loaded: url_helper
INFO - 2018-12-07 23:49:54 --> Helper loaded: form_helper
INFO - 2018-12-07 23:49:54 --> Helper loaded: html_helper
INFO - 2018-12-07 23:49:54 --> Helper loaded: rbac_helper
INFO - 2018-12-07 23:49:54 --> Helper loaded: layout_helper
INFO - 2018-12-07 23:49:54 --> Helper loaded: func_helper
INFO - 2018-12-07 23:49:54 --> Database Driver Class Initialized
DEBUG - 2018-12-07 23:49:55 --> Session: "sess_save_path" is empty; using "session.save_path" value from php.ini.
INFO - 2018-12-07 23:49:55 --> Session: Class initialized using 'files' driver.
INFO - 2018-12-07 23:49:55 --> Controller Class Initialized
DEBUG - 2018-12-07 23:49:55 --> Session class already loaded. Second attempt ignored.
INFO - 2018-12-07 23:49:55 --> Form Validation Class Initialized
INFO - 2018-12-07 23:49:55 --> File loaded: C:\MNEMONIC\GDrive\Web\cyberhrm\application\views\schemas.php
INFO - 2018-12-07 23:49:55 --> File loaded: C:\MNEMONIC\GDrive\Web\cyberhrm\application\views\layouts/default.php
INFO - 2018-12-07 23:49:55 --> Final output sent to browser
DEBUG - 2018-12-07 23:49:55 --> Total execution time: 0.5852
INFO - 2018-12-07 23:49:55 --> Config Class Initialized
INFO - 2018-12-07 23:49:55 --> Hooks Class Initialized
DEBUG - 2018-12-07 23:49:55 --> UTF-8 Support Enabled
INFO - 2018-12-07 23:49:55 --> Utf8 Class Initialized
INFO - 2018-12-07 23:49:55 --> URI Class Initialized
INFO - 2018-12-07 23:49:55 --> Router Class Initialized
INFO - 2018-12-07 23:49:56 --> Output Class Initialized
INFO - 2018-12-07 23:49:56 --> Security Class Initialized
DEBUG - 2018-12-07 23:49:56 --> Global POST, GET and COOKIE data sanitized
INFO - 2018-12-07 23:49:56 --> Input Class Initialized
INFO - 2018-12-07 23:49:56 --> Language Class Initialized
INFO - 2018-12-07 23:49:56 --> Loader Class Initialized
INFO - 2018-12-07 23:49:56 --> Helper loaded: url_helper
INFO - 2018-12-07 23:49:56 --> Helper loaded: form_helper
INFO - 2018-12-07 23:49:56 --> Helper loaded: html_helper
INFO - 2018-12-07 23:49:56 --> Helper loaded: rbac_helper
INFO - 2018-12-07 23:49:56 --> Helper loaded: layout_helper
INFO - 2018-12-07 23:49:56 --> Helper loaded: func_helper
INFO - 2018-12-07 23:49:56 --> Database Driver Class Initialized
DEBUG - 2018-12-07 23:49:56 --> Session: "sess_save_path" is empty; using "session.save_path" value from php.ini.
INFO - 2018-12-07 23:49:56 --> Session: Class initialized using 'files' driver.
INFO - 2018-12-07 23:49:56 --> Controller Class Initialized
DEBUG - 2018-12-07 23:49:56 --> Session class already loaded. Second attempt ignored.
INFO - 2018-12-07 23:49:56 --> Form Validation Class Initialized
INFO - 2018-12-07 23:49:56 --> Final output sent to browser
DEBUG - 2018-12-07 23:49:56 --> Total execution time: 0.1949
INFO - 2018-12-07 23:49:58 --> Config Class Initialized
INFO - 2018-12-07 23:49:58 --> Hooks Class Initialized
DEBUG - 2018-12-07 23:49:58 --> UTF-8 Support Enabled
INFO - 2018-12-07 23:49:58 --> Utf8 Class Initialized
INFO - 2018-12-07 23:49:58 --> URI Class Initialized
INFO - 2018-12-07 23:49:58 --> Router Class Initialized
INFO - 2018-12-07 23:49:58 --> Output Class Initialized
INFO - 2018-12-07 23:49:58 --> Security Class Initialized
DEBUG - 2018-12-07 23:49:58 --> Global POST, GET and COOKIE data sanitized
INFO - 2018-12-07 23:49:58 --> Input Class Initialized
INFO - 2018-12-07 23:49:58 --> Language Class Initialized
INFO - 2018-12-07 23:49:58 --> Loader Class Initialized
INFO - 2018-12-07 23:49:58 --> Helper loaded: url_helper
INFO - 2018-12-07 23:49:58 --> Helper loaded: form_helper
INFO - 2018-12-07 23:49:58 --> Helper loaded: html_helper
INFO - 2018-12-07 23:49:58 --> Helper loaded: rbac_helper
INFO - 2018-12-07 23:49:58 --> Helper loaded: layout_helper
INFO - 2018-12-07 23:49:58 --> Helper loaded: func_helper
INFO - 2018-12-07 23:49:58 --> Database Driver Class Initialized
DEBUG - 2018-12-07 23:49:58 --> Session: "sess_save_path" is empty; using "session.save_path" value from php.ini.
INFO - 2018-12-07 23:49:58 --> Session: Class initialized using 'files' driver.
INFO - 2018-12-07 23:49:59 --> Controller Class Initialized
DEBUG - 2018-12-07 23:49:59 --> Session class already loaded. Second attempt ignored.
INFO - 2018-12-07 23:49:59 --> Form Validation Class Initialized
INFO - 2018-12-07 23:49:59 --> File loaded: C:\MNEMONIC\GDrive\Web\cyberhrm\application\views\schema.php
INFO - 2018-12-07 23:49:59 --> File loaded: C:\MNEMONIC\GDrive\Web\cyberhrm\application\views\layouts/default.php
INFO - 2018-12-07 23:49:59 --> Final output sent to browser
DEBUG - 2018-12-07 23:49:59 --> Total execution time: 0.3695
INFO - 2018-12-07 23:49:59 --> Config Class Initialized
INFO - 2018-12-07 23:49:59 --> Hooks Class Initialized
DEBUG - 2018-12-07 23:49:59 --> UTF-8 Support Enabled
INFO - 2018-12-07 23:49:59 --> Utf8 Class Initialized
INFO - 2018-12-07 23:49:59 --> URI Class Initialized
INFO - 2018-12-07 23:49:59 --> Router Class Initialized
INFO - 2018-12-07 23:49:59 --> Output Class Initialized
INFO - 2018-12-07 23:49:59 --> Security Class Initialized
DEBUG - 2018-12-07 23:49:59 --> Global POST, GET and COOKIE data sanitized
INFO - 2018-12-07 23:49:59 --> Input Class Initialized
INFO - 2018-12-07 23:49:59 --> Language Class Initialized
INFO - 2018-12-07 23:49:59 --> Loader Class Initialized
INFO - 2018-12-07 23:49:59 --> Helper loaded: url_helper
INFO - 2018-12-07 23:49:59 --> Helper loaded: form_helper
INFO - 2018-12-07 23:49:59 --> Helper loaded: html_helper
INFO - 2018-12-07 23:49:59 --> Helper loaded: rbac_helper
INFO - 2018-12-07 23:49:59 --> Helper loaded: layout_helper
INFO - 2018-12-07 23:49:59 --> Helper loaded: func_helper
INFO - 2018-12-07 23:49:59 --> Database Driver Class Initialized
DEBUG - 2018-12-07 23:50:00 --> Session: "sess_save_path" is empty; using "session.save_path" value from php.ini.
INFO - 2018-12-07 23:50:00 --> Session: Class initialized using 'files' driver.
INFO - 2018-12-07 23:50:00 --> Controller Class Initialized
DEBUG - 2018-12-07 23:50:00 --> Session class already loaded. Second attempt ignored.
INFO - 2018-12-07 23:50:00 --> Form Validation Class Initialized
INFO - 2018-12-07 23:50:00 --> Config Class Initialized
INFO - 2018-12-07 23:50:00 --> Hooks Class Initialized
DEBUG - 2018-12-07 23:50:00 --> UTF-8 Support Enabled
INFO - 2018-12-07 23:50:00 --> Utf8 Class Initialized
INFO - 2018-12-07 23:50:00 --> URI Class Initialized
INFO - 2018-12-07 23:50:00 --> Router Class Initialized
INFO - 2018-12-07 23:50:00 --> Output Class Initialized
INFO - 2018-12-07 23:50:00 --> Security Class Initialized
DEBUG - 2018-12-07 23:50:00 --> Global POST, GET and COOKIE data sanitized
INFO - 2018-12-07 23:50:00 --> Input Class Initialized
INFO - 2018-12-07 23:50:00 --> Language Class Initialized
INFO - 2018-12-07 23:50:00 --> Config Class Initialized
INFO - 2018-12-07 23:50:00 --> Hooks Class Initialized
DEBUG - 2018-12-07 23:50:00 --> UTF-8 Support Enabled
INFO - 2018-12-07 23:50:00 --> Utf8 Class Initialized
INFO - 2018-12-07 23:50:00 --> Loader Class Initialized
INFO - 2018-12-07 23:50:00 --> URI Class Initialized
INFO - 2018-12-07 23:50:00 --> Helper loaded: url_helper
INFO - 2018-12-07 23:50:00 --> Router Class Initialized
INFO - 2018-12-07 23:50:00 --> Helper loaded: form_helper
INFO - 2018-12-07 23:50:00 --> Output Class Initialized
INFO - 2018-12-07 23:50:00 --> Helper loaded: html_helper
INFO - 2018-12-07 23:50:00 --> Security Class Initialized
DEBUG - 2018-12-07 23:50:00 --> Global POST, GET and COOKIE data sanitized
INFO - 2018-12-07 23:50:00 --> Input Class Initialized
INFO - 2018-12-07 23:50:00 --> Helper loaded: rbac_helper
INFO - 2018-12-07 23:50:00 --> Language Class Initialized
INFO - 2018-12-07 23:50:00 --> Helper loaded: layout_helper
INFO - 2018-12-07 23:50:00 --> Helper loaded: func_helper
INFO - 2018-12-07 23:50:00 --> Loader Class Initialized
INFO - 2018-12-07 23:50:00 --> Helper loaded: url_helper
INFO - 2018-12-07 23:50:00 --> Helper loaded: form_helper
INFO - 2018-12-07 23:50:00 --> Database Driver Class Initialized
INFO - 2018-12-07 23:50:00 --> Helper loaded: html_helper
INFO - 2018-12-07 23:50:00 --> Helper loaded: rbac_helper
INFO - 2018-12-07 23:50:00 --> Helper loaded: layout_helper
INFO - 2018-12-07 23:50:00 --> Helper loaded: func_helper
INFO - 2018-12-07 23:50:00 --> Config Class Initialized
INFO - 2018-12-07 23:50:00 --> Hooks Class Initialized
DEBUG - 2018-12-07 23:50:00 --> UTF-8 Support Enabled
INFO - 2018-12-07 23:50:00 --> Database Driver Class Initialized
INFO - 2018-12-07 23:50:00 --> Utf8 Class Initialized
INFO - 2018-12-07 23:50:00 --> URI Class Initialized
INFO - 2018-12-07 23:50:00 --> Router Class Initialized
INFO - 2018-12-07 23:50:00 --> Output Class Initialized
INFO - 2018-12-07 23:50:00 --> Security Class Initialized
DEBUG - 2018-12-07 23:50:00 --> Global POST, GET and COOKIE data sanitized
INFO - 2018-12-07 23:50:00 --> Input Class Initialized
DEBUG - 2018-12-07 23:50:00 --> Session: "sess_save_path" is empty; using "session.save_path" value from php.ini.
INFO - 2018-12-07 23:50:00 --> Language Class Initialized
INFO - 2018-12-07 23:50:00 --> Session: Class initialized using 'files' driver.
INFO - 2018-12-07 23:50:00 --> Controller Class Initialized
DEBUG - 2018-12-07 23:50:00 --> Session class already loaded. Second attempt ignored.
INFO - 2018-12-07 23:50:00 --> Form Validation Class Initialized
INFO - 2018-12-07 23:50:00 --> Config Class Initialized
INFO - 2018-12-07 23:50:00 --> Hooks Class Initialized
INFO - 2018-12-07 23:50:00 --> Final output sent to browser
DEBUG - 2018-12-07 23:50:00 --> Total execution time: 0.2112
INFO - 2018-12-07 23:50:00 --> Loader Class Initialized
INFO - 2018-12-07 23:50:00 --> Helper loaded: url_helper
DEBUG - 2018-12-07 23:50:00 --> UTF-8 Support Enabled
INFO - 2018-12-07 23:50:00 --> Helper loaded: form_helper
INFO - 2018-12-07 23:50:00 --> Utf8 Class Initialized
INFO - 2018-12-07 23:50:00 --> Helper loaded: html_helper
INFO - 2018-12-07 23:50:00 --> URI Class Initialized
INFO - 2018-12-07 23:50:00 --> Helper loaded: rbac_helper
DEBUG - 2018-12-07 23:50:00 --> Session: "sess_save_path" is empty; using "session.save_path" value from php.ini.
INFO - 2018-12-07 23:50:00 --> Helper loaded: layout_helper
INFO - 2018-12-07 23:50:00 --> Session: Class initialized using 'files' driver.
INFO - 2018-12-07 23:50:00 --> Controller Class Initialized
INFO - 2018-12-07 23:50:00 --> Router Class Initialized
INFO - 2018-12-07 23:50:00 --> Helper loaded: func_helper
DEBUG - 2018-12-07 23:50:00 --> Session class already loaded. Second attempt ignored.
INFO - 2018-12-07 23:50:00 --> Form Validation Class Initialized
INFO - 2018-12-07 23:50:00 --> Final output sent to browser
DEBUG - 2018-12-07 23:50:00 --> Total execution time: 0.2209
INFO - 2018-12-07 23:50:00 --> Database Driver Class Initialized
INFO - 2018-12-07 23:50:00 --> Output Class Initialized
INFO - 2018-12-07 23:50:00 --> Security Class Initialized
DEBUG - 2018-12-07 23:50:00 --> Global POST, GET and COOKIE data sanitized
INFO - 2018-12-07 23:50:00 --> Input Class Initialized
INFO - 2018-12-07 23:50:00 --> Language Class Initialized
INFO - 2018-12-07 23:50:00 --> Loader Class Initialized
INFO - 2018-12-07 23:50:00 --> Helper loaded: url_helper
INFO - 2018-12-07 23:50:00 --> Helper loaded: form_helper
INFO - 2018-12-07 23:50:00 --> Helper loaded: html_helper
INFO - 2018-12-07 23:50:00 --> Helper loaded: rbac_helper
INFO - 2018-12-07 23:50:00 --> Helper loaded: layout_helper
INFO - 2018-12-07 23:50:00 --> Helper loaded: func_helper
INFO - 2018-12-07 23:50:00 --> Database Driver Class Initialized
DEBUG - 2018-12-07 23:50:00 --> Session: "sess_save_path" is empty; using "session.save_path" value from php.ini.
INFO - 2018-12-07 23:50:00 --> Session: Class initialized using 'files' driver.
INFO - 2018-12-07 23:50:00 --> Controller Class Initialized
DEBUG - 2018-12-07 23:50:00 --> Session class already loaded. Second attempt ignored.
INFO - 2018-12-07 23:50:00 --> Form Validation Class Initialized
INFO - 2018-12-07 23:50:00 --> Final output sent to browser
DEBUG - 2018-12-07 23:50:00 --> Total execution time: 0.2064
DEBUG - 2018-12-07 23:50:00 --> Session: "sess_save_path" is empty; using "session.save_path" value from php.ini.
INFO - 2018-12-07 23:50:00 --> Session: Class initialized using 'files' driver.
INFO - 2018-12-07 23:50:00 --> Controller Class Initialized
DEBUG - 2018-12-07 23:50:00 --> Session class already loaded. Second attempt ignored.
INFO - 2018-12-07 23:50:00 --> Form Validation Class Initialized
INFO - 2018-12-07 23:50:00 --> Final output sent to browser
DEBUG - 2018-12-07 23:50:00 --> Total execution time: 0.1791
INFO - 2018-12-07 23:50:55 --> Config Class Initialized
INFO - 2018-12-07 23:50:55 --> Hooks Class Initialized
DEBUG - 2018-12-07 23:50:55 --> UTF-8 Support Enabled
INFO - 2018-12-07 23:50:55 --> Utf8 Class Initialized
INFO - 2018-12-07 23:50:55 --> URI Class Initialized
INFO - 2018-12-07 23:50:55 --> Router Class Initialized
INFO - 2018-12-07 23:50:55 --> Output Class Initialized
INFO - 2018-12-07 23:50:55 --> Security Class Initialized
DEBUG - 2018-12-07 23:50:55 --> Global POST, GET and COOKIE data sanitized
INFO - 2018-12-07 23:50:55 --> Input Class Initialized
INFO - 2018-12-07 23:50:55 --> Language Class Initialized
INFO - 2018-12-07 23:50:55 --> Loader Class Initialized
INFO - 2018-12-07 23:50:55 --> Helper loaded: url_helper
INFO - 2018-12-07 23:50:55 --> Helper loaded: form_helper
INFO - 2018-12-07 23:50:55 --> Helper loaded: html_helper
INFO - 2018-12-07 23:50:55 --> Helper loaded: rbac_helper
INFO - 2018-12-07 23:50:55 --> Helper loaded: layout_helper
INFO - 2018-12-07 23:50:55 --> Helper loaded: func_helper
INFO - 2018-12-07 23:50:55 --> Database Driver Class Initialized
DEBUG - 2018-12-07 23:50:55 --> Session: "sess_save_path" is empty; using "session.save_path" value from php.ini.
INFO - 2018-12-07 23:50:55 --> Session: Class initialized using 'files' driver.
INFO - 2018-12-07 23:50:55 --> Controller Class Initialized
DEBUG - 2018-12-07 23:50:55 --> Session class already loaded. Second attempt ignored.
INFO - 2018-12-07 23:50:55 --> Form Validation Class Initialized
INFO - 2018-12-07 23:50:55 --> File loaded: C:\MNEMONIC\GDrive\Web\cyberhrm\application\views\workhour.php
INFO - 2018-12-07 23:50:55 --> File loaded: C:\MNEMONIC\GDrive\Web\cyberhrm\application\views\layouts/default.php
INFO - 2018-12-07 23:50:55 --> Final output sent to browser
DEBUG - 2018-12-07 23:50:55 --> Total execution time: 0.1937
INFO - 2018-12-07 23:50:56 --> Config Class Initialized
INFO - 2018-12-07 23:50:56 --> Hooks Class Initialized
DEBUG - 2018-12-07 23:50:56 --> UTF-8 Support Enabled
INFO - 2018-12-07 23:50:56 --> Utf8 Class Initialized
INFO - 2018-12-07 23:50:56 --> URI Class Initialized
INFO - 2018-12-07 23:50:56 --> Router Class Initialized
INFO - 2018-12-07 23:50:56 --> Output Class Initialized
INFO - 2018-12-07 23:50:56 --> Security Class Initialized
INFO - 2018-12-07 23:50:56 --> Config Class Initialized
INFO - 2018-12-07 23:50:56 --> Hooks Class Initialized
DEBUG - 2018-12-07 23:50:56 --> Global POST, GET and COOKIE data sanitized
INFO - 2018-12-07 23:50:56 --> Input Class Initialized
INFO - 2018-12-07 23:50:56 --> Language Class Initialized
DEBUG - 2018-12-07 23:50:56 --> UTF-8 Support Enabled
INFO - 2018-12-07 23:50:56 --> Utf8 Class Initialized
INFO - 2018-12-07 23:50:56 --> URI Class Initialized
INFO - 2018-12-07 23:50:56 --> Router Class Initialized
INFO - 2018-12-07 23:50:56 --> Loader Class Initialized
INFO - 2018-12-07 23:50:56 --> Config Class Initialized
INFO - 2018-12-07 23:50:56 --> Hooks Class Initialized
INFO - 2018-12-07 23:50:56 --> Helper loaded: url_helper
INFO - 2018-12-07 23:50:56 --> Helper loaded: form_helper
DEBUG - 2018-12-07 23:50:56 --> UTF-8 Support Enabled
INFO - 2018-12-07 23:50:56 --> Utf8 Class Initialized
INFO - 2018-12-07 23:50:56 --> Helper loaded: html_helper
INFO - 2018-12-07 23:50:56 --> Helper loaded: rbac_helper
INFO - 2018-12-07 23:50:56 --> URI Class Initialized
INFO - 2018-12-07 23:50:56 --> Helper loaded: layout_helper
INFO - 2018-12-07 23:50:56 --> Output Class Initialized
INFO - 2018-12-07 23:50:56 --> Helper loaded: func_helper
INFO - 2018-12-07 23:50:56 --> Router Class Initialized
INFO - 2018-12-07 23:50:56 --> Security Class Initialized
INFO - 2018-12-07 23:50:56 --> Output Class Initialized
INFO - 2018-12-07 23:50:56 --> Security Class Initialized
DEBUG - 2018-12-07 23:50:56 --> Global POST, GET and COOKIE data sanitized
INFO - 2018-12-07 23:50:56 --> Input Class Initialized
INFO - 2018-12-07 23:50:56 --> Database Driver Class Initialized
DEBUG - 2018-12-07 23:50:56 --> Global POST, GET and COOKIE data sanitized
INFO - 2018-12-07 23:50:56 --> Language Class Initialized
INFO - 2018-12-07 23:50:56 --> Input Class Initialized
INFO - 2018-12-07 23:50:56 --> Language Class Initialized
INFO - 2018-12-07 23:50:56 --> Loader Class Initialized
INFO - 2018-12-07 23:50:56 --> Loader Class Initialized
INFO - 2018-12-07 23:50:56 --> Helper loaded: url_helper
INFO - 2018-12-07 23:50:56 --> Helper loaded: url_helper
INFO - 2018-12-07 23:50:56 --> Helper loaded: form_helper
INFO - 2018-12-07 23:50:56 --> Helper loaded: form_helper
INFO - 2018-12-07 23:50:56 --> Helper loaded: html_helper
INFO - 2018-12-07 23:50:56 --> Helper loaded: html_helper
INFO - 2018-12-07 23:50:56 --> Helper loaded: rbac_helper
INFO - 2018-12-07 23:50:56 --> Helper loaded: rbac_helper
INFO - 2018-12-07 23:50:56 --> Helper loaded: layout_helper
INFO - 2018-12-07 23:50:56 --> Helper loaded: layout_helper
INFO - 2018-12-07 23:50:56 --> Helper loaded: func_helper
INFO - 2018-12-07 23:50:56 --> Helper loaded: func_helper
INFO - 2018-12-07 23:50:56 --> Database Driver Class Initialized
INFO - 2018-12-07 23:50:56 --> Database Driver Class Initialized
DEBUG - 2018-12-07 23:50:56 --> Session: "sess_save_path" is empty; using "session.save_path" value from php.ini.
INFO - 2018-12-07 23:50:56 --> Session: Class initialized using 'files' driver.
INFO - 2018-12-07 23:50:56 --> Controller Class Initialized
DEBUG - 2018-12-07 23:50:56 --> Session class already loaded. Second attempt ignored.
INFO - 2018-12-07 23:50:56 --> Form Validation Class Initialized
INFO - 2018-12-07 23:50:56 --> Final output sent to browser
DEBUG - 2018-12-07 23:50:56 --> Total execution time: 0.1924
DEBUG - 2018-12-07 23:50:57 --> Session: "sess_save_path" is empty; using "session.save_path" value from php.ini.
DEBUG - 2018-12-07 23:50:57 --> Session: "sess_save_path" is empty; using "session.save_path" value from php.ini.
INFO - 2018-12-07 23:50:57 --> Session: Class initialized using 'files' driver.
INFO - 2018-12-07 23:50:57 --> Controller Class Initialized
DEBUG - 2018-12-07 23:50:57 --> Session class already loaded. Second attempt ignored.
INFO - 2018-12-07 23:50:57 --> Form Validation Class Initialized
INFO - 2018-12-07 23:50:57 --> Final output sent to browser
DEBUG - 2018-12-07 23:50:57 --> Total execution time: 1.3600
INFO - 2018-12-07 23:50:57 --> Session: Class initialized using 'files' driver.
INFO - 2018-12-07 23:50:57 --> Controller Class Initialized
DEBUG - 2018-12-07 23:50:57 --> Session class already loaded. Second attempt ignored.
INFO - 2018-12-07 23:50:57 --> Form Validation Class Initialized
INFO - 2018-12-07 23:50:57 --> Final output sent to browser
DEBUG - 2018-12-07 23:50:57 --> Total execution time: 1.3900
