INFO - 2019-08-26 17:05:41 --> Config Class Initialized
INFO - 2019-08-26 17:05:41 --> Hooks Class Initialized
DEBUG - 2019-08-26 17:05:41 --> UTF-8 Support Enabled
INFO - 2019-08-26 17:05:41 --> Utf8 Class Initialized
INFO - 2019-08-26 17:05:41 --> URI Class Initialized
DEBUG - 2019-08-26 17:05:41 --> No URI present. Default controller set.
INFO - 2019-08-26 17:05:41 --> Router Class Initialized
INFO - 2019-08-26 17:05:41 --> Output Class Initialized
INFO - 2019-08-26 17:05:41 --> Security Class Initialized
DEBUG - 2019-08-26 17:05:42 --> Global POST, GET and COOKIE data sanitized
INFO - 2019-08-26 17:05:42 --> Input Class Initialized
INFO - 2019-08-26 17:05:42 --> Language Class Initialized
INFO - 2019-08-26 17:05:42 --> Loader Class Initialized
INFO - 2019-08-26 17:05:42 --> Helper loaded: url_helper
INFO - 2019-08-26 17:05:42 --> Helper loaded: form_helper
INFO - 2019-08-26 17:05:42 --> Helper loaded: html_helper
INFO - 2019-08-26 17:05:42 --> Helper loaded: rbac_helper
INFO - 2019-08-26 17:05:42 --> Helper loaded: layout_helper
INFO - 2019-08-26 17:05:42 --> Helper loaded: func_helper
INFO - 2019-08-26 17:05:42 --> Helper loaded: oraxe_helper
INFO - 2019-08-26 17:05:42 --> Database Driver Class Initialized
ERROR - 2019-08-26 17:06:06 --> Severity: Warning --> oci_connect(): ORA-12170: TNS:Connect timeout occurred D:\Projects\Web\cyberhrm\system\database\drivers\oci8\oci8_driver.php 238
ERROR - 2019-08-26 17:06:06 --> Unable to connect to the database
INFO - 2019-08-26 17:06:06 --> Language file loaded: language/english/db_lang.php
INFO - 2019-08-26 17:12:21 --> Config Class Initialized
INFO - 2019-08-26 17:12:21 --> Hooks Class Initialized
DEBUG - 2019-08-26 17:12:21 --> UTF-8 Support Enabled
INFO - 2019-08-26 17:12:21 --> Utf8 Class Initialized
INFO - 2019-08-26 17:12:21 --> URI Class Initialized
DEBUG - 2019-08-26 17:12:21 --> No URI present. Default controller set.
INFO - 2019-08-26 17:12:21 --> Router Class Initialized
INFO - 2019-08-26 17:12:21 --> Output Class Initialized
INFO - 2019-08-26 17:12:21 --> Security Class Initialized
DEBUG - 2019-08-26 17:12:21 --> Global POST, GET and COOKIE data sanitized
INFO - 2019-08-26 17:12:21 --> Input Class Initialized
INFO - 2019-08-26 17:12:21 --> Language Class Initialized
INFO - 2019-08-26 17:12:21 --> Loader Class Initialized
INFO - 2019-08-26 17:12:21 --> Helper loaded: url_helper
INFO - 2019-08-26 17:12:21 --> Helper loaded: form_helper
INFO - 2019-08-26 17:12:21 --> Helper loaded: html_helper
INFO - 2019-08-26 17:12:21 --> Helper loaded: rbac_helper
INFO - 2019-08-26 17:12:21 --> Helper loaded: layout_helper
INFO - 2019-08-26 17:12:21 --> Helper loaded: func_helper
INFO - 2019-08-26 17:12:21 --> Helper loaded: oraxe_helper
INFO - 2019-08-26 17:12:21 --> Database Driver Class Initialized
ERROR - 2019-08-26 17:12:42 --> Severity: Warning --> oci_connect(): ORA-12170: TNS:Connect timeout occurred D:\Projects\Web\cyberhrm\system\database\drivers\oci8\oci8_driver.php 238
ERROR - 2019-08-26 17:12:42 --> Unable to connect to the database
INFO - 2019-08-26 17:12:42 --> Language file loaded: language/english/db_lang.php
INFO - 2019-08-26 17:18:07 --> Config Class Initialized
INFO - 2019-08-26 17:18:07 --> Hooks Class Initialized
DEBUG - 2019-08-26 17:18:07 --> UTF-8 Support Enabled
INFO - 2019-08-26 17:18:07 --> Utf8 Class Initialized
INFO - 2019-08-26 17:18:07 --> URI Class Initialized
DEBUG - 2019-08-26 17:18:07 --> No URI present. Default controller set.
INFO - 2019-08-26 17:18:07 --> Router Class Initialized
INFO - 2019-08-26 17:18:07 --> Output Class Initialized
INFO - 2019-08-26 17:18:07 --> Security Class Initialized
DEBUG - 2019-08-26 17:18:07 --> Global POST, GET and COOKIE data sanitized
INFO - 2019-08-26 17:18:07 --> Input Class Initialized
INFO - 2019-08-26 17:18:07 --> Language Class Initialized
INFO - 2019-08-26 17:18:07 --> Loader Class Initialized
INFO - 2019-08-26 17:18:07 --> Helper loaded: url_helper
INFO - 2019-08-26 17:18:07 --> Helper loaded: form_helper
INFO - 2019-08-26 17:18:07 --> Helper loaded: html_helper
INFO - 2019-08-26 17:18:07 --> Helper loaded: rbac_helper
INFO - 2019-08-26 17:18:07 --> Helper loaded: layout_helper
INFO - 2019-08-26 17:18:07 --> Helper loaded: func_helper
INFO - 2019-08-26 17:18:07 --> Helper loaded: oraxe_helper
INFO - 2019-08-26 17:18:07 --> Database Driver Class Initialized
DEBUG - 2019-08-26 17:18:07 --> Session: "sess_save_path" is empty; using "session.save_path" value from php.ini.
INFO - 2019-08-26 17:18:07 --> Session: Class initialized using 'files' driver.
INFO - 2019-08-26 17:18:07 --> Controller Class Initialized
DEBUG - 2019-08-26 17:18:07 --> Session class already loaded. Second attempt ignored.
INFO - 2019-08-26 17:18:07 --> Form Validation Class Initialized
INFO - 2019-08-26 17:18:07 --> Config Class Initialized
INFO - 2019-08-26 17:18:07 --> Hooks Class Initialized
DEBUG - 2019-08-26 17:18:07 --> UTF-8 Support Enabled
INFO - 2019-08-26 17:18:07 --> Utf8 Class Initialized
INFO - 2019-08-26 17:18:07 --> URI Class Initialized
INFO - 2019-08-26 17:18:07 --> Router Class Initialized
INFO - 2019-08-26 17:18:07 --> Output Class Initialized
INFO - 2019-08-26 17:18:07 --> Security Class Initialized
DEBUG - 2019-08-26 17:18:07 --> Global POST, GET and COOKIE data sanitized
INFO - 2019-08-26 17:18:07 --> Input Class Initialized
INFO - 2019-08-26 17:18:07 --> Language Class Initialized
INFO - 2019-08-26 17:18:07 --> Loader Class Initialized
INFO - 2019-08-26 17:18:07 --> Helper loaded: url_helper
INFO - 2019-08-26 17:18:07 --> Helper loaded: form_helper
INFO - 2019-08-26 17:18:07 --> Helper loaded: html_helper
INFO - 2019-08-26 17:18:07 --> Helper loaded: rbac_helper
INFO - 2019-08-26 17:18:07 --> Helper loaded: layout_helper
INFO - 2019-08-26 17:18:07 --> Helper loaded: func_helper
INFO - 2019-08-26 17:18:07 --> Helper loaded: oraxe_helper
INFO - 2019-08-26 17:18:07 --> Database Driver Class Initialized
DEBUG - 2019-08-26 17:18:07 --> Session: "sess_save_path" is empty; using "session.save_path" value from php.ini.
INFO - 2019-08-26 17:18:07 --> Session: Class initialized using 'files' driver.
INFO - 2019-08-26 17:18:07 --> Controller Class Initialized
DEBUG - 2019-08-26 17:18:07 --> Session class already loaded. Second attempt ignored.
INFO - 2019-08-26 17:18:07 --> Form Validation Class Initialized
INFO - 2019-08-26 17:18:08 --> user_id=[lutfi]module=[company]method[get]
INFO - 2019-08-26 17:18:08 --> user_id=[lutfi]module=[structure]method[get]
INFO - 2019-08-26 17:18:08 --> user_id=[lutfi]module=[report]method[get]
INFO - 2019-08-26 17:18:08 --> user_id=[lutfi]module=[workhour]method[get]
INFO - 2019-08-26 17:18:08 --> user_id=[lutfi]module=[holiday]method[get]
INFO - 2019-08-26 17:18:08 --> user_id=[lutfi]module=[employees]method[get]
INFO - 2019-08-26 17:18:08 --> user_id=[lutfi]module=[timesheet]method[get]
INFO - 2019-08-26 17:18:08 --> user_id=[lutfi]module=[absent]method[get]
INFO - 2019-08-26 17:18:08 --> user_id=[lutfi]module=[onleave]method[get]
INFO - 2019-08-26 17:18:08 --> user_id=[lutfi]module=[overtime]method[get]
INFO - 2019-08-26 17:18:08 --> user_id=[lutfi]module=[schemas]method[get]
INFO - 2019-08-26 17:18:08 --> user_id=[lutfi]module=[adjustment]method[get]
INFO - 2019-08-26 17:18:08 --> user_id=[lutfi]module=[reimburse]method[get]
INFO - 2019-08-26 17:18:08 --> user_id=[lutfi]module=[wages]method[get]
INFO - 2019-08-26 17:18:08 --> user_id=[lutfi]module=[paydays]method[get]
INFO - 2019-08-26 17:18:08 --> File loaded: D:\Projects\Web\cyberhrm\application\views\dashboard.php
INFO - 2019-08-26 17:18:08 --> File loaded: D:\Projects\Web\cyberhrm\application\views\layouts/default.php
INFO - 2019-08-26 17:18:08 --> Final output sent to browser
DEBUG - 2019-08-26 17:18:08 --> Total execution time: 0.3673
INFO - 2019-08-26 17:18:08 --> Config Class Initialized
INFO - 2019-08-26 17:18:08 --> Hooks Class Initialized
INFO - 2019-08-26 17:18:08 --> Config Class Initialized
INFO - 2019-08-26 17:18:08 --> Hooks Class Initialized
INFO - 2019-08-26 17:18:08 --> Config Class Initialized
INFO - 2019-08-26 17:18:08 --> Hooks Class Initialized
DEBUG - 2019-08-26 17:18:08 --> UTF-8 Support Enabled
INFO - 2019-08-26 17:18:08 --> Utf8 Class Initialized
INFO - 2019-08-26 17:18:08 --> URI Class Initialized
INFO - 2019-08-26 17:18:08 --> Router Class Initialized
INFO - 2019-08-26 17:18:08 --> Output Class Initialized
DEBUG - 2019-08-26 17:18:08 --> UTF-8 Support Enabled
INFO - 2019-08-26 17:18:08 --> Utf8 Class Initialized
INFO - 2019-08-26 17:18:08 --> Security Class Initialized
INFO - 2019-08-26 17:18:08 --> URI Class Initialized
DEBUG - 2019-08-26 17:18:08 --> UTF-8 Support Enabled
INFO - 2019-08-26 17:18:08 --> Utf8 Class Initialized
INFO - 2019-08-26 17:18:08 --> URI Class Initialized
INFO - 2019-08-26 17:18:08 --> Router Class Initialized
DEBUG - 2019-08-26 17:18:08 --> Global POST, GET and COOKIE data sanitized
INFO - 2019-08-26 17:18:08 --> Input Class Initialized
INFO - 2019-08-26 17:18:08 --> Router Class Initialized
INFO - 2019-08-26 17:18:08 --> Language Class Initialized
INFO - 2019-08-26 17:18:08 --> Output Class Initialized
ERROR - 2019-08-26 17:18:08 --> 404 Page Not Found: Assets/jquery
INFO - 2019-08-26 17:18:08 --> Security Class Initialized
DEBUG - 2019-08-26 17:18:08 --> Global POST, GET and COOKIE data sanitized
INFO - 2019-08-26 17:18:08 --> Input Class Initialized
INFO - 2019-08-26 17:18:08 --> Language Class Initialized
INFO - 2019-08-26 17:18:08 --> Config Class Initialized
INFO - 2019-08-26 17:18:08 --> Hooks Class Initialized
ERROR - 2019-08-26 17:18:08 --> 404 Page Not Found: Assets/jquery
DEBUG - 2019-08-26 17:18:08 --> UTF-8 Support Enabled
INFO - 2019-08-26 17:18:08 --> Utf8 Class Initialized
INFO - 2019-08-26 17:18:08 --> URI Class Initialized
INFO - 2019-08-26 17:18:08 --> Output Class Initialized
INFO - 2019-08-26 17:18:08 --> Router Class Initialized
INFO - 2019-08-26 17:18:08 --> Security Class Initialized
INFO - 2019-08-26 17:18:08 --> Output Class Initialized
DEBUG - 2019-08-26 17:18:08 --> Global POST, GET and COOKIE data sanitized
INFO - 2019-08-26 17:18:08 --> Input Class Initialized
INFO - 2019-08-26 17:18:08 --> Language Class Initialized
INFO - 2019-08-26 17:18:08 --> Security Class Initialized
DEBUG - 2019-08-26 17:18:08 --> Global POST, GET and COOKIE data sanitized
INFO - 2019-08-26 17:18:08 --> Input Class Initialized
ERROR - 2019-08-26 17:18:08 --> 404 Page Not Found: Assets/jquery
INFO - 2019-08-26 17:18:08 --> Language Class Initialized
ERROR - 2019-08-26 17:18:08 --> 404 Page Not Found: Assets/jquery
INFO - 2019-08-26 17:18:08 --> Config Class Initialized
INFO - 2019-08-26 17:18:08 --> Hooks Class Initialized
DEBUG - 2019-08-26 17:18:08 --> UTF-8 Support Enabled
INFO - 2019-08-26 17:18:08 --> Utf8 Class Initialized
INFO - 2019-08-26 17:18:08 --> URI Class Initialized
INFO - 2019-08-26 17:18:08 --> Router Class Initialized
INFO - 2019-08-26 17:18:08 --> Output Class Initialized
INFO - 2019-08-26 17:18:08 --> Security Class Initialized
DEBUG - 2019-08-26 17:18:08 --> Global POST, GET and COOKIE data sanitized
INFO - 2019-08-26 17:18:08 --> Input Class Initialized
INFO - 2019-08-26 17:18:08 --> Language Class Initialized
ERROR - 2019-08-26 17:18:08 --> 404 Page Not Found: Assets/jquery
INFO - 2019-08-26 17:18:08 --> Config Class Initialized
INFO - 2019-08-26 17:18:08 --> Hooks Class Initialized
DEBUG - 2019-08-26 17:18:08 --> UTF-8 Support Enabled
INFO - 2019-08-26 17:18:08 --> Utf8 Class Initialized
INFO - 2019-08-26 17:18:08 --> URI Class Initialized
INFO - 2019-08-26 17:18:08 --> Router Class Initialized
INFO - 2019-08-26 17:18:08 --> Output Class Initialized
INFO - 2019-08-26 17:18:08 --> Security Class Initialized
DEBUG - 2019-08-26 17:18:08 --> Global POST, GET and COOKIE data sanitized
INFO - 2019-08-26 17:18:08 --> Input Class Initialized
INFO - 2019-08-26 17:18:08 --> Language Class Initialized
ERROR - 2019-08-26 17:18:08 --> 404 Page Not Found: Assets/jquery
INFO - 2019-08-26 17:18:09 --> Config Class Initialized
INFO - 2019-08-26 17:18:09 --> Hooks Class Initialized
DEBUG - 2019-08-26 17:18:09 --> UTF-8 Support Enabled
INFO - 2019-08-26 17:18:09 --> Utf8 Class Initialized
INFO - 2019-08-26 17:18:09 --> URI Class Initialized
INFO - 2019-08-26 17:18:09 --> Router Class Initialized
INFO - 2019-08-26 17:18:09 --> Output Class Initialized
INFO - 2019-08-26 17:18:09 --> Security Class Initialized
DEBUG - 2019-08-26 17:18:09 --> Global POST, GET and COOKIE data sanitized
INFO - 2019-08-26 17:18:09 --> Input Class Initialized
INFO - 2019-08-26 17:18:09 --> Language Class Initialized
ERROR - 2019-08-26 17:18:09 --> 404 Page Not Found: Assets/jquery
INFO - 2019-08-26 17:18:13 --> Config Class Initialized
INFO - 2019-08-26 17:18:13 --> Hooks Class Initialized
DEBUG - 2019-08-26 17:18:13 --> UTF-8 Support Enabled
INFO - 2019-08-26 17:18:13 --> Utf8 Class Initialized
INFO - 2019-08-26 17:18:13 --> URI Class Initialized
INFO - 2019-08-26 17:18:14 --> Router Class Initialized
INFO - 2019-08-26 17:18:14 --> Output Class Initialized
INFO - 2019-08-26 17:18:14 --> Security Class Initialized
DEBUG - 2019-08-26 17:18:14 --> Global POST, GET and COOKIE data sanitized
INFO - 2019-08-26 17:18:14 --> Input Class Initialized
INFO - 2019-08-26 17:18:14 --> Language Class Initialized
INFO - 2019-08-26 17:18:14 --> Loader Class Initialized
INFO - 2019-08-26 17:18:14 --> Helper loaded: url_helper
INFO - 2019-08-26 17:18:14 --> Helper loaded: form_helper
INFO - 2019-08-26 17:18:14 --> Helper loaded: html_helper
INFO - 2019-08-26 17:18:14 --> Helper loaded: rbac_helper
INFO - 2019-08-26 17:18:14 --> Helper loaded: layout_helper
INFO - 2019-08-26 17:18:14 --> Helper loaded: func_helper
INFO - 2019-08-26 17:18:14 --> Helper loaded: oraxe_helper
INFO - 2019-08-26 17:18:14 --> Database Driver Class Initialized
DEBUG - 2019-08-26 17:18:14 --> Session: "sess_save_path" is empty; using "session.save_path" value from php.ini.
INFO - 2019-08-26 17:18:14 --> Session: Class initialized using 'files' driver.
INFO - 2019-08-26 17:18:14 --> Controller Class Initialized
DEBUG - 2019-08-26 17:18:14 --> Session class already loaded. Second attempt ignored.
INFO - 2019-08-26 17:18:14 --> Form Validation Class Initialized
INFO - 2019-08-26 17:18:14 --> user_id=[lutfi]module=[company]method[get]
INFO - 2019-08-26 17:18:14 --> user_id=[lutfi]module=[structure]method[get]
INFO - 2019-08-26 17:18:14 --> user_id=[lutfi]module=[report]method[get]
INFO - 2019-08-26 17:18:14 --> user_id=[lutfi]module=[workhour]method[get]
INFO - 2019-08-26 17:18:14 --> user_id=[lutfi]module=[holiday]method[get]
INFO - 2019-08-26 17:18:14 --> user_id=[lutfi]module=[employees]method[get]
INFO - 2019-08-26 17:18:14 --> user_id=[lutfi]module=[timesheet]method[get]
INFO - 2019-08-26 17:18:14 --> user_id=[lutfi]module=[absent]method[get]
INFO - 2019-08-26 17:18:14 --> user_id=[lutfi]module=[onleave]method[get]
INFO - 2019-08-26 17:18:14 --> user_id=[lutfi]module=[overtime]method[get]
INFO - 2019-08-26 17:18:14 --> user_id=[lutfi]module=[schemas]method[get]
INFO - 2019-08-26 17:18:14 --> user_id=[lutfi]module=[adjustment]method[get]
INFO - 2019-08-26 17:18:14 --> user_id=[lutfi]module=[reimburse]method[get]
INFO - 2019-08-26 17:18:14 --> user_id=[lutfi]module=[wages]method[get]
INFO - 2019-08-26 17:18:14 --> user_id=[lutfi]module=[paydays]method[get]
INFO - 2019-08-26 17:18:14 --> File loaded: D:\Projects\Web\cyberhrm\application\views\timesheet.php
INFO - 2019-08-26 17:18:14 --> File loaded: D:\Projects\Web\cyberhrm\application\views\layouts/default.php
INFO - 2019-08-26 17:18:14 --> Final output sent to browser
DEBUG - 2019-08-26 17:18:14 --> Total execution time: 0.5612
INFO - 2019-08-26 17:18:14 --> Config Class Initialized
INFO - 2019-08-26 17:18:14 --> Hooks Class Initialized
DEBUG - 2019-08-26 17:18:14 --> UTF-8 Support Enabled
INFO - 2019-08-26 17:18:14 --> Utf8 Class Initialized
INFO - 2019-08-26 17:18:14 --> URI Class Initialized
INFO - 2019-08-26 17:18:14 --> Router Class Initialized
INFO - 2019-08-26 17:18:14 --> Output Class Initialized
INFO - 2019-08-26 17:18:14 --> Config Class Initialized
INFO - 2019-08-26 17:18:14 --> Hooks Class Initialized
INFO - 2019-08-26 17:18:14 --> Security Class Initialized
DEBUG - 2019-08-26 17:18:14 --> Global POST, GET and COOKIE data sanitized
INFO - 2019-08-26 17:18:14 --> Input Class Initialized
DEBUG - 2019-08-26 17:18:14 --> UTF-8 Support Enabled
INFO - 2019-08-26 17:18:14 --> Utf8 Class Initialized
INFO - 2019-08-26 17:18:14 --> Language Class Initialized
INFO - 2019-08-26 17:18:14 --> URI Class Initialized
ERROR - 2019-08-26 17:18:14 --> 404 Page Not Found: Assets/jquery
INFO - 2019-08-26 17:18:14 --> Config Class Initialized
INFO - 2019-08-26 17:18:14 --> Hooks Class Initialized
DEBUG - 2019-08-26 17:18:14 --> UTF-8 Support Enabled
INFO - 2019-08-26 17:18:14 --> Utf8 Class Initialized
INFO - 2019-08-26 17:18:14 --> Config Class Initialized
INFO - 2019-08-26 17:18:14 --> Router Class Initialized
INFO - 2019-08-26 17:18:14 --> Hooks Class Initialized
INFO - 2019-08-26 17:18:14 --> URI Class Initialized
INFO - 2019-08-26 17:18:14 --> Output Class Initialized
DEBUG - 2019-08-26 17:18:14 --> UTF-8 Support Enabled
INFO - 2019-08-26 17:18:14 --> Security Class Initialized
INFO - 2019-08-26 17:18:14 --> Utf8 Class Initialized
INFO - 2019-08-26 17:18:14 --> Router Class Initialized
INFO - 2019-08-26 17:18:14 --> URI Class Initialized
DEBUG - 2019-08-26 17:18:14 --> Global POST, GET and COOKIE data sanitized
INFO - 2019-08-26 17:18:14 --> Input Class Initialized
INFO - 2019-08-26 17:18:14 --> Output Class Initialized
INFO - 2019-08-26 17:18:14 --> Language Class Initialized
INFO - 2019-08-26 17:18:14 --> Router Class Initialized
INFO - 2019-08-26 17:18:14 --> Security Class Initialized
ERROR - 2019-08-26 17:18:14 --> 404 Page Not Found: Assets/jquery
INFO - 2019-08-26 17:18:14 --> Output Class Initialized
DEBUG - 2019-08-26 17:18:14 --> Global POST, GET and COOKIE data sanitized
INFO - 2019-08-26 17:18:14 --> Input Class Initialized
INFO - 2019-08-26 17:18:14 --> Language Class Initialized
INFO - 2019-08-26 17:18:14 --> Security Class Initialized
DEBUG - 2019-08-26 17:18:14 --> Global POST, GET and COOKIE data sanitized
INFO - 2019-08-26 17:18:14 --> Input Class Initialized
ERROR - 2019-08-26 17:18:14 --> 404 Page Not Found: Assets/jquery
INFO - 2019-08-26 17:18:14 --> Language Class Initialized
ERROR - 2019-08-26 17:18:14 --> 404 Page Not Found: Assets/jquery
INFO - 2019-08-26 17:18:14 --> Config Class Initialized
INFO - 2019-08-26 17:18:14 --> Hooks Class Initialized
DEBUG - 2019-08-26 17:18:14 --> UTF-8 Support Enabled
INFO - 2019-08-26 17:18:14 --> Utf8 Class Initialized
INFO - 2019-08-26 17:18:14 --> URI Class Initialized
INFO - 2019-08-26 17:18:14 --> Router Class Initialized
INFO - 2019-08-26 17:18:14 --> Output Class Initialized
INFO - 2019-08-26 17:18:14 --> Security Class Initialized
DEBUG - 2019-08-26 17:18:14 --> Global POST, GET and COOKIE data sanitized
INFO - 2019-08-26 17:18:14 --> Input Class Initialized
INFO - 2019-08-26 17:18:14 --> Language Class Initialized
ERROR - 2019-08-26 17:18:14 --> 404 Page Not Found: Assets/jquery
INFO - 2019-08-26 17:18:14 --> Config Class Initialized
INFO - 2019-08-26 17:18:14 --> Hooks Class Initialized
DEBUG - 2019-08-26 17:18:14 --> UTF-8 Support Enabled
INFO - 2019-08-26 17:18:14 --> Utf8 Class Initialized
INFO - 2019-08-26 17:18:14 --> URI Class Initialized
INFO - 2019-08-26 17:18:14 --> Router Class Initialized
INFO - 2019-08-26 17:18:14 --> Output Class Initialized
INFO - 2019-08-26 17:18:14 --> Security Class Initialized
DEBUG - 2019-08-26 17:18:14 --> Global POST, GET and COOKIE data sanitized
INFO - 2019-08-26 17:18:14 --> Input Class Initialized
INFO - 2019-08-26 17:18:14 --> Language Class Initialized
ERROR - 2019-08-26 17:18:14 --> 404 Page Not Found: Assets/jquery
INFO - 2019-08-26 17:18:14 --> Config Class Initialized
INFO - 2019-08-26 17:18:14 --> Hooks Class Initialized
DEBUG - 2019-08-26 17:18:14 --> UTF-8 Support Enabled
INFO - 2019-08-26 17:18:14 --> Utf8 Class Initialized
INFO - 2019-08-26 17:18:14 --> URI Class Initialized
INFO - 2019-08-26 17:18:14 --> Router Class Initialized
INFO - 2019-08-26 17:18:14 --> Output Class Initialized
INFO - 2019-08-26 17:18:14 --> Security Class Initialized
DEBUG - 2019-08-26 17:18:14 --> Global POST, GET and COOKIE data sanitized
INFO - 2019-08-26 17:18:14 --> Input Class Initialized
INFO - 2019-08-26 17:18:14 --> Language Class Initialized
ERROR - 2019-08-26 17:18:14 --> 404 Page Not Found: Assets/jquery
INFO - 2019-08-26 17:18:29 --> Config Class Initialized
INFO - 2019-08-26 17:18:29 --> Hooks Class Initialized
DEBUG - 2019-08-26 17:18:29 --> UTF-8 Support Enabled
INFO - 2019-08-26 17:18:29 --> Utf8 Class Initialized
INFO - 2019-08-26 17:18:29 --> URI Class Initialized
INFO - 2019-08-26 17:18:29 --> Router Class Initialized
INFO - 2019-08-26 17:18:29 --> Output Class Initialized
INFO - 2019-08-26 17:18:29 --> Security Class Initialized
DEBUG - 2019-08-26 17:18:29 --> Global POST, GET and COOKIE data sanitized
INFO - 2019-08-26 17:18:29 --> Input Class Initialized
INFO - 2019-08-26 17:18:29 --> Language Class Initialized
INFO - 2019-08-26 17:18:29 --> Loader Class Initialized
INFO - 2019-08-26 17:18:29 --> Helper loaded: url_helper
INFO - 2019-08-26 17:18:29 --> Helper loaded: form_helper
INFO - 2019-08-26 17:18:29 --> Helper loaded: html_helper
INFO - 2019-08-26 17:18:29 --> Helper loaded: rbac_helper
INFO - 2019-08-26 17:18:29 --> Helper loaded: layout_helper
INFO - 2019-08-26 17:18:29 --> Helper loaded: func_helper
INFO - 2019-08-26 17:18:29 --> Helper loaded: oraxe_helper
INFO - 2019-08-26 17:18:29 --> Database Driver Class Initialized
DEBUG - 2019-08-26 17:18:30 --> Session: "sess_save_path" is empty; using "session.save_path" value from php.ini.
INFO - 2019-08-26 17:18:30 --> Session: Class initialized using 'files' driver.
INFO - 2019-08-26 17:18:30 --> Controller Class Initialized
DEBUG - 2019-08-26 17:18:30 --> Session class already loaded. Second attempt ignored.
INFO - 2019-08-26 17:18:30 --> Form Validation Class Initialized
INFO - 2019-08-26 17:18:30 --> user_id=[lutfi]module=[company]method[get]
INFO - 2019-08-26 17:18:30 --> user_id=[lutfi]module=[structure]method[get]
INFO - 2019-08-26 17:18:30 --> user_id=[lutfi]module=[report]method[get]
INFO - 2019-08-26 17:18:30 --> user_id=[lutfi]module=[workhour]method[get]
INFO - 2019-08-26 17:18:30 --> user_id=[lutfi]module=[holiday]method[get]
INFO - 2019-08-26 17:18:30 --> user_id=[lutfi]module=[employees]method[get]
INFO - 2019-08-26 17:18:30 --> user_id=[lutfi]module=[timesheet]method[get]
INFO - 2019-08-26 17:18:30 --> user_id=[lutfi]module=[absent]method[get]
INFO - 2019-08-26 17:18:30 --> user_id=[lutfi]module=[onleave]method[get]
INFO - 2019-08-26 17:18:30 --> user_id=[lutfi]module=[overtime]method[get]
INFO - 2019-08-26 17:18:30 --> user_id=[lutfi]module=[schemas]method[get]
INFO - 2019-08-26 17:18:30 --> user_id=[lutfi]module=[adjustment]method[get]
INFO - 2019-08-26 17:18:30 --> user_id=[lutfi]module=[reimburse]method[get]
INFO - 2019-08-26 17:18:30 --> user_id=[lutfi]module=[wages]method[get]
INFO - 2019-08-26 17:18:30 --> user_id=[lutfi]module=[paydays]method[get]
INFO - 2019-08-26 17:18:30 --> File loaded: D:\Projects\Web\cyberhrm\application\views\employees.php
INFO - 2019-08-26 17:18:30 --> File loaded: D:\Projects\Web\cyberhrm\application\views\layouts/default.php
INFO - 2019-08-26 17:18:30 --> Final output sent to browser
DEBUG - 2019-08-26 17:18:30 --> Total execution time: 0.3102
INFO - 2019-08-26 17:18:30 --> Config Class Initialized
INFO - 2019-08-26 17:18:30 --> Hooks Class Initialized
INFO - 2019-08-26 17:18:30 --> Config Class Initialized
INFO - 2019-08-26 17:18:30 --> Hooks Class Initialized
DEBUG - 2019-08-26 17:18:30 --> UTF-8 Support Enabled
INFO - 2019-08-26 17:18:30 --> Utf8 Class Initialized
INFO - 2019-08-26 17:18:30 --> URI Class Initialized
INFO - 2019-08-26 17:18:30 --> Router Class Initialized
INFO - 2019-08-26 17:18:30 --> Output Class Initialized
INFO - 2019-08-26 17:18:30 --> Security Class Initialized
DEBUG - 2019-08-26 17:18:30 --> Global POST, GET and COOKIE data sanitized
INFO - 2019-08-26 17:18:30 --> Input Class Initialized
INFO - 2019-08-26 17:18:30 --> Config Class Initialized
INFO - 2019-08-26 17:18:30 --> Hooks Class Initialized
INFO - 2019-08-26 17:18:30 --> Config Class Initialized
INFO - 2019-08-26 17:18:30 --> Hooks Class Initialized
DEBUG - 2019-08-26 17:18:30 --> UTF-8 Support Enabled
DEBUG - 2019-08-26 17:18:30 --> UTF-8 Support Enabled
INFO - 2019-08-26 17:18:30 --> Utf8 Class Initialized
INFO - 2019-08-26 17:18:30 --> Utf8 Class Initialized
INFO - 2019-08-26 17:18:30 --> Language Class Initialized
DEBUG - 2019-08-26 17:18:30 --> UTF-8 Support Enabled
INFO - 2019-08-26 17:18:30 --> Utf8 Class Initialized
INFO - 2019-08-26 17:18:30 --> URI Class Initialized
INFO - 2019-08-26 17:18:30 --> URI Class Initialized
ERROR - 2019-08-26 17:18:30 --> 404 Page Not Found: Assets/jquery
INFO - 2019-08-26 17:18:30 --> URI Class Initialized
INFO - 2019-08-26 17:18:30 --> Router Class Initialized
INFO - 2019-08-26 17:18:30 --> Router Class Initialized
INFO - 2019-08-26 17:18:30 --> Output Class Initialized
INFO - 2019-08-26 17:18:30 --> Router Class Initialized
INFO - 2019-08-26 17:18:30 --> Output Class Initialized
INFO - 2019-08-26 17:18:30 --> Security Class Initialized
INFO - 2019-08-26 17:18:30 --> Security Class Initialized
DEBUG - 2019-08-26 17:18:30 --> Global POST, GET and COOKIE data sanitized
INFO - 2019-08-26 17:18:30 --> Input Class Initialized
DEBUG - 2019-08-26 17:18:30 --> Global POST, GET and COOKIE data sanitized
INFO - 2019-08-26 17:18:30 --> Language Class Initialized
INFO - 2019-08-26 17:18:30 --> Input Class Initialized
INFO - 2019-08-26 17:18:30 --> Output Class Initialized
INFO - 2019-08-26 17:18:30 --> Language Class Initialized
INFO - 2019-08-26 17:18:30 --> Security Class Initialized
ERROR - 2019-08-26 17:18:30 --> 404 Page Not Found: Assets/jquery
DEBUG - 2019-08-26 17:18:30 --> Global POST, GET and COOKIE data sanitized
ERROR - 2019-08-26 17:18:30 --> 404 Page Not Found: Assets/jquery
INFO - 2019-08-26 17:18:30 --> Input Class Initialized
INFO - 2019-08-26 17:18:30 --> Language Class Initialized
ERROR - 2019-08-26 17:18:30 --> 404 Page Not Found: Assets/jquery
INFO - 2019-08-26 17:18:30 --> Config Class Initialized
INFO - 2019-08-26 17:18:30 --> Hooks Class Initialized
DEBUG - 2019-08-26 17:18:30 --> UTF-8 Support Enabled
INFO - 2019-08-26 17:18:30 --> Utf8 Class Initialized
INFO - 2019-08-26 17:18:30 --> URI Class Initialized
INFO - 2019-08-26 17:18:30 --> Router Class Initialized
INFO - 2019-08-26 17:18:30 --> Output Class Initialized
INFO - 2019-08-26 17:18:30 --> Security Class Initialized
DEBUG - 2019-08-26 17:18:30 --> Global POST, GET and COOKIE data sanitized
INFO - 2019-08-26 17:18:30 --> Input Class Initialized
INFO - 2019-08-26 17:18:30 --> Language Class Initialized
ERROR - 2019-08-26 17:18:30 --> 404 Page Not Found: Assets/jquery
INFO - 2019-08-26 17:18:30 --> Config Class Initialized
INFO - 2019-08-26 17:18:30 --> Hooks Class Initialized
DEBUG - 2019-08-26 17:18:30 --> UTF-8 Support Enabled
INFO - 2019-08-26 17:18:30 --> Utf8 Class Initialized
INFO - 2019-08-26 17:18:30 --> URI Class Initialized
INFO - 2019-08-26 17:18:30 --> Router Class Initialized
INFO - 2019-08-26 17:18:30 --> Output Class Initialized
INFO - 2019-08-26 17:18:30 --> Security Class Initialized
DEBUG - 2019-08-26 17:18:30 --> Global POST, GET and COOKIE data sanitized
INFO - 2019-08-26 17:18:30 --> Input Class Initialized
INFO - 2019-08-26 17:18:30 --> Language Class Initialized
ERROR - 2019-08-26 17:18:30 --> 404 Page Not Found: Assets/jquery
INFO - 2019-08-26 17:18:30 --> Config Class Initialized
INFO - 2019-08-26 17:18:30 --> Hooks Class Initialized
DEBUG - 2019-08-26 17:18:30 --> UTF-8 Support Enabled
INFO - 2019-08-26 17:18:30 --> Utf8 Class Initialized
INFO - 2019-08-26 17:18:30 --> URI Class Initialized
INFO - 2019-08-26 17:18:30 --> Router Class Initialized
INFO - 2019-08-26 17:18:30 --> Output Class Initialized
INFO - 2019-08-26 17:18:30 --> Security Class Initialized
DEBUG - 2019-08-26 17:18:30 --> Global POST, GET and COOKIE data sanitized
INFO - 2019-08-26 17:18:30 --> Input Class Initialized
INFO - 2019-08-26 17:18:30 --> Language Class Initialized
ERROR - 2019-08-26 17:18:30 --> 404 Page Not Found: Assets/jquery
INFO - 2019-08-26 17:19:00 --> Config Class Initialized
INFO - 2019-08-26 17:19:00 --> Hooks Class Initialized
DEBUG - 2019-08-26 17:19:00 --> UTF-8 Support Enabled
INFO - 2019-08-26 17:19:00 --> Utf8 Class Initialized
INFO - 2019-08-26 17:19:00 --> URI Class Initialized
INFO - 2019-08-26 17:19:00 --> Router Class Initialized
INFO - 2019-08-26 17:19:00 --> Output Class Initialized
INFO - 2019-08-26 17:19:00 --> Security Class Initialized
DEBUG - 2019-08-26 17:19:00 --> Global POST, GET and COOKIE data sanitized
INFO - 2019-08-26 17:19:00 --> Input Class Initialized
INFO - 2019-08-26 17:19:00 --> Language Class Initialized
INFO - 2019-08-26 17:19:00 --> Loader Class Initialized
INFO - 2019-08-26 17:19:00 --> Helper loaded: url_helper
INFO - 2019-08-26 17:19:00 --> Helper loaded: form_helper
INFO - 2019-08-26 17:19:00 --> Helper loaded: html_helper
INFO - 2019-08-26 17:19:00 --> Helper loaded: rbac_helper
INFO - 2019-08-26 17:19:00 --> Helper loaded: layout_helper
INFO - 2019-08-26 17:19:00 --> Helper loaded: func_helper
INFO - 2019-08-26 17:19:00 --> Helper loaded: oraxe_helper
INFO - 2019-08-26 17:19:00 --> Database Driver Class Initialized
DEBUG - 2019-08-26 17:19:00 --> Session: "sess_save_path" is empty; using "session.save_path" value from php.ini.
INFO - 2019-08-26 17:19:00 --> Session: Class initialized using 'files' driver.
INFO - 2019-08-26 17:19:00 --> Controller Class Initialized
DEBUG - 2019-08-26 17:19:00 --> Session class already loaded. Second attempt ignored.
INFO - 2019-08-26 17:19:00 --> Form Validation Class Initialized
INFO - 2019-08-26 17:19:00 --> user_id=[lutfi]module=[company]method[get]
INFO - 2019-08-26 17:19:00 --> user_id=[lutfi]module=[structure]method[get]
INFO - 2019-08-26 17:19:00 --> user_id=[lutfi]module=[report]method[get]
INFO - 2019-08-26 17:19:00 --> user_id=[lutfi]module=[workhour]method[get]
INFO - 2019-08-26 17:19:00 --> user_id=[lutfi]module=[holiday]method[get]
INFO - 2019-08-26 17:19:00 --> user_id=[lutfi]module=[employees]method[get]
INFO - 2019-08-26 17:19:00 --> user_id=[lutfi]module=[timesheet]method[get]
INFO - 2019-08-26 17:19:00 --> user_id=[lutfi]module=[absent]method[get]
INFO - 2019-08-26 17:19:00 --> user_id=[lutfi]module=[onleave]method[get]
INFO - 2019-08-26 17:19:00 --> user_id=[lutfi]module=[overtime]method[get]
INFO - 2019-08-26 17:19:00 --> user_id=[lutfi]module=[schemas]method[get]
INFO - 2019-08-26 17:19:00 --> user_id=[lutfi]module=[adjustment]method[get]
INFO - 2019-08-26 17:19:00 --> user_id=[lutfi]module=[reimburse]method[get]
INFO - 2019-08-26 17:19:00 --> user_id=[lutfi]module=[wages]method[get]
INFO - 2019-08-26 17:19:00 --> user_id=[lutfi]module=[paydays]method[get]
INFO - 2019-08-26 17:19:00 --> File loaded: D:\Projects\Web\cyberhrm\application\views\employees.php
INFO - 2019-08-26 17:19:00 --> File loaded: D:\Projects\Web\cyberhrm\application\views\layouts/default.php
INFO - 2019-08-26 17:19:00 --> Final output sent to browser
DEBUG - 2019-08-26 17:19:00 --> Total execution time: 0.1731
INFO - 2019-08-26 17:19:00 --> Config Class Initialized
INFO - 2019-08-26 17:19:00 --> Hooks Class Initialized
INFO - 2019-08-26 17:19:00 --> Config Class Initialized
INFO - 2019-08-26 17:19:00 --> Hooks Class Initialized
DEBUG - 2019-08-26 17:19:00 --> UTF-8 Support Enabled
INFO - 2019-08-26 17:19:00 --> Utf8 Class Initialized
DEBUG - 2019-08-26 17:19:00 --> UTF-8 Support Enabled
INFO - 2019-08-26 17:19:00 --> Utf8 Class Initialized
INFO - 2019-08-26 17:19:00 --> URI Class Initialized
INFO - 2019-08-26 17:19:00 --> URI Class Initialized
INFO - 2019-08-26 17:19:00 --> Router Class Initialized
INFO - 2019-08-26 17:19:00 --> Router Class Initialized
INFO - 2019-08-26 17:19:00 --> Config Class Initialized
INFO - 2019-08-26 17:19:00 --> Hooks Class Initialized
INFO - 2019-08-26 17:19:00 --> Output Class Initialized
INFO - 2019-08-26 17:19:00 --> Output Class Initialized
INFO - 2019-08-26 17:19:00 --> Config Class Initialized
INFO - 2019-08-26 17:19:00 --> Hooks Class Initialized
INFO - 2019-08-26 17:19:00 --> Security Class Initialized
INFO - 2019-08-26 17:19:00 --> Security Class Initialized
DEBUG - 2019-08-26 17:19:00 --> UTF-8 Support Enabled
INFO - 2019-08-26 17:19:00 --> Utf8 Class Initialized
DEBUG - 2019-08-26 17:19:00 --> Global POST, GET and COOKIE data sanitized
INFO - 2019-08-26 17:19:00 --> Input Class Initialized
DEBUG - 2019-08-26 17:19:00 --> Global POST, GET and COOKIE data sanitized
INFO - 2019-08-26 17:19:00 --> Input Class Initialized
INFO - 2019-08-26 17:19:00 --> Language Class Initialized
INFO - 2019-08-26 17:19:00 --> URI Class Initialized
DEBUG - 2019-08-26 17:19:00 --> UTF-8 Support Enabled
INFO - 2019-08-26 17:19:00 --> Language Class Initialized
INFO - 2019-08-26 17:19:00 --> Utf8 Class Initialized
ERROR - 2019-08-26 17:19:00 --> 404 Page Not Found: Assets/jquery
INFO - 2019-08-26 17:19:00 --> Router Class Initialized
ERROR - 2019-08-26 17:19:00 --> 404 Page Not Found: Assets/jquery
INFO - 2019-08-26 17:19:00 --> URI Class Initialized
INFO - 2019-08-26 17:19:00 --> Output Class Initialized
INFO - 2019-08-26 17:19:00 --> Router Class Initialized
INFO - 2019-08-26 17:19:00 --> Security Class Initialized
INFO - 2019-08-26 17:19:00 --> Output Class Initialized
INFO - 2019-08-26 17:19:00 --> Security Class Initialized
DEBUG - 2019-08-26 17:19:00 --> Global POST, GET and COOKIE data sanitized
INFO - 2019-08-26 17:19:00 --> Input Class Initialized
DEBUG - 2019-08-26 17:19:00 --> Global POST, GET and COOKIE data sanitized
INFO - 2019-08-26 17:19:00 --> Language Class Initialized
INFO - 2019-08-26 17:19:00 --> Input Class Initialized
ERROR - 2019-08-26 17:19:00 --> 404 Page Not Found: Assets/jquery
INFO - 2019-08-26 17:19:00 --> Language Class Initialized
ERROR - 2019-08-26 17:19:00 --> 404 Page Not Found: Assets/jquery
INFO - 2019-08-26 17:19:01 --> Config Class Initialized
INFO - 2019-08-26 17:19:01 --> Hooks Class Initialized
DEBUG - 2019-08-26 17:19:01 --> UTF-8 Support Enabled
INFO - 2019-08-26 17:19:01 --> Utf8 Class Initialized
INFO - 2019-08-26 17:19:01 --> URI Class Initialized
INFO - 2019-08-26 17:19:01 --> Router Class Initialized
INFO - 2019-08-26 17:19:01 --> Output Class Initialized
INFO - 2019-08-26 17:19:01 --> Security Class Initialized
DEBUG - 2019-08-26 17:19:01 --> Global POST, GET and COOKIE data sanitized
INFO - 2019-08-26 17:19:01 --> Input Class Initialized
INFO - 2019-08-26 17:19:01 --> Language Class Initialized
ERROR - 2019-08-26 17:19:01 --> 404 Page Not Found: Assets/jquery
INFO - 2019-08-26 17:19:01 --> Config Class Initialized
INFO - 2019-08-26 17:19:01 --> Hooks Class Initialized
DEBUG - 2019-08-26 17:19:01 --> UTF-8 Support Enabled
INFO - 2019-08-26 17:19:01 --> Utf8 Class Initialized
INFO - 2019-08-26 17:19:01 --> URI Class Initialized
INFO - 2019-08-26 17:19:01 --> Router Class Initialized
INFO - 2019-08-26 17:19:01 --> Output Class Initialized
INFO - 2019-08-26 17:19:01 --> Security Class Initialized
DEBUG - 2019-08-26 17:19:01 --> Global POST, GET and COOKIE data sanitized
INFO - 2019-08-26 17:19:01 --> Input Class Initialized
INFO - 2019-08-26 17:19:01 --> Language Class Initialized
ERROR - 2019-08-26 17:19:01 --> 404 Page Not Found: Assets/jquery
INFO - 2019-08-26 17:19:01 --> Config Class Initialized
INFO - 2019-08-26 17:19:01 --> Hooks Class Initialized
DEBUG - 2019-08-26 17:19:01 --> UTF-8 Support Enabled
INFO - 2019-08-26 17:19:01 --> Utf8 Class Initialized
INFO - 2019-08-26 17:19:01 --> URI Class Initialized
INFO - 2019-08-26 17:19:01 --> Router Class Initialized
INFO - 2019-08-26 17:19:01 --> Output Class Initialized
INFO - 2019-08-26 17:19:01 --> Security Class Initialized
DEBUG - 2019-08-26 17:19:01 --> Global POST, GET and COOKIE data sanitized
INFO - 2019-08-26 17:19:01 --> Input Class Initialized
INFO - 2019-08-26 17:19:01 --> Language Class Initialized
ERROR - 2019-08-26 17:19:01 --> 404 Page Not Found: Assets/jquery
INFO - 2019-08-26 17:20:37 --> Config Class Initialized
INFO - 2019-08-26 17:20:37 --> Hooks Class Initialized
DEBUG - 2019-08-26 17:20:37 --> UTF-8 Support Enabled
INFO - 2019-08-26 17:20:37 --> Utf8 Class Initialized
INFO - 2019-08-26 17:20:37 --> URI Class Initialized
INFO - 2019-08-26 17:20:37 --> Router Class Initialized
INFO - 2019-08-26 17:20:37 --> Output Class Initialized
INFO - 2019-08-26 17:20:37 --> Security Class Initialized
DEBUG - 2019-08-26 17:20:37 --> Global POST, GET and COOKIE data sanitized
INFO - 2019-08-26 17:20:37 --> Input Class Initialized
INFO - 2019-08-26 17:20:37 --> Language Class Initialized
INFO - 2019-08-26 17:20:37 --> Loader Class Initialized
INFO - 2019-08-26 17:20:37 --> Helper loaded: url_helper
INFO - 2019-08-26 17:20:37 --> Helper loaded: form_helper
INFO - 2019-08-26 17:20:37 --> Helper loaded: html_helper
INFO - 2019-08-26 17:20:37 --> Helper loaded: rbac_helper
INFO - 2019-08-26 17:20:37 --> Helper loaded: layout_helper
INFO - 2019-08-26 17:20:37 --> Helper loaded: func_helper
INFO - 2019-08-26 17:20:37 --> Helper loaded: oraxe_helper
INFO - 2019-08-26 17:20:37 --> Database Driver Class Initialized
DEBUG - 2019-08-26 17:20:37 --> Session: "sess_save_path" is empty; using "session.save_path" value from php.ini.
INFO - 2019-08-26 17:20:37 --> Session: Class initialized using 'files' driver.
INFO - 2019-08-26 17:20:37 --> Controller Class Initialized
DEBUG - 2019-08-26 17:20:37 --> Session class already loaded. Second attempt ignored.
INFO - 2019-08-26 17:20:37 --> Form Validation Class Initialized
INFO - 2019-08-26 17:20:37 --> user_id=[lutfi]module=[company]method[get]
INFO - 2019-08-26 17:20:37 --> user_id=[lutfi]module=[structure]method[get]
INFO - 2019-08-26 17:20:37 --> user_id=[lutfi]module=[report]method[get]
INFO - 2019-08-26 17:20:37 --> user_id=[lutfi]module=[workhour]method[get]
INFO - 2019-08-26 17:20:37 --> user_id=[lutfi]module=[holiday]method[get]
INFO - 2019-08-26 17:20:37 --> user_id=[lutfi]module=[employees]method[get]
INFO - 2019-08-26 17:20:37 --> user_id=[lutfi]module=[timesheet]method[get]
INFO - 2019-08-26 17:20:37 --> user_id=[lutfi]module=[absent]method[get]
INFO - 2019-08-26 17:20:37 --> user_id=[lutfi]module=[onleave]method[get]
INFO - 2019-08-26 17:20:37 --> user_id=[lutfi]module=[overtime]method[get]
INFO - 2019-08-26 17:20:37 --> user_id=[lutfi]module=[schemas]method[get]
INFO - 2019-08-26 17:20:37 --> user_id=[lutfi]module=[adjustment]method[get]
INFO - 2019-08-26 17:20:37 --> user_id=[lutfi]module=[reimburse]method[get]
INFO - 2019-08-26 17:20:37 --> user_id=[lutfi]module=[wages]method[get]
INFO - 2019-08-26 17:20:37 --> user_id=[lutfi]module=[paydays]method[get]
INFO - 2019-08-26 17:20:37 --> File loaded: D:\Projects\Web\cyberhrm\application\views\employees.php
INFO - 2019-08-26 17:20:37 --> File loaded: D:\Projects\Web\cyberhrm\application\views\layouts/default.php
INFO - 2019-08-26 17:20:37 --> Final output sent to browser
DEBUG - 2019-08-26 17:20:37 --> Total execution time: 0.1497
INFO - 2019-08-26 17:20:38 --> Config Class Initialized
INFO - 2019-08-26 17:20:38 --> Hooks Class Initialized
DEBUG - 2019-08-26 17:20:38 --> UTF-8 Support Enabled
INFO - 2019-08-26 17:20:38 --> Utf8 Class Initialized
INFO - 2019-08-26 17:20:38 --> URI Class Initialized
INFO - 2019-08-26 17:20:38 --> Router Class Initialized
INFO - 2019-08-26 17:20:38 --> Output Class Initialized
INFO - 2019-08-26 17:20:38 --> Security Class Initialized
DEBUG - 2019-08-26 17:20:38 --> Global POST, GET and COOKIE data sanitized
INFO - 2019-08-26 17:20:38 --> Input Class Initialized
INFO - 2019-08-26 17:20:38 --> Language Class Initialized
INFO - 2019-08-26 17:20:38 --> Loader Class Initialized
INFO - 2019-08-26 17:20:38 --> Helper loaded: url_helper
INFO - 2019-08-26 17:20:38 --> Helper loaded: form_helper
INFO - 2019-08-26 17:20:38 --> Helper loaded: html_helper
INFO - 2019-08-26 17:20:38 --> Helper loaded: rbac_helper
INFO - 2019-08-26 17:20:38 --> Helper loaded: layout_helper
INFO - 2019-08-26 17:20:38 --> Helper loaded: func_helper
INFO - 2019-08-26 17:20:38 --> Helper loaded: oraxe_helper
INFO - 2019-08-26 17:20:38 --> Database Driver Class Initialized
DEBUG - 2019-08-26 17:20:38 --> Session: "sess_save_path" is empty; using "session.save_path" value from php.ini.
INFO - 2019-08-26 17:20:38 --> Session: Class initialized using 'files' driver.
INFO - 2019-08-26 17:20:38 --> Controller Class Initialized
DEBUG - 2019-08-26 17:20:38 --> Session class already loaded. Second attempt ignored.
INFO - 2019-08-26 17:20:38 --> Form Validation Class Initialized
INFO - 2019-08-26 17:20:38 --> user_id=[lutfi]module=[employees]method[query]
INFO - 2019-08-26 17:20:38 --> Final output sent to browser
DEBUG - 2019-08-26 17:20:38 --> Total execution time: 0.2884
INFO - 2019-08-26 17:20:41 --> Config Class Initialized
INFO - 2019-08-26 17:20:41 --> Hooks Class Initialized
DEBUG - 2019-08-26 17:20:41 --> UTF-8 Support Enabled
INFO - 2019-08-26 17:20:41 --> Utf8 Class Initialized
INFO - 2019-08-26 17:20:41 --> URI Class Initialized
INFO - 2019-08-26 17:20:41 --> Router Class Initialized
INFO - 2019-08-26 17:20:41 --> Output Class Initialized
INFO - 2019-08-26 17:20:41 --> Security Class Initialized
DEBUG - 2019-08-26 17:20:41 --> Global POST, GET and COOKIE data sanitized
INFO - 2019-08-26 17:20:41 --> Input Class Initialized
INFO - 2019-08-26 17:20:41 --> Language Class Initialized
INFO - 2019-08-26 17:20:41 --> Loader Class Initialized
INFO - 2019-08-26 17:20:41 --> Helper loaded: url_helper
INFO - 2019-08-26 17:20:41 --> Helper loaded: form_helper
INFO - 2019-08-26 17:20:41 --> Helper loaded: html_helper
INFO - 2019-08-26 17:20:41 --> Helper loaded: rbac_helper
INFO - 2019-08-26 17:20:41 --> Helper loaded: layout_helper
INFO - 2019-08-26 17:20:41 --> Helper loaded: func_helper
INFO - 2019-08-26 17:20:41 --> Helper loaded: oraxe_helper
INFO - 2019-08-26 17:20:41 --> Database Driver Class Initialized
DEBUG - 2019-08-26 17:20:41 --> Session: "sess_save_path" is empty; using "session.save_path" value from php.ini.
INFO - 2019-08-26 17:20:41 --> Session: Class initialized using 'files' driver.
INFO - 2019-08-26 17:20:41 --> Controller Class Initialized
DEBUG - 2019-08-26 17:20:41 --> Session class already loaded. Second attempt ignored.
INFO - 2019-08-26 17:20:41 --> Form Validation Class Initialized
INFO - 2019-08-26 17:20:41 --> user_id=[lutfi]module=[company]method[get]
INFO - 2019-08-26 17:20:41 --> user_id=[lutfi]module=[structure]method[get]
INFO - 2019-08-26 17:20:41 --> user_id=[lutfi]module=[report]method[get]
INFO - 2019-08-26 17:20:41 --> user_id=[lutfi]module=[workhour]method[get]
INFO - 2019-08-26 17:20:41 --> user_id=[lutfi]module=[holiday]method[get]
INFO - 2019-08-26 17:20:41 --> user_id=[lutfi]module=[employees]method[get]
INFO - 2019-08-26 17:20:41 --> user_id=[lutfi]module=[timesheet]method[get]
INFO - 2019-08-26 17:20:41 --> user_id=[lutfi]module=[absent]method[get]
INFO - 2019-08-26 17:20:41 --> user_id=[lutfi]module=[onleave]method[get]
INFO - 2019-08-26 17:20:41 --> user_id=[lutfi]module=[overtime]method[get]
INFO - 2019-08-26 17:20:41 --> user_id=[lutfi]module=[schemas]method[get]
INFO - 2019-08-26 17:20:41 --> user_id=[lutfi]module=[adjustment]method[get]
INFO - 2019-08-26 17:20:41 --> user_id=[lutfi]module=[reimburse]method[get]
INFO - 2019-08-26 17:20:41 --> user_id=[lutfi]module=[wages]method[get]
INFO - 2019-08-26 17:20:41 --> user_id=[lutfi]module=[paydays]method[get]
INFO - 2019-08-26 17:20:41 --> File loaded: D:\Projects\Web\cyberhrm\application\views\timesheet.php
INFO - 2019-08-26 17:20:41 --> File loaded: D:\Projects\Web\cyberhrm\application\views\layouts/default.php
INFO - 2019-08-26 17:20:41 --> Final output sent to browser
DEBUG - 2019-08-26 17:20:41 --> Total execution time: 0.2076
INFO - 2019-08-26 17:20:42 --> Config Class Initialized
INFO - 2019-08-26 17:20:42 --> Hooks Class Initialized
DEBUG - 2019-08-26 17:20:42 --> UTF-8 Support Enabled
INFO - 2019-08-26 17:20:42 --> Utf8 Class Initialized
INFO - 2019-08-26 17:20:42 --> URI Class Initialized
INFO - 2019-08-26 17:20:42 --> Router Class Initialized
INFO - 2019-08-26 17:20:42 --> Output Class Initialized
INFO - 2019-08-26 17:20:42 --> Security Class Initialized
DEBUG - 2019-08-26 17:20:42 --> Global POST, GET and COOKIE data sanitized
INFO - 2019-08-26 17:20:42 --> Input Class Initialized
INFO - 2019-08-26 17:20:42 --> Language Class Initialized
INFO - 2019-08-26 17:20:42 --> Loader Class Initialized
INFO - 2019-08-26 17:20:42 --> Helper loaded: url_helper
INFO - 2019-08-26 17:20:42 --> Helper loaded: form_helper
INFO - 2019-08-26 17:20:42 --> Helper loaded: html_helper
INFO - 2019-08-26 17:20:42 --> Helper loaded: rbac_helper
INFO - 2019-08-26 17:20:42 --> Helper loaded: layout_helper
INFO - 2019-08-26 17:20:42 --> Helper loaded: func_helper
INFO - 2019-08-26 17:20:42 --> Helper loaded: oraxe_helper
INFO - 2019-08-26 17:20:42 --> Database Driver Class Initialized
DEBUG - 2019-08-26 17:20:42 --> Session: "sess_save_path" is empty; using "session.save_path" value from php.ini.
INFO - 2019-08-26 17:20:42 --> Session: Class initialized using 'files' driver.
INFO - 2019-08-26 17:20:42 --> Controller Class Initialized
DEBUG - 2019-08-26 17:20:42 --> Session class already loaded. Second attempt ignored.
INFO - 2019-08-26 17:20:42 --> Form Validation Class Initialized
INFO - 2019-08-26 17:20:42 --> user_id=[lutfi]module=[timesheet]method[query]
INFO - 2019-08-26 17:20:42 --> Final output sent to browser
DEBUG - 2019-08-26 17:20:42 --> Total execution time: 0.2089
INFO - 2019-08-26 17:20:46 --> Config Class Initialized
INFO - 2019-08-26 17:20:46 --> Hooks Class Initialized
DEBUG - 2019-08-26 17:20:46 --> UTF-8 Support Enabled
INFO - 2019-08-26 17:20:46 --> Utf8 Class Initialized
INFO - 2019-08-26 17:20:46 --> URI Class Initialized
INFO - 2019-08-26 17:20:46 --> Router Class Initialized
INFO - 2019-08-26 17:20:46 --> Output Class Initialized
INFO - 2019-08-26 17:20:46 --> Security Class Initialized
DEBUG - 2019-08-26 17:20:46 --> Global POST, GET and COOKIE data sanitized
INFO - 2019-08-26 17:20:46 --> Input Class Initialized
INFO - 2019-08-26 17:20:46 --> Language Class Initialized
INFO - 2019-08-26 17:20:46 --> Loader Class Initialized
INFO - 2019-08-26 17:20:46 --> Helper loaded: url_helper
INFO - 2019-08-26 17:20:46 --> Helper loaded: form_helper
INFO - 2019-08-26 17:20:46 --> Helper loaded: html_helper
INFO - 2019-08-26 17:20:46 --> Helper loaded: rbac_helper
INFO - 2019-08-26 17:20:46 --> Helper loaded: layout_helper
INFO - 2019-08-26 17:20:46 --> Helper loaded: func_helper
INFO - 2019-08-26 17:20:46 --> Helper loaded: oraxe_helper
INFO - 2019-08-26 17:20:46 --> Database Driver Class Initialized
DEBUG - 2019-08-26 17:20:46 --> Session: "sess_save_path" is empty; using "session.save_path" value from php.ini.
INFO - 2019-08-26 17:20:46 --> Session: Class initialized using 'files' driver.
INFO - 2019-08-26 17:20:46 --> Controller Class Initialized
DEBUG - 2019-08-26 17:20:46 --> Session class already loaded. Second attempt ignored.
INFO - 2019-08-26 17:20:46 --> Form Validation Class Initialized
INFO - 2019-08-26 17:20:46 --> user_id=[lutfi]module=[timesheet]method[query]
INFO - 2019-08-26 17:20:46 --> Final output sent to browser
DEBUG - 2019-08-26 17:20:46 --> Total execution time: 0.3285
INFO - 2019-08-26 17:22:48 --> Config Class Initialized
INFO - 2019-08-26 17:22:48 --> Hooks Class Initialized
DEBUG - 2019-08-26 17:22:48 --> UTF-8 Support Enabled
INFO - 2019-08-26 17:22:48 --> Utf8 Class Initialized
INFO - 2019-08-26 17:22:48 --> URI Class Initialized
INFO - 2019-08-26 17:22:48 --> Router Class Initialized
INFO - 2019-08-26 17:22:48 --> Output Class Initialized
INFO - 2019-08-26 17:22:48 --> Security Class Initialized
DEBUG - 2019-08-26 17:22:48 --> Global POST, GET and COOKIE data sanitized
INFO - 2019-08-26 17:22:48 --> Input Class Initialized
INFO - 2019-08-26 17:22:48 --> Language Class Initialized
INFO - 2019-08-26 17:22:48 --> Loader Class Initialized
INFO - 2019-08-26 17:22:48 --> Helper loaded: url_helper
INFO - 2019-08-26 17:22:48 --> Helper loaded: form_helper
INFO - 2019-08-26 17:22:48 --> Helper loaded: html_helper
INFO - 2019-08-26 17:22:48 --> Helper loaded: rbac_helper
INFO - 2019-08-26 17:22:48 --> Helper loaded: layout_helper
INFO - 2019-08-26 17:22:48 --> Helper loaded: func_helper
INFO - 2019-08-26 17:22:48 --> Helper loaded: oraxe_helper
INFO - 2019-08-26 17:22:48 --> Database Driver Class Initialized
DEBUG - 2019-08-26 17:22:48 --> Session: "sess_save_path" is empty; using "session.save_path" value from php.ini.
INFO - 2019-08-26 17:22:48 --> Session: Class initialized using 'files' driver.
INFO - 2019-08-26 17:22:48 --> Controller Class Initialized
DEBUG - 2019-08-26 17:22:48 --> Session class already loaded. Second attempt ignored.
INFO - 2019-08-26 17:22:48 --> Form Validation Class Initialized
INFO - 2019-08-26 17:22:48 --> user_id=[lutfi]module=[company]method[get]
INFO - 2019-08-26 17:22:48 --> user_id=[lutfi]module=[structure]method[get]
INFO - 2019-08-26 17:22:48 --> user_id=[lutfi]module=[report]method[get]
INFO - 2019-08-26 17:22:48 --> user_id=[lutfi]module=[workhour]method[get]
INFO - 2019-08-26 17:22:48 --> user_id=[lutfi]module=[holiday]method[get]
INFO - 2019-08-26 17:22:48 --> user_id=[lutfi]module=[employees]method[get]
INFO - 2019-08-26 17:22:48 --> user_id=[lutfi]module=[timesheet]method[get]
INFO - 2019-08-26 17:22:48 --> user_id=[lutfi]module=[absent]method[get]
INFO - 2019-08-26 17:22:48 --> user_id=[lutfi]module=[onleave]method[get]
INFO - 2019-08-26 17:22:48 --> user_id=[lutfi]module=[overtime]method[get]
INFO - 2019-08-26 17:22:48 --> user_id=[lutfi]module=[schemas]method[get]
INFO - 2019-08-26 17:22:48 --> user_id=[lutfi]module=[adjustment]method[get]
INFO - 2019-08-26 17:22:48 --> user_id=[lutfi]module=[reimburse]method[get]
INFO - 2019-08-26 17:22:48 --> user_id=[lutfi]module=[wages]method[get]
INFO - 2019-08-26 17:22:48 --> user_id=[lutfi]module=[paydays]method[get]
INFO - 2019-08-26 17:22:48 --> File loaded: D:\Projects\Web\cyberhrm\application\views\schemas.php
INFO - 2019-08-26 17:22:48 --> File loaded: D:\Projects\Web\cyberhrm\application\views\layouts/default.php
INFO - 2019-08-26 17:22:48 --> Final output sent to browser
DEBUG - 2019-08-26 17:22:48 --> Total execution time: 0.1744
INFO - 2019-08-26 17:22:49 --> Config Class Initialized
INFO - 2019-08-26 17:22:49 --> Hooks Class Initialized
DEBUG - 2019-08-26 17:22:49 --> UTF-8 Support Enabled
INFO - 2019-08-26 17:22:49 --> Utf8 Class Initialized
INFO - 2019-08-26 17:22:49 --> URI Class Initialized
INFO - 2019-08-26 17:22:49 --> Router Class Initialized
INFO - 2019-08-26 17:22:49 --> Output Class Initialized
INFO - 2019-08-26 17:22:49 --> Security Class Initialized
DEBUG - 2019-08-26 17:22:49 --> Global POST, GET and COOKIE data sanitized
INFO - 2019-08-26 17:22:49 --> Input Class Initialized
INFO - 2019-08-26 17:22:49 --> Language Class Initialized
INFO - 2019-08-26 17:22:49 --> Loader Class Initialized
INFO - 2019-08-26 17:22:49 --> Helper loaded: url_helper
INFO - 2019-08-26 17:22:49 --> Helper loaded: form_helper
INFO - 2019-08-26 17:22:49 --> Helper loaded: html_helper
INFO - 2019-08-26 17:22:49 --> Helper loaded: rbac_helper
INFO - 2019-08-26 17:22:49 --> Helper loaded: layout_helper
INFO - 2019-08-26 17:22:49 --> Helper loaded: func_helper
INFO - 2019-08-26 17:22:49 --> Helper loaded: oraxe_helper
INFO - 2019-08-26 17:22:49 --> Database Driver Class Initialized
DEBUG - 2019-08-26 17:22:49 --> Session: "sess_save_path" is empty; using "session.save_path" value from php.ini.
INFO - 2019-08-26 17:22:49 --> Session: Class initialized using 'files' driver.
INFO - 2019-08-26 17:22:49 --> Controller Class Initialized
DEBUG - 2019-08-26 17:22:49 --> Session class already loaded. Second attempt ignored.
INFO - 2019-08-26 17:22:49 --> Form Validation Class Initialized
INFO - 2019-08-26 17:22:49 --> user_id=[lutfi]module=[schemas]method[query]
INFO - 2019-08-26 17:22:49 --> Final output sent to browser
DEBUG - 2019-08-26 17:22:49 --> Total execution time: 0.1772
INFO - 2019-08-26 17:22:51 --> Config Class Initialized
INFO - 2019-08-26 17:22:51 --> Hooks Class Initialized
DEBUG - 2019-08-26 17:22:51 --> UTF-8 Support Enabled
INFO - 2019-08-26 17:22:51 --> Utf8 Class Initialized
INFO - 2019-08-26 17:22:51 --> URI Class Initialized
INFO - 2019-08-26 17:22:51 --> Router Class Initialized
INFO - 2019-08-26 17:22:51 --> Output Class Initialized
INFO - 2019-08-26 17:22:51 --> Security Class Initialized
DEBUG - 2019-08-26 17:22:51 --> Global POST, GET and COOKIE data sanitized
INFO - 2019-08-26 17:22:51 --> Input Class Initialized
INFO - 2019-08-26 17:22:51 --> Language Class Initialized
INFO - 2019-08-26 17:22:51 --> Loader Class Initialized
INFO - 2019-08-26 17:22:51 --> Helper loaded: url_helper
INFO - 2019-08-26 17:22:51 --> Helper loaded: form_helper
INFO - 2019-08-26 17:22:51 --> Helper loaded: html_helper
INFO - 2019-08-26 17:22:51 --> Helper loaded: rbac_helper
INFO - 2019-08-26 17:22:51 --> Helper loaded: layout_helper
INFO - 2019-08-26 17:22:51 --> Helper loaded: func_helper
INFO - 2019-08-26 17:22:51 --> Helper loaded: oraxe_helper
INFO - 2019-08-26 17:22:51 --> Database Driver Class Initialized
DEBUG - 2019-08-26 17:22:51 --> Session: "sess_save_path" is empty; using "session.save_path" value from php.ini.
INFO - 2019-08-26 17:22:51 --> Session: Class initialized using 'files' driver.
INFO - 2019-08-26 17:22:51 --> Controller Class Initialized
DEBUG - 2019-08-26 17:22:51 --> Session class already loaded. Second attempt ignored.
INFO - 2019-08-26 17:22:51 --> Form Validation Class Initialized
INFO - 2019-08-26 17:22:51 --> user_id=[lutfi]module=[schema]method[view]
INFO - 2019-08-26 17:22:51 --> user_id=[lutfi]module=[company]method[get]
INFO - 2019-08-26 17:22:51 --> user_id=[lutfi]module=[structure]method[get]
INFO - 2019-08-26 17:22:51 --> user_id=[lutfi]module=[report]method[get]
INFO - 2019-08-26 17:22:51 --> user_id=[lutfi]module=[workhour]method[get]
INFO - 2019-08-26 17:22:51 --> user_id=[lutfi]module=[holiday]method[get]
INFO - 2019-08-26 17:22:51 --> user_id=[lutfi]module=[employees]method[get]
INFO - 2019-08-26 17:22:51 --> user_id=[lutfi]module=[timesheet]method[get]
INFO - 2019-08-26 17:22:51 --> user_id=[lutfi]module=[absent]method[get]
INFO - 2019-08-26 17:22:51 --> user_id=[lutfi]module=[onleave]method[get]
INFO - 2019-08-26 17:22:51 --> user_id=[lutfi]module=[overtime]method[get]
INFO - 2019-08-26 17:22:51 --> user_id=[lutfi]module=[schemas]method[get]
INFO - 2019-08-26 17:22:51 --> user_id=[lutfi]module=[adjustment]method[get]
INFO - 2019-08-26 17:22:51 --> user_id=[lutfi]module=[reimburse]method[get]
INFO - 2019-08-26 17:22:51 --> user_id=[lutfi]module=[wages]method[get]
INFO - 2019-08-26 17:22:51 --> user_id=[lutfi]module=[paydays]method[get]
INFO - 2019-08-26 17:22:51 --> File loaded: D:\Projects\Web\cyberhrm\application\views\schema.php
INFO - 2019-08-26 17:22:51 --> File loaded: D:\Projects\Web\cyberhrm\application\views\layouts/default.php
INFO - 2019-08-26 17:22:51 --> Final output sent to browser
DEBUG - 2019-08-26 17:22:51 --> Total execution time: 0.1664
INFO - 2019-08-26 17:22:52 --> Config Class Initialized
INFO - 2019-08-26 17:22:52 --> Hooks Class Initialized
DEBUG - 2019-08-26 17:22:52 --> UTF-8 Support Enabled
INFO - 2019-08-26 17:22:52 --> Utf8 Class Initialized
INFO - 2019-08-26 17:22:52 --> URI Class Initialized
INFO - 2019-08-26 17:22:52 --> Router Class Initialized
INFO - 2019-08-26 17:22:52 --> Output Class Initialized
INFO - 2019-08-26 17:22:52 --> Security Class Initialized
DEBUG - 2019-08-26 17:22:52 --> Global POST, GET and COOKIE data sanitized
INFO - 2019-08-26 17:22:52 --> Input Class Initialized
INFO - 2019-08-26 17:22:52 --> Language Class Initialized
INFO - 2019-08-26 17:22:52 --> Loader Class Initialized
INFO - 2019-08-26 17:22:52 --> Helper loaded: url_helper
INFO - 2019-08-26 17:22:52 --> Helper loaded: form_helper
INFO - 2019-08-26 17:22:52 --> Helper loaded: html_helper
INFO - 2019-08-26 17:22:52 --> Helper loaded: rbac_helper
INFO - 2019-08-26 17:22:52 --> Helper loaded: layout_helper
INFO - 2019-08-26 17:22:52 --> Helper loaded: func_helper
INFO - 2019-08-26 17:22:52 --> Helper loaded: oraxe_helper
INFO - 2019-08-26 17:22:52 --> Database Driver Class Initialized
DEBUG - 2019-08-26 17:22:52 --> Session: "sess_save_path" is empty; using "session.save_path" value from php.ini.
INFO - 2019-08-26 17:22:52 --> Session: Class initialized using 'files' driver.
INFO - 2019-08-26 17:22:52 --> Controller Class Initialized
DEBUG - 2019-08-26 17:22:52 --> Session class already loaded. Second attempt ignored.
INFO - 2019-08-26 17:22:52 --> Form Validation Class Initialized
INFO - 2019-08-26 17:22:52 --> user_id=[lutfi]module=[schema]method[get]
INFO - 2019-08-26 17:22:52 --> Config Class Initialized
INFO - 2019-08-26 17:22:52 --> Hooks Class Initialized
DEBUG - 2019-08-26 17:22:52 --> UTF-8 Support Enabled
INFO - 2019-08-26 17:22:52 --> Utf8 Class Initialized
INFO - 2019-08-26 17:22:52 --> URI Class Initialized
INFO - 2019-08-26 17:22:52 --> Router Class Initialized
INFO - 2019-08-26 17:22:52 --> Output Class Initialized
INFO - 2019-08-26 17:22:52 --> Security Class Initialized
DEBUG - 2019-08-26 17:22:52 --> Global POST, GET and COOKIE data sanitized
INFO - 2019-08-26 17:22:52 --> Input Class Initialized
INFO - 2019-08-26 17:22:52 --> Language Class Initialized
INFO - 2019-08-26 17:22:52 --> Loader Class Initialized
INFO - 2019-08-26 17:22:52 --> Helper loaded: url_helper
INFO - 2019-08-26 17:22:52 --> Helper loaded: form_helper
INFO - 2019-08-26 17:22:52 --> Config Class Initialized
INFO - 2019-08-26 17:22:52 --> Hooks Class Initialized
INFO - 2019-08-26 17:22:52 --> Helper loaded: html_helper
INFO - 2019-08-26 17:22:52 --> Helper loaded: rbac_helper
INFO - 2019-08-26 17:22:52 --> Helper loaded: layout_helper
INFO - 2019-08-26 17:22:52 --> Helper loaded: func_helper
DEBUG - 2019-08-26 17:22:52 --> UTF-8 Support Enabled
INFO - 2019-08-26 17:22:52 --> Utf8 Class Initialized
INFO - 2019-08-26 17:22:52 --> Helper loaded: oraxe_helper
INFO - 2019-08-26 17:22:52 --> URI Class Initialized
INFO - 2019-08-26 17:22:52 --> Router Class Initialized
INFO - 2019-08-26 17:22:52 --> Output Class Initialized
INFO - 2019-08-26 17:22:52 --> Security Class Initialized
DEBUG - 2019-08-26 17:22:52 --> Global POST, GET and COOKIE data sanitized
INFO - 2019-08-26 17:22:52 --> Input Class Initialized
INFO - 2019-08-26 17:22:52 --> Database Driver Class Initialized
INFO - 2019-08-26 17:22:52 --> Language Class Initialized
INFO - 2019-08-26 17:22:52 --> Loader Class Initialized
INFO - 2019-08-26 17:22:52 --> Helper loaded: url_helper
INFO - 2019-08-26 17:22:52 --> Helper loaded: form_helper
INFO - 2019-08-26 17:22:52 --> Helper loaded: html_helper
INFO - 2019-08-26 17:22:52 --> Helper loaded: rbac_helper
INFO - 2019-08-26 17:22:52 --> Helper loaded: layout_helper
INFO - 2019-08-26 17:22:52 --> Helper loaded: func_helper
INFO - 2019-08-26 17:22:52 --> Helper loaded: oraxe_helper
DEBUG - 2019-08-26 17:22:52 --> Session: "sess_save_path" is empty; using "session.save_path" value from php.ini.
INFO - 2019-08-26 17:22:52 --> Session: Class initialized using 'files' driver.
INFO - 2019-08-26 17:22:52 --> Controller Class Initialized
DEBUG - 2019-08-26 17:22:52 --> Session class already loaded. Second attempt ignored.
INFO - 2019-08-26 17:22:52 --> Database Driver Class Initialized
INFO - 2019-08-26 17:22:52 --> Form Validation Class Initialized
INFO - 2019-08-26 17:22:52 --> user_id=[lutfi]module=[schema]method[shift]
INFO - 2019-08-26 17:22:52 --> Final output sent to browser
DEBUG - 2019-08-26 17:22:52 --> Total execution time: 0.1813
DEBUG - 2019-08-26 17:22:52 --> Session: "sess_save_path" is empty; using "session.save_path" value from php.ini.
INFO - 2019-08-26 17:22:52 --> Session: Class initialized using 'files' driver.
INFO - 2019-08-26 17:22:52 --> Controller Class Initialized
DEBUG - 2019-08-26 17:22:52 --> Session class already loaded. Second attempt ignored.
INFO - 2019-08-26 17:22:52 --> Form Validation Class Initialized
INFO - 2019-08-26 17:22:52 --> user_id=[lutfi]module=[schema]method[grade]
INFO - 2019-08-26 17:22:52 --> Final output sent to browser
DEBUG - 2019-08-26 17:22:52 --> Total execution time: 0.1790
INFO - 2019-08-26 17:22:52 --> Config Class Initialized
INFO - 2019-08-26 17:22:52 --> Hooks Class Initialized
DEBUG - 2019-08-26 17:22:52 --> UTF-8 Support Enabled
INFO - 2019-08-26 17:22:52 --> Utf8 Class Initialized
INFO - 2019-08-26 17:22:52 --> URI Class Initialized
INFO - 2019-08-26 17:22:52 --> Router Class Initialized
INFO - 2019-08-26 17:22:52 --> Output Class Initialized
INFO - 2019-08-26 17:22:52 --> Config Class Initialized
INFO - 2019-08-26 17:22:52 --> Security Class Initialized
INFO - 2019-08-26 17:22:52 --> Hooks Class Initialized
DEBUG - 2019-08-26 17:22:52 --> Global POST, GET and COOKIE data sanitized
INFO - 2019-08-26 17:22:52 --> Input Class Initialized
INFO - 2019-08-26 17:22:52 --> Language Class Initialized
DEBUG - 2019-08-26 17:22:52 --> UTF-8 Support Enabled
INFO - 2019-08-26 17:22:52 --> Utf8 Class Initialized
INFO - 2019-08-26 17:22:52 --> URI Class Initialized
INFO - 2019-08-26 17:22:52 --> Router Class Initialized
INFO - 2019-08-26 17:22:52 --> Loader Class Initialized
INFO - 2019-08-26 17:22:52 --> Output Class Initialized
INFO - 2019-08-26 17:22:52 --> Helper loaded: url_helper
INFO - 2019-08-26 17:22:52 --> Security Class Initialized
INFO - 2019-08-26 17:22:52 --> Helper loaded: form_helper
DEBUG - 2019-08-26 17:22:52 --> Global POST, GET and COOKIE data sanitized
INFO - 2019-08-26 17:22:52 --> Input Class Initialized
INFO - 2019-08-26 17:22:52 --> Language Class Initialized
INFO - 2019-08-26 17:22:52 --> Helper loaded: html_helper
INFO - 2019-08-26 17:22:52 --> Helper loaded: rbac_helper
INFO - 2019-08-26 17:22:52 --> Helper loaded: layout_helper
INFO - 2019-08-26 17:22:52 --> Helper loaded: func_helper
INFO - 2019-08-26 17:22:52 --> Helper loaded: oraxe_helper
INFO - 2019-08-26 17:22:52 --> Loader Class Initialized
INFO - 2019-08-26 17:22:52 --> Helper loaded: url_helper
INFO - 2019-08-26 17:22:52 --> Helper loaded: form_helper
INFO - 2019-08-26 17:22:52 --> Helper loaded: html_helper
INFO - 2019-08-26 17:22:52 --> Helper loaded: rbac_helper
INFO - 2019-08-26 17:22:52 --> Helper loaded: layout_helper
INFO - 2019-08-26 17:22:52 --> Helper loaded: func_helper
INFO - 2019-08-26 17:22:52 --> Database Driver Class Initialized
INFO - 2019-08-26 17:22:52 --> Helper loaded: oraxe_helper
INFO - 2019-08-26 17:22:52 --> Database Driver Class Initialized
DEBUG - 2019-08-26 17:22:52 --> Session: "sess_save_path" is empty; using "session.save_path" value from php.ini.
INFO - 2019-08-26 17:22:52 --> Session: Class initialized using 'files' driver.
INFO - 2019-08-26 17:22:52 --> Controller Class Initialized
DEBUG - 2019-08-26 17:22:52 --> Session class already loaded. Second attempt ignored.
INFO - 2019-08-26 17:22:52 --> Form Validation Class Initialized
INFO - 2019-08-26 17:22:52 --> user_id=[lutfi]module=[schema]method[absence]
DEBUG - 2019-08-26 17:22:52 --> Session: "sess_save_path" is empty; using "session.save_path" value from php.ini.
INFO - 2019-08-26 17:22:52 --> Final output sent to browser
DEBUG - 2019-08-26 17:22:52 --> Total execution time: 0.1611
INFO - 2019-08-26 17:22:52 --> Session: Class initialized using 'files' driver.
INFO - 2019-08-26 17:22:52 --> Controller Class Initialized
DEBUG - 2019-08-26 17:22:52 --> Session class already loaded. Second attempt ignored.
INFO - 2019-08-26 17:22:52 --> Form Validation Class Initialized
INFO - 2019-08-26 17:22:52 --> user_id=[lutfi]module=[schema]method[overtime]
INFO - 2019-08-26 17:22:52 --> Final output sent to browser
DEBUG - 2019-08-26 17:22:52 --> Total execution time: 0.1593
INFO - 2019-08-26 17:22:58 --> Config Class Initialized
INFO - 2019-08-26 17:22:58 --> Hooks Class Initialized
DEBUG - 2019-08-26 17:22:58 --> UTF-8 Support Enabled
INFO - 2019-08-26 17:22:58 --> Utf8 Class Initialized
INFO - 2019-08-26 17:22:58 --> URI Class Initialized
INFO - 2019-08-26 17:22:58 --> Router Class Initialized
INFO - 2019-08-26 17:22:58 --> Output Class Initialized
INFO - 2019-08-26 17:22:58 --> Security Class Initialized
DEBUG - 2019-08-26 17:22:58 --> Global POST, GET and COOKIE data sanitized
INFO - 2019-08-26 17:22:58 --> Input Class Initialized
INFO - 2019-08-26 17:22:58 --> Language Class Initialized
INFO - 2019-08-26 17:22:58 --> Loader Class Initialized
INFO - 2019-08-26 17:22:58 --> Helper loaded: url_helper
INFO - 2019-08-26 17:22:58 --> Helper loaded: form_helper
INFO - 2019-08-26 17:22:58 --> Helper loaded: html_helper
INFO - 2019-08-26 17:22:58 --> Helper loaded: rbac_helper
INFO - 2019-08-26 17:22:58 --> Helper loaded: layout_helper
INFO - 2019-08-26 17:22:58 --> Helper loaded: func_helper
INFO - 2019-08-26 17:22:58 --> Helper loaded: oraxe_helper
INFO - 2019-08-26 17:22:58 --> Database Driver Class Initialized
DEBUG - 2019-08-26 17:22:58 --> Session: "sess_save_path" is empty; using "session.save_path" value from php.ini.
INFO - 2019-08-26 17:22:58 --> Session: Class initialized using 'files' driver.
INFO - 2019-08-26 17:22:58 --> Controller Class Initialized
DEBUG - 2019-08-26 17:22:58 --> Session class already loaded. Second attempt ignored.
INFO - 2019-08-26 17:22:58 --> Form Validation Class Initialized
INFO - 2019-08-26 17:22:58 --> user_id=[lutfi]module=[company]method[get]
INFO - 2019-08-26 17:22:58 --> user_id=[lutfi]module=[structure]method[get]
INFO - 2019-08-26 17:22:58 --> user_id=[lutfi]module=[report]method[get]
INFO - 2019-08-26 17:22:58 --> user_id=[lutfi]module=[workhour]method[get]
INFO - 2019-08-26 17:22:58 --> user_id=[lutfi]module=[holiday]method[get]
INFO - 2019-08-26 17:22:58 --> user_id=[lutfi]module=[employees]method[get]
INFO - 2019-08-26 17:22:58 --> user_id=[lutfi]module=[timesheet]method[get]
INFO - 2019-08-26 17:22:58 --> user_id=[lutfi]module=[absent]method[get]
INFO - 2019-08-26 17:22:58 --> user_id=[lutfi]module=[onleave]method[get]
INFO - 2019-08-26 17:22:58 --> user_id=[lutfi]module=[overtime]method[get]
INFO - 2019-08-26 17:22:58 --> user_id=[lutfi]module=[schemas]method[get]
INFO - 2019-08-26 17:22:58 --> user_id=[lutfi]module=[adjustment]method[get]
INFO - 2019-08-26 17:22:58 --> user_id=[lutfi]module=[reimburse]method[get]
INFO - 2019-08-26 17:22:58 --> user_id=[lutfi]module=[wages]method[get]
INFO - 2019-08-26 17:22:58 --> user_id=[lutfi]module=[paydays]method[get]
INFO - 2019-08-26 17:22:58 --> File loaded: D:\Projects\Web\cyberhrm\application\views\wages.php
INFO - 2019-08-26 17:22:58 --> File loaded: D:\Projects\Web\cyberhrm\application\views\layouts/default.php
INFO - 2019-08-26 17:22:58 --> Final output sent to browser
DEBUG - 2019-08-26 17:22:58 --> Total execution time: 0.2302
INFO - 2019-08-26 17:22:59 --> Config Class Initialized
INFO - 2019-08-26 17:22:59 --> Hooks Class Initialized
DEBUG - 2019-08-26 17:22:59 --> UTF-8 Support Enabled
INFO - 2019-08-26 17:22:59 --> Utf8 Class Initialized
INFO - 2019-08-26 17:22:59 --> URI Class Initialized
INFO - 2019-08-26 17:22:59 --> Router Class Initialized
INFO - 2019-08-26 17:22:59 --> Output Class Initialized
INFO - 2019-08-26 17:22:59 --> Security Class Initialized
DEBUG - 2019-08-26 17:22:59 --> Global POST, GET and COOKIE data sanitized
INFO - 2019-08-26 17:22:59 --> Input Class Initialized
INFO - 2019-08-26 17:22:59 --> Language Class Initialized
INFO - 2019-08-26 17:22:59 --> Loader Class Initialized
INFO - 2019-08-26 17:22:59 --> Helper loaded: url_helper
INFO - 2019-08-26 17:22:59 --> Helper loaded: form_helper
INFO - 2019-08-26 17:22:59 --> Helper loaded: html_helper
INFO - 2019-08-26 17:22:59 --> Helper loaded: rbac_helper
INFO - 2019-08-26 17:22:59 --> Helper loaded: layout_helper
INFO - 2019-08-26 17:22:59 --> Helper loaded: func_helper
INFO - 2019-08-26 17:22:59 --> Helper loaded: oraxe_helper
INFO - 2019-08-26 17:22:59 --> Database Driver Class Initialized
DEBUG - 2019-08-26 17:22:59 --> Session: "sess_save_path" is empty; using "session.save_path" value from php.ini.
INFO - 2019-08-26 17:22:59 --> Session: Class initialized using 'files' driver.
INFO - 2019-08-26 17:22:59 --> Controller Class Initialized
DEBUG - 2019-08-26 17:22:59 --> Session class already loaded. Second attempt ignored.
INFO - 2019-08-26 17:22:59 --> Form Validation Class Initialized
INFO - 2019-08-26 17:22:59 --> user_id=[lutfi]module=[wages]method[query]
INFO - 2019-08-26 17:22:59 --> Final output sent to browser
DEBUG - 2019-08-26 17:22:59 --> Total execution time: 0.2515
INFO - 2019-08-26 17:23:01 --> Config Class Initialized
INFO - 2019-08-26 17:23:01 --> Hooks Class Initialized
DEBUG - 2019-08-26 17:23:01 --> UTF-8 Support Enabled
INFO - 2019-08-26 17:23:01 --> Utf8 Class Initialized
INFO - 2019-08-26 17:23:01 --> URI Class Initialized
INFO - 2019-08-26 17:23:01 --> Router Class Initialized
INFO - 2019-08-26 17:23:01 --> Output Class Initialized
INFO - 2019-08-26 17:23:01 --> Security Class Initialized
DEBUG - 2019-08-26 17:23:01 --> Global POST, GET and COOKIE data sanitized
INFO - 2019-08-26 17:23:01 --> Input Class Initialized
INFO - 2019-08-26 17:23:01 --> Language Class Initialized
INFO - 2019-08-26 17:23:01 --> Loader Class Initialized
INFO - 2019-08-26 17:23:01 --> Helper loaded: url_helper
INFO - 2019-08-26 17:23:01 --> Helper loaded: form_helper
INFO - 2019-08-26 17:23:01 --> Helper loaded: html_helper
INFO - 2019-08-26 17:23:01 --> Helper loaded: rbac_helper
INFO - 2019-08-26 17:23:01 --> Helper loaded: layout_helper
INFO - 2019-08-26 17:23:01 --> Helper loaded: func_helper
INFO - 2019-08-26 17:23:01 --> Helper loaded: oraxe_helper
INFO - 2019-08-26 17:23:01 --> Database Driver Class Initialized
DEBUG - 2019-08-26 17:23:01 --> Session: "sess_save_path" is empty; using "session.save_path" value from php.ini.
INFO - 2019-08-26 17:23:01 --> Session: Class initialized using 'files' driver.
INFO - 2019-08-26 17:23:01 --> Controller Class Initialized
DEBUG - 2019-08-26 17:23:01 --> Session class already loaded. Second attempt ignored.
INFO - 2019-08-26 17:23:01 --> Form Validation Class Initialized
INFO - 2019-08-26 17:23:01 --> user_id=[lutfi]module=[company]method[get]
INFO - 2019-08-26 17:23:01 --> user_id=[lutfi]module=[structure]method[get]
INFO - 2019-08-26 17:23:01 --> user_id=[lutfi]module=[report]method[get]
INFO - 2019-08-26 17:23:01 --> user_id=[lutfi]module=[workhour]method[get]
INFO - 2019-08-26 17:23:01 --> user_id=[lutfi]module=[holiday]method[get]
INFO - 2019-08-26 17:23:01 --> user_id=[lutfi]module=[employees]method[get]
INFO - 2019-08-26 17:23:01 --> user_id=[lutfi]module=[timesheet]method[get]
INFO - 2019-08-26 17:23:01 --> user_id=[lutfi]module=[absent]method[get]
INFO - 2019-08-26 17:23:01 --> user_id=[lutfi]module=[onleave]method[get]
INFO - 2019-08-26 17:23:01 --> user_id=[lutfi]module=[overtime]method[get]
INFO - 2019-08-26 17:23:01 --> user_id=[lutfi]module=[schemas]method[get]
INFO - 2019-08-26 17:23:01 --> user_id=[lutfi]module=[adjustment]method[get]
INFO - 2019-08-26 17:23:01 --> user_id=[lutfi]module=[reimburse]method[get]
INFO - 2019-08-26 17:23:01 --> user_id=[lutfi]module=[wages]method[get]
INFO - 2019-08-26 17:23:01 --> user_id=[lutfi]module=[paydays]method[get]
INFO - 2019-08-26 17:23:01 --> File loaded: D:\Projects\Web\cyberhrm\application\views\paydays.php
INFO - 2019-08-26 17:23:01 --> File loaded: D:\Projects\Web\cyberhrm\application\views\layouts/default.php
INFO - 2019-08-26 17:23:01 --> Final output sent to browser
DEBUG - 2019-08-26 17:23:01 --> Total execution time: 0.1879
INFO - 2019-08-26 17:23:02 --> Config Class Initialized
INFO - 2019-08-26 17:23:02 --> Hooks Class Initialized
DEBUG - 2019-08-26 17:23:02 --> UTF-8 Support Enabled
INFO - 2019-08-26 17:23:02 --> Utf8 Class Initialized
INFO - 2019-08-26 17:23:02 --> URI Class Initialized
INFO - 2019-08-26 17:23:02 --> Router Class Initialized
INFO - 2019-08-26 17:23:02 --> Output Class Initialized
INFO - 2019-08-26 17:23:02 --> Security Class Initialized
DEBUG - 2019-08-26 17:23:02 --> Global POST, GET and COOKIE data sanitized
INFO - 2019-08-26 17:23:02 --> Input Class Initialized
INFO - 2019-08-26 17:23:02 --> Language Class Initialized
INFO - 2019-08-26 17:23:02 --> Loader Class Initialized
INFO - 2019-08-26 17:23:02 --> Helper loaded: url_helper
INFO - 2019-08-26 17:23:02 --> Helper loaded: form_helper
INFO - 2019-08-26 17:23:02 --> Helper loaded: html_helper
INFO - 2019-08-26 17:23:02 --> Helper loaded: rbac_helper
INFO - 2019-08-26 17:23:02 --> Helper loaded: layout_helper
INFO - 2019-08-26 17:23:02 --> Helper loaded: func_helper
INFO - 2019-08-26 17:23:02 --> Helper loaded: oraxe_helper
INFO - 2019-08-26 17:23:02 --> Database Driver Class Initialized
DEBUG - 2019-08-26 17:23:02 --> Session: "sess_save_path" is empty; using "session.save_path" value from php.ini.
INFO - 2019-08-26 17:23:02 --> Session: Class initialized using 'files' driver.
INFO - 2019-08-26 17:23:02 --> Controller Class Initialized
DEBUG - 2019-08-26 17:23:02 --> Session class already loaded. Second attempt ignored.
INFO - 2019-08-26 17:23:02 --> Form Validation Class Initialized
INFO - 2019-08-26 17:23:02 --> user_id=[lutfi]module=[paydays]method[query]
INFO - 2019-08-26 17:23:02 --> Final output sent to browser
DEBUG - 2019-08-26 17:23:02 --> Total execution time: 0.1424
INFO - 2019-08-26 17:23:05 --> Config Class Initialized
INFO - 2019-08-26 17:23:05 --> Hooks Class Initialized
DEBUG - 2019-08-26 17:23:05 --> UTF-8 Support Enabled
INFO - 2019-08-26 17:23:05 --> Utf8 Class Initialized
INFO - 2019-08-26 17:23:05 --> URI Class Initialized
INFO - 2019-08-26 17:23:05 --> Router Class Initialized
INFO - 2019-08-26 17:23:05 --> Output Class Initialized
INFO - 2019-08-26 17:23:05 --> Security Class Initialized
DEBUG - 2019-08-26 17:23:05 --> Global POST, GET and COOKIE data sanitized
INFO - 2019-08-26 17:23:05 --> Input Class Initialized
INFO - 2019-08-26 17:23:05 --> Language Class Initialized
INFO - 2019-08-26 17:23:05 --> Loader Class Initialized
INFO - 2019-08-26 17:23:05 --> Helper loaded: url_helper
INFO - 2019-08-26 17:23:05 --> Helper loaded: form_helper
INFO - 2019-08-26 17:23:05 --> Helper loaded: html_helper
INFO - 2019-08-26 17:23:05 --> Helper loaded: rbac_helper
INFO - 2019-08-26 17:23:05 --> Helper loaded: layout_helper
INFO - 2019-08-26 17:23:05 --> Helper loaded: func_helper
INFO - 2019-08-26 17:23:05 --> Helper loaded: oraxe_helper
INFO - 2019-08-26 17:23:05 --> Database Driver Class Initialized
DEBUG - 2019-08-26 17:23:05 --> Session: "sess_save_path" is empty; using "session.save_path" value from php.ini.
INFO - 2019-08-26 17:23:05 --> Session: Class initialized using 'files' driver.
INFO - 2019-08-26 17:23:05 --> Controller Class Initialized
DEBUG - 2019-08-26 17:23:05 --> Session class already loaded. Second attempt ignored.
INFO - 2019-08-26 17:23:05 --> Form Validation Class Initialized
INFO - 2019-08-26 17:23:05 --> user_id=[lutfi]module=[paydays]method[query]
INFO - 2019-08-26 17:23:05 --> Final output sent to browser
DEBUG - 2019-08-26 17:23:05 --> Total execution time: 0.1138
