INFO - 2019-09-08 12:32:53 --> Config Class Initialized
INFO - 2019-09-08 12:32:53 --> Hooks Class Initialized
DEBUG - 2019-09-08 12:32:53 --> UTF-8 Support Enabled
INFO - 2019-09-08 12:32:53 --> Utf8 Class Initialized
INFO - 2019-09-08 12:32:53 --> URI Class Initialized
INFO - 2019-09-08 12:32:53 --> Router Class Initialized
INFO - 2019-09-08 12:32:53 --> Output Class Initialized
INFO - 2019-09-08 12:32:53 --> Security Class Initialized
DEBUG - 2019-09-08 12:32:53 --> Global POST, GET and COOKIE data sanitized
INFO - 2019-09-08 12:32:53 --> Input Class Initialized
INFO - 2019-09-08 12:32:53 --> Language Class Initialized
INFO - 2019-09-08 12:32:53 --> Loader Class Initialized
INFO - 2019-09-08 12:32:53 --> Helper loaded: url_helper
INFO - 2019-09-08 12:32:53 --> Helper loaded: form_helper
INFO - 2019-09-08 12:32:53 --> Helper loaded: html_helper
INFO - 2019-09-08 12:32:53 --> Helper loaded: rbac_helper
INFO - 2019-09-08 12:32:53 --> Helper loaded: layout_helper
INFO - 2019-09-08 12:32:53 --> Helper loaded: func_helper
INFO - 2019-09-08 12:32:53 --> Helper loaded: oraxe_helper
INFO - 2019-09-08 12:32:53 --> Database Driver Class Initialized
DEBUG - 2019-09-08 12:32:54 --> Session: "sess_save_path" is empty; using "session.save_path" value from php.ini.
INFO - 2019-09-08 12:32:54 --> Session: Class initialized using 'files' driver.
INFO - 2019-09-08 12:32:54 --> Controller Class Initialized
DEBUG - 2019-09-08 12:32:54 --> Session class already loaded. Second attempt ignored.
INFO - 2019-09-08 12:32:54 --> Form Validation Class Initialized
INFO - 2019-09-08 12:32:54 --> user_id=[lutfi]module=[company]method[get]
INFO - 2019-09-08 12:32:54 --> user_id=[lutfi]module=[structure]method[get]
INFO - 2019-09-08 12:32:54 --> user_id=[lutfi]module=[report]method[get]
INFO - 2019-09-08 12:32:54 --> user_id=[lutfi]module=[workhour]method[get]
INFO - 2019-09-08 12:32:54 --> user_id=[lutfi]module=[holiday]method[get]
INFO - 2019-09-08 12:32:54 --> user_id=[lutfi]module=[employees]method[get]
INFO - 2019-09-08 12:32:54 --> user_id=[lutfi]module=[timesheet]method[get]
INFO - 2019-09-08 12:32:54 --> user_id=[lutfi]module=[absent]method[get]
INFO - 2019-09-08 12:32:54 --> user_id=[lutfi]module=[onleave]method[get]
INFO - 2019-09-08 12:32:54 --> user_id=[lutfi]module=[overtime]method[get]
INFO - 2019-09-08 12:32:54 --> user_id=[lutfi]module=[schemas]method[get]
INFO - 2019-09-08 12:32:54 --> user_id=[lutfi]module=[adjustment]method[get]
INFO - 2019-09-08 12:32:54 --> user_id=[lutfi]module=[reimburse]method[get]
INFO - 2019-09-08 12:32:54 --> user_id=[lutfi]module=[wages]method[get]
INFO - 2019-09-08 12:32:54 --> user_id=[lutfi]module=[paydays]method[get]
INFO - 2019-09-08 12:32:54 --> File loaded: D:\Projects\Web\cyberhrm\application\views\dashboard.php
INFO - 2019-09-08 12:32:54 --> File loaded: D:\Projects\Web\cyberhrm\application\views\layouts/default.php
INFO - 2019-09-08 12:32:54 --> Final output sent to browser
DEBUG - 2019-09-08 12:32:54 --> Total execution time: 0.3179
INFO - 2019-09-08 12:32:55 --> Config Class Initialized
INFO - 2019-09-08 12:32:55 --> Hooks Class Initialized
INFO - 2019-09-08 12:32:55 --> Config Class Initialized
INFO - 2019-09-08 12:32:55 --> Hooks Class Initialized
DEBUG - 2019-09-08 12:32:55 --> UTF-8 Support Enabled
INFO - 2019-09-08 12:32:55 --> Utf8 Class Initialized
INFO - 2019-09-08 12:32:55 --> URI Class Initialized
DEBUG - 2019-09-08 12:32:55 --> UTF-8 Support Enabled
INFO - 2019-09-08 12:32:55 --> Utf8 Class Initialized
INFO - 2019-09-08 12:32:55 --> Router Class Initialized
INFO - 2019-09-08 12:32:55 --> URI Class Initialized
INFO - 2019-09-08 12:32:55 --> Output Class Initialized
INFO - 2019-09-08 12:32:55 --> Router Class Initialized
INFO - 2019-09-08 12:32:55 --> Security Class Initialized
INFO - 2019-09-08 12:32:55 --> Config Class Initialized
INFO - 2019-09-08 12:32:55 --> Hooks Class Initialized
DEBUG - 2019-09-08 12:32:55 --> Global POST, GET and COOKIE data sanitized
INFO - 2019-09-08 12:32:55 --> Input Class Initialized
INFO - 2019-09-08 12:32:55 --> Language Class Initialized
DEBUG - 2019-09-08 12:32:55 --> UTF-8 Support Enabled
INFO - 2019-09-08 12:32:55 --> Utf8 Class Initialized
INFO - 2019-09-08 12:32:55 --> URI Class Initialized
INFO - 2019-09-08 12:32:55 --> Loader Class Initialized
INFO - 2019-09-08 12:32:55 --> Output Class Initialized
INFO - 2019-09-08 12:32:55 --> Router Class Initialized
INFO - 2019-09-08 12:32:55 --> Helper loaded: url_helper
INFO - 2019-09-08 12:32:55 --> Security Class Initialized
INFO - 2019-09-08 12:32:55 --> Helper loaded: form_helper
DEBUG - 2019-09-08 12:32:55 --> Global POST, GET and COOKIE data sanitized
INFO - 2019-09-08 12:32:55 --> Input Class Initialized
INFO - 2019-09-08 12:32:55 --> Helper loaded: html_helper
INFO - 2019-09-08 12:32:55 --> Output Class Initialized
INFO - 2019-09-08 12:32:55 --> Language Class Initialized
INFO - 2019-09-08 12:32:55 --> Helper loaded: rbac_helper
INFO - 2019-09-08 12:32:55 --> Security Class Initialized
INFO - 2019-09-08 12:32:55 --> Helper loaded: layout_helper
INFO - 2019-09-08 12:32:55 --> Helper loaded: func_helper
DEBUG - 2019-09-08 12:32:55 --> Global POST, GET and COOKIE data sanitized
INFO - 2019-09-08 12:32:55 --> Input Class Initialized
INFO - 2019-09-08 12:32:55 --> Helper loaded: oraxe_helper
INFO - 2019-09-08 12:32:55 --> Language Class Initialized
INFO - 2019-09-08 12:32:55 --> Loader Class Initialized
INFO - 2019-09-08 12:32:55 --> Config Class Initialized
INFO - 2019-09-08 12:32:55 --> Loader Class Initialized
INFO - 2019-09-08 12:32:55 --> Hooks Class Initialized
INFO - 2019-09-08 12:32:55 --> Helper loaded: url_helper
INFO - 2019-09-08 12:32:55 --> Helper loaded: form_helper
DEBUG - 2019-09-08 12:32:55 --> UTF-8 Support Enabled
INFO - 2019-09-08 12:32:55 --> Utf8 Class Initialized
INFO - 2019-09-08 12:32:55 --> Database Driver Class Initialized
INFO - 2019-09-08 12:32:55 --> Helper loaded: html_helper
INFO - 2019-09-08 12:32:55 --> URI Class Initialized
INFO - 2019-09-08 12:32:55 --> Helper loaded: url_helper
INFO - 2019-09-08 12:32:55 --> Helper loaded: rbac_helper
INFO - 2019-09-08 12:32:55 --> Router Class Initialized
INFO - 2019-09-08 12:32:55 --> Helper loaded: layout_helper
INFO - 2019-09-08 12:32:55 --> Output Class Initialized
INFO - 2019-09-08 12:32:55 --> Helper loaded: func_helper
INFO - 2019-09-08 12:32:55 --> Security Class Initialized
INFO - 2019-09-08 12:32:55 --> Helper loaded: oraxe_helper
INFO - 2019-09-08 12:32:55 --> Helper loaded: form_helper
DEBUG - 2019-09-08 12:32:55 --> Global POST, GET and COOKIE data sanitized
INFO - 2019-09-08 12:32:55 --> Input Class Initialized
INFO - 2019-09-08 12:32:55 --> Helper loaded: html_helper
INFO - 2019-09-08 12:32:55 --> Language Class Initialized
INFO - 2019-09-08 12:32:55 --> Helper loaded: rbac_helper
INFO - 2019-09-08 12:32:55 --> Helper loaded: layout_helper
INFO - 2019-09-08 12:32:55 --> Helper loaded: func_helper
INFO - 2019-09-08 12:32:55 --> Database Driver Class Initialized
INFO - 2019-09-08 12:32:55 --> Helper loaded: oraxe_helper
INFO - 2019-09-08 12:32:55 --> Loader Class Initialized
INFO - 2019-09-08 12:32:55 --> Helper loaded: url_helper
INFO - 2019-09-08 12:32:55 --> Database Driver Class Initialized
INFO - 2019-09-08 12:32:55 --> Helper loaded: form_helper
DEBUG - 2019-09-08 12:32:55 --> Session: "sess_save_path" is empty; using "session.save_path" value from php.ini.
INFO - 2019-09-08 12:32:55 --> Helper loaded: html_helper
INFO - 2019-09-08 12:32:55 --> Session: Class initialized using 'files' driver.
INFO - 2019-09-08 12:32:55 --> Controller Class Initialized
INFO - 2019-09-08 12:32:55 --> Helper loaded: rbac_helper
DEBUG - 2019-09-08 12:32:55 --> Session class already loaded. Second attempt ignored.
INFO - 2019-09-08 12:32:55 --> Helper loaded: layout_helper
INFO - 2019-09-08 12:32:55 --> Helper loaded: func_helper
INFO - 2019-09-08 12:32:55 --> Helper loaded: oraxe_helper
INFO - 2019-09-08 12:32:55 --> Form Validation Class Initialized
DEBUG - 2019-09-08 12:32:55 --> Session: "sess_save_path" is empty; using "session.save_path" value from php.ini.
INFO - 2019-09-08 12:32:55 --> Database Driver Class Initialized
DEBUG - 2019-09-08 12:32:55 --> Session: "sess_save_path" is empty; using "session.save_path" value from php.ini.
DEBUG - 2019-09-08 12:32:55 --> Session: "sess_save_path" is empty; using "session.save_path" value from php.ini.
INFO - 2019-09-08 12:32:55 --> Session: Class initialized using 'files' driver.
INFO - 2019-09-08 12:32:55 --> Controller Class Initialized
DEBUG - 2019-09-08 12:32:55 --> Session class already loaded. Second attempt ignored.
INFO - 2019-09-08 12:32:55 --> Form Validation Class Initialized
INFO - 2019-09-08 12:32:55 --> Session: Class initialized using 'files' driver.
INFO - 2019-09-08 12:32:55 --> Controller Class Initialized
DEBUG - 2019-09-08 12:32:55 --> Session class already loaded. Second attempt ignored.
INFO - 2019-09-08 12:32:55 --> Form Validation Class Initialized
INFO - 2019-09-08 12:32:55 --> Session: Class initialized using 'files' driver.
INFO - 2019-09-08 12:32:55 --> Controller Class Initialized
DEBUG - 2019-09-08 12:32:55 --> Session class already loaded. Second attempt ignored.
INFO - 2019-09-08 12:32:55 --> Form Validation Class Initialized
INFO - 2019-09-08 12:33:51 --> Config Class Initialized
INFO - 2019-09-08 12:33:51 --> Hooks Class Initialized
DEBUG - 2019-09-08 12:33:51 --> UTF-8 Support Enabled
INFO - 2019-09-08 12:33:51 --> Utf8 Class Initialized
INFO - 2019-09-08 12:33:51 --> URI Class Initialized
INFO - 2019-09-08 12:33:51 --> Router Class Initialized
INFO - 2019-09-08 12:33:51 --> Output Class Initialized
INFO - 2019-09-08 12:33:51 --> Security Class Initialized
DEBUG - 2019-09-08 12:33:51 --> Global POST, GET and COOKIE data sanitized
INFO - 2019-09-08 12:33:51 --> Input Class Initialized
INFO - 2019-09-08 12:33:51 --> Language Class Initialized
INFO - 2019-09-08 12:33:51 --> Loader Class Initialized
INFO - 2019-09-08 12:33:51 --> Helper loaded: url_helper
INFO - 2019-09-08 12:33:51 --> Helper loaded: form_helper
INFO - 2019-09-08 12:33:51 --> Helper loaded: html_helper
INFO - 2019-09-08 12:33:51 --> Helper loaded: rbac_helper
INFO - 2019-09-08 12:33:51 --> Helper loaded: layout_helper
INFO - 2019-09-08 12:33:51 --> Helper loaded: func_helper
INFO - 2019-09-08 12:33:51 --> Helper loaded: oraxe_helper
INFO - 2019-09-08 12:33:51 --> Database Driver Class Initialized
DEBUG - 2019-09-08 12:33:51 --> Session: "sess_save_path" is empty; using "session.save_path" value from php.ini.
INFO - 2019-09-08 12:33:51 --> Session: Class initialized using 'files' driver.
INFO - 2019-09-08 12:33:51 --> Controller Class Initialized
DEBUG - 2019-09-08 12:33:51 --> Session class already loaded. Second attempt ignored.
INFO - 2019-09-08 12:33:51 --> Form Validation Class Initialized
INFO - 2019-09-08 12:33:51 --> user_id=[lutfi]module=[company]method[get]
INFO - 2019-09-08 12:33:51 --> user_id=[lutfi]module=[structure]method[get]
INFO - 2019-09-08 12:33:51 --> user_id=[lutfi]module=[report]method[get]
INFO - 2019-09-08 12:33:51 --> user_id=[lutfi]module=[workhour]method[get]
INFO - 2019-09-08 12:33:51 --> user_id=[lutfi]module=[holiday]method[get]
INFO - 2019-09-08 12:33:51 --> user_id=[lutfi]module=[employees]method[get]
INFO - 2019-09-08 12:33:51 --> user_id=[lutfi]module=[timesheet]method[get]
INFO - 2019-09-08 12:33:51 --> user_id=[lutfi]module=[absent]method[get]
INFO - 2019-09-08 12:33:51 --> user_id=[lutfi]module=[onleave]method[get]
INFO - 2019-09-08 12:33:51 --> user_id=[lutfi]module=[overtime]method[get]
INFO - 2019-09-08 12:33:51 --> user_id=[lutfi]module=[schemas]method[get]
INFO - 2019-09-08 12:33:51 --> user_id=[lutfi]module=[adjustment]method[get]
INFO - 2019-09-08 12:33:51 --> user_id=[lutfi]module=[reimburse]method[get]
INFO - 2019-09-08 12:33:51 --> user_id=[lutfi]module=[wages]method[get]
INFO - 2019-09-08 12:33:51 --> user_id=[lutfi]module=[paydays]method[get]
INFO - 2019-09-08 12:33:51 --> File loaded: D:\Projects\Web\cyberhrm\application\views\dashboard.php
INFO - 2019-09-08 12:33:51 --> File loaded: D:\Projects\Web\cyberhrm\application\views\layouts/default.php
INFO - 2019-09-08 12:33:51 --> Final output sent to browser
DEBUG - 2019-09-08 12:33:51 --> Total execution time: 0.0887
INFO - 2019-09-08 12:33:51 --> Config Class Initialized
INFO - 2019-09-08 12:33:51 --> Hooks Class Initialized
DEBUG - 2019-09-08 12:33:51 --> UTF-8 Support Enabled
INFO - 2019-09-08 12:33:51 --> Utf8 Class Initialized
INFO - 2019-09-08 12:33:51 --> URI Class Initialized
INFO - 2019-09-08 12:33:51 --> Router Class Initialized
INFO - 2019-09-08 12:33:51 --> Output Class Initialized
INFO - 2019-09-08 12:33:51 --> Security Class Initialized
DEBUG - 2019-09-08 12:33:51 --> Global POST, GET and COOKIE data sanitized
INFO - 2019-09-08 12:33:51 --> Input Class Initialized
INFO - 2019-09-08 12:33:51 --> Language Class Initialized
INFO - 2019-09-08 12:33:51 --> Loader Class Initialized
INFO - 2019-09-08 12:33:51 --> Helper loaded: url_helper
INFO - 2019-09-08 12:33:51 --> Helper loaded: form_helper
INFO - 2019-09-08 12:33:51 --> Helper loaded: html_helper
INFO - 2019-09-08 12:33:51 --> Helper loaded: rbac_helper
INFO - 2019-09-08 12:33:51 --> Helper loaded: layout_helper
INFO - 2019-09-08 12:33:51 --> Helper loaded: func_helper
INFO - 2019-09-08 12:33:51 --> Helper loaded: oraxe_helper
INFO - 2019-09-08 12:33:51 --> Database Driver Class Initialized
INFO - 2019-09-08 12:33:51 --> Config Class Initialized
INFO - 2019-09-08 12:33:51 --> Hooks Class Initialized
DEBUG - 2019-09-08 12:33:51 --> UTF-8 Support Enabled
INFO - 2019-09-08 12:33:51 --> Utf8 Class Initialized
INFO - 2019-09-08 12:33:51 --> URI Class Initialized
DEBUG - 2019-09-08 12:33:51 --> Session: "sess_save_path" is empty; using "session.save_path" value from php.ini.
INFO - 2019-09-08 12:33:51 --> Router Class Initialized
INFO - 2019-09-08 12:33:51 --> Session: Class initialized using 'files' driver.
INFO - 2019-09-08 12:33:51 --> Controller Class Initialized
DEBUG - 2019-09-08 12:33:51 --> Session class already loaded. Second attempt ignored.
INFO - 2019-09-08 12:33:51 --> Form Validation Class Initialized
INFO - 2019-09-08 12:33:51 --> Output Class Initialized
INFO - 2019-09-08 12:33:51 --> Security Class Initialized
DEBUG - 2019-09-08 12:33:51 --> Global POST, GET and COOKIE data sanitized
INFO - 2019-09-08 12:33:51 --> Input Class Initialized
INFO - 2019-09-08 12:33:51 --> Language Class Initialized
INFO - 2019-09-08 12:33:51 --> Config Class Initialized
INFO - 2019-09-08 12:33:51 --> Loader Class Initialized
INFO - 2019-09-08 12:33:51 --> Hooks Class Initialized
DEBUG - 2019-09-08 12:33:51 --> UTF-8 Support Enabled
INFO - 2019-09-08 12:33:51 --> Utf8 Class Initialized
INFO - 2019-09-08 12:33:51 --> Helper loaded: url_helper
INFO - 2019-09-08 12:33:51 --> URI Class Initialized
INFO - 2019-09-08 12:33:51 --> Config Class Initialized
INFO - 2019-09-08 12:33:51 --> Hooks Class Initialized
INFO - 2019-09-08 12:33:51 --> Helper loaded: form_helper
INFO - 2019-09-08 12:33:51 --> Router Class Initialized
INFO - 2019-09-08 12:33:51 --> Helper loaded: html_helper
INFO - 2019-09-08 12:33:51 --> Helper loaded: rbac_helper
INFO - 2019-09-08 12:33:51 --> Helper loaded: layout_helper
DEBUG - 2019-09-08 12:33:51 --> UTF-8 Support Enabled
INFO - 2019-09-08 12:33:51 --> Utf8 Class Initialized
INFO - 2019-09-08 12:33:51 --> Helper loaded: func_helper
INFO - 2019-09-08 12:33:51 --> Output Class Initialized
INFO - 2019-09-08 12:33:51 --> URI Class Initialized
INFO - 2019-09-08 12:33:51 --> Helper loaded: oraxe_helper
INFO - 2019-09-08 12:33:51 --> Security Class Initialized
INFO - 2019-09-08 12:33:51 --> Router Class Initialized
DEBUG - 2019-09-08 12:33:51 --> Global POST, GET and COOKIE data sanitized
INFO - 2019-09-08 12:33:51 --> Input Class Initialized
INFO - 2019-09-08 12:33:51 --> Output Class Initialized
INFO - 2019-09-08 12:33:51 --> Language Class Initialized
INFO - 2019-09-08 12:33:51 --> Security Class Initialized
DEBUG - 2019-09-08 12:33:51 --> Global POST, GET and COOKIE data sanitized
INFO - 2019-09-08 12:33:51 --> Input Class Initialized
INFO - 2019-09-08 12:33:51 --> Database Driver Class Initialized
INFO - 2019-09-08 12:33:51 --> Language Class Initialized
INFO - 2019-09-08 12:33:51 --> Loader Class Initialized
INFO - 2019-09-08 12:33:51 --> Helper loaded: url_helper
INFO - 2019-09-08 12:33:51 --> Loader Class Initialized
INFO - 2019-09-08 12:33:51 --> Helper loaded: form_helper
INFO - 2019-09-08 12:33:51 --> Helper loaded: url_helper
INFO - 2019-09-08 12:33:51 --> Helper loaded: html_helper
INFO - 2019-09-08 12:33:51 --> Helper loaded: form_helper
INFO - 2019-09-08 12:33:52 --> Helper loaded: rbac_helper
INFO - 2019-09-08 12:33:52 --> Helper loaded: html_helper
INFO - 2019-09-08 12:33:52 --> Helper loaded: layout_helper
INFO - 2019-09-08 12:33:52 --> Helper loaded: rbac_helper
INFO - 2019-09-08 12:33:52 --> Helper loaded: func_helper
INFO - 2019-09-08 12:33:52 --> Helper loaded: layout_helper
INFO - 2019-09-08 12:33:52 --> Helper loaded: oraxe_helper
INFO - 2019-09-08 12:33:52 --> Helper loaded: func_helper
INFO - 2019-09-08 12:33:52 --> Helper loaded: oraxe_helper
INFO - 2019-09-08 12:33:52 --> Database Driver Class Initialized
INFO - 2019-09-08 12:33:52 --> Database Driver Class Initialized
DEBUG - 2019-09-08 12:33:52 --> Session: "sess_save_path" is empty; using "session.save_path" value from php.ini.
INFO - 2019-09-08 12:33:52 --> Session: Class initialized using 'files' driver.
INFO - 2019-09-08 12:33:52 --> Controller Class Initialized
DEBUG - 2019-09-08 12:33:52 --> Session class already loaded. Second attempt ignored.
INFO - 2019-09-08 12:33:52 --> Form Validation Class Initialized
DEBUG - 2019-09-08 12:33:52 --> Session: "sess_save_path" is empty; using "session.save_path" value from php.ini.
INFO - 2019-09-08 12:33:52 --> Session: Class initialized using 'files' driver.
INFO - 2019-09-08 12:33:52 --> Controller Class Initialized
DEBUG - 2019-09-08 12:33:52 --> Session class already loaded. Second attempt ignored.
INFO - 2019-09-08 12:33:52 --> Form Validation Class Initialized
DEBUG - 2019-09-08 12:33:52 --> Session: "sess_save_path" is empty; using "session.save_path" value from php.ini.
INFO - 2019-09-08 12:33:52 --> Session: Class initialized using 'files' driver.
INFO - 2019-09-08 12:33:52 --> Controller Class Initialized
DEBUG - 2019-09-08 12:33:52 --> Session class already loaded. Second attempt ignored.
INFO - 2019-09-08 12:33:52 --> Form Validation Class Initialized
INFO - 2019-09-08 13:09:48 --> Config Class Initialized
INFO - 2019-09-08 13:09:48 --> Hooks Class Initialized
DEBUG - 2019-09-08 13:09:48 --> UTF-8 Support Enabled
INFO - 2019-09-08 13:09:48 --> Utf8 Class Initialized
INFO - 2019-09-08 13:09:48 --> URI Class Initialized
INFO - 2019-09-08 13:09:48 --> Router Class Initialized
INFO - 2019-09-08 13:09:48 --> Output Class Initialized
INFO - 2019-09-08 13:09:48 --> Security Class Initialized
DEBUG - 2019-09-08 13:09:48 --> Global POST, GET and COOKIE data sanitized
INFO - 2019-09-08 13:09:48 --> Input Class Initialized
INFO - 2019-09-08 13:09:48 --> Language Class Initialized
INFO - 2019-09-08 13:09:48 --> Loader Class Initialized
INFO - 2019-09-08 13:09:48 --> Helper loaded: url_helper
INFO - 2019-09-08 13:09:48 --> Helper loaded: form_helper
INFO - 2019-09-08 13:09:48 --> Helper loaded: html_helper
INFO - 2019-09-08 13:09:48 --> Helper loaded: rbac_helper
INFO - 2019-09-08 13:09:48 --> Helper loaded: layout_helper
INFO - 2019-09-08 13:09:48 --> Helper loaded: func_helper
INFO - 2019-09-08 13:09:48 --> Helper loaded: oraxe_helper
INFO - 2019-09-08 13:09:48 --> Database Driver Class Initialized
DEBUG - 2019-09-08 13:09:48 --> Session: "sess_save_path" is empty; using "session.save_path" value from php.ini.
INFO - 2019-09-08 13:09:48 --> Session: Class initialized using 'files' driver.
INFO - 2019-09-08 13:09:48 --> Controller Class Initialized
DEBUG - 2019-09-08 13:09:48 --> Session class already loaded. Second attempt ignored.
INFO - 2019-09-08 13:09:48 --> Form Validation Class Initialized
INFO - 2019-09-08 13:09:48 --> user_id=[lutfi]module=[company]method[get]
INFO - 2019-09-08 13:09:48 --> user_id=[lutfi]module=[structure]method[get]
INFO - 2019-09-08 13:09:48 --> user_id=[lutfi]module=[report]method[get]
INFO - 2019-09-08 13:09:48 --> user_id=[lutfi]module=[workhour]method[get]
INFO - 2019-09-08 13:09:48 --> user_id=[lutfi]module=[holiday]method[get]
INFO - 2019-09-08 13:09:48 --> user_id=[lutfi]module=[employees]method[get]
INFO - 2019-09-08 13:09:48 --> user_id=[lutfi]module=[timesheet]method[get]
INFO - 2019-09-08 13:09:48 --> user_id=[lutfi]module=[absent]method[get]
INFO - 2019-09-08 13:09:48 --> user_id=[lutfi]module=[onleave]method[get]
INFO - 2019-09-08 13:09:48 --> user_id=[lutfi]module=[overtime]method[get]
INFO - 2019-09-08 13:09:48 --> user_id=[lutfi]module=[schemas]method[get]
INFO - 2019-09-08 13:09:48 --> user_id=[lutfi]module=[adjustment]method[get]
INFO - 2019-09-08 13:09:48 --> user_id=[lutfi]module=[reimburse]method[get]
INFO - 2019-09-08 13:09:48 --> user_id=[lutfi]module=[wages]method[get]
INFO - 2019-09-08 13:09:48 --> user_id=[lutfi]module=[paydays]method[get]
INFO - 2019-09-08 13:09:48 --> File loaded: D:\Projects\Web\cyberhrm\application\views\dashboard.php
INFO - 2019-09-08 13:09:48 --> File loaded: D:\Projects\Web\cyberhrm\application\views\layouts/default.php
INFO - 2019-09-08 13:09:48 --> Final output sent to browser
DEBUG - 2019-09-08 13:09:48 --> Total execution time: 0.0957
INFO - 2019-09-08 13:09:48 --> Config Class Initialized
INFO - 2019-09-08 13:09:48 --> Hooks Class Initialized
DEBUG - 2019-09-08 13:09:48 --> UTF-8 Support Enabled
INFO - 2019-09-08 13:09:48 --> Utf8 Class Initialized
INFO - 2019-09-08 13:09:48 --> URI Class Initialized
INFO - 2019-09-08 13:09:48 --> Router Class Initialized
INFO - 2019-09-08 13:09:48 --> Output Class Initialized
INFO - 2019-09-08 13:09:48 --> Security Class Initialized
INFO - 2019-09-08 13:09:48 --> Config Class Initialized
INFO - 2019-09-08 13:09:48 --> Hooks Class Initialized
INFO - 2019-09-08 13:09:48 --> Config Class Initialized
INFO - 2019-09-08 13:09:48 --> Hooks Class Initialized
DEBUG - 2019-09-08 13:09:48 --> Global POST, GET and COOKIE data sanitized
INFO - 2019-09-08 13:09:48 --> Input Class Initialized
INFO - 2019-09-08 13:09:48 --> Language Class Initialized
DEBUG - 2019-09-08 13:09:48 --> UTF-8 Support Enabled
DEBUG - 2019-09-08 13:09:48 --> UTF-8 Support Enabled
INFO - 2019-09-08 13:09:48 --> Utf8 Class Initialized
INFO - 2019-09-08 13:09:48 --> Utf8 Class Initialized
INFO - 2019-09-08 13:09:48 --> Loader Class Initialized
INFO - 2019-09-08 13:09:48 --> URI Class Initialized
INFO - 2019-09-08 13:09:48 --> URI Class Initialized
INFO - 2019-09-08 13:09:48 --> Helper loaded: url_helper
INFO - 2019-09-08 13:09:48 --> Helper loaded: form_helper
INFO - 2019-09-08 13:09:48 --> Router Class Initialized
INFO - 2019-09-08 13:09:48 --> Router Class Initialized
INFO - 2019-09-08 13:09:48 --> Helper loaded: html_helper
INFO - 2019-09-08 13:09:48 --> Helper loaded: rbac_helper
INFO - 2019-09-08 13:09:48 --> Output Class Initialized
INFO - 2019-09-08 13:09:48 --> Helper loaded: layout_helper
INFO - 2019-09-08 13:09:48 --> Output Class Initialized
INFO - 2019-09-08 13:09:48 --> Helper loaded: func_helper
INFO - 2019-09-08 13:09:48 --> Security Class Initialized
INFO - 2019-09-08 13:09:48 --> Helper loaded: oraxe_helper
INFO - 2019-09-08 13:09:48 --> Security Class Initialized
DEBUG - 2019-09-08 13:09:48 --> Global POST, GET and COOKIE data sanitized
INFO - 2019-09-08 13:09:48 --> Input Class Initialized
INFO - 2019-09-08 13:09:48 --> Config Class Initialized
INFO - 2019-09-08 13:09:48 --> Hooks Class Initialized
DEBUG - 2019-09-08 13:09:48 --> Global POST, GET and COOKIE data sanitized
INFO - 2019-09-08 13:09:48 --> Input Class Initialized
INFO - 2019-09-08 13:09:48 --> Language Class Initialized
INFO - 2019-09-08 13:09:48 --> Language Class Initialized
INFO - 2019-09-08 13:09:48 --> Loader Class Initialized
INFO - 2019-09-08 13:09:48 --> Database Driver Class Initialized
INFO - 2019-09-08 13:09:48 --> Helper loaded: url_helper
INFO - 2019-09-08 13:09:48 --> Helper loaded: form_helper
DEBUG - 2019-09-08 13:09:48 --> UTF-8 Support Enabled
INFO - 2019-09-08 13:09:48 --> Helper loaded: html_helper
INFO - 2019-09-08 13:09:48 --> Helper loaded: rbac_helper
INFO - 2019-09-08 13:09:48 --> Loader Class Initialized
INFO - 2019-09-08 13:09:48 --> Utf8 Class Initialized
INFO - 2019-09-08 13:09:48 --> Helper loaded: layout_helper
INFO - 2019-09-08 13:09:48 --> Helper loaded: func_helper
INFO - 2019-09-08 13:09:48 --> URI Class Initialized
INFO - 2019-09-08 13:09:48 --> Helper loaded: oraxe_helper
INFO - 2019-09-08 13:09:48 --> Router Class Initialized
INFO - 2019-09-08 13:09:48 --> Helper loaded: url_helper
INFO - 2019-09-08 13:09:48 --> Output Class Initialized
INFO - 2019-09-08 13:09:48 --> Helper loaded: form_helper
INFO - 2019-09-08 13:09:48 --> Helper loaded: html_helper
INFO - 2019-09-08 13:09:48 --> Helper loaded: rbac_helper
INFO - 2019-09-08 13:09:48 --> Security Class Initialized
INFO - 2019-09-08 13:09:48 --> Helper loaded: layout_helper
INFO - 2019-09-08 13:09:48 --> Helper loaded: func_helper
INFO - 2019-09-08 13:09:48 --> Helper loaded: oraxe_helper
INFO - 2019-09-08 13:09:48 --> Database Driver Class Initialized
DEBUG - 2019-09-08 13:09:48 --> Global POST, GET and COOKIE data sanitized
INFO - 2019-09-08 13:09:48 --> Input Class Initialized
INFO - 2019-09-08 13:09:48 --> Language Class Initialized
INFO - 2019-09-08 13:09:48 --> Loader Class Initialized
INFO - 2019-09-08 13:09:48 --> Helper loaded: url_helper
INFO - 2019-09-08 13:09:48 --> Helper loaded: form_helper
INFO - 2019-09-08 13:09:48 --> Helper loaded: html_helper
INFO - 2019-09-08 13:09:48 --> Helper loaded: rbac_helper
INFO - 2019-09-08 13:09:48 --> Database Driver Class Initialized
INFO - 2019-09-08 13:09:48 --> Helper loaded: layout_helper
INFO - 2019-09-08 13:09:48 --> Helper loaded: func_helper
INFO - 2019-09-08 13:09:48 --> Helper loaded: oraxe_helper
DEBUG - 2019-09-08 13:09:48 --> Session: "sess_save_path" is empty; using "session.save_path" value from php.ini.
INFO - 2019-09-08 13:09:48 --> Session: Class initialized using 'files' driver.
INFO - 2019-09-08 13:09:48 --> Controller Class Initialized
DEBUG - 2019-09-08 13:09:48 --> Session class already loaded. Second attempt ignored.
INFO - 2019-09-08 13:09:48 --> Database Driver Class Initialized
INFO - 2019-09-08 13:09:48 --> Form Validation Class Initialized
DEBUG - 2019-09-08 13:09:48 --> Session: "sess_save_path" is empty; using "session.save_path" value from php.ini.
INFO - 2019-09-08 13:09:48 --> Session: Class initialized using 'files' driver.
INFO - 2019-09-08 13:09:48 --> Controller Class Initialized
DEBUG - 2019-09-08 13:09:48 --> Session class already loaded. Second attempt ignored.
INFO - 2019-09-08 13:09:48 --> Form Validation Class Initialized
DEBUG - 2019-09-08 13:09:49 --> Session: "sess_save_path" is empty; using "session.save_path" value from php.ini.
INFO - 2019-09-08 13:09:49 --> Session: Class initialized using 'files' driver.
INFO - 2019-09-08 13:09:49 --> Controller Class Initialized
DEBUG - 2019-09-08 13:09:49 --> Session class already loaded. Second attempt ignored.
INFO - 2019-09-08 13:09:49 --> Form Validation Class Initialized
DEBUG - 2019-09-08 13:09:49 --> Session: "sess_save_path" is empty; using "session.save_path" value from php.ini.
INFO - 2019-09-08 13:09:49 --> Session: Class initialized using 'files' driver.
INFO - 2019-09-08 13:09:49 --> Controller Class Initialized
DEBUG - 2019-09-08 13:09:49 --> Session class already loaded. Second attempt ignored.
INFO - 2019-09-08 13:09:49 --> Form Validation Class Initialized
INFO - 2019-09-08 13:09:50 --> Config Class Initialized
INFO - 2019-09-08 13:09:50 --> Hooks Class Initialized
DEBUG - 2019-09-08 13:09:50 --> UTF-8 Support Enabled
INFO - 2019-09-08 13:09:50 --> Utf8 Class Initialized
INFO - 2019-09-08 13:09:50 --> URI Class Initialized
INFO - 2019-09-08 13:09:50 --> Router Class Initialized
INFO - 2019-09-08 13:09:50 --> Output Class Initialized
INFO - 2019-09-08 13:09:50 --> Security Class Initialized
DEBUG - 2019-09-08 13:09:50 --> Global POST, GET and COOKIE data sanitized
INFO - 2019-09-08 13:09:50 --> Input Class Initialized
INFO - 2019-09-08 13:09:50 --> Language Class Initialized
INFO - 2019-09-08 13:09:50 --> Loader Class Initialized
INFO - 2019-09-08 13:09:50 --> Helper loaded: url_helper
INFO - 2019-09-08 13:09:50 --> Helper loaded: form_helper
INFO - 2019-09-08 13:09:50 --> Helper loaded: html_helper
INFO - 2019-09-08 13:09:50 --> Helper loaded: rbac_helper
INFO - 2019-09-08 13:09:50 --> Helper loaded: layout_helper
INFO - 2019-09-08 13:09:50 --> Helper loaded: func_helper
INFO - 2019-09-08 13:09:50 --> Helper loaded: oraxe_helper
INFO - 2019-09-08 13:09:50 --> Database Driver Class Initialized
DEBUG - 2019-09-08 13:09:50 --> Session: "sess_save_path" is empty; using "session.save_path" value from php.ini.
INFO - 2019-09-08 13:09:50 --> Session: Class initialized using 'files' driver.
INFO - 2019-09-08 13:09:50 --> Controller Class Initialized
DEBUG - 2019-09-08 13:09:50 --> Session class already loaded. Second attempt ignored.
INFO - 2019-09-08 13:09:50 --> Form Validation Class Initialized
INFO - 2019-09-08 13:09:50 --> user_id=[lutfi]module=[company]method[get]
INFO - 2019-09-08 13:09:50 --> user_id=[lutfi]module=[structure]method[get]
INFO - 2019-09-08 13:09:50 --> user_id=[lutfi]module=[report]method[get]
INFO - 2019-09-08 13:09:50 --> user_id=[lutfi]module=[workhour]method[get]
INFO - 2019-09-08 13:09:50 --> user_id=[lutfi]module=[holiday]method[get]
INFO - 2019-09-08 13:09:50 --> user_id=[lutfi]module=[employees]method[get]
INFO - 2019-09-08 13:09:50 --> user_id=[lutfi]module=[timesheet]method[get]
INFO - 2019-09-08 13:09:50 --> user_id=[lutfi]module=[absent]method[get]
INFO - 2019-09-08 13:09:50 --> user_id=[lutfi]module=[onleave]method[get]
INFO - 2019-09-08 13:09:50 --> user_id=[lutfi]module=[overtime]method[get]
INFO - 2019-09-08 13:09:50 --> user_id=[lutfi]module=[schemas]method[get]
INFO - 2019-09-08 13:09:50 --> user_id=[lutfi]module=[adjustment]method[get]
INFO - 2019-09-08 13:09:50 --> user_id=[lutfi]module=[reimburse]method[get]
INFO - 2019-09-08 13:09:50 --> user_id=[lutfi]module=[wages]method[get]
INFO - 2019-09-08 13:09:50 --> user_id=[lutfi]module=[paydays]method[get]
INFO - 2019-09-08 13:09:50 --> File loaded: D:\Projects\Web\cyberhrm\application\views\report.php
INFO - 2019-09-08 13:09:50 --> File loaded: D:\Projects\Web\cyberhrm\application\views\layouts/default.php
INFO - 2019-09-08 13:09:50 --> Final output sent to browser
DEBUG - 2019-09-08 13:09:50 --> Total execution time: 0.2004
INFO - 2019-09-08 13:09:51 --> Config Class Initialized
INFO - 2019-09-08 13:09:51 --> Hooks Class Initialized
DEBUG - 2019-09-08 13:09:51 --> UTF-8 Support Enabled
INFO - 2019-09-08 13:09:51 --> Utf8 Class Initialized
INFO - 2019-09-08 13:09:51 --> URI Class Initialized
INFO - 2019-09-08 13:09:51 --> Router Class Initialized
INFO - 2019-09-08 13:09:51 --> Output Class Initialized
INFO - 2019-09-08 13:09:51 --> Security Class Initialized
DEBUG - 2019-09-08 13:09:51 --> Global POST, GET and COOKIE data sanitized
INFO - 2019-09-08 13:09:51 --> Input Class Initialized
INFO - 2019-09-08 13:09:51 --> Language Class Initialized
INFO - 2019-09-08 13:09:51 --> Loader Class Initialized
INFO - 2019-09-08 13:09:51 --> Helper loaded: url_helper
INFO - 2019-09-08 13:09:51 --> Helper loaded: form_helper
INFO - 2019-09-08 13:09:51 --> Helper loaded: html_helper
INFO - 2019-09-08 13:09:51 --> Helper loaded: rbac_helper
INFO - 2019-09-08 13:09:51 --> Helper loaded: layout_helper
INFO - 2019-09-08 13:09:51 --> Helper loaded: func_helper
INFO - 2019-09-08 13:09:51 --> Helper loaded: oraxe_helper
INFO - 2019-09-08 13:09:51 --> Database Driver Class Initialized
DEBUG - 2019-09-08 13:09:51 --> Session: "sess_save_path" is empty; using "session.save_path" value from php.ini.
INFO - 2019-09-08 13:09:51 --> Session: Class initialized using 'files' driver.
INFO - 2019-09-08 13:09:51 --> Controller Class Initialized
DEBUG - 2019-09-08 13:09:51 --> Session class already loaded. Second attempt ignored.
INFO - 2019-09-08 13:09:51 --> Form Validation Class Initialized
INFO - 2019-09-08 13:09:51 --> user_id=[lutfi]module=[report]method[query]
INFO - 2019-09-08 13:10:09 --> Config Class Initialized
INFO - 2019-09-08 13:10:09 --> Hooks Class Initialized
DEBUG - 2019-09-08 13:10:09 --> UTF-8 Support Enabled
INFO - 2019-09-08 13:10:09 --> Utf8 Class Initialized
INFO - 2019-09-08 13:10:09 --> URI Class Initialized
INFO - 2019-09-08 13:10:09 --> Router Class Initialized
INFO - 2019-09-08 13:10:09 --> Output Class Initialized
INFO - 2019-09-08 13:10:09 --> Security Class Initialized
DEBUG - 2019-09-08 13:10:09 --> Global POST, GET and COOKIE data sanitized
INFO - 2019-09-08 13:10:09 --> Input Class Initialized
INFO - 2019-09-08 13:10:09 --> Language Class Initialized
INFO - 2019-09-08 13:10:09 --> Loader Class Initialized
INFO - 2019-09-08 13:10:09 --> Helper loaded: url_helper
INFO - 2019-09-08 13:10:09 --> Helper loaded: form_helper
INFO - 2019-09-08 13:10:09 --> Helper loaded: html_helper
INFO - 2019-09-08 13:10:09 --> Helper loaded: rbac_helper
INFO - 2019-09-08 13:10:09 --> Helper loaded: layout_helper
INFO - 2019-09-08 13:10:09 --> Helper loaded: func_helper
INFO - 2019-09-08 13:10:09 --> Helper loaded: oraxe_helper
INFO - 2019-09-08 13:10:09 --> Database Driver Class Initialized
DEBUG - 2019-09-08 13:10:09 --> Session: "sess_save_path" is empty; using "session.save_path" value from php.ini.
INFO - 2019-09-08 13:10:09 --> Session: Class initialized using 'files' driver.
INFO - 2019-09-08 13:10:09 --> Controller Class Initialized
DEBUG - 2019-09-08 13:10:09 --> Session class already loaded. Second attempt ignored.
INFO - 2019-09-08 13:10:09 --> Form Validation Class Initialized
INFO - 2019-09-08 13:10:09 --> Final output sent to browser
DEBUG - 2019-09-08 13:10:09 --> Total execution time: 0.0993
INFO - 2019-09-08 13:16:06 --> Config Class Initialized
INFO - 2019-09-08 13:16:06 --> Hooks Class Initialized
DEBUG - 2019-09-08 13:16:06 --> UTF-8 Support Enabled
INFO - 2019-09-08 13:16:06 --> Utf8 Class Initialized
INFO - 2019-09-08 13:16:06 --> URI Class Initialized
INFO - 2019-09-08 13:16:06 --> Router Class Initialized
INFO - 2019-09-08 13:16:06 --> Output Class Initialized
INFO - 2019-09-08 13:16:06 --> Security Class Initialized
DEBUG - 2019-09-08 13:16:06 --> Global POST, GET and COOKIE data sanitized
INFO - 2019-09-08 13:16:06 --> Input Class Initialized
INFO - 2019-09-08 13:16:06 --> Language Class Initialized
INFO - 2019-09-08 13:16:06 --> Loader Class Initialized
INFO - 2019-09-08 13:16:06 --> Helper loaded: url_helper
INFO - 2019-09-08 13:16:06 --> Helper loaded: form_helper
INFO - 2019-09-08 13:16:06 --> Helper loaded: html_helper
INFO - 2019-09-08 13:16:06 --> Helper loaded: rbac_helper
INFO - 2019-09-08 13:16:06 --> Helper loaded: layout_helper
INFO - 2019-09-08 13:16:06 --> Helper loaded: func_helper
INFO - 2019-09-08 13:16:06 --> Helper loaded: oraxe_helper
INFO - 2019-09-08 13:16:06 --> Database Driver Class Initialized
DEBUG - 2019-09-08 13:16:06 --> Session: "sess_save_path" is empty; using "session.save_path" value from php.ini.
INFO - 2019-09-08 13:16:06 --> Session: Class initialized using 'files' driver.
INFO - 2019-09-08 13:16:06 --> Controller Class Initialized
DEBUG - 2019-09-08 13:16:06 --> Session class already loaded. Second attempt ignored.
INFO - 2019-09-08 13:16:06 --> Form Validation Class Initialized
INFO - 2019-09-08 13:16:06 --> user_id=[lutfi]module=[company]method[get]
INFO - 2019-09-08 13:16:06 --> user_id=[lutfi]module=[structure]method[get]
INFO - 2019-09-08 13:16:06 --> user_id=[lutfi]module=[report]method[get]
INFO - 2019-09-08 13:16:06 --> user_id=[lutfi]module=[workhour]method[get]
INFO - 2019-09-08 13:16:06 --> user_id=[lutfi]module=[holiday]method[get]
INFO - 2019-09-08 13:16:06 --> user_id=[lutfi]module=[employees]method[get]
INFO - 2019-09-08 13:16:06 --> user_id=[lutfi]module=[timesheet]method[get]
INFO - 2019-09-08 13:16:06 --> user_id=[lutfi]module=[absent]method[get]
INFO - 2019-09-08 13:16:06 --> user_id=[lutfi]module=[onleave]method[get]
INFO - 2019-09-08 13:16:06 --> user_id=[lutfi]module=[overtime]method[get]
INFO - 2019-09-08 13:16:06 --> user_id=[lutfi]module=[schemas]method[get]
INFO - 2019-09-08 13:16:06 --> user_id=[lutfi]module=[adjustment]method[get]
INFO - 2019-09-08 13:16:06 --> user_id=[lutfi]module=[reimburse]method[get]
INFO - 2019-09-08 13:16:06 --> user_id=[lutfi]module=[wages]method[get]
INFO - 2019-09-08 13:16:06 --> user_id=[lutfi]module=[paydays]method[get]
INFO - 2019-09-08 13:16:06 --> File loaded: D:\Projects\Web\cyberhrm\application\views\dashboard.php
INFO - 2019-09-08 13:16:06 --> File loaded: D:\Projects\Web\cyberhrm\application\views\layouts/default.php
INFO - 2019-09-08 13:16:06 --> Final output sent to browser
DEBUG - 2019-09-08 13:16:06 --> Total execution time: 0.1259
INFO - 2019-09-08 13:16:06 --> Config Class Initialized
INFO - 2019-09-08 13:16:06 --> Hooks Class Initialized
DEBUG - 2019-09-08 13:16:06 --> UTF-8 Support Enabled
INFO - 2019-09-08 13:16:06 --> Utf8 Class Initialized
INFO - 2019-09-08 13:16:06 --> URI Class Initialized
INFO - 2019-09-08 13:16:06 --> Config Class Initialized
INFO - 2019-09-08 13:16:06 --> Hooks Class Initialized
INFO - 2019-09-08 13:16:06 --> Config Class Initialized
INFO - 2019-09-08 13:16:06 --> Hooks Class Initialized
INFO - 2019-09-08 13:16:06 --> Router Class Initialized
INFO - 2019-09-08 13:16:06 --> Output Class Initialized
DEBUG - 2019-09-08 13:16:06 --> UTF-8 Support Enabled
DEBUG - 2019-09-08 13:16:06 --> UTF-8 Support Enabled
INFO - 2019-09-08 13:16:06 --> Utf8 Class Initialized
INFO - 2019-09-08 13:16:06 --> Utf8 Class Initialized
INFO - 2019-09-08 13:16:06 --> Security Class Initialized
INFO - 2019-09-08 13:16:06 --> URI Class Initialized
INFO - 2019-09-08 13:16:06 --> URI Class Initialized
DEBUG - 2019-09-08 13:16:06 --> Global POST, GET and COOKIE data sanitized
INFO - 2019-09-08 13:16:06 --> Input Class Initialized
INFO - 2019-09-08 13:16:06 --> Language Class Initialized
INFO - 2019-09-08 13:16:06 --> Router Class Initialized
INFO - 2019-09-08 13:16:06 --> Config Class Initialized
INFO - 2019-09-08 13:16:06 --> Hooks Class Initialized
INFO - 2019-09-08 13:16:06 --> Output Class Initialized
INFO - 2019-09-08 13:16:06 --> Router Class Initialized
INFO - 2019-09-08 13:16:06 --> Security Class Initialized
INFO - 2019-09-08 13:16:06 --> Loader Class Initialized
DEBUG - 2019-09-08 13:16:06 --> UTF-8 Support Enabled
INFO - 2019-09-08 13:16:06 --> Utf8 Class Initialized
INFO - 2019-09-08 13:16:06 --> Output Class Initialized
INFO - 2019-09-08 13:16:06 --> URI Class Initialized
DEBUG - 2019-09-08 13:16:06 --> Global POST, GET and COOKIE data sanitized
INFO - 2019-09-08 13:16:06 --> Security Class Initialized
INFO - 2019-09-08 13:16:06 --> Router Class Initialized
INFO - 2019-09-08 13:16:06 --> Input Class Initialized
INFO - 2019-09-08 13:16:06 --> Language Class Initialized
INFO - 2019-09-08 13:16:06 --> Output Class Initialized
DEBUG - 2019-09-08 13:16:06 --> Global POST, GET and COOKIE data sanitized
INFO - 2019-09-08 13:16:06 --> Security Class Initialized
INFO - 2019-09-08 13:16:06 --> Loader Class Initialized
INFO - 2019-09-08 13:16:06 --> Input Class Initialized
INFO - 2019-09-08 13:16:06 --> Helper loaded: url_helper
DEBUG - 2019-09-08 13:16:06 --> Global POST, GET and COOKIE data sanitized
INFO - 2019-09-08 13:16:06 --> Helper loaded: url_helper
INFO - 2019-09-08 13:16:06 --> Input Class Initialized
INFO - 2019-09-08 13:16:06 --> Language Class Initialized
INFO - 2019-09-08 13:16:06 --> Helper loaded: form_helper
INFO - 2019-09-08 13:16:06 --> Helper loaded: html_helper
INFO - 2019-09-08 13:16:06 --> Language Class Initialized
INFO - 2019-09-08 13:16:06 --> Helper loaded: rbac_helper
INFO - 2019-09-08 13:16:06 --> Helper loaded: layout_helper
INFO - 2019-09-08 13:16:06 --> Loader Class Initialized
INFO - 2019-09-08 13:16:06 --> Helper loaded: func_helper
INFO - 2019-09-08 13:16:06 --> Helper loaded: url_helper
INFO - 2019-09-08 13:16:06 --> Helper loaded: oraxe_helper
INFO - 2019-09-08 13:16:06 --> Helper loaded: form_helper
INFO - 2019-09-08 13:16:06 --> Loader Class Initialized
INFO - 2019-09-08 13:16:06 --> Helper loaded: html_helper
INFO - 2019-09-08 13:16:06 --> Helper loaded: rbac_helper
INFO - 2019-09-08 13:16:06 --> Helper loaded: url_helper
INFO - 2019-09-08 13:16:06 --> Helper loaded: layout_helper
INFO - 2019-09-08 13:16:06 --> Helper loaded: func_helper
INFO - 2019-09-08 13:16:06 --> Helper loaded: form_helper
INFO - 2019-09-08 13:16:06 --> Helper loaded: oraxe_helper
INFO - 2019-09-08 13:16:06 --> Helper loaded: html_helper
INFO - 2019-09-08 13:16:06 --> Database Driver Class Initialized
INFO - 2019-09-08 13:16:06 --> Helper loaded: rbac_helper
INFO - 2019-09-08 13:16:06 --> Helper loaded: layout_helper
INFO - 2019-09-08 13:16:06 --> Helper loaded: form_helper
INFO - 2019-09-08 13:16:06 --> Helper loaded: func_helper
INFO - 2019-09-08 13:16:06 --> Helper loaded: oraxe_helper
INFO - 2019-09-08 13:16:06 --> Helper loaded: html_helper
INFO - 2019-09-08 13:16:06 --> Database Driver Class Initialized
INFO - 2019-09-08 13:16:06 --> Helper loaded: rbac_helper
INFO - 2019-09-08 13:16:06 --> Database Driver Class Initialized
INFO - 2019-09-08 13:16:06 --> Helper loaded: layout_helper
INFO - 2019-09-08 13:16:06 --> Helper loaded: func_helper
INFO - 2019-09-08 13:16:06 --> Helper loaded: oraxe_helper
INFO - 2019-09-08 13:16:06 --> Database Driver Class Initialized
DEBUG - 2019-09-08 13:16:06 --> Session: "sess_save_path" is empty; using "session.save_path" value from php.ini.
INFO - 2019-09-08 13:16:06 --> Session: Class initialized using 'files' driver.
INFO - 2019-09-08 13:16:06 --> Controller Class Initialized
DEBUG - 2019-09-08 13:16:06 --> Session class already loaded. Second attempt ignored.
INFO - 2019-09-08 13:16:06 --> Form Validation Class Initialized
DEBUG - 2019-09-08 13:16:06 --> Session: "sess_save_path" is empty; using "session.save_path" value from php.ini.
INFO - 2019-09-08 13:16:06 --> Session: Class initialized using 'files' driver.
INFO - 2019-09-08 13:16:06 --> Controller Class Initialized
DEBUG - 2019-09-08 13:16:06 --> Session class already loaded. Second attempt ignored.
INFO - 2019-09-08 13:16:06 --> Form Validation Class Initialized
DEBUG - 2019-09-08 13:16:06 --> Session: "sess_save_path" is empty; using "session.save_path" value from php.ini.
INFO - 2019-09-08 13:16:06 --> Session: Class initialized using 'files' driver.
INFO - 2019-09-08 13:16:06 --> Controller Class Initialized
DEBUG - 2019-09-08 13:16:06 --> Session class already loaded. Second attempt ignored.
INFO - 2019-09-08 13:16:06 --> Form Validation Class Initialized
DEBUG - 2019-09-08 13:16:06 --> Session: "sess_save_path" is empty; using "session.save_path" value from php.ini.
INFO - 2019-09-08 13:16:06 --> Session: Class initialized using 'files' driver.
INFO - 2019-09-08 13:16:06 --> Controller Class Initialized
DEBUG - 2019-09-08 13:16:06 --> Session class already loaded. Second attempt ignored.
INFO - 2019-09-08 13:16:06 --> Form Validation Class Initialized
