INFO - 2019-02-01 08:36:41 --> Config Class Initialized
INFO - 2019-02-01 08:36:41 --> Hooks Class Initialized
DEBUG - 2019-02-01 08:36:41 --> UTF-8 Support Enabled
INFO - 2019-02-01 08:36:41 --> Utf8 Class Initialized
INFO - 2019-02-01 08:36:41 --> URI Class Initialized
INFO - 2019-02-01 08:36:41 --> Router Class Initialized
INFO - 2019-02-01 08:36:41 --> Output Class Initialized
INFO - 2019-02-01 08:36:41 --> Security Class Initialized
DEBUG - 2019-02-01 08:36:41 --> Global POST, GET and COOKIE data sanitized
INFO - 2019-02-01 08:36:41 --> Input Class Initialized
INFO - 2019-02-01 08:36:41 --> Language Class Initialized
INFO - 2019-02-01 08:36:41 --> Loader Class Initialized
INFO - 2019-02-01 08:36:41 --> Helper loaded: url_helper
INFO - 2019-02-01 08:36:41 --> Helper loaded: form_helper
INFO - 2019-02-01 08:36:41 --> Helper loaded: html_helper
INFO - 2019-02-01 08:36:41 --> Helper loaded: rbac_helper
INFO - 2019-02-01 08:36:41 --> Helper loaded: layout_helper
INFO - 2019-02-01 08:36:41 --> Helper loaded: func_helper
INFO - 2019-02-01 08:36:41 --> Helper loaded: oraxe_helper
INFO - 2019-02-01 08:36:42 --> Database Driver Class Initialized
DEBUG - 2019-02-01 08:36:43 --> Session: "sess_save_path" is empty; using "session.save_path" value from php.ini.
INFO - 2019-02-01 08:36:43 --> Session: Class initialized using 'files' driver.
INFO - 2019-02-01 08:36:43 --> Controller Class Initialized
DEBUG - 2019-02-01 08:36:43 --> Session class already loaded. Second attempt ignored.
INFO - 2019-02-01 08:36:43 --> Form Validation Class Initialized
INFO - 2019-02-01 08:36:44 --> user_id=[lutfi]module=[company]method[get]
INFO - 2019-02-01 08:36:44 --> user_id=[lutfi]module=[structure]method[get]
INFO - 2019-02-01 08:36:44 --> user_id=[lutfi]module=[report]method[get]
INFO - 2019-02-01 08:36:44 --> user_id=[lutfi]module=[workhour]method[get]
INFO - 2019-02-01 08:36:44 --> user_id=[lutfi]module=[holiday]method[get]
INFO - 2019-02-01 08:36:44 --> user_id=[lutfi]module=[employees]method[get]
INFO - 2019-02-01 08:36:44 --> user_id=[lutfi]module=[timesheet]method[get]
INFO - 2019-02-01 08:36:44 --> user_id=[lutfi]module=[absent]method[get]
INFO - 2019-02-01 08:36:44 --> user_id=[lutfi]module=[onleave]method[get]
INFO - 2019-02-01 08:36:44 --> user_id=[lutfi]module=[overtime]method[get]
INFO - 2019-02-01 08:36:44 --> user_id=[lutfi]module=[schemas]method[get]
INFO - 2019-02-01 08:36:44 --> user_id=[lutfi]module=[adjustment]method[get]
INFO - 2019-02-01 08:36:44 --> user_id=[lutfi]module=[reimburse]method[get]
INFO - 2019-02-01 08:36:44 --> user_id=[lutfi]module=[wages]method[get]
INFO - 2019-02-01 08:36:44 --> user_id=[lutfi]module=[paydays]method[get]
INFO - 2019-02-01 08:36:44 --> File loaded: C:\MNEMONIC\GDrive\Web\cyberhrm\application\views\holiday.php
INFO - 2019-02-01 08:36:44 --> File loaded: C:\MNEMONIC\GDrive\Web\cyberhrm\application\views\layouts/default.php
INFO - 2019-02-01 08:36:44 --> Final output sent to browser
DEBUG - 2019-02-01 08:36:44 --> Total execution time: 2.7842
INFO - 2019-02-01 08:36:47 --> Config Class Initialized
INFO - 2019-02-01 08:36:47 --> Hooks Class Initialized
DEBUG - 2019-02-01 08:36:47 --> UTF-8 Support Enabled
INFO - 2019-02-01 08:36:47 --> Utf8 Class Initialized
INFO - 2019-02-01 08:36:47 --> URI Class Initialized
INFO - 2019-02-01 08:36:47 --> Router Class Initialized
INFO - 2019-02-01 08:36:47 --> Output Class Initialized
INFO - 2019-02-01 08:36:47 --> Security Class Initialized
DEBUG - 2019-02-01 08:36:47 --> Global POST, GET and COOKIE data sanitized
INFO - 2019-02-01 08:36:47 --> Input Class Initialized
INFO - 2019-02-01 08:36:47 --> Language Class Initialized
INFO - 2019-02-01 08:36:47 --> Loader Class Initialized
INFO - 2019-02-01 08:36:47 --> Helper loaded: url_helper
INFO - 2019-02-01 08:36:47 --> Helper loaded: form_helper
INFO - 2019-02-01 08:36:47 --> Helper loaded: html_helper
INFO - 2019-02-01 08:36:47 --> Helper loaded: rbac_helper
INFO - 2019-02-01 08:36:47 --> Helper loaded: layout_helper
INFO - 2019-02-01 08:36:47 --> Helper loaded: func_helper
INFO - 2019-02-01 08:36:47 --> Helper loaded: oraxe_helper
INFO - 2019-02-01 08:36:47 --> Database Driver Class Initialized
DEBUG - 2019-02-01 08:36:47 --> Session: "sess_save_path" is empty; using "session.save_path" value from php.ini.
INFO - 2019-02-01 08:36:47 --> Session: Class initialized using 'files' driver.
INFO - 2019-02-01 08:36:47 --> Controller Class Initialized
DEBUG - 2019-02-01 08:36:47 --> Session class already loaded. Second attempt ignored.
INFO - 2019-02-01 08:36:47 --> Form Validation Class Initialized
INFO - 2019-02-01 08:36:47 --> user_id=[lutfi]module=[holiday]method[query]
INFO - 2019-02-01 08:36:47 --> Final output sent to browser
DEBUG - 2019-02-01 08:36:47 --> Total execution time: 0.5741
INFO - 2019-02-01 08:36:55 --> Config Class Initialized
INFO - 2019-02-01 08:36:55 --> Hooks Class Initialized
DEBUG - 2019-02-01 08:36:55 --> UTF-8 Support Enabled
INFO - 2019-02-01 08:36:55 --> Utf8 Class Initialized
INFO - 2019-02-01 08:36:55 --> URI Class Initialized
INFO - 2019-02-01 08:36:55 --> Router Class Initialized
INFO - 2019-02-01 08:36:55 --> Output Class Initialized
INFO - 2019-02-01 08:36:55 --> Security Class Initialized
DEBUG - 2019-02-01 08:36:55 --> Global POST, GET and COOKIE data sanitized
INFO - 2019-02-01 08:36:55 --> Input Class Initialized
INFO - 2019-02-01 08:36:55 --> Language Class Initialized
INFO - 2019-02-01 08:36:55 --> Loader Class Initialized
INFO - 2019-02-01 08:36:55 --> Helper loaded: url_helper
INFO - 2019-02-01 08:36:55 --> Helper loaded: form_helper
INFO - 2019-02-01 08:36:55 --> Helper loaded: html_helper
INFO - 2019-02-01 08:36:55 --> Helper loaded: rbac_helper
INFO - 2019-02-01 08:36:55 --> Helper loaded: layout_helper
INFO - 2019-02-01 08:36:55 --> Helper loaded: func_helper
INFO - 2019-02-01 08:36:55 --> Helper loaded: oraxe_helper
INFO - 2019-02-01 08:36:55 --> Database Driver Class Initialized
DEBUG - 2019-02-01 08:36:55 --> Session: "sess_save_path" is empty; using "session.save_path" value from php.ini.
INFO - 2019-02-01 08:36:55 --> Session: Class initialized using 'files' driver.
INFO - 2019-02-01 08:36:55 --> Controller Class Initialized
DEBUG - 2019-02-01 08:36:55 --> Session class already loaded. Second attempt ignored.
INFO - 2019-02-01 08:36:55 --> Form Validation Class Initialized
INFO - 2019-02-01 08:36:55 --> user_id=[lutfi]module=[attendance]method[index]
ERROR - 2019-02-01 08:36:55 --> Severity: Notice --> Undefined index: id C:\MNEMONIC\GDrive\Web\cyberhrm\application\controllers\Attendance.php 15
ERROR - 2019-02-01 08:36:55 --> Severity: Notice --> Undefined index: period C:\MNEMONIC\GDrive\Web\cyberhrm\application\controllers\Attendance.php 15
INFO - 2019-02-01 08:36:55 --> Final output sent to browser
DEBUG - 2019-02-01 08:36:55 --> Total execution time: 0.1853
INFO - 2019-02-01 08:37:08 --> Config Class Initialized
INFO - 2019-02-01 08:37:08 --> Hooks Class Initialized
DEBUG - 2019-02-01 08:37:08 --> UTF-8 Support Enabled
INFO - 2019-02-01 08:37:08 --> Utf8 Class Initialized
INFO - 2019-02-01 08:37:08 --> URI Class Initialized
INFO - 2019-02-01 08:37:08 --> Router Class Initialized
INFO - 2019-02-01 08:37:08 --> Output Class Initialized
INFO - 2019-02-01 08:37:08 --> Security Class Initialized
DEBUG - 2019-02-01 08:37:08 --> Global POST, GET and COOKIE data sanitized
INFO - 2019-02-01 08:37:08 --> Input Class Initialized
INFO - 2019-02-01 08:37:08 --> Language Class Initialized
INFO - 2019-02-01 08:37:08 --> Loader Class Initialized
INFO - 2019-02-01 08:37:08 --> Helper loaded: url_helper
INFO - 2019-02-01 08:37:08 --> Helper loaded: form_helper
INFO - 2019-02-01 08:37:08 --> Helper loaded: html_helper
INFO - 2019-02-01 08:37:08 --> Helper loaded: rbac_helper
INFO - 2019-02-01 08:37:08 --> Helper loaded: layout_helper
INFO - 2019-02-01 08:37:08 --> Helper loaded: func_helper
INFO - 2019-02-01 08:37:08 --> Helper loaded: oraxe_helper
INFO - 2019-02-01 08:37:08 --> Database Driver Class Initialized
DEBUG - 2019-02-01 08:37:08 --> Session: "sess_save_path" is empty; using "session.save_path" value from php.ini.
INFO - 2019-02-01 08:37:08 --> Session: Class initialized using 'files' driver.
INFO - 2019-02-01 08:37:08 --> Controller Class Initialized
DEBUG - 2019-02-01 08:37:08 --> Session class already loaded. Second attempt ignored.
INFO - 2019-02-01 08:37:08 --> Form Validation Class Initialized
INFO - 2019-02-01 08:37:08 --> user_id=[lutfi]module=[attendance]method[index]
ERROR - 2019-02-01 08:37:08 --> Severity: Notice --> Undefined index: id C:\MNEMONIC\GDrive\Web\cyberhrm\application\controllers\Attendance.php 15
ERROR - 2019-02-01 08:37:08 --> Severity: Notice --> Undefined index: period C:\MNEMONIC\GDrive\Web\cyberhrm\application\controllers\Attendance.php 15
INFO - 2019-02-01 08:37:08 --> Final output sent to browser
DEBUG - 2019-02-01 08:37:08 --> Total execution time: 0.1185
INFO - 2019-02-01 08:37:37 --> Config Class Initialized
INFO - 2019-02-01 08:37:37 --> Hooks Class Initialized
DEBUG - 2019-02-01 08:37:37 --> UTF-8 Support Enabled
INFO - 2019-02-01 08:37:37 --> Utf8 Class Initialized
INFO - 2019-02-01 08:37:37 --> URI Class Initialized
INFO - 2019-02-01 08:37:37 --> Router Class Initialized
INFO - 2019-02-01 08:37:37 --> Output Class Initialized
INFO - 2019-02-01 08:37:37 --> Security Class Initialized
DEBUG - 2019-02-01 08:37:37 --> Global POST, GET and COOKIE data sanitized
INFO - 2019-02-01 08:37:37 --> Input Class Initialized
INFO - 2019-02-01 08:37:37 --> Language Class Initialized
ERROR - 2019-02-01 08:37:37 --> 404 Page Not Found: Fetch/index
INFO - 2019-02-01 08:37:55 --> Config Class Initialized
INFO - 2019-02-01 08:37:55 --> Hooks Class Initialized
DEBUG - 2019-02-01 08:37:55 --> UTF-8 Support Enabled
INFO - 2019-02-01 08:37:55 --> Utf8 Class Initialized
INFO - 2019-02-01 08:37:55 --> URI Class Initialized
INFO - 2019-02-01 08:37:55 --> Router Class Initialized
INFO - 2019-02-01 08:37:55 --> Output Class Initialized
INFO - 2019-02-01 08:37:55 --> Security Class Initialized
DEBUG - 2019-02-01 08:37:55 --> Global POST, GET and COOKIE data sanitized
INFO - 2019-02-01 08:37:55 --> Input Class Initialized
INFO - 2019-02-01 08:37:55 --> Language Class Initialized
INFO - 2019-02-01 08:37:56 --> Loader Class Initialized
INFO - 2019-02-01 08:37:56 --> Helper loaded: url_helper
INFO - 2019-02-01 08:37:56 --> Helper loaded: form_helper
INFO - 2019-02-01 08:37:56 --> Helper loaded: html_helper
INFO - 2019-02-01 08:37:56 --> Helper loaded: rbac_helper
INFO - 2019-02-01 08:37:56 --> Helper loaded: layout_helper
INFO - 2019-02-01 08:37:56 --> Helper loaded: func_helper
INFO - 2019-02-01 08:37:56 --> Helper loaded: oraxe_helper
INFO - 2019-02-01 08:37:56 --> Database Driver Class Initialized
DEBUG - 2019-02-01 08:37:56 --> Session: "sess_save_path" is empty; using "session.save_path" value from php.ini.
INFO - 2019-02-01 08:37:56 --> Session: Class initialized using 'files' driver.
INFO - 2019-02-01 08:37:56 --> Controller Class Initialized
DEBUG - 2019-02-01 08:37:56 --> Session class already loaded. Second attempt ignored.
INFO - 2019-02-01 08:37:56 --> Form Validation Class Initialized
INFO - 2019-02-01 08:39:22 --> Config Class Initialized
INFO - 2019-02-01 08:39:22 --> Hooks Class Initialized
DEBUG - 2019-02-01 08:39:22 --> UTF-8 Support Enabled
INFO - 2019-02-01 08:39:22 --> Utf8 Class Initialized
INFO - 2019-02-01 08:39:22 --> URI Class Initialized
INFO - 2019-02-01 08:39:22 --> Router Class Initialized
INFO - 2019-02-01 08:39:22 --> Output Class Initialized
INFO - 2019-02-01 08:39:22 --> Security Class Initialized
DEBUG - 2019-02-01 08:39:22 --> Global POST, GET and COOKIE data sanitized
INFO - 2019-02-01 08:39:22 --> Input Class Initialized
INFO - 2019-02-01 08:39:22 --> Language Class Initialized
INFO - 2019-02-01 08:39:22 --> Loader Class Initialized
INFO - 2019-02-01 08:39:22 --> Helper loaded: url_helper
INFO - 2019-02-01 08:39:22 --> Helper loaded: form_helper
INFO - 2019-02-01 08:39:22 --> Helper loaded: html_helper
INFO - 2019-02-01 08:39:22 --> Helper loaded: rbac_helper
INFO - 2019-02-01 08:39:22 --> Helper loaded: layout_helper
INFO - 2019-02-01 08:39:22 --> Helper loaded: func_helper
INFO - 2019-02-01 08:39:22 --> Helper loaded: oraxe_helper
INFO - 2019-02-01 08:39:22 --> Database Driver Class Initialized
DEBUG - 2019-02-01 08:39:22 --> Session: "sess_save_path" is empty; using "session.save_path" value from php.ini.
INFO - 2019-02-01 08:39:22 --> Session: Class initialized using 'files' driver.
INFO - 2019-02-01 08:39:22 --> Controller Class Initialized
DEBUG - 2019-02-01 08:39:22 --> Session class already loaded. Second attempt ignored.
INFO - 2019-02-01 08:39:22 --> Form Validation Class Initialized
INFO - 2019-02-01 08:39:56 --> Config Class Initialized
INFO - 2019-02-01 08:39:56 --> Hooks Class Initialized
DEBUG - 2019-02-01 08:39:56 --> UTF-8 Support Enabled
INFO - 2019-02-01 08:39:56 --> Utf8 Class Initialized
INFO - 2019-02-01 08:39:56 --> URI Class Initialized
INFO - 2019-02-01 08:39:56 --> Router Class Initialized
INFO - 2019-02-01 08:39:56 --> Output Class Initialized
INFO - 2019-02-01 08:39:56 --> Security Class Initialized
DEBUG - 2019-02-01 08:39:56 --> Global POST, GET and COOKIE data sanitized
INFO - 2019-02-01 08:39:56 --> Input Class Initialized
INFO - 2019-02-01 08:39:56 --> Language Class Initialized
INFO - 2019-02-01 08:39:56 --> Loader Class Initialized
INFO - 2019-02-01 08:39:56 --> Helper loaded: url_helper
INFO - 2019-02-01 08:39:56 --> Helper loaded: form_helper
INFO - 2019-02-01 08:39:56 --> Helper loaded: html_helper
INFO - 2019-02-01 08:39:56 --> Helper loaded: rbac_helper
INFO - 2019-02-01 08:39:56 --> Helper loaded: layout_helper
INFO - 2019-02-01 08:39:56 --> Helper loaded: func_helper
INFO - 2019-02-01 08:39:56 --> Helper loaded: oraxe_helper
INFO - 2019-02-01 08:39:56 --> Database Driver Class Initialized
DEBUG - 2019-02-01 08:39:56 --> Session: "sess_save_path" is empty; using "session.save_path" value from php.ini.
INFO - 2019-02-01 08:39:56 --> Session: Class initialized using 'files' driver.
INFO - 2019-02-01 08:39:56 --> Controller Class Initialized
DEBUG - 2019-02-01 08:39:56 --> Session class already loaded. Second attempt ignored.
INFO - 2019-02-01 08:39:56 --> Form Validation Class Initialized
INFO - 2019-02-01 08:42:07 --> Config Class Initialized
INFO - 2019-02-01 08:42:07 --> Hooks Class Initialized
DEBUG - 2019-02-01 08:42:07 --> UTF-8 Support Enabled
INFO - 2019-02-01 08:42:07 --> Utf8 Class Initialized
INFO - 2019-02-01 08:42:07 --> URI Class Initialized
INFO - 2019-02-01 08:42:07 --> Router Class Initialized
INFO - 2019-02-01 08:42:07 --> Output Class Initialized
INFO - 2019-02-01 08:42:07 --> Security Class Initialized
DEBUG - 2019-02-01 08:42:07 --> Global POST, GET and COOKIE data sanitized
INFO - 2019-02-01 08:42:07 --> Input Class Initialized
INFO - 2019-02-01 08:42:07 --> Language Class Initialized
INFO - 2019-02-01 08:42:07 --> Loader Class Initialized
INFO - 2019-02-01 08:42:07 --> Helper loaded: url_helper
INFO - 2019-02-01 08:42:07 --> Helper loaded: form_helper
INFO - 2019-02-01 08:42:07 --> Helper loaded: html_helper
INFO - 2019-02-01 08:42:07 --> Helper loaded: rbac_helper
INFO - 2019-02-01 08:42:07 --> Helper loaded: layout_helper
INFO - 2019-02-01 08:42:07 --> Helper loaded: func_helper
INFO - 2019-02-01 08:42:07 --> Helper loaded: oraxe_helper
INFO - 2019-02-01 08:42:07 --> Database Driver Class Initialized
DEBUG - 2019-02-01 08:42:07 --> Session: "sess_save_path" is empty; using "session.save_path" value from php.ini.
INFO - 2019-02-01 08:42:07 --> Session: Class initialized using 'files' driver.
INFO - 2019-02-01 08:42:07 --> Controller Class Initialized
DEBUG - 2019-02-01 08:42:07 --> Session class already loaded. Second attempt ignored.
INFO - 2019-02-01 08:42:07 --> Form Validation Class Initialized
INFO - 2019-02-01 08:43:42 --> Config Class Initialized
INFO - 2019-02-01 08:43:42 --> Hooks Class Initialized
DEBUG - 2019-02-01 08:43:42 --> UTF-8 Support Enabled
INFO - 2019-02-01 08:43:42 --> Utf8 Class Initialized
INFO - 2019-02-01 08:43:42 --> URI Class Initialized
INFO - 2019-02-01 08:43:42 --> Router Class Initialized
INFO - 2019-02-01 08:43:42 --> Output Class Initialized
INFO - 2019-02-01 08:43:42 --> Security Class Initialized
DEBUG - 2019-02-01 08:43:42 --> Global POST, GET and COOKIE data sanitized
INFO - 2019-02-01 08:43:42 --> Input Class Initialized
INFO - 2019-02-01 08:43:42 --> Language Class Initialized
INFO - 2019-02-01 08:43:42 --> Loader Class Initialized
INFO - 2019-02-01 08:43:42 --> Helper loaded: url_helper
INFO - 2019-02-01 08:43:42 --> Helper loaded: form_helper
INFO - 2019-02-01 08:43:42 --> Helper loaded: html_helper
INFO - 2019-02-01 08:43:42 --> Helper loaded: rbac_helper
INFO - 2019-02-01 08:43:42 --> Helper loaded: layout_helper
INFO - 2019-02-01 08:43:42 --> Helper loaded: func_helper
INFO - 2019-02-01 08:43:42 --> Helper loaded: oraxe_helper
INFO - 2019-02-01 08:43:42 --> Database Driver Class Initialized
DEBUG - 2019-02-01 08:43:42 --> Session: "sess_save_path" is empty; using "session.save_path" value from php.ini.
INFO - 2019-02-01 08:43:42 --> Session: Class initialized using 'files' driver.
INFO - 2019-02-01 08:43:42 --> Controller Class Initialized
DEBUG - 2019-02-01 08:43:42 --> Session class already loaded. Second attempt ignored.
INFO - 2019-02-01 08:43:42 --> Form Validation Class Initialized
INFO - 2019-02-01 08:44:57 --> Config Class Initialized
INFO - 2019-02-01 08:44:57 --> Hooks Class Initialized
DEBUG - 2019-02-01 08:44:57 --> UTF-8 Support Enabled
INFO - 2019-02-01 08:44:57 --> Utf8 Class Initialized
INFO - 2019-02-01 08:44:57 --> URI Class Initialized
INFO - 2019-02-01 08:44:57 --> Router Class Initialized
INFO - 2019-02-01 08:44:57 --> Output Class Initialized
INFO - 2019-02-01 08:44:57 --> Security Class Initialized
DEBUG - 2019-02-01 08:44:57 --> Global POST, GET and COOKIE data sanitized
INFO - 2019-02-01 08:44:57 --> Input Class Initialized
INFO - 2019-02-01 08:44:57 --> Language Class Initialized
INFO - 2019-02-01 08:44:57 --> Loader Class Initialized
INFO - 2019-02-01 08:44:57 --> Helper loaded: url_helper
INFO - 2019-02-01 08:44:57 --> Helper loaded: form_helper
INFO - 2019-02-01 08:44:57 --> Helper loaded: html_helper
INFO - 2019-02-01 08:44:57 --> Helper loaded: rbac_helper
INFO - 2019-02-01 08:44:58 --> Helper loaded: layout_helper
INFO - 2019-02-01 08:44:58 --> Helper loaded: func_helper
INFO - 2019-02-01 08:44:58 --> Helper loaded: oraxe_helper
INFO - 2019-02-01 08:44:58 --> Database Driver Class Initialized
DEBUG - 2019-02-01 08:44:58 --> Session: "sess_save_path" is empty; using "session.save_path" value from php.ini.
INFO - 2019-02-01 08:44:58 --> Session: Class initialized using 'files' driver.
INFO - 2019-02-01 08:44:58 --> Controller Class Initialized
DEBUG - 2019-02-01 08:44:58 --> Session class already loaded. Second attempt ignored.
INFO - 2019-02-01 08:44:58 --> Form Validation Class Initialized
INFO - 2019-02-01 09:20:21 --> Config Class Initialized
INFO - 2019-02-01 09:20:21 --> Hooks Class Initialized
DEBUG - 2019-02-01 09:20:21 --> UTF-8 Support Enabled
INFO - 2019-02-01 09:20:21 --> Utf8 Class Initialized
INFO - 2019-02-01 09:20:21 --> URI Class Initialized
INFO - 2019-02-01 09:20:21 --> Router Class Initialized
INFO - 2019-02-01 09:20:21 --> Output Class Initialized
INFO - 2019-02-01 09:20:21 --> Security Class Initialized
DEBUG - 2019-02-01 09:20:21 --> Global POST, GET and COOKIE data sanitized
INFO - 2019-02-01 09:20:21 --> Input Class Initialized
INFO - 2019-02-01 09:20:21 --> Language Class Initialized
INFO - 2019-02-01 09:20:21 --> Loader Class Initialized
INFO - 2019-02-01 09:20:21 --> Helper loaded: url_helper
INFO - 2019-02-01 09:20:21 --> Helper loaded: form_helper
INFO - 2019-02-01 09:20:21 --> Helper loaded: html_helper
INFO - 2019-02-01 09:20:21 --> Helper loaded: rbac_helper
INFO - 2019-02-01 09:20:21 --> Helper loaded: layout_helper
INFO - 2019-02-01 09:20:21 --> Helper loaded: func_helper
INFO - 2019-02-01 09:20:21 --> Helper loaded: oraxe_helper
INFO - 2019-02-01 09:20:21 --> Database Driver Class Initialized
DEBUG - 2019-02-01 09:20:21 --> Session: "sess_save_path" is empty; using "session.save_path" value from php.ini.
INFO - 2019-02-01 09:20:21 --> Session: Class initialized using 'files' driver.
INFO - 2019-02-01 09:20:21 --> Controller Class Initialized
DEBUG - 2019-02-01 09:20:21 --> Session class already loaded. Second attempt ignored.
INFO - 2019-02-01 09:20:21 --> Form Validation Class Initialized
ERROR - 2019-02-01 09:20:21 --> Severity: Warning --> oci_execute(): ORA-01400: cannot insert NULL into (&quot;CYBERHRM&quot;.&quot;ABSENT&quot;.&quot;ID&quot;) C:\MNEMONIC\GDrive\Web\cyberhrm\system\database\drivers\oci8\oci8_driver.php 286
ERROR - 2019-02-01 09:20:21 --> Query error: ORA-01400: cannot insert NULL into ("CYBERHRM"."ABSENT"."ID") - Invalid query: INSERT INTO "ABSENT" (MODIFIED_AT, "MODIFIED_BY", "EMP_ID", "REMARKS", "STATUS") VALUES (SYSDATE, 'root', '242', 'Mesin absen', 'A')
INFO - 2019-02-01 09:20:21 --> Language file loaded: language/english/db_lang.php
INFO - 2019-02-01 09:25:41 --> Config Class Initialized
INFO - 2019-02-01 09:25:41 --> Hooks Class Initialized
DEBUG - 2019-02-01 09:25:41 --> UTF-8 Support Enabled
INFO - 2019-02-01 09:25:41 --> Utf8 Class Initialized
INFO - 2019-02-01 09:25:41 --> URI Class Initialized
INFO - 2019-02-01 09:25:41 --> Router Class Initialized
INFO - 2019-02-01 09:25:41 --> Output Class Initialized
INFO - 2019-02-01 09:25:41 --> Security Class Initialized
DEBUG - 2019-02-01 09:25:41 --> Global POST, GET and COOKIE data sanitized
INFO - 2019-02-01 09:25:41 --> Input Class Initialized
INFO - 2019-02-01 09:25:41 --> Language Class Initialized
INFO - 2019-02-01 09:25:41 --> Loader Class Initialized
INFO - 2019-02-01 09:25:41 --> Helper loaded: url_helper
INFO - 2019-02-01 09:25:41 --> Helper loaded: form_helper
INFO - 2019-02-01 09:25:41 --> Helper loaded: html_helper
INFO - 2019-02-01 09:25:41 --> Helper loaded: rbac_helper
INFO - 2019-02-01 09:25:41 --> Helper loaded: layout_helper
INFO - 2019-02-01 09:25:41 --> Helper loaded: func_helper
INFO - 2019-02-01 09:25:41 --> Helper loaded: oraxe_helper
INFO - 2019-02-01 09:25:41 --> Database Driver Class Initialized
DEBUG - 2019-02-01 09:25:41 --> Session: "sess_save_path" is empty; using "session.save_path" value from php.ini.
INFO - 2019-02-01 09:25:41 --> Session: Class initialized using 'files' driver.
INFO - 2019-02-01 09:25:41 --> Controller Class Initialized
DEBUG - 2019-02-01 09:25:41 --> Session class already loaded. Second attempt ignored.
INFO - 2019-02-01 09:25:41 --> Form Validation Class Initialized
ERROR - 2019-02-01 09:25:42 --> Severity: Warning --> oci_execute(): ORA-01400: cannot insert NULL into (&quot;CYBERHRM&quot;.&quot;ABSENT&quot;.&quot;ID&quot;) C:\MNEMONIC\GDrive\Web\cyberhrm\system\database\drivers\oci8\oci8_driver.php 286
ERROR - 2019-02-01 09:25:42 --> Query error: ORA-01400: cannot insert NULL into ("CYBERHRM"."ABSENT"."ID") - Invalid query: INSERT INTO "ABSENT" (MODIFIED_AT, "MODIFIED_BY", "EMP_ID", CLOCK_IN, "REMARKS", "STATUS") VALUES (SYSDATE, 'root', '242', to_date('2019-02-01 13:54:11','YYYY-MM-DD HH24:MI:SS'), 'Mesin absen', 'A')
INFO - 2019-02-01 09:25:42 --> Language file loaded: language/english/db_lang.php
INFO - 2019-02-01 09:27:35 --> Config Class Initialized
INFO - 2019-02-01 09:27:35 --> Hooks Class Initialized
DEBUG - 2019-02-01 09:27:35 --> UTF-8 Support Enabled
INFO - 2019-02-01 09:27:35 --> Utf8 Class Initialized
INFO - 2019-02-01 09:27:35 --> URI Class Initialized
INFO - 2019-02-01 09:27:35 --> Router Class Initialized
INFO - 2019-02-01 09:27:35 --> Output Class Initialized
INFO - 2019-02-01 09:27:35 --> Security Class Initialized
DEBUG - 2019-02-01 09:27:35 --> Global POST, GET and COOKIE data sanitized
INFO - 2019-02-01 09:27:35 --> Input Class Initialized
INFO - 2019-02-01 09:27:35 --> Language Class Initialized
INFO - 2019-02-01 09:27:35 --> Loader Class Initialized
INFO - 2019-02-01 09:27:35 --> Helper loaded: url_helper
INFO - 2019-02-01 09:27:35 --> Helper loaded: form_helper
INFO - 2019-02-01 09:27:35 --> Helper loaded: html_helper
INFO - 2019-02-01 09:27:35 --> Helper loaded: rbac_helper
INFO - 2019-02-01 09:27:35 --> Helper loaded: layout_helper
INFO - 2019-02-01 09:27:35 --> Helper loaded: func_helper
INFO - 2019-02-01 09:27:35 --> Helper loaded: oraxe_helper
INFO - 2019-02-01 09:27:35 --> Database Driver Class Initialized
DEBUG - 2019-02-01 09:27:35 --> Session: "sess_save_path" is empty; using "session.save_path" value from php.ini.
INFO - 2019-02-01 09:27:35 --> Session: Class initialized using 'files' driver.
INFO - 2019-02-01 09:27:35 --> Controller Class Initialized
DEBUG - 2019-02-01 09:27:35 --> Session class already loaded. Second attempt ignored.
INFO - 2019-02-01 09:27:35 --> Form Validation Class Initialized
ERROR - 2019-02-01 09:27:35 --> Severity: Warning --> oci_execute(): ORA-01400: cannot insert NULL into (&quot;CYBERHRM&quot;.&quot;ABSENT&quot;.&quot;ID&quot;) C:\MNEMONIC\GDrive\Web\cyberhrm\system\database\drivers\oci8\oci8_driver.php 286
ERROR - 2019-02-01 09:27:35 --> Query error: ORA-01400: cannot insert NULL into ("CYBERHRM"."ABSENT"."ID") - Invalid query: INSERT INTO "ABSENT" (MODIFIED_AT, "MODIFIED_BY", "EMP_ID", CLOCK_IN, "REMARKS", "STATUS") VALUES (SYSDATE, 'root', '242', to_date('2019-02-01 13:54:11','YYYY-MM-DD HH24:MI:SS'), 'Mesin absen', 'A')
INFO - 2019-02-01 09:27:35 --> Language file loaded: language/english/db_lang.php
INFO - 2019-02-01 09:28:05 --> Config Class Initialized
INFO - 2019-02-01 09:28:05 --> Hooks Class Initialized
DEBUG - 2019-02-01 09:28:05 --> UTF-8 Support Enabled
INFO - 2019-02-01 09:28:05 --> Utf8 Class Initialized
INFO - 2019-02-01 09:28:05 --> URI Class Initialized
INFO - 2019-02-01 09:28:05 --> Router Class Initialized
INFO - 2019-02-01 09:28:05 --> Output Class Initialized
INFO - 2019-02-01 09:28:05 --> Security Class Initialized
DEBUG - 2019-02-01 09:28:05 --> Global POST, GET and COOKIE data sanitized
INFO - 2019-02-01 09:28:05 --> Input Class Initialized
INFO - 2019-02-01 09:28:05 --> Language Class Initialized
INFO - 2019-02-01 09:28:05 --> Loader Class Initialized
INFO - 2019-02-01 09:28:05 --> Helper loaded: url_helper
INFO - 2019-02-01 09:28:05 --> Helper loaded: form_helper
INFO - 2019-02-01 09:28:05 --> Helper loaded: html_helper
INFO - 2019-02-01 09:28:05 --> Helper loaded: rbac_helper
INFO - 2019-02-01 09:28:05 --> Helper loaded: layout_helper
INFO - 2019-02-01 09:28:05 --> Helper loaded: func_helper
INFO - 2019-02-01 09:28:05 --> Helper loaded: oraxe_helper
INFO - 2019-02-01 09:28:05 --> Database Driver Class Initialized
DEBUG - 2019-02-01 09:28:05 --> Session: "sess_save_path" is empty; using "session.save_path" value from php.ini.
INFO - 2019-02-01 09:28:05 --> Session: Class initialized using 'files' driver.
INFO - 2019-02-01 09:28:05 --> Controller Class Initialized
DEBUG - 2019-02-01 09:28:05 --> Session class already loaded. Second attempt ignored.
INFO - 2019-02-01 09:28:05 --> Form Validation Class Initialized
ERROR - 2019-02-01 09:28:05 --> Severity: Warning --> oci_execute(): ORA-01400: cannot insert NULL into (&quot;CYBERHRM&quot;.&quot;ABSENT&quot;.&quot;ID&quot;) C:\MNEMONIC\GDrive\Web\cyberhrm\system\database\drivers\oci8\oci8_driver.php 286
ERROR - 2019-02-01 09:28:05 --> Query error: ORA-01400: cannot insert NULL into ("CYBERHRM"."ABSENT"."ID") - Invalid query: INSERT INTO "ABSENT" (MODIFIED_AT, "MODIFIED_BY", "EMP_ID", CLOCK_IN, "REMARKS", "STATUS") VALUES (SYSDATE, 'root', '242', to_date('2019-02-01 13:54:11','YYYY-MM-DD HH24:MI:SS'), 'Mesin absen', 'A')
INFO - 2019-02-01 09:28:05 --> Language file loaded: language/english/db_lang.php
INFO - 2019-02-01 09:28:27 --> Config Class Initialized
INFO - 2019-02-01 09:28:27 --> Hooks Class Initialized
DEBUG - 2019-02-01 09:28:27 --> UTF-8 Support Enabled
INFO - 2019-02-01 09:28:27 --> Utf8 Class Initialized
INFO - 2019-02-01 09:28:27 --> URI Class Initialized
INFO - 2019-02-01 09:28:27 --> Router Class Initialized
INFO - 2019-02-01 09:28:27 --> Output Class Initialized
INFO - 2019-02-01 09:28:27 --> Security Class Initialized
DEBUG - 2019-02-01 09:28:27 --> Global POST, GET and COOKIE data sanitized
INFO - 2019-02-01 09:28:27 --> Input Class Initialized
INFO - 2019-02-01 09:28:27 --> Language Class Initialized
INFO - 2019-02-01 09:28:27 --> Loader Class Initialized
INFO - 2019-02-01 09:28:27 --> Helper loaded: url_helper
INFO - 2019-02-01 09:28:27 --> Helper loaded: form_helper
INFO - 2019-02-01 09:28:27 --> Helper loaded: html_helper
INFO - 2019-02-01 09:28:27 --> Helper loaded: rbac_helper
INFO - 2019-02-01 09:28:27 --> Helper loaded: layout_helper
INFO - 2019-02-01 09:28:27 --> Helper loaded: func_helper
INFO - 2019-02-01 09:28:27 --> Helper loaded: oraxe_helper
INFO - 2019-02-01 09:28:27 --> Database Driver Class Initialized
DEBUG - 2019-02-01 09:28:27 --> Session: "sess_save_path" is empty; using "session.save_path" value from php.ini.
INFO - 2019-02-01 09:28:27 --> Session: Class initialized using 'files' driver.
INFO - 2019-02-01 09:28:27 --> Controller Class Initialized
DEBUG - 2019-02-01 09:28:27 --> Session class already loaded. Second attempt ignored.
INFO - 2019-02-01 09:28:27 --> Form Validation Class Initialized
ERROR - 2019-02-01 09:28:27 --> Severity: Warning --> oci_execute(): ORA-01400: cannot insert NULL into (&quot;CYBERHRM&quot;.&quot;ABSENT&quot;.&quot;ID&quot;) C:\MNEMONIC\GDrive\Web\cyberhrm\system\database\drivers\oci8\oci8_driver.php 286
ERROR - 2019-02-01 09:28:27 --> Query error: ORA-01400: cannot insert NULL into ("CYBERHRM"."ABSENT"."ID") - Invalid query: INSERT INTO "ABSENT" (MODIFIED_AT, "MODIFIED_BY", "EMP_ID", CLOCK_IN, "REMARKS", "STATUS") VALUES (SYSDATE, 'root', '242', to_date('2019-02-01 13:54:11','YYYY-MM-DD HH24:MI:SS'), 'Mesin absen', 'A')
INFO - 2019-02-01 09:28:27 --> Language file loaded: language/english/db_lang.php
INFO - 2019-02-01 09:28:47 --> Config Class Initialized
INFO - 2019-02-01 09:28:47 --> Hooks Class Initialized
DEBUG - 2019-02-01 09:28:47 --> UTF-8 Support Enabled
INFO - 2019-02-01 09:28:47 --> Utf8 Class Initialized
INFO - 2019-02-01 09:28:47 --> URI Class Initialized
INFO - 2019-02-01 09:28:47 --> Router Class Initialized
INFO - 2019-02-01 09:28:47 --> Output Class Initialized
INFO - 2019-02-01 09:28:47 --> Security Class Initialized
DEBUG - 2019-02-01 09:28:47 --> Global POST, GET and COOKIE data sanitized
INFO - 2019-02-01 09:28:47 --> Input Class Initialized
INFO - 2019-02-01 09:28:47 --> Language Class Initialized
INFO - 2019-02-01 09:28:47 --> Loader Class Initialized
INFO - 2019-02-01 09:28:47 --> Helper loaded: url_helper
INFO - 2019-02-01 09:28:47 --> Helper loaded: form_helper
INFO - 2019-02-01 09:28:47 --> Helper loaded: html_helper
INFO - 2019-02-01 09:28:47 --> Helper loaded: rbac_helper
INFO - 2019-02-01 09:28:47 --> Helper loaded: layout_helper
INFO - 2019-02-01 09:28:47 --> Helper loaded: func_helper
INFO - 2019-02-01 09:28:47 --> Helper loaded: oraxe_helper
INFO - 2019-02-01 09:28:47 --> Database Driver Class Initialized
DEBUG - 2019-02-01 09:28:47 --> Session: "sess_save_path" is empty; using "session.save_path" value from php.ini.
INFO - 2019-02-01 09:28:47 --> Session: Class initialized using 'files' driver.
INFO - 2019-02-01 09:28:47 --> Controller Class Initialized
DEBUG - 2019-02-01 09:28:47 --> Session class already loaded. Second attempt ignored.
INFO - 2019-02-01 09:28:47 --> Form Validation Class Initialized
ERROR - 2019-02-01 09:28:47 --> Severity: Warning --> oci_execute(): ORA-01400: cannot insert NULL into (&quot;CYBERHRM&quot;.&quot;ABSENT&quot;.&quot;ID&quot;) C:\MNEMONIC\GDrive\Web\cyberhrm\system\database\drivers\oci8\oci8_driver.php 286
ERROR - 2019-02-01 09:28:47 --> Query error: ORA-01400: cannot insert NULL into ("CYBERHRM"."ABSENT"."ID") - Invalid query: INSERT INTO "ABSENT" (MODIFIED_AT, "MODIFIED_BY", "EMP_ID", CLOCK_IN, "REMARKS", "STATUS") VALUES (SYSDATE, 'root', '242', to_date('2019-02-01 13:54:11','YYYY-MM-DD HH24:MI:SS'), 'Mesin absen', 'A')
INFO - 2019-02-01 09:28:47 --> Language file loaded: language/english/db_lang.php
INFO - 2019-02-01 09:29:34 --> Config Class Initialized
INFO - 2019-02-01 09:29:34 --> Hooks Class Initialized
DEBUG - 2019-02-01 09:29:34 --> UTF-8 Support Enabled
INFO - 2019-02-01 09:29:34 --> Utf8 Class Initialized
INFO - 2019-02-01 09:29:34 --> URI Class Initialized
INFO - 2019-02-01 09:29:34 --> Router Class Initialized
INFO - 2019-02-01 09:29:34 --> Output Class Initialized
INFO - 2019-02-01 09:29:34 --> Security Class Initialized
DEBUG - 2019-02-01 09:29:34 --> Global POST, GET and COOKIE data sanitized
INFO - 2019-02-01 09:29:34 --> Input Class Initialized
INFO - 2019-02-01 09:29:34 --> Language Class Initialized
INFO - 2019-02-01 09:29:34 --> Loader Class Initialized
INFO - 2019-02-01 09:29:34 --> Helper loaded: url_helper
INFO - 2019-02-01 09:29:34 --> Helper loaded: form_helper
INFO - 2019-02-01 09:29:34 --> Helper loaded: html_helper
INFO - 2019-02-01 09:29:34 --> Helper loaded: rbac_helper
INFO - 2019-02-01 09:29:34 --> Helper loaded: layout_helper
INFO - 2019-02-01 09:29:34 --> Helper loaded: func_helper
INFO - 2019-02-01 09:29:34 --> Helper loaded: oraxe_helper
INFO - 2019-02-01 09:29:34 --> Database Driver Class Initialized
DEBUG - 2019-02-01 09:29:34 --> Session: "sess_save_path" is empty; using "session.save_path" value from php.ini.
INFO - 2019-02-01 09:29:34 --> Session: Class initialized using 'files' driver.
INFO - 2019-02-01 09:29:34 --> Controller Class Initialized
DEBUG - 2019-02-01 09:29:34 --> Session class already loaded. Second attempt ignored.
INFO - 2019-02-01 09:29:34 --> Form Validation Class Initialized
ERROR - 2019-02-01 09:29:34 --> Severity: Warning --> oci_execute(): ORA-01400: cannot insert NULL into (&quot;CYBERHRM&quot;.&quot;ABSENT&quot;.&quot;ID&quot;) C:\MNEMONIC\GDrive\Web\cyberhrm\system\database\drivers\oci8\oci8_driver.php 286
ERROR - 2019-02-01 09:29:34 --> Query error: ORA-01400: cannot insert NULL into ("CYBERHRM"."ABSENT"."ID") - Invalid query: INSERT INTO "ABSENT" (MODIFIED_AT, "MODIFIED_BY", "EMP_ID", CLOCK_IN, "REMARKS", "STATUS") VALUES (SYSDATE, 'root', '242', to_date('2019-02-01 13:54:11','YYYY-MM-DD HH24:MI:SS'), 'Mesin absen', 'A')
INFO - 2019-02-01 09:29:34 --> Language file loaded: language/english/db_lang.php
INFO - 2019-02-01 09:30:14 --> Config Class Initialized
INFO - 2019-02-01 09:30:14 --> Hooks Class Initialized
DEBUG - 2019-02-01 09:30:14 --> UTF-8 Support Enabled
INFO - 2019-02-01 09:30:14 --> Utf8 Class Initialized
INFO - 2019-02-01 09:30:14 --> URI Class Initialized
INFO - 2019-02-01 09:30:14 --> Router Class Initialized
INFO - 2019-02-01 09:30:14 --> Output Class Initialized
INFO - 2019-02-01 09:30:14 --> Security Class Initialized
DEBUG - 2019-02-01 09:30:14 --> Global POST, GET and COOKIE data sanitized
INFO - 2019-02-01 09:30:14 --> Input Class Initialized
INFO - 2019-02-01 09:30:14 --> Language Class Initialized
INFO - 2019-02-01 09:30:14 --> Loader Class Initialized
INFO - 2019-02-01 09:30:14 --> Helper loaded: url_helper
INFO - 2019-02-01 09:30:14 --> Helper loaded: form_helper
INFO - 2019-02-01 09:30:14 --> Helper loaded: html_helper
INFO - 2019-02-01 09:30:14 --> Helper loaded: rbac_helper
INFO - 2019-02-01 09:30:14 --> Helper loaded: layout_helper
INFO - 2019-02-01 09:30:14 --> Helper loaded: func_helper
INFO - 2019-02-01 09:30:14 --> Helper loaded: oraxe_helper
INFO - 2019-02-01 09:30:14 --> Database Driver Class Initialized
DEBUG - 2019-02-01 09:30:14 --> Session: "sess_save_path" is empty; using "session.save_path" value from php.ini.
INFO - 2019-02-01 09:30:14 --> Session: Class initialized using 'files' driver.
INFO - 2019-02-01 09:30:14 --> Controller Class Initialized
DEBUG - 2019-02-01 09:30:14 --> Session class already loaded. Second attempt ignored.
INFO - 2019-02-01 09:30:14 --> Form Validation Class Initialized
ERROR - 2019-02-01 09:30:14 --> Severity: Warning --> oci_execute(): ORA-01400: cannot insert NULL into (&quot;CYBERHRM&quot;.&quot;ABSENT&quot;.&quot;ID&quot;) C:\MNEMONIC\GDrive\Web\cyberhrm\system\database\drivers\oci8\oci8_driver.php 286
ERROR - 2019-02-01 09:30:14 --> Query error: ORA-01400: cannot insert NULL into ("CYBERHRM"."ABSENT"."ID") - Invalid query: INSERT INTO "ABSENT" (MODIFIED_AT, "MODIFIED_BY", "EMP_ID", CLOCK_IN, "REMARKS", "STATUS") VALUES (SYSDATE, 'root', '242', to_date('2019-02-01 13:54:11','YYYY-MM-DD HH24:MI:SS'), 'Mesin absen', 'A')
INFO - 2019-02-01 09:30:14 --> Language file loaded: language/english/db_lang.php
INFO - 2019-02-01 09:33:29 --> Config Class Initialized
INFO - 2019-02-01 09:33:29 --> Hooks Class Initialized
DEBUG - 2019-02-01 09:33:29 --> UTF-8 Support Enabled
INFO - 2019-02-01 09:33:29 --> Utf8 Class Initialized
INFO - 2019-02-01 09:33:29 --> URI Class Initialized
INFO - 2019-02-01 09:33:29 --> Router Class Initialized
INFO - 2019-02-01 09:33:29 --> Output Class Initialized
INFO - 2019-02-01 09:33:29 --> Security Class Initialized
DEBUG - 2019-02-01 09:33:29 --> Global POST, GET and COOKIE data sanitized
INFO - 2019-02-01 09:33:29 --> Input Class Initialized
INFO - 2019-02-01 09:33:29 --> Language Class Initialized
INFO - 2019-02-01 09:33:29 --> Loader Class Initialized
INFO - 2019-02-01 09:33:29 --> Helper loaded: url_helper
INFO - 2019-02-01 09:33:29 --> Helper loaded: form_helper
INFO - 2019-02-01 09:33:29 --> Helper loaded: html_helper
INFO - 2019-02-01 09:33:29 --> Helper loaded: rbac_helper
INFO - 2019-02-01 09:33:29 --> Helper loaded: layout_helper
INFO - 2019-02-01 09:33:29 --> Helper loaded: func_helper
INFO - 2019-02-01 09:33:29 --> Helper loaded: oraxe_helper
INFO - 2019-02-01 09:33:29 --> Database Driver Class Initialized
DEBUG - 2019-02-01 09:33:29 --> Session: "sess_save_path" is empty; using "session.save_path" value from php.ini.
INFO - 2019-02-01 09:33:29 --> Session: Class initialized using 'files' driver.
INFO - 2019-02-01 09:33:29 --> Controller Class Initialized
DEBUG - 2019-02-01 09:33:29 --> Session class already loaded. Second attempt ignored.
INFO - 2019-02-01 09:33:29 --> Form Validation Class Initialized
INFO - 2019-02-01 09:56:58 --> Config Class Initialized
INFO - 2019-02-01 09:56:58 --> Hooks Class Initialized
DEBUG - 2019-02-01 09:56:58 --> UTF-8 Support Enabled
INFO - 2019-02-01 09:56:58 --> Utf8 Class Initialized
INFO - 2019-02-01 09:56:58 --> URI Class Initialized
DEBUG - 2019-02-01 09:56:58 --> No URI present. Default controller set.
INFO - 2019-02-01 09:56:58 --> Router Class Initialized
INFO - 2019-02-01 09:56:58 --> Output Class Initialized
INFO - 2019-02-01 09:56:58 --> Security Class Initialized
DEBUG - 2019-02-01 09:56:58 --> Global POST, GET and COOKIE data sanitized
INFO - 2019-02-01 09:56:58 --> Input Class Initialized
INFO - 2019-02-01 09:56:58 --> Language Class Initialized
INFO - 2019-02-01 09:56:58 --> Loader Class Initialized
INFO - 2019-02-01 09:56:58 --> Helper loaded: url_helper
INFO - 2019-02-01 09:56:58 --> Helper loaded: form_helper
INFO - 2019-02-01 09:56:58 --> Helper loaded: html_helper
INFO - 2019-02-01 09:56:58 --> Helper loaded: rbac_helper
INFO - 2019-02-01 09:56:58 --> Helper loaded: layout_helper
INFO - 2019-02-01 09:56:58 --> Helper loaded: func_helper
INFO - 2019-02-01 09:56:58 --> Helper loaded: oraxe_helper
INFO - 2019-02-01 09:56:58 --> Database Driver Class Initialized
DEBUG - 2019-02-01 09:56:58 --> Session: "sess_save_path" is empty; using "session.save_path" value from php.ini.
INFO - 2019-02-01 09:56:59 --> Session: Class initialized using 'files' driver.
INFO - 2019-02-01 09:56:59 --> Controller Class Initialized
DEBUG - 2019-02-01 09:56:59 --> Session class already loaded. Second attempt ignored.
INFO - 2019-02-01 09:56:59 --> Form Validation Class Initialized
INFO - 2019-02-01 09:56:59 --> Config Class Initialized
INFO - 2019-02-01 09:56:59 --> Hooks Class Initialized
DEBUG - 2019-02-01 09:56:59 --> UTF-8 Support Enabled
INFO - 2019-02-01 09:56:59 --> Utf8 Class Initialized
INFO - 2019-02-01 09:56:59 --> URI Class Initialized
INFO - 2019-02-01 09:56:59 --> Router Class Initialized
INFO - 2019-02-01 09:56:59 --> Output Class Initialized
INFO - 2019-02-01 09:56:59 --> Security Class Initialized
DEBUG - 2019-02-01 09:56:59 --> Global POST, GET and COOKIE data sanitized
INFO - 2019-02-01 09:56:59 --> Input Class Initialized
INFO - 2019-02-01 09:56:59 --> Language Class Initialized
INFO - 2019-02-01 09:56:59 --> Loader Class Initialized
INFO - 2019-02-01 09:56:59 --> Helper loaded: url_helper
INFO - 2019-02-01 09:56:59 --> Helper loaded: form_helper
INFO - 2019-02-01 09:56:59 --> Helper loaded: html_helper
INFO - 2019-02-01 09:56:59 --> Helper loaded: rbac_helper
INFO - 2019-02-01 09:56:59 --> Helper loaded: layout_helper
INFO - 2019-02-01 09:56:59 --> Helper loaded: func_helper
INFO - 2019-02-01 09:56:59 --> Helper loaded: oraxe_helper
INFO - 2019-02-01 09:56:59 --> Database Driver Class Initialized
DEBUG - 2019-02-01 09:56:59 --> Session: "sess_save_path" is empty; using "session.save_path" value from php.ini.
INFO - 2019-02-01 09:56:59 --> Session: Class initialized using 'files' driver.
INFO - 2019-02-01 09:56:59 --> Controller Class Initialized
DEBUG - 2019-02-01 09:56:59 --> Session class already loaded. Second attempt ignored.
INFO - 2019-02-01 09:56:59 --> Form Validation Class Initialized
INFO - 2019-02-01 09:56:59 --> user_id=[lutfi]module=[company]method[get]
INFO - 2019-02-01 09:56:59 --> user_id=[lutfi]module=[structure]method[get]
INFO - 2019-02-01 09:56:59 --> user_id=[lutfi]module=[report]method[get]
INFO - 2019-02-01 09:56:59 --> user_id=[lutfi]module=[workhour]method[get]
INFO - 2019-02-01 09:56:59 --> user_id=[lutfi]module=[holiday]method[get]
INFO - 2019-02-01 09:56:59 --> user_id=[lutfi]module=[employees]method[get]
INFO - 2019-02-01 09:56:59 --> user_id=[lutfi]module=[timesheet]method[get]
INFO - 2019-02-01 09:56:59 --> user_id=[lutfi]module=[absent]method[get]
INFO - 2019-02-01 09:56:59 --> user_id=[lutfi]module=[onleave]method[get]
INFO - 2019-02-01 09:56:59 --> user_id=[lutfi]module=[overtime]method[get]
INFO - 2019-02-01 09:56:59 --> user_id=[lutfi]module=[schemas]method[get]
INFO - 2019-02-01 09:56:59 --> user_id=[lutfi]module=[adjustment]method[get]
INFO - 2019-02-01 09:56:59 --> user_id=[lutfi]module=[reimburse]method[get]
INFO - 2019-02-01 09:56:59 --> user_id=[lutfi]module=[wages]method[get]
INFO - 2019-02-01 09:56:59 --> user_id=[lutfi]module=[paydays]method[get]
INFO - 2019-02-01 09:56:59 --> File loaded: C:\MNEMONIC\GDrive\Web\cyberhrm\application\views\dashboard.php
INFO - 2019-02-01 09:56:59 --> File loaded: C:\MNEMONIC\GDrive\Web\cyberhrm\application\views\layouts/default.php
INFO - 2019-02-01 09:56:59 --> Final output sent to browser
DEBUG - 2019-02-01 09:56:59 --> Total execution time: 0.2437
INFO - 2019-02-01 09:57:01 --> Config Class Initialized
INFO - 2019-02-01 09:57:01 --> Hooks Class Initialized
DEBUG - 2019-02-01 09:57:01 --> UTF-8 Support Enabled
INFO - 2019-02-01 09:57:01 --> Utf8 Class Initialized
INFO - 2019-02-01 09:57:01 --> Config Class Initialized
INFO - 2019-02-01 09:57:01 --> Hooks Class Initialized
INFO - 2019-02-01 09:57:01 --> Config Class Initialized
INFO - 2019-02-01 09:57:01 --> URI Class Initialized
INFO - 2019-02-01 09:57:01 --> Hooks Class Initialized
INFO - 2019-02-01 09:57:01 --> Config Class Initialized
INFO - 2019-02-01 09:57:01 --> Hooks Class Initialized
INFO - 2019-02-01 09:57:01 --> Router Class Initialized
DEBUG - 2019-02-01 09:57:01 --> UTF-8 Support Enabled
DEBUG - 2019-02-01 09:57:01 --> UTF-8 Support Enabled
INFO - 2019-02-01 09:57:01 --> Utf8 Class Initialized
INFO - 2019-02-01 09:57:01 --> Utf8 Class Initialized
INFO - 2019-02-01 09:57:01 --> Output Class Initialized
DEBUG - 2019-02-01 09:57:01 --> UTF-8 Support Enabled
INFO - 2019-02-01 09:57:01 --> URI Class Initialized
INFO - 2019-02-01 09:57:01 --> Utf8 Class Initialized
INFO - 2019-02-01 09:57:01 --> Security Class Initialized
INFO - 2019-02-01 09:57:01 --> URI Class Initialized
DEBUG - 2019-02-01 09:57:01 --> Global POST, GET and COOKIE data sanitized
INFO - 2019-02-01 09:57:01 --> URI Class Initialized
INFO - 2019-02-01 09:57:01 --> Input Class Initialized
INFO - 2019-02-01 09:57:01 --> Language Class Initialized
INFO - 2019-02-01 09:57:01 --> Router Class Initialized
INFO - 2019-02-01 09:57:01 --> Router Class Initialized
INFO - 2019-02-01 09:57:01 --> Router Class Initialized
INFO - 2019-02-01 09:57:01 --> Loader Class Initialized
INFO - 2019-02-01 09:57:01 --> Output Class Initialized
INFO - 2019-02-01 09:57:01 --> Output Class Initialized
INFO - 2019-02-01 09:57:01 --> Output Class Initialized
INFO - 2019-02-01 09:57:01 --> Security Class Initialized
INFO - 2019-02-01 09:57:01 --> Security Class Initialized
INFO - 2019-02-01 09:57:01 --> Security Class Initialized
DEBUG - 2019-02-01 09:57:01 --> Global POST, GET and COOKIE data sanitized
INFO - 2019-02-01 09:57:01 --> Input Class Initialized
DEBUG - 2019-02-01 09:57:01 --> Global POST, GET and COOKIE data sanitized
DEBUG - 2019-02-01 09:57:01 --> Global POST, GET and COOKIE data sanitized
INFO - 2019-02-01 09:57:01 --> Input Class Initialized
INFO - 2019-02-01 09:57:01 --> Language Class Initialized
INFO - 2019-02-01 09:57:01 --> Input Class Initialized
INFO - 2019-02-01 09:57:01 --> Language Class Initialized
INFO - 2019-02-01 09:57:01 --> Language Class Initialized
INFO - 2019-02-01 09:57:01 --> Loader Class Initialized
INFO - 2019-02-01 09:57:01 --> Loader Class Initialized
INFO - 2019-02-01 09:57:01 --> Helper loaded: url_helper
INFO - 2019-02-01 09:57:01 --> Helper loaded: form_helper
INFO - 2019-02-01 09:57:01 --> Loader Class Initialized
INFO - 2019-02-01 09:57:01 --> Helper loaded: html_helper
INFO - 2019-02-01 09:57:01 --> Helper loaded: url_helper
INFO - 2019-02-01 09:57:01 --> Helper loaded: rbac_helper
INFO - 2019-02-01 09:57:01 --> Helper loaded: layout_helper
INFO - 2019-02-01 09:57:01 --> Helper loaded: url_helper
INFO - 2019-02-01 09:57:01 --> Helper loaded: form_helper
INFO - 2019-02-01 09:57:01 --> Helper loaded: url_helper
INFO - 2019-02-01 09:57:01 --> Helper loaded: form_helper
INFO - 2019-02-01 09:57:01 --> Helper loaded: html_helper
INFO - 2019-02-01 09:57:01 --> Helper loaded: form_helper
INFO - 2019-02-01 09:57:01 --> Helper loaded: html_helper
INFO - 2019-02-01 09:57:01 --> Helper loaded: func_helper
INFO - 2019-02-01 09:57:01 --> Helper loaded: rbac_helper
INFO - 2019-02-01 09:57:01 --> Helper loaded: html_helper
INFO - 2019-02-01 09:57:01 --> Helper loaded: rbac_helper
INFO - 2019-02-01 09:57:01 --> Helper loaded: oraxe_helper
INFO - 2019-02-01 09:57:01 --> Helper loaded: layout_helper
INFO - 2019-02-01 09:57:01 --> Helper loaded: layout_helper
INFO - 2019-02-01 09:57:01 --> Helper loaded: rbac_helper
INFO - 2019-02-01 09:57:01 --> Helper loaded: func_helper
INFO - 2019-02-01 09:57:01 --> Helper loaded: func_helper
INFO - 2019-02-01 09:57:01 --> Helper loaded: layout_helper
INFO - 2019-02-01 09:57:01 --> Helper loaded: func_helper
INFO - 2019-02-01 09:57:01 --> Helper loaded: oraxe_helper
INFO - 2019-02-01 09:57:01 --> Helper loaded: oraxe_helper
INFO - 2019-02-01 09:57:01 --> Helper loaded: oraxe_helper
INFO - 2019-02-01 09:57:01 --> Database Driver Class Initialized
INFO - 2019-02-01 09:57:01 --> Database Driver Class Initialized
INFO - 2019-02-01 09:57:01 --> Database Driver Class Initialized
INFO - 2019-02-01 09:57:01 --> Database Driver Class Initialized
DEBUG - 2019-02-01 09:57:01 --> Session: "sess_save_path" is empty; using "session.save_path" value from php.ini.
INFO - 2019-02-01 09:57:01 --> Session: Class initialized using 'files' driver.
INFO - 2019-02-01 09:57:01 --> Controller Class Initialized
DEBUG - 2019-02-01 09:57:01 --> Session class already loaded. Second attempt ignored.
INFO - 2019-02-01 09:57:01 --> Form Validation Class Initialized
DEBUG - 2019-02-01 09:57:01 --> Session: "sess_save_path" is empty; using "session.save_path" value from php.ini.
DEBUG - 2019-02-01 09:57:01 --> Session: "sess_save_path" is empty; using "session.save_path" value from php.ini.
INFO - 2019-02-01 09:57:01 --> Session: Class initialized using 'files' driver.
INFO - 2019-02-01 09:57:01 --> Controller Class Initialized
DEBUG - 2019-02-01 09:57:01 --> Session class already loaded. Second attempt ignored.
DEBUG - 2019-02-01 09:57:01 --> Session: "sess_save_path" is empty; using "session.save_path" value from php.ini.
INFO - 2019-02-01 09:57:01 --> Form Validation Class Initialized
INFO - 2019-02-01 09:57:01 --> Session: Class initialized using 'files' driver.
INFO - 2019-02-01 09:57:01 --> Controller Class Initialized
DEBUG - 2019-02-01 09:57:01 --> Session class already loaded. Second attempt ignored.
INFO - 2019-02-01 09:57:01 --> Form Validation Class Initialized
INFO - 2019-02-01 09:57:01 --> Session: Class initialized using 'files' driver.
INFO - 2019-02-01 09:57:01 --> Controller Class Initialized
DEBUG - 2019-02-01 09:57:01 --> Session class already loaded. Second attempt ignored.
INFO - 2019-02-01 09:57:01 --> Form Validation Class Initialized
INFO - 2019-02-01 09:57:02 --> Config Class Initialized
INFO - 2019-02-01 09:57:03 --> Hooks Class Initialized
DEBUG - 2019-02-01 09:57:03 --> UTF-8 Support Enabled
INFO - 2019-02-01 09:57:03 --> Utf8 Class Initialized
INFO - 2019-02-01 09:57:03 --> URI Class Initialized
INFO - 2019-02-01 09:57:03 --> Router Class Initialized
INFO - 2019-02-01 09:57:03 --> Output Class Initialized
INFO - 2019-02-01 09:57:03 --> Security Class Initialized
DEBUG - 2019-02-01 09:57:03 --> Global POST, GET and COOKIE data sanitized
INFO - 2019-02-01 09:57:03 --> Input Class Initialized
INFO - 2019-02-01 09:57:03 --> Language Class Initialized
INFO - 2019-02-01 09:57:03 --> Loader Class Initialized
INFO - 2019-02-01 09:57:03 --> Helper loaded: url_helper
INFO - 2019-02-01 09:57:03 --> Helper loaded: form_helper
INFO - 2019-02-01 09:57:03 --> Helper loaded: html_helper
INFO - 2019-02-01 09:57:03 --> Helper loaded: rbac_helper
INFO - 2019-02-01 09:57:03 --> Helper loaded: layout_helper
INFO - 2019-02-01 09:57:03 --> Helper loaded: func_helper
INFO - 2019-02-01 09:57:03 --> Helper loaded: oraxe_helper
INFO - 2019-02-01 09:57:03 --> Database Driver Class Initialized
DEBUG - 2019-02-01 09:57:03 --> Session: "sess_save_path" is empty; using "session.save_path" value from php.ini.
INFO - 2019-02-01 09:57:03 --> Session: Class initialized using 'files' driver.
INFO - 2019-02-01 09:57:03 --> Controller Class Initialized
DEBUG - 2019-02-01 09:57:03 --> Session class already loaded. Second attempt ignored.
INFO - 2019-02-01 09:57:03 --> Form Validation Class Initialized
INFO - 2019-02-01 09:57:03 --> user_id=[lutfi]module=[company]method[get]
INFO - 2019-02-01 09:57:03 --> user_id=[lutfi]module=[structure]method[get]
INFO - 2019-02-01 09:57:03 --> user_id=[lutfi]module=[report]method[get]
INFO - 2019-02-01 09:57:03 --> user_id=[lutfi]module=[workhour]method[get]
INFO - 2019-02-01 09:57:03 --> user_id=[lutfi]module=[holiday]method[get]
INFO - 2019-02-01 09:57:03 --> user_id=[lutfi]module=[employees]method[get]
INFO - 2019-02-01 09:57:03 --> user_id=[lutfi]module=[timesheet]method[get]
INFO - 2019-02-01 09:57:03 --> user_id=[lutfi]module=[absent]method[get]
INFO - 2019-02-01 09:57:03 --> user_id=[lutfi]module=[onleave]method[get]
INFO - 2019-02-01 09:57:03 --> user_id=[lutfi]module=[overtime]method[get]
INFO - 2019-02-01 09:57:03 --> user_id=[lutfi]module=[schemas]method[get]
INFO - 2019-02-01 09:57:03 --> user_id=[lutfi]module=[adjustment]method[get]
INFO - 2019-02-01 09:57:03 --> user_id=[lutfi]module=[reimburse]method[get]
INFO - 2019-02-01 09:57:03 --> user_id=[lutfi]module=[wages]method[get]
INFO - 2019-02-01 09:57:03 --> user_id=[lutfi]module=[paydays]method[get]
INFO - 2019-02-01 09:57:03 --> File loaded: C:\MNEMONIC\GDrive\Web\cyberhrm\application\views\report.php
INFO - 2019-02-01 09:57:03 --> File loaded: C:\MNEMONIC\GDrive\Web\cyberhrm\application\views\layouts/default.php
INFO - 2019-02-01 09:57:03 --> Final output sent to browser
DEBUG - 2019-02-01 09:57:03 --> Total execution time: 0.5301
INFO - 2019-02-01 09:57:03 --> Config Class Initialized
INFO - 2019-02-01 09:57:03 --> Hooks Class Initialized
DEBUG - 2019-02-01 09:57:03 --> UTF-8 Support Enabled
INFO - 2019-02-01 09:57:03 --> Utf8 Class Initialized
INFO - 2019-02-01 09:57:03 --> URI Class Initialized
INFO - 2019-02-01 09:57:03 --> Router Class Initialized
INFO - 2019-02-01 09:57:03 --> Output Class Initialized
INFO - 2019-02-01 09:57:03 --> Security Class Initialized
DEBUG - 2019-02-01 09:57:03 --> Global POST, GET and COOKIE data sanitized
INFO - 2019-02-01 09:57:03 --> Input Class Initialized
INFO - 2019-02-01 09:57:03 --> Language Class Initialized
INFO - 2019-02-01 09:57:03 --> Loader Class Initialized
INFO - 2019-02-01 09:57:03 --> Helper loaded: url_helper
INFO - 2019-02-01 09:57:03 --> Helper loaded: form_helper
INFO - 2019-02-01 09:57:03 --> Helper loaded: html_helper
INFO - 2019-02-01 09:57:03 --> Helper loaded: rbac_helper
INFO - 2019-02-01 09:57:03 --> Helper loaded: layout_helper
INFO - 2019-02-01 09:57:03 --> Helper loaded: func_helper
INFO - 2019-02-01 09:57:03 --> Helper loaded: oraxe_helper
INFO - 2019-02-01 09:57:03 --> Database Driver Class Initialized
DEBUG - 2019-02-01 09:57:03 --> Session: "sess_save_path" is empty; using "session.save_path" value from php.ini.
INFO - 2019-02-01 09:57:03 --> Session: Class initialized using 'files' driver.
INFO - 2019-02-01 09:57:03 --> Controller Class Initialized
DEBUG - 2019-02-01 09:57:03 --> Session class already loaded. Second attempt ignored.
INFO - 2019-02-01 09:57:03 --> Form Validation Class Initialized
INFO - 2019-02-01 09:57:03 --> user_id=[lutfi]module=[report]method[query]
INFO - 2019-02-01 09:57:54 --> Config Class Initialized
INFO - 2019-02-01 09:57:54 --> Hooks Class Initialized
DEBUG - 2019-02-01 09:57:54 --> UTF-8 Support Enabled
INFO - 2019-02-01 09:57:54 --> Utf8 Class Initialized
INFO - 2019-02-01 09:57:54 --> URI Class Initialized
INFO - 2019-02-01 09:57:54 --> Router Class Initialized
INFO - 2019-02-01 09:57:54 --> Output Class Initialized
INFO - 2019-02-01 09:57:54 --> Security Class Initialized
DEBUG - 2019-02-01 09:57:54 --> Global POST, GET and COOKIE data sanitized
INFO - 2019-02-01 09:57:54 --> Input Class Initialized
INFO - 2019-02-01 09:57:54 --> Language Class Initialized
INFO - 2019-02-01 09:57:55 --> Loader Class Initialized
INFO - 2019-02-01 09:57:55 --> Helper loaded: url_helper
INFO - 2019-02-01 09:57:55 --> Helper loaded: form_helper
INFO - 2019-02-01 09:57:55 --> Helper loaded: html_helper
INFO - 2019-02-01 09:57:55 --> Helper loaded: rbac_helper
INFO - 2019-02-01 09:57:55 --> Helper loaded: layout_helper
INFO - 2019-02-01 09:57:55 --> Helper loaded: func_helper
INFO - 2019-02-01 09:57:55 --> Helper loaded: oraxe_helper
INFO - 2019-02-01 09:57:55 --> Database Driver Class Initialized
DEBUG - 2019-02-01 09:57:55 --> Session: "sess_save_path" is empty; using "session.save_path" value from php.ini.
INFO - 2019-02-01 09:57:55 --> Session: Class initialized using 'files' driver.
INFO - 2019-02-01 09:57:55 --> Controller Class Initialized
DEBUG - 2019-02-01 09:57:55 --> Session class already loaded. Second attempt ignored.
INFO - 2019-02-01 09:57:55 --> Form Validation Class Initialized
INFO - 2019-02-01 09:57:55 --> user_id=[lutfi]module=[company]method[get]
INFO - 2019-02-01 09:57:55 --> user_id=[lutfi]module=[structure]method[get]
INFO - 2019-02-01 09:57:55 --> user_id=[lutfi]module=[report]method[get]
INFO - 2019-02-01 09:57:55 --> user_id=[lutfi]module=[workhour]method[get]
INFO - 2019-02-01 09:57:55 --> user_id=[lutfi]module=[holiday]method[get]
INFO - 2019-02-01 09:57:55 --> user_id=[lutfi]module=[employees]method[get]
INFO - 2019-02-01 09:57:55 --> user_id=[lutfi]module=[timesheet]method[get]
INFO - 2019-02-01 09:57:55 --> user_id=[lutfi]module=[absent]method[get]
INFO - 2019-02-01 09:57:55 --> user_id=[lutfi]module=[onleave]method[get]
INFO - 2019-02-01 09:57:55 --> user_id=[lutfi]module=[overtime]method[get]
INFO - 2019-02-01 09:57:55 --> user_id=[lutfi]module=[schemas]method[get]
INFO - 2019-02-01 09:57:55 --> user_id=[lutfi]module=[adjustment]method[get]
INFO - 2019-02-01 09:57:55 --> user_id=[lutfi]module=[reimburse]method[get]
INFO - 2019-02-01 09:57:55 --> user_id=[lutfi]module=[wages]method[get]
INFO - 2019-02-01 09:57:55 --> user_id=[lutfi]module=[paydays]method[get]
INFO - 2019-02-01 09:57:55 --> File loaded: C:\MNEMONIC\GDrive\Web\cyberhrm\application\views\paydays.php
INFO - 2019-02-01 09:57:55 --> File loaded: C:\MNEMONIC\GDrive\Web\cyberhrm\application\views\layouts/default.php
INFO - 2019-02-01 09:57:55 --> Final output sent to browser
DEBUG - 2019-02-01 09:57:55 --> Total execution time: 0.8613
INFO - 2019-02-01 09:57:56 --> Config Class Initialized
INFO - 2019-02-01 09:57:56 --> Hooks Class Initialized
DEBUG - 2019-02-01 09:57:56 --> UTF-8 Support Enabled
INFO - 2019-02-01 09:57:56 --> Utf8 Class Initialized
INFO - 2019-02-01 09:57:56 --> URI Class Initialized
INFO - 2019-02-01 09:57:56 --> Router Class Initialized
INFO - 2019-02-01 09:57:56 --> Output Class Initialized
INFO - 2019-02-01 09:57:56 --> Security Class Initialized
DEBUG - 2019-02-01 09:57:56 --> Global POST, GET and COOKIE data sanitized
INFO - 2019-02-01 09:57:56 --> Input Class Initialized
INFO - 2019-02-01 09:57:56 --> Language Class Initialized
INFO - 2019-02-01 09:57:56 --> Loader Class Initialized
INFO - 2019-02-01 09:57:56 --> Helper loaded: url_helper
INFO - 2019-02-01 09:57:56 --> Helper loaded: form_helper
INFO - 2019-02-01 09:57:56 --> Helper loaded: html_helper
INFO - 2019-02-01 09:57:56 --> Helper loaded: rbac_helper
INFO - 2019-02-01 09:57:56 --> Helper loaded: layout_helper
INFO - 2019-02-01 09:57:56 --> Helper loaded: func_helper
INFO - 2019-02-01 09:57:56 --> Helper loaded: oraxe_helper
INFO - 2019-02-01 09:57:56 --> Database Driver Class Initialized
DEBUG - 2019-02-01 09:57:56 --> Session: "sess_save_path" is empty; using "session.save_path" value from php.ini.
INFO - 2019-02-01 09:57:56 --> Session: Class initialized using 'files' driver.
INFO - 2019-02-01 09:57:56 --> Controller Class Initialized
DEBUG - 2019-02-01 09:57:56 --> Session class already loaded. Second attempt ignored.
INFO - 2019-02-01 09:57:56 --> Form Validation Class Initialized
INFO - 2019-02-01 09:57:56 --> user_id=[lutfi]module=[paydays]method[query]
INFO - 2019-02-01 09:57:56 --> Final output sent to browser
DEBUG - 2019-02-01 09:57:56 --> Total execution time: 0.1534
INFO - 2019-02-01 09:57:58 --> Config Class Initialized
INFO - 2019-02-01 09:57:58 --> Hooks Class Initialized
DEBUG - 2019-02-01 09:57:58 --> UTF-8 Support Enabled
INFO - 2019-02-01 09:57:58 --> Utf8 Class Initialized
INFO - 2019-02-01 09:57:58 --> URI Class Initialized
INFO - 2019-02-01 09:57:58 --> Router Class Initialized
INFO - 2019-02-01 09:57:58 --> Output Class Initialized
INFO - 2019-02-01 09:57:58 --> Security Class Initialized
DEBUG - 2019-02-01 09:57:58 --> Global POST, GET and COOKIE data sanitized
INFO - 2019-02-01 09:57:58 --> Input Class Initialized
INFO - 2019-02-01 09:57:58 --> Language Class Initialized
INFO - 2019-02-01 09:57:58 --> Loader Class Initialized
INFO - 2019-02-01 09:57:58 --> Helper loaded: url_helper
INFO - 2019-02-01 09:57:58 --> Helper loaded: form_helper
INFO - 2019-02-01 09:57:58 --> Helper loaded: html_helper
INFO - 2019-02-01 09:57:58 --> Helper loaded: rbac_helper
INFO - 2019-02-01 09:57:58 --> Helper loaded: layout_helper
INFO - 2019-02-01 09:57:58 --> Helper loaded: func_helper
INFO - 2019-02-01 09:57:58 --> Helper loaded: oraxe_helper
INFO - 2019-02-01 09:57:58 --> Database Driver Class Initialized
DEBUG - 2019-02-01 09:57:58 --> Session: "sess_save_path" is empty; using "session.save_path" value from php.ini.
INFO - 2019-02-01 09:57:58 --> Session: Class initialized using 'files' driver.
INFO - 2019-02-01 09:57:58 --> Controller Class Initialized
DEBUG - 2019-02-01 09:57:58 --> Session class already loaded. Second attempt ignored.
INFO - 2019-02-01 09:57:58 --> Form Validation Class Initialized
INFO - 2019-02-01 09:57:58 --> Final output sent to browser
DEBUG - 2019-02-01 09:57:58 --> Total execution time: 0.1700
INFO - 2019-02-01 09:58:02 --> Config Class Initialized
INFO - 2019-02-01 09:58:02 --> Hooks Class Initialized
DEBUG - 2019-02-01 09:58:02 --> UTF-8 Support Enabled
INFO - 2019-02-01 09:58:02 --> Utf8 Class Initialized
INFO - 2019-02-01 09:58:02 --> URI Class Initialized
INFO - 2019-02-01 09:58:02 --> Router Class Initialized
INFO - 2019-02-01 09:58:02 --> Output Class Initialized
INFO - 2019-02-01 09:58:02 --> Security Class Initialized
DEBUG - 2019-02-01 09:58:02 --> Global POST, GET and COOKIE data sanitized
INFO - 2019-02-01 09:58:02 --> Input Class Initialized
INFO - 2019-02-01 09:58:02 --> Language Class Initialized
INFO - 2019-02-01 09:58:02 --> Loader Class Initialized
INFO - 2019-02-01 09:58:02 --> Helper loaded: url_helper
INFO - 2019-02-01 09:58:02 --> Helper loaded: form_helper
INFO - 2019-02-01 09:58:02 --> Helper loaded: html_helper
INFO - 2019-02-01 09:58:02 --> Helper loaded: rbac_helper
INFO - 2019-02-01 09:58:02 --> Helper loaded: layout_helper
INFO - 2019-02-01 09:58:02 --> Helper loaded: func_helper
INFO - 2019-02-01 09:58:02 --> Helper loaded: oraxe_helper
INFO - 2019-02-01 09:58:02 --> Database Driver Class Initialized
DEBUG - 2019-02-01 09:58:02 --> Session: "sess_save_path" is empty; using "session.save_path" value from php.ini.
INFO - 2019-02-01 09:58:02 --> Session: Class initialized using 'files' driver.
INFO - 2019-02-01 09:58:02 --> Controller Class Initialized
DEBUG - 2019-02-01 09:58:02 --> Session class already loaded. Second attempt ignored.
INFO - 2019-02-01 09:58:02 --> Form Validation Class Initialized
INFO - 2019-02-01 09:58:02 --> user_id=[lutfi]module=[paydays]method[create]
INFO - 2019-02-01 09:58:02 --> Config Class Initialized
INFO - 2019-02-01 09:58:02 --> Hooks Class Initialized
DEBUG - 2019-02-01 09:58:02 --> UTF-8 Support Enabled
INFO - 2019-02-01 09:58:02 --> Utf8 Class Initialized
INFO - 2019-02-01 09:58:02 --> URI Class Initialized
INFO - 2019-02-01 09:58:02 --> Router Class Initialized
INFO - 2019-02-01 09:58:02 --> Output Class Initialized
INFO - 2019-02-01 09:58:02 --> Security Class Initialized
DEBUG - 2019-02-01 09:58:02 --> Global POST, GET and COOKIE data sanitized
INFO - 2019-02-01 09:58:02 --> Input Class Initialized
INFO - 2019-02-01 09:58:02 --> Language Class Initialized
INFO - 2019-02-01 09:58:02 --> Loader Class Initialized
INFO - 2019-02-01 09:58:02 --> Helper loaded: url_helper
INFO - 2019-02-01 09:58:02 --> Helper loaded: form_helper
INFO - 2019-02-01 09:58:02 --> Helper loaded: html_helper
INFO - 2019-02-01 09:58:02 --> Helper loaded: rbac_helper
INFO - 2019-02-01 09:58:02 --> Helper loaded: layout_helper
INFO - 2019-02-01 09:58:02 --> Helper loaded: func_helper
INFO - 2019-02-01 09:58:02 --> Helper loaded: oraxe_helper
INFO - 2019-02-01 09:58:02 --> Database Driver Class Initialized
DEBUG - 2019-02-01 09:58:02 --> Session: "sess_save_path" is empty; using "session.save_path" value from php.ini.
INFO - 2019-02-01 09:58:02 --> Session: Class initialized using 'files' driver.
INFO - 2019-02-01 09:58:02 --> Controller Class Initialized
DEBUG - 2019-02-01 09:58:02 --> Session class already loaded. Second attempt ignored.
INFO - 2019-02-01 09:58:02 --> Form Validation Class Initialized
INFO - 2019-02-01 09:58:02 --> user_id=[lutfi]module=[paydays]method[query]
INFO - 2019-02-01 09:58:02 --> Final output sent to browser
DEBUG - 2019-02-01 09:58:02 --> Total execution time: 0.1193
INFO - 2019-02-01 09:58:06 --> Config Class Initialized
INFO - 2019-02-01 09:58:06 --> Hooks Class Initialized
DEBUG - 2019-02-01 09:58:06 --> UTF-8 Support Enabled
INFO - 2019-02-01 09:58:06 --> Utf8 Class Initialized
INFO - 2019-02-01 09:58:06 --> URI Class Initialized
INFO - 2019-02-01 09:58:06 --> Router Class Initialized
INFO - 2019-02-01 09:58:06 --> Output Class Initialized
INFO - 2019-02-01 09:58:06 --> Security Class Initialized
DEBUG - 2019-02-01 09:58:06 --> Global POST, GET and COOKIE data sanitized
INFO - 2019-02-01 09:58:06 --> Input Class Initialized
INFO - 2019-02-01 09:58:06 --> Language Class Initialized
INFO - 2019-02-01 09:58:06 --> Loader Class Initialized
INFO - 2019-02-01 09:58:06 --> Helper loaded: url_helper
INFO - 2019-02-01 09:58:06 --> Helper loaded: form_helper
INFO - 2019-02-01 09:58:06 --> Helper loaded: html_helper
INFO - 2019-02-01 09:58:06 --> Helper loaded: rbac_helper
INFO - 2019-02-01 09:58:06 --> Helper loaded: layout_helper
INFO - 2019-02-01 09:58:06 --> Helper loaded: func_helper
INFO - 2019-02-01 09:58:06 --> Helper loaded: oraxe_helper
INFO - 2019-02-01 09:58:06 --> Database Driver Class Initialized
DEBUG - 2019-02-01 09:58:06 --> Session: "sess_save_path" is empty; using "session.save_path" value from php.ini.
INFO - 2019-02-01 09:58:06 --> Session: Class initialized using 'files' driver.
INFO - 2019-02-01 09:58:06 --> Controller Class Initialized
DEBUG - 2019-02-01 09:58:06 --> Session class already loaded. Second attempt ignored.
INFO - 2019-02-01 09:58:06 --> Form Validation Class Initialized
INFO - 2019-02-01 09:58:06 --> user_id=[lutfi]module=[paydays]method[query]
INFO - 2019-02-01 09:58:06 --> Final output sent to browser
DEBUG - 2019-02-01 09:58:06 --> Total execution time: 0.1195
INFO - 2019-02-01 09:58:08 --> Config Class Initialized
INFO - 2019-02-01 09:58:08 --> Hooks Class Initialized
DEBUG - 2019-02-01 09:58:08 --> UTF-8 Support Enabled
INFO - 2019-02-01 09:58:08 --> Utf8 Class Initialized
INFO - 2019-02-01 09:58:08 --> URI Class Initialized
INFO - 2019-02-01 09:58:08 --> Router Class Initialized
INFO - 2019-02-01 09:58:08 --> Output Class Initialized
INFO - 2019-02-01 09:58:08 --> Security Class Initialized
DEBUG - 2019-02-01 09:58:08 --> Global POST, GET and COOKIE data sanitized
INFO - 2019-02-01 09:58:08 --> Input Class Initialized
INFO - 2019-02-01 09:58:08 --> Language Class Initialized
INFO - 2019-02-01 09:58:08 --> Loader Class Initialized
INFO - 2019-02-01 09:58:08 --> Helper loaded: url_helper
INFO - 2019-02-01 09:58:08 --> Helper loaded: form_helper
INFO - 2019-02-01 09:58:08 --> Helper loaded: html_helper
INFO - 2019-02-01 09:58:08 --> Helper loaded: rbac_helper
INFO - 2019-02-01 09:58:08 --> Helper loaded: layout_helper
INFO - 2019-02-01 09:58:08 --> Helper loaded: func_helper
INFO - 2019-02-01 09:58:08 --> Helper loaded: oraxe_helper
INFO - 2019-02-01 09:58:08 --> Database Driver Class Initialized
DEBUG - 2019-02-01 09:58:08 --> Session: "sess_save_path" is empty; using "session.save_path" value from php.ini.
INFO - 2019-02-01 09:58:08 --> Session: Class initialized using 'files' driver.
INFO - 2019-02-01 09:58:08 --> Controller Class Initialized
DEBUG - 2019-02-01 09:58:08 --> Session class already loaded. Second attempt ignored.
INFO - 2019-02-01 09:58:08 --> Form Validation Class Initialized
INFO - 2019-02-01 09:58:08 --> user_id=[lutfi]module=[paydays]method[query]
INFO - 2019-02-01 09:58:08 --> Final output sent to browser
DEBUG - 2019-02-01 09:58:08 --> Total execution time: 0.1153
INFO - 2019-02-01 09:58:12 --> Config Class Initialized
INFO - 2019-02-01 09:58:12 --> Hooks Class Initialized
DEBUG - 2019-02-01 09:58:12 --> UTF-8 Support Enabled
INFO - 2019-02-01 09:58:12 --> Utf8 Class Initialized
INFO - 2019-02-01 09:58:12 --> URI Class Initialized
INFO - 2019-02-01 09:58:12 --> Router Class Initialized
INFO - 2019-02-01 09:58:12 --> Output Class Initialized
INFO - 2019-02-01 09:58:12 --> Security Class Initialized
DEBUG - 2019-02-01 09:58:12 --> Global POST, GET and COOKIE data sanitized
INFO - 2019-02-01 09:58:12 --> Input Class Initialized
INFO - 2019-02-01 09:58:12 --> Language Class Initialized
INFO - 2019-02-01 09:58:12 --> Loader Class Initialized
INFO - 2019-02-01 09:58:12 --> Helper loaded: url_helper
INFO - 2019-02-01 09:58:12 --> Helper loaded: form_helper
INFO - 2019-02-01 09:58:12 --> Helper loaded: html_helper
INFO - 2019-02-01 09:58:12 --> Helper loaded: rbac_helper
INFO - 2019-02-01 09:58:12 --> Helper loaded: layout_helper
INFO - 2019-02-01 09:58:12 --> Helper loaded: func_helper
INFO - 2019-02-01 09:58:12 --> Helper loaded: oraxe_helper
INFO - 2019-02-01 09:58:12 --> Database Driver Class Initialized
DEBUG - 2019-02-01 09:58:12 --> Session: "sess_save_path" is empty; using "session.save_path" value from php.ini.
INFO - 2019-02-01 09:58:12 --> Session: Class initialized using 'files' driver.
INFO - 2019-02-01 09:58:12 --> Controller Class Initialized
DEBUG - 2019-02-01 09:58:12 --> Session class already loaded. Second attempt ignored.
INFO - 2019-02-01 09:58:12 --> Form Validation Class Initialized
INFO - 2019-02-01 09:58:12 --> user_id=[lutfi]module=[company]method[get]
INFO - 2019-02-01 09:58:12 --> user_id=[lutfi]module=[structure]method[get]
INFO - 2019-02-01 09:58:12 --> user_id=[lutfi]module=[report]method[get]
INFO - 2019-02-01 09:58:12 --> user_id=[lutfi]module=[workhour]method[get]
INFO - 2019-02-01 09:58:12 --> user_id=[lutfi]module=[holiday]method[get]
INFO - 2019-02-01 09:58:12 --> user_id=[lutfi]module=[employees]method[get]
INFO - 2019-02-01 09:58:12 --> user_id=[lutfi]module=[timesheet]method[get]
INFO - 2019-02-01 09:58:12 --> user_id=[lutfi]module=[absent]method[get]
INFO - 2019-02-01 09:58:12 --> user_id=[lutfi]module=[onleave]method[get]
INFO - 2019-02-01 09:58:12 --> user_id=[lutfi]module=[overtime]method[get]
INFO - 2019-02-01 09:58:12 --> user_id=[lutfi]module=[schemas]method[get]
INFO - 2019-02-01 09:58:12 --> user_id=[lutfi]module=[adjustment]method[get]
INFO - 2019-02-01 09:58:12 --> user_id=[lutfi]module=[reimburse]method[get]
INFO - 2019-02-01 09:58:12 --> user_id=[lutfi]module=[wages]method[get]
INFO - 2019-02-01 09:58:12 --> user_id=[lutfi]module=[paydays]method[get]
INFO - 2019-02-01 09:58:12 --> File loaded: C:\MNEMONIC\GDrive\Web\cyberhrm\application\views\payday.php
INFO - 2019-02-01 09:58:12 --> File loaded: C:\MNEMONIC\GDrive\Web\cyberhrm\application\views\layouts/default.php
INFO - 2019-02-01 09:58:12 --> Final output sent to browser
DEBUG - 2019-02-01 09:58:12 --> Total execution time: 0.1719
INFO - 2019-02-01 09:58:13 --> Config Class Initialized
INFO - 2019-02-01 09:58:13 --> Hooks Class Initialized
DEBUG - 2019-02-01 09:58:13 --> UTF-8 Support Enabled
INFO - 2019-02-01 09:58:13 --> Utf8 Class Initialized
INFO - 2019-02-01 09:58:13 --> URI Class Initialized
INFO - 2019-02-01 09:58:13 --> Router Class Initialized
INFO - 2019-02-01 09:58:13 --> Output Class Initialized
INFO - 2019-02-01 09:58:13 --> Security Class Initialized
DEBUG - 2019-02-01 09:58:13 --> Global POST, GET and COOKIE data sanitized
INFO - 2019-02-01 09:58:13 --> Input Class Initialized
INFO - 2019-02-01 09:58:13 --> Language Class Initialized
INFO - 2019-02-01 09:58:13 --> Loader Class Initialized
INFO - 2019-02-01 09:58:13 --> Helper loaded: url_helper
INFO - 2019-02-01 09:58:13 --> Helper loaded: form_helper
INFO - 2019-02-01 09:58:13 --> Helper loaded: html_helper
INFO - 2019-02-01 09:58:13 --> Helper loaded: rbac_helper
INFO - 2019-02-01 09:58:13 --> Helper loaded: layout_helper
INFO - 2019-02-01 09:58:13 --> Helper loaded: func_helper
INFO - 2019-02-01 09:58:13 --> Helper loaded: oraxe_helper
INFO - 2019-02-01 09:58:13 --> Database Driver Class Initialized
DEBUG - 2019-02-01 09:58:13 --> Session: "sess_save_path" is empty; using "session.save_path" value from php.ini.
INFO - 2019-02-01 09:58:13 --> Session: Class initialized using 'files' driver.
INFO - 2019-02-01 09:58:13 --> Controller Class Initialized
DEBUG - 2019-02-01 09:58:13 --> Session class already loaded. Second attempt ignored.
INFO - 2019-02-01 09:58:13 --> Form Validation Class Initialized
INFO - 2019-02-01 09:58:13 --> Final output sent to browser
DEBUG - 2019-02-01 09:58:13 --> Total execution time: 0.1152
INFO - 2019-02-01 09:58:13 --> Config Class Initialized
INFO - 2019-02-01 09:58:13 --> Hooks Class Initialized
DEBUG - 2019-02-01 09:58:13 --> UTF-8 Support Enabled
INFO - 2019-02-01 09:58:13 --> Utf8 Class Initialized
INFO - 2019-02-01 09:58:13 --> URI Class Initialized
INFO - 2019-02-01 09:58:13 --> Router Class Initialized
INFO - 2019-02-01 09:58:13 --> Output Class Initialized
INFO - 2019-02-01 09:58:13 --> Security Class Initialized
DEBUG - 2019-02-01 09:58:13 --> Global POST, GET and COOKIE data sanitized
INFO - 2019-02-01 09:58:13 --> Input Class Initialized
INFO - 2019-02-01 09:58:13 --> Language Class Initialized
INFO - 2019-02-01 09:58:13 --> Loader Class Initialized
INFO - 2019-02-01 09:58:13 --> Helper loaded: url_helper
INFO - 2019-02-01 09:58:13 --> Helper loaded: form_helper
INFO - 2019-02-01 09:58:13 --> Helper loaded: html_helper
INFO - 2019-02-01 09:58:13 --> Helper loaded: rbac_helper
INFO - 2019-02-01 09:58:13 --> Helper loaded: layout_helper
INFO - 2019-02-01 09:58:13 --> Helper loaded: func_helper
INFO - 2019-02-01 09:58:13 --> Helper loaded: oraxe_helper
INFO - 2019-02-01 09:58:13 --> Database Driver Class Initialized
DEBUG - 2019-02-01 09:58:13 --> Session: "sess_save_path" is empty; using "session.save_path" value from php.ini.
INFO - 2019-02-01 09:58:13 --> Session: Class initialized using 'files' driver.
INFO - 2019-02-01 09:58:13 --> Controller Class Initialized
DEBUG - 2019-02-01 09:58:13 --> Session class already loaded. Second attempt ignored.
INFO - 2019-02-01 09:58:13 --> Form Validation Class Initialized
INFO - 2019-02-01 09:58:13 --> user_id=[lutfi]module=[payday]method[get]
INFO - 2019-02-01 09:58:13 --> Config Class Initialized
INFO - 2019-02-01 09:58:13 --> Hooks Class Initialized
DEBUG - 2019-02-01 09:58:13 --> UTF-8 Support Enabled
INFO - 2019-02-01 09:58:13 --> Utf8 Class Initialized
INFO - 2019-02-01 09:58:13 --> URI Class Initialized
INFO - 2019-02-01 09:58:13 --> Router Class Initialized
INFO - 2019-02-01 09:58:13 --> Output Class Initialized
INFO - 2019-02-01 09:58:13 --> Security Class Initialized
DEBUG - 2019-02-01 09:58:13 --> Global POST, GET and COOKIE data sanitized
INFO - 2019-02-01 09:58:13 --> Input Class Initialized
INFO - 2019-02-01 09:58:13 --> Language Class Initialized
INFO - 2019-02-01 09:58:13 --> Loader Class Initialized
INFO - 2019-02-01 09:58:13 --> Helper loaded: url_helper
INFO - 2019-02-01 09:58:13 --> Helper loaded: form_helper
INFO - 2019-02-01 09:58:13 --> Helper loaded: html_helper
INFO - 2019-02-01 09:58:13 --> Helper loaded: rbac_helper
INFO - 2019-02-01 09:58:13 --> Helper loaded: layout_helper
INFO - 2019-02-01 09:58:13 --> Helper loaded: func_helper
INFO - 2019-02-01 09:58:13 --> Helper loaded: oraxe_helper
INFO - 2019-02-01 09:58:13 --> Database Driver Class Initialized
DEBUG - 2019-02-01 09:58:13 --> Session: "sess_save_path" is empty; using "session.save_path" value from php.ini.
INFO - 2019-02-01 09:58:13 --> Session: Class initialized using 'files' driver.
INFO - 2019-02-01 09:58:13 --> Controller Class Initialized
DEBUG - 2019-02-01 09:58:13 --> Session class already loaded. Second attempt ignored.
INFO - 2019-02-01 09:58:13 --> Form Validation Class Initialized
INFO - 2019-02-01 09:58:13 --> user_id=[lutfi]module=[payslip]method[query]
INFO - 2019-02-01 09:58:13 --> Final output sent to browser
DEBUG - 2019-02-01 09:58:13 --> Total execution time: 0.1630
INFO - 2019-02-01 09:58:15 --> Config Class Initialized
INFO - 2019-02-01 09:58:15 --> Hooks Class Initialized
DEBUG - 2019-02-01 09:58:15 --> UTF-8 Support Enabled
INFO - 2019-02-01 09:58:15 --> Utf8 Class Initialized
INFO - 2019-02-01 09:58:15 --> URI Class Initialized
INFO - 2019-02-01 09:58:15 --> Router Class Initialized
INFO - 2019-02-01 09:58:15 --> Output Class Initialized
INFO - 2019-02-01 09:58:15 --> Security Class Initialized
DEBUG - 2019-02-01 09:58:15 --> Global POST, GET and COOKIE data sanitized
INFO - 2019-02-01 09:58:15 --> Input Class Initialized
INFO - 2019-02-01 09:58:15 --> Language Class Initialized
INFO - 2019-02-01 09:58:15 --> Loader Class Initialized
INFO - 2019-02-01 09:58:16 --> Helper loaded: url_helper
INFO - 2019-02-01 09:58:16 --> Helper loaded: form_helper
INFO - 2019-02-01 09:58:16 --> Helper loaded: html_helper
INFO - 2019-02-01 09:58:16 --> Helper loaded: rbac_helper
INFO - 2019-02-01 09:58:16 --> Helper loaded: layout_helper
INFO - 2019-02-01 09:58:16 --> Helper loaded: func_helper
INFO - 2019-02-01 09:58:16 --> Helper loaded: oraxe_helper
INFO - 2019-02-01 09:58:16 --> Database Driver Class Initialized
DEBUG - 2019-02-01 09:58:16 --> Session: "sess_save_path" is empty; using "session.save_path" value from php.ini.
INFO - 2019-02-01 09:58:16 --> Session: Class initialized using 'files' driver.
INFO - 2019-02-01 09:58:16 --> Controller Class Initialized
DEBUG - 2019-02-01 09:58:16 --> Session class already loaded. Second attempt ignored.
INFO - 2019-02-01 09:58:16 --> Form Validation Class Initialized
INFO - 2019-02-01 09:58:16 --> user_id=[lutfi]module=[report.honorium_by_dept]method[preview]
INFO - 2019-02-01 09:58:16 --> Config Class Initialized
INFO - 2019-02-01 09:58:16 --> Hooks Class Initialized
DEBUG - 2019-02-01 09:58:16 --> UTF-8 Support Enabled
INFO - 2019-02-01 09:58:16 --> Utf8 Class Initialized
INFO - 2019-02-01 09:58:16 --> URI Class Initialized
INFO - 2019-02-01 09:58:16 --> Router Class Initialized
INFO - 2019-02-01 09:58:16 --> Output Class Initialized
INFO - 2019-02-01 09:58:16 --> Security Class Initialized
DEBUG - 2019-02-01 09:58:16 --> Global POST, GET and COOKIE data sanitized
INFO - 2019-02-01 09:58:16 --> Input Class Initialized
INFO - 2019-02-01 09:58:16 --> Language Class Initialized
INFO - 2019-02-01 09:58:16 --> Loader Class Initialized
INFO - 2019-02-01 09:58:16 --> Helper loaded: url_helper
INFO - 2019-02-01 09:58:16 --> Helper loaded: form_helper
INFO - 2019-02-01 09:58:16 --> Helper loaded: html_helper
INFO - 2019-02-01 09:58:16 --> Helper loaded: rbac_helper
INFO - 2019-02-01 09:58:16 --> Helper loaded: layout_helper
INFO - 2019-02-01 09:58:16 --> Helper loaded: func_helper
INFO - 2019-02-01 09:58:16 --> Helper loaded: oraxe_helper
INFO - 2019-02-01 09:58:16 --> Database Driver Class Initialized
DEBUG - 2019-02-01 09:58:16 --> Session: "sess_save_path" is empty; using "session.save_path" value from php.ini.
INFO - 2019-02-01 09:58:16 --> Session: Class initialized using 'files' driver.
INFO - 2019-02-01 09:58:16 --> Controller Class Initialized
DEBUG - 2019-02-01 09:58:16 --> Session class already loaded. Second attempt ignored.
INFO - 2019-02-01 09:58:16 --> Form Validation Class Initialized
INFO - 2019-02-01 09:58:16 --> user_id=[lutfi]module=[company]method[get]
INFO - 2019-02-01 09:58:16 --> user_id=[lutfi]module=[structure]method[get]
INFO - 2019-02-01 09:58:16 --> user_id=[lutfi]module=[report]method[get]
INFO - 2019-02-01 09:58:16 --> user_id=[lutfi]module=[workhour]method[get]
INFO - 2019-02-01 09:58:16 --> user_id=[lutfi]module=[holiday]method[get]
INFO - 2019-02-01 09:58:16 --> user_id=[lutfi]module=[employees]method[get]
INFO - 2019-02-01 09:58:16 --> user_id=[lutfi]module=[timesheet]method[get]
INFO - 2019-02-01 09:58:16 --> user_id=[lutfi]module=[absent]method[get]
INFO - 2019-02-01 09:58:16 --> user_id=[lutfi]module=[onleave]method[get]
INFO - 2019-02-01 09:58:16 --> user_id=[lutfi]module=[overtime]method[get]
INFO - 2019-02-01 09:58:16 --> user_id=[lutfi]module=[schemas]method[get]
INFO - 2019-02-01 09:58:16 --> user_id=[lutfi]module=[adjustment]method[get]
INFO - 2019-02-01 09:58:16 --> user_id=[lutfi]module=[reimburse]method[get]
INFO - 2019-02-01 09:58:16 --> user_id=[lutfi]module=[wages]method[get]
INFO - 2019-02-01 09:58:16 --> user_id=[lutfi]module=[paydays]method[get]
INFO - 2019-02-01 09:58:16 --> File loaded: C:\MNEMONIC\GDrive\Web\cyberhrm\application\views\report.php
INFO - 2019-02-01 09:58:16 --> File loaded: C:\MNEMONIC\GDrive\Web\cyberhrm\application\views\layouts/default.php
INFO - 2019-02-01 09:58:16 --> Final output sent to browser
DEBUG - 2019-02-01 09:58:16 --> Total execution time: 0.1137
INFO - 2019-02-01 09:58:16 --> Config Class Initialized
INFO - 2019-02-01 09:58:16 --> Hooks Class Initialized
DEBUG - 2019-02-01 09:58:16 --> UTF-8 Support Enabled
INFO - 2019-02-01 09:58:16 --> Utf8 Class Initialized
INFO - 2019-02-01 09:58:16 --> URI Class Initialized
INFO - 2019-02-01 09:58:16 --> Router Class Initialized
INFO - 2019-02-01 09:58:16 --> Output Class Initialized
INFO - 2019-02-01 09:58:16 --> Security Class Initialized
DEBUG - 2019-02-01 09:58:16 --> Global POST, GET and COOKIE data sanitized
INFO - 2019-02-01 09:58:16 --> Input Class Initialized
INFO - 2019-02-01 09:58:16 --> Language Class Initialized
INFO - 2019-02-01 09:58:16 --> Loader Class Initialized
INFO - 2019-02-01 09:58:16 --> Helper loaded: url_helper
INFO - 2019-02-01 09:58:16 --> Helper loaded: form_helper
INFO - 2019-02-01 09:58:16 --> Helper loaded: html_helper
INFO - 2019-02-01 09:58:16 --> Helper loaded: rbac_helper
INFO - 2019-02-01 09:58:16 --> Helper loaded: layout_helper
INFO - 2019-02-01 09:58:16 --> Helper loaded: func_helper
INFO - 2019-02-01 09:58:16 --> Helper loaded: oraxe_helper
INFO - 2019-02-01 09:58:16 --> Database Driver Class Initialized
DEBUG - 2019-02-01 09:58:16 --> Session: "sess_save_path" is empty; using "session.save_path" value from php.ini.
INFO - 2019-02-01 09:58:16 --> Session: Class initialized using 'files' driver.
INFO - 2019-02-01 09:58:16 --> Controller Class Initialized
DEBUG - 2019-02-01 09:58:16 --> Session class already loaded. Second attempt ignored.
INFO - 2019-02-01 09:58:16 --> Form Validation Class Initialized
INFO - 2019-02-01 09:58:16 --> user_id=[lutfi]module=[report]method[query]
INFO - 2019-02-01 09:58:22 --> Config Class Initialized
INFO - 2019-02-01 09:58:22 --> Hooks Class Initialized
DEBUG - 2019-02-01 09:58:22 --> UTF-8 Support Enabled
INFO - 2019-02-01 09:58:22 --> Utf8 Class Initialized
INFO - 2019-02-01 09:58:22 --> URI Class Initialized
INFO - 2019-02-01 09:58:22 --> Router Class Initialized
INFO - 2019-02-01 09:58:22 --> Output Class Initialized
INFO - 2019-02-01 09:58:22 --> Security Class Initialized
DEBUG - 2019-02-01 09:58:22 --> Global POST, GET and COOKIE data sanitized
INFO - 2019-02-01 09:58:22 --> Input Class Initialized
INFO - 2019-02-01 09:58:22 --> Language Class Initialized
INFO - 2019-02-01 09:58:22 --> Loader Class Initialized
INFO - 2019-02-01 09:58:22 --> Helper loaded: url_helper
INFO - 2019-02-01 09:58:22 --> Helper loaded: form_helper
INFO - 2019-02-01 09:58:22 --> Helper loaded: html_helper
INFO - 2019-02-01 09:58:22 --> Helper loaded: rbac_helper
INFO - 2019-02-01 09:58:22 --> Helper loaded: layout_helper
INFO - 2019-02-01 09:58:22 --> Helper loaded: func_helper
INFO - 2019-02-01 09:58:22 --> Helper loaded: oraxe_helper
INFO - 2019-02-01 09:58:22 --> Database Driver Class Initialized
DEBUG - 2019-02-01 09:58:22 --> Session: "sess_save_path" is empty; using "session.save_path" value from php.ini.
INFO - 2019-02-01 09:58:22 --> Session: Class initialized using 'files' driver.
INFO - 2019-02-01 09:58:22 --> Controller Class Initialized
DEBUG - 2019-02-01 09:58:22 --> Session class already loaded. Second attempt ignored.
INFO - 2019-02-01 09:58:22 --> Form Validation Class Initialized
INFO - 2019-02-01 09:58:22 --> user_id=[lutfi]module=[payday]method[cetak]
INFO - 2019-02-01 09:58:22 --> Config Class Initialized
INFO - 2019-02-01 09:58:22 --> Hooks Class Initialized
DEBUG - 2019-02-01 09:58:22 --> UTF-8 Support Enabled
INFO - 2019-02-01 09:58:22 --> Utf8 Class Initialized
INFO - 2019-02-01 09:58:22 --> URI Class Initialized
INFO - 2019-02-01 09:58:22 --> Router Class Initialized
INFO - 2019-02-01 09:58:22 --> Output Class Initialized
INFO - 2019-02-01 09:58:22 --> Security Class Initialized
DEBUG - 2019-02-01 09:58:22 --> Global POST, GET and COOKIE data sanitized
INFO - 2019-02-01 09:58:22 --> Input Class Initialized
INFO - 2019-02-01 09:58:22 --> Language Class Initialized
INFO - 2019-02-01 09:58:22 --> Loader Class Initialized
INFO - 2019-02-01 09:58:22 --> Helper loaded: url_helper
INFO - 2019-02-01 09:58:22 --> Helper loaded: form_helper
INFO - 2019-02-01 09:58:22 --> Helper loaded: html_helper
INFO - 2019-02-01 09:58:22 --> Helper loaded: rbac_helper
INFO - 2019-02-01 09:58:22 --> Helper loaded: layout_helper
INFO - 2019-02-01 09:58:22 --> Helper loaded: func_helper
INFO - 2019-02-01 09:58:22 --> Helper loaded: oraxe_helper
INFO - 2019-02-01 09:58:23 --> Database Driver Class Initialized
DEBUG - 2019-02-01 09:58:23 --> Session: "sess_save_path" is empty; using "session.save_path" value from php.ini.
INFO - 2019-02-01 09:58:23 --> Session: Class initialized using 'files' driver.
INFO - 2019-02-01 09:58:23 --> Controller Class Initialized
DEBUG - 2019-02-01 09:58:23 --> Session class already loaded. Second attempt ignored.
INFO - 2019-02-01 09:58:23 --> Form Validation Class Initialized
INFO - 2019-02-01 09:58:23 --> user_id=[lutfi]module=[report.payslip]method[preview]
INFO - 2019-02-01 09:58:23 --> Found rptTitle = Slip Honor Pegawai
INFO - 2019-02-01 09:58:23 --> Found rptSubtitle = December 2018
INFO - 2019-02-01 09:58:23 --> Found payrollId = 72
INFO - 2019-02-01 09:58:23 --> Found payslipId = 0
INFO - 2019-02-01 09:58:23 --> File loaded: C:\MNEMONIC\GDrive\Web\cyberhrm\application\views\reportviewer.php
INFO - 2019-02-01 09:58:23 --> File loaded: C:\MNEMONIC\GDrive\Web\cyberhrm\application\views\layouts/report.php
INFO - 2019-02-01 09:58:23 --> Final output sent to browser
DEBUG - 2019-02-01 09:58:23 --> Total execution time: 0.3392
INFO - 2019-02-01 09:58:31 --> Config Class Initialized
INFO - 2019-02-01 09:58:31 --> Hooks Class Initialized
DEBUG - 2019-02-01 09:58:31 --> UTF-8 Support Enabled
INFO - 2019-02-01 09:58:31 --> Utf8 Class Initialized
INFO - 2019-02-01 09:58:31 --> URI Class Initialized
INFO - 2019-02-01 09:58:31 --> Router Class Initialized
INFO - 2019-02-01 09:58:31 --> Output Class Initialized
INFO - 2019-02-01 09:58:31 --> Security Class Initialized
DEBUG - 2019-02-01 09:58:31 --> Global POST, GET and COOKIE data sanitized
INFO - 2019-02-01 09:58:31 --> Input Class Initialized
INFO - 2019-02-01 09:58:31 --> Language Class Initialized
INFO - 2019-02-01 09:58:31 --> Loader Class Initialized
INFO - 2019-02-01 09:58:31 --> Helper loaded: url_helper
INFO - 2019-02-01 09:58:31 --> Helper loaded: form_helper
INFO - 2019-02-01 09:58:31 --> Helper loaded: html_helper
INFO - 2019-02-01 09:58:31 --> Helper loaded: rbac_helper
INFO - 2019-02-01 09:58:31 --> Helper loaded: layout_helper
INFO - 2019-02-01 09:58:31 --> Helper loaded: func_helper
INFO - 2019-02-01 09:58:31 --> Helper loaded: oraxe_helper
INFO - 2019-02-01 09:58:31 --> Database Driver Class Initialized
DEBUG - 2019-02-01 09:58:31 --> Session: "sess_save_path" is empty; using "session.save_path" value from php.ini.
INFO - 2019-02-01 09:58:31 --> Session: Class initialized using 'files' driver.
INFO - 2019-02-01 09:58:31 --> Controller Class Initialized
DEBUG - 2019-02-01 09:58:31 --> Session class already loaded. Second attempt ignored.
INFO - 2019-02-01 09:58:31 --> Form Validation Class Initialized
INFO - 2019-02-01 09:58:31 --> user_id=[lutfi]module=[report.payslip]method[preview]
INFO - 2019-02-01 09:58:31 --> Found rptTitle = Slip Honor Pegawai
INFO - 2019-02-01 09:58:31 --> Found rptSubtitle = December 2018
INFO - 2019-02-01 09:58:31 --> Found payrollId = 72
INFO - 2019-02-01 09:58:31 --> Found payslipId = 0
INFO - 2019-02-01 09:58:31 --> File loaded: C:\MNEMONIC\GDrive\Web\cyberhrm\application\views\reportviewer.php
INFO - 2019-02-01 09:58:31 --> File loaded: C:\MNEMONIC\GDrive\Web\cyberhrm\application\views\layouts/report.php
INFO - 2019-02-01 09:58:31 --> Final output sent to browser
DEBUG - 2019-02-01 09:58:31 --> Total execution time: 0.1048
