INFO - 2019-02-12 08:53:26 --> Config Class Initialized
INFO - 2019-02-12 08:53:26 --> Hooks Class Initialized
DEBUG - 2019-02-12 08:53:26 --> UTF-8 Support Enabled
INFO - 2019-02-12 08:53:26 --> Utf8 Class Initialized
INFO - 2019-02-12 08:53:27 --> URI Class Initialized
INFO - 2019-02-12 08:53:27 --> Router Class Initialized
INFO - 2019-02-12 08:53:27 --> Output Class Initialized
INFO - 2019-02-12 08:53:27 --> Security Class Initialized
DEBUG - 2019-02-12 08:53:27 --> Global POST, GET and COOKIE data sanitized
INFO - 2019-02-12 08:53:27 --> Input Class Initialized
INFO - 2019-02-12 08:53:27 --> Language Class Initialized
INFO - 2019-02-12 08:53:27 --> Loader Class Initialized
INFO - 2019-02-12 08:53:27 --> Helper loaded: url_helper
INFO - 2019-02-12 08:53:27 --> Helper loaded: form_helper
INFO - 2019-02-12 08:53:27 --> Helper loaded: html_helper
INFO - 2019-02-12 08:53:27 --> Helper loaded: rbac_helper
INFO - 2019-02-12 08:53:27 --> Helper loaded: layout_helper
INFO - 2019-02-12 08:53:27 --> Helper loaded: func_helper
INFO - 2019-02-12 08:53:27 --> Helper loaded: oraxe_helper
INFO - 2019-02-12 08:53:27 --> Database Driver Class Initialized
DEBUG - 2019-02-12 08:53:31 --> Session: "sess_save_path" is empty; using "session.save_path" value from php.ini.
INFO - 2019-02-12 08:53:31 --> Session: Class initialized using 'files' driver.
INFO - 2019-02-12 08:53:31 --> Controller Class Initialized
DEBUG - 2019-02-12 08:53:31 --> Session class already loaded. Second attempt ignored.
INFO - 2019-02-12 08:53:31 --> Form Validation Class Initialized
INFO - 2019-02-12 08:53:33 --> user_id=[lutfi]module=[company]method[get]
INFO - 2019-02-12 08:53:33 --> user_id=[lutfi]module=[structure]method[get]
INFO - 2019-02-12 08:53:33 --> user_id=[lutfi]module=[report]method[get]
INFO - 2019-02-12 08:53:33 --> user_id=[lutfi]module=[workhour]method[get]
INFO - 2019-02-12 08:53:33 --> user_id=[lutfi]module=[holiday]method[get]
INFO - 2019-02-12 08:53:33 --> user_id=[lutfi]module=[employees]method[get]
INFO - 2019-02-12 08:53:33 --> user_id=[lutfi]module=[timesheet]method[get]
INFO - 2019-02-12 08:53:33 --> user_id=[lutfi]module=[absent]method[get]
INFO - 2019-02-12 08:53:33 --> user_id=[lutfi]module=[onleave]method[get]
INFO - 2019-02-12 08:53:33 --> user_id=[lutfi]module=[overtime]method[get]
INFO - 2019-02-12 08:53:33 --> user_id=[lutfi]module=[schemas]method[get]
INFO - 2019-02-12 08:53:33 --> user_id=[lutfi]module=[adjustment]method[get]
INFO - 2019-02-12 08:53:33 --> user_id=[lutfi]module=[reimburse]method[get]
INFO - 2019-02-12 08:53:33 --> user_id=[lutfi]module=[wages]method[get]
INFO - 2019-02-12 08:53:33 --> user_id=[lutfi]module=[paydays]method[get]
INFO - 2019-02-12 08:53:33 --> File loaded: C:\MNEMONIC\GDrive\Web\cyberhrm\application\views\holiday.php
INFO - 2019-02-12 08:53:33 --> File loaded: C:\MNEMONIC\GDrive\Web\cyberhrm\application\views\layouts/default.php
INFO - 2019-02-12 08:53:33 --> Final output sent to browser
DEBUG - 2019-02-12 08:53:33 --> Total execution time: 6.4424
INFO - 2019-02-12 08:53:37 --> Config Class Initialized
INFO - 2019-02-12 08:53:37 --> Hooks Class Initialized
DEBUG - 2019-02-12 08:53:37 --> UTF-8 Support Enabled
INFO - 2019-02-12 08:53:37 --> Utf8 Class Initialized
INFO - 2019-02-12 08:53:37 --> URI Class Initialized
INFO - 2019-02-12 08:53:37 --> Router Class Initialized
INFO - 2019-02-12 08:53:37 --> Output Class Initialized
INFO - 2019-02-12 08:53:37 --> Security Class Initialized
DEBUG - 2019-02-12 08:53:37 --> Global POST, GET and COOKIE data sanitized
INFO - 2019-02-12 08:53:37 --> Input Class Initialized
INFO - 2019-02-12 08:53:37 --> Language Class Initialized
INFO - 2019-02-12 08:53:37 --> Loader Class Initialized
INFO - 2019-02-12 08:53:37 --> Helper loaded: url_helper
INFO - 2019-02-12 08:53:37 --> Helper loaded: form_helper
INFO - 2019-02-12 08:53:37 --> Helper loaded: html_helper
INFO - 2019-02-12 08:53:37 --> Helper loaded: rbac_helper
INFO - 2019-02-12 08:53:37 --> Helper loaded: layout_helper
INFO - 2019-02-12 08:53:37 --> Helper loaded: func_helper
INFO - 2019-02-12 08:53:37 --> Helper loaded: oraxe_helper
INFO - 2019-02-12 08:53:37 --> Database Driver Class Initialized
DEBUG - 2019-02-12 08:53:37 --> Session: "sess_save_path" is empty; using "session.save_path" value from php.ini.
INFO - 2019-02-12 08:53:37 --> Session: Class initialized using 'files' driver.
INFO - 2019-02-12 08:53:37 --> Controller Class Initialized
DEBUG - 2019-02-12 08:53:37 --> Session class already loaded. Second attempt ignored.
INFO - 2019-02-12 08:53:37 --> Form Validation Class Initialized
INFO - 2019-02-12 08:53:37 --> user_id=[lutfi]module=[holiday]method[query]
INFO - 2019-02-12 08:53:37 --> Final output sent to browser
DEBUG - 2019-02-12 08:53:37 --> Total execution time: 0.4300
INFO - 2019-02-12 08:54:14 --> Config Class Initialized
INFO - 2019-02-12 08:54:14 --> Hooks Class Initialized
DEBUG - 2019-02-12 08:54:14 --> UTF-8 Support Enabled
INFO - 2019-02-12 08:54:14 --> Utf8 Class Initialized
INFO - 2019-02-12 08:54:14 --> URI Class Initialized
INFO - 2019-02-12 08:54:14 --> Router Class Initialized
INFO - 2019-02-12 08:54:14 --> Output Class Initialized
INFO - 2019-02-12 08:54:14 --> Security Class Initialized
DEBUG - 2019-02-12 08:54:14 --> Global POST, GET and COOKIE data sanitized
INFO - 2019-02-12 08:54:14 --> Input Class Initialized
INFO - 2019-02-12 08:54:14 --> Language Class Initialized
INFO - 2019-02-12 08:54:14 --> Loader Class Initialized
INFO - 2019-02-12 08:54:14 --> Helper loaded: url_helper
INFO - 2019-02-12 08:54:14 --> Helper loaded: form_helper
INFO - 2019-02-12 08:54:14 --> Helper loaded: html_helper
INFO - 2019-02-12 08:54:14 --> Helper loaded: rbac_helper
INFO - 2019-02-12 08:54:14 --> Helper loaded: layout_helper
INFO - 2019-02-12 08:54:14 --> Helper loaded: func_helper
INFO - 2019-02-12 08:54:14 --> Helper loaded: oraxe_helper
INFO - 2019-02-12 08:54:14 --> Database Driver Class Initialized
DEBUG - 2019-02-12 08:54:14 --> Session: "sess_save_path" is empty; using "session.save_path" value from php.ini.
INFO - 2019-02-12 08:54:14 --> Session: Class initialized using 'files' driver.
INFO - 2019-02-12 08:54:14 --> Controller Class Initialized
DEBUG - 2019-02-12 08:54:14 --> Session class already loaded. Second attempt ignored.
INFO - 2019-02-12 08:54:15 --> Form Validation Class Initialized
INFO - 2019-02-12 08:54:15 --> user_id=[lutfi]module=[company]method[get]
INFO - 2019-02-12 08:54:15 --> user_id=[lutfi]module=[structure]method[get]
INFO - 2019-02-12 08:54:15 --> user_id=[lutfi]module=[report]method[get]
INFO - 2019-02-12 08:54:15 --> user_id=[lutfi]module=[workhour]method[get]
INFO - 2019-02-12 08:54:15 --> user_id=[lutfi]module=[holiday]method[get]
INFO - 2019-02-12 08:54:15 --> user_id=[lutfi]module=[employees]method[get]
INFO - 2019-02-12 08:54:15 --> user_id=[lutfi]module=[timesheet]method[get]
INFO - 2019-02-12 08:54:15 --> user_id=[lutfi]module=[absent]method[get]
INFO - 2019-02-12 08:54:15 --> user_id=[lutfi]module=[onleave]method[get]
INFO - 2019-02-12 08:54:15 --> user_id=[lutfi]module=[overtime]method[get]
INFO - 2019-02-12 08:54:15 --> user_id=[lutfi]module=[schemas]method[get]
INFO - 2019-02-12 08:54:15 --> user_id=[lutfi]module=[adjustment]method[get]
INFO - 2019-02-12 08:54:15 --> user_id=[lutfi]module=[reimburse]method[get]
INFO - 2019-02-12 08:54:15 --> user_id=[lutfi]module=[wages]method[get]
INFO - 2019-02-12 08:54:15 --> user_id=[lutfi]module=[paydays]method[get]
INFO - 2019-02-12 08:54:15 --> File loaded: C:\MNEMONIC\GDrive\Web\cyberhrm\application\views\dashboard.php
INFO - 2019-02-12 08:54:15 --> File loaded: C:\MNEMONIC\GDrive\Web\cyberhrm\application\views\layouts/default.php
INFO - 2019-02-12 08:54:15 --> Final output sent to browser
DEBUG - 2019-02-12 08:54:15 --> Total execution time: 0.3046
INFO - 2019-02-12 08:54:15 --> Config Class Initialized
INFO - 2019-02-12 08:54:15 --> Hooks Class Initialized
DEBUG - 2019-02-12 08:54:15 --> UTF-8 Support Enabled
INFO - 2019-02-12 08:54:15 --> Utf8 Class Initialized
INFO - 2019-02-12 08:54:15 --> Config Class Initialized
INFO - 2019-02-12 08:54:15 --> Hooks Class Initialized
INFO - 2019-02-12 08:54:15 --> URI Class Initialized
INFO - 2019-02-12 08:54:15 --> Router Class Initialized
DEBUG - 2019-02-12 08:54:15 --> UTF-8 Support Enabled
INFO - 2019-02-12 08:54:15 --> Config Class Initialized
INFO - 2019-02-12 08:54:15 --> Output Class Initialized
INFO - 2019-02-12 08:54:15 --> Utf8 Class Initialized
INFO - 2019-02-12 08:54:15 --> Hooks Class Initialized
INFO - 2019-02-12 08:54:15 --> Security Class Initialized
INFO - 2019-02-12 08:54:15 --> URI Class Initialized
INFO - 2019-02-12 08:54:15 --> Config Class Initialized
DEBUG - 2019-02-12 08:54:15 --> Global POST, GET and COOKIE data sanitized
INFO - 2019-02-12 08:54:15 --> Hooks Class Initialized
INFO - 2019-02-12 08:54:15 --> Input Class Initialized
INFO - 2019-02-12 08:54:15 --> Router Class Initialized
DEBUG - 2019-02-12 08:54:15 --> UTF-8 Support Enabled
INFO - 2019-02-12 08:54:15 --> Utf8 Class Initialized
INFO - 2019-02-12 08:54:15 --> Language Class Initialized
INFO - 2019-02-12 08:54:15 --> Output Class Initialized
INFO - 2019-02-12 08:54:15 --> URI Class Initialized
DEBUG - 2019-02-12 08:54:15 --> UTF-8 Support Enabled
INFO - 2019-02-12 08:54:15 --> Utf8 Class Initialized
INFO - 2019-02-12 08:54:15 --> Router Class Initialized
INFO - 2019-02-12 08:54:15 --> Security Class Initialized
DEBUG - 2019-02-12 08:54:15 --> Global POST, GET and COOKIE data sanitized
INFO - 2019-02-12 08:54:15 --> Output Class Initialized
INFO - 2019-02-12 08:54:15 --> URI Class Initialized
INFO - 2019-02-12 08:54:15 --> Input Class Initialized
INFO - 2019-02-12 08:54:15 --> Language Class Initialized
INFO - 2019-02-12 08:54:15 --> Security Class Initialized
INFO - 2019-02-12 08:54:15 --> Router Class Initialized
INFO - 2019-02-12 08:54:15 --> Output Class Initialized
INFO - 2019-02-12 08:54:15 --> Security Class Initialized
INFO - 2019-02-12 08:54:15 --> Loader Class Initialized
INFO - 2019-02-12 08:54:15 --> Loader Class Initialized
DEBUG - 2019-02-12 08:54:15 --> Global POST, GET and COOKIE data sanitized
INFO - 2019-02-12 08:54:15 --> Helper loaded: url_helper
INFO - 2019-02-12 08:54:15 --> Input Class Initialized
INFO - 2019-02-12 08:54:15 --> Helper loaded: url_helper
DEBUG - 2019-02-12 08:54:15 --> Global POST, GET and COOKIE data sanitized
INFO - 2019-02-12 08:54:15 --> Helper loaded: form_helper
INFO - 2019-02-12 08:54:15 --> Language Class Initialized
INFO - 2019-02-12 08:54:15 --> Input Class Initialized
INFO - 2019-02-12 08:54:15 --> Helper loaded: html_helper
INFO - 2019-02-12 08:54:15 --> Helper loaded: form_helper
INFO - 2019-02-12 08:54:15 --> Language Class Initialized
INFO - 2019-02-12 08:54:15 --> Helper loaded: html_helper
INFO - 2019-02-12 08:54:15 --> Helper loaded: rbac_helper
INFO - 2019-02-12 08:54:15 --> Helper loaded: rbac_helper
INFO - 2019-02-12 08:54:15 --> Helper loaded: layout_helper
INFO - 2019-02-12 08:54:15 --> Helper loaded: layout_helper
INFO - 2019-02-12 08:54:15 --> Helper loaded: func_helper
INFO - 2019-02-12 08:54:15 --> Helper loaded: func_helper
INFO - 2019-02-12 08:54:15 --> Helper loaded: oraxe_helper
INFO - 2019-02-12 08:54:15 --> Helper loaded: oraxe_helper
INFO - 2019-02-12 08:54:15 --> Loader Class Initialized
INFO - 2019-02-12 08:54:15 --> Loader Class Initialized
INFO - 2019-02-12 08:54:15 --> Helper loaded: url_helper
INFO - 2019-02-12 08:54:15 --> Helper loaded: form_helper
INFO - 2019-02-12 08:54:15 --> Helper loaded: html_helper
INFO - 2019-02-12 08:54:15 --> Helper loaded: rbac_helper
INFO - 2019-02-12 08:54:15 --> Database Driver Class Initialized
INFO - 2019-02-12 08:54:15 --> Helper loaded: layout_helper
INFO - 2019-02-12 08:54:15 --> Helper loaded: url_helper
INFO - 2019-02-12 08:54:15 --> Helper loaded: form_helper
INFO - 2019-02-12 08:54:15 --> Database Driver Class Initialized
INFO - 2019-02-12 08:54:15 --> Helper loaded: html_helper
INFO - 2019-02-12 08:54:15 --> Helper loaded: func_helper
INFO - 2019-02-12 08:54:16 --> Helper loaded: rbac_helper
INFO - 2019-02-12 08:54:16 --> Helper loaded: oraxe_helper
INFO - 2019-02-12 08:54:16 --> Database Driver Class Initialized
INFO - 2019-02-12 08:54:16 --> Helper loaded: layout_helper
INFO - 2019-02-12 08:54:16 --> Helper loaded: func_helper
INFO - 2019-02-12 08:54:16 --> Helper loaded: oraxe_helper
DEBUG - 2019-02-12 08:54:16 --> Session: "sess_save_path" is empty; using "session.save_path" value from php.ini.
INFO - 2019-02-12 08:54:16 --> Database Driver Class Initialized
INFO - 2019-02-12 08:54:16 --> Session: Class initialized using 'files' driver.
INFO - 2019-02-12 08:54:16 --> Controller Class Initialized
DEBUG - 2019-02-12 08:54:16 --> Session class already loaded. Second attempt ignored.
INFO - 2019-02-12 08:54:16 --> Form Validation Class Initialized
DEBUG - 2019-02-12 08:54:16 --> Session: "sess_save_path" is empty; using "session.save_path" value from php.ini.
DEBUG - 2019-02-12 08:54:16 --> Session: "sess_save_path" is empty; using "session.save_path" value from php.ini.
DEBUG - 2019-02-12 08:54:16 --> Session: "sess_save_path" is empty; using "session.save_path" value from php.ini.
INFO - 2019-02-12 08:54:17 --> Session: Class initialized using 'files' driver.
INFO - 2019-02-12 08:54:17 --> Controller Class Initialized
DEBUG - 2019-02-12 08:54:17 --> Session class already loaded. Second attempt ignored.
INFO - 2019-02-12 08:54:17 --> Form Validation Class Initialized
INFO - 2019-02-12 08:54:17 --> Session: Class initialized using 'files' driver.
INFO - 2019-02-12 08:54:17 --> Controller Class Initialized
DEBUG - 2019-02-12 08:54:17 --> Session class already loaded. Second attempt ignored.
INFO - 2019-02-12 08:54:17 --> Form Validation Class Initialized
INFO - 2019-02-12 08:54:17 --> Session: Class initialized using 'files' driver.
INFO - 2019-02-12 08:54:17 --> Controller Class Initialized
DEBUG - 2019-02-12 08:54:17 --> Session class already loaded. Second attempt ignored.
INFO - 2019-02-12 08:54:17 --> Form Validation Class Initialized
INFO - 2019-02-12 08:57:11 --> Config Class Initialized
INFO - 2019-02-12 08:57:11 --> Hooks Class Initialized
DEBUG - 2019-02-12 08:57:11 --> UTF-8 Support Enabled
INFO - 2019-02-12 08:57:11 --> Utf8 Class Initialized
INFO - 2019-02-12 08:57:11 --> URI Class Initialized
INFO - 2019-02-12 08:57:11 --> Router Class Initialized
INFO - 2019-02-12 08:57:11 --> Output Class Initialized
INFO - 2019-02-12 08:57:11 --> Security Class Initialized
DEBUG - 2019-02-12 08:57:11 --> Global POST, GET and COOKIE data sanitized
INFO - 2019-02-12 08:57:11 --> Input Class Initialized
INFO - 2019-02-12 08:57:11 --> Language Class Initialized
INFO - 2019-02-12 08:57:11 --> Loader Class Initialized
INFO - 2019-02-12 08:57:11 --> Helper loaded: url_helper
INFO - 2019-02-12 08:57:11 --> Helper loaded: form_helper
INFO - 2019-02-12 08:57:11 --> Helper loaded: html_helper
INFO - 2019-02-12 08:57:11 --> Helper loaded: rbac_helper
INFO - 2019-02-12 08:57:11 --> Helper loaded: layout_helper
INFO - 2019-02-12 08:57:11 --> Helper loaded: func_helper
INFO - 2019-02-12 08:57:11 --> Helper loaded: oraxe_helper
INFO - 2019-02-12 08:57:11 --> Database Driver Class Initialized
DEBUG - 2019-02-12 08:57:11 --> Session: "sess_save_path" is empty; using "session.save_path" value from php.ini.
INFO - 2019-02-12 08:57:11 --> Session: Class initialized using 'files' driver.
INFO - 2019-02-12 08:57:11 --> Controller Class Initialized
DEBUG - 2019-02-12 08:57:11 --> Session class already loaded. Second attempt ignored.
INFO - 2019-02-12 08:57:11 --> Form Validation Class Initialized
INFO - 2019-02-12 08:57:11 --> user_id=[lutfi]module=[company]method[get]
INFO - 2019-02-12 08:57:11 --> user_id=[lutfi]module=[structure]method[get]
INFO - 2019-02-12 08:57:11 --> user_id=[lutfi]module=[report]method[get]
INFO - 2019-02-12 08:57:11 --> user_id=[lutfi]module=[workhour]method[get]
INFO - 2019-02-12 08:57:11 --> user_id=[lutfi]module=[holiday]method[get]
INFO - 2019-02-12 08:57:11 --> user_id=[lutfi]module=[employees]method[get]
INFO - 2019-02-12 08:57:11 --> user_id=[lutfi]module=[timesheet]method[get]
INFO - 2019-02-12 08:57:11 --> user_id=[lutfi]module=[absent]method[get]
INFO - 2019-02-12 08:57:11 --> user_id=[lutfi]module=[onleave]method[get]
INFO - 2019-02-12 08:57:11 --> user_id=[lutfi]module=[overtime]method[get]
INFO - 2019-02-12 08:57:11 --> user_id=[lutfi]module=[schemas]method[get]
INFO - 2019-02-12 08:57:11 --> user_id=[lutfi]module=[adjustment]method[get]
INFO - 2019-02-12 08:57:11 --> user_id=[lutfi]module=[reimburse]method[get]
INFO - 2019-02-12 08:57:11 --> user_id=[lutfi]module=[wages]method[get]
INFO - 2019-02-12 08:57:11 --> user_id=[lutfi]module=[paydays]method[get]
INFO - 2019-02-12 08:57:11 --> File loaded: C:\MNEMONIC\GDrive\Web\cyberhrm\application\views\employees.php
INFO - 2019-02-12 08:57:11 --> File loaded: C:\MNEMONIC\GDrive\Web\cyberhrm\application\views\layouts/default.php
INFO - 2019-02-12 08:57:11 --> Final output sent to browser
DEBUG - 2019-02-12 08:57:11 --> Total execution time: 0.3163
INFO - 2019-02-12 08:57:12 --> Config Class Initialized
INFO - 2019-02-12 08:57:12 --> Hooks Class Initialized
DEBUG - 2019-02-12 08:57:12 --> UTF-8 Support Enabled
INFO - 2019-02-12 08:57:12 --> Utf8 Class Initialized
INFO - 2019-02-12 08:57:12 --> URI Class Initialized
INFO - 2019-02-12 08:57:12 --> Router Class Initialized
INFO - 2019-02-12 08:57:12 --> Output Class Initialized
INFO - 2019-02-12 08:57:12 --> Security Class Initialized
DEBUG - 2019-02-12 08:57:12 --> Global POST, GET and COOKIE data sanitized
INFO - 2019-02-12 08:57:12 --> Input Class Initialized
INFO - 2019-02-12 08:57:12 --> Language Class Initialized
INFO - 2019-02-12 08:57:12 --> Loader Class Initialized
INFO - 2019-02-12 08:57:12 --> Helper loaded: url_helper
INFO - 2019-02-12 08:57:12 --> Helper loaded: form_helper
INFO - 2019-02-12 08:57:12 --> Helper loaded: html_helper
INFO - 2019-02-12 08:57:12 --> Helper loaded: rbac_helper
INFO - 2019-02-12 08:57:12 --> Helper loaded: layout_helper
INFO - 2019-02-12 08:57:12 --> Helper loaded: func_helper
INFO - 2019-02-12 08:57:12 --> Helper loaded: oraxe_helper
INFO - 2019-02-12 08:57:12 --> Database Driver Class Initialized
DEBUG - 2019-02-12 08:57:12 --> Session: "sess_save_path" is empty; using "session.save_path" value from php.ini.
INFO - 2019-02-12 08:57:12 --> Session: Class initialized using 'files' driver.
INFO - 2019-02-12 08:57:12 --> Controller Class Initialized
DEBUG - 2019-02-12 08:57:12 --> Session class already loaded. Second attempt ignored.
INFO - 2019-02-12 08:57:12 --> Form Validation Class Initialized
INFO - 2019-02-12 08:57:12 --> user_id=[lutfi]module=[employees]method[query]
INFO - 2019-02-12 08:57:13 --> Final output sent to browser
DEBUG - 2019-02-12 08:57:13 --> Total execution time: 1.3588
INFO - 2019-02-12 08:57:16 --> Config Class Initialized
INFO - 2019-02-12 08:57:16 --> Hooks Class Initialized
DEBUG - 2019-02-12 08:57:16 --> UTF-8 Support Enabled
INFO - 2019-02-12 08:57:16 --> Utf8 Class Initialized
INFO - 2019-02-12 08:57:16 --> URI Class Initialized
INFO - 2019-02-12 08:57:16 --> Router Class Initialized
INFO - 2019-02-12 08:57:16 --> Output Class Initialized
INFO - 2019-02-12 08:57:16 --> Security Class Initialized
DEBUG - 2019-02-12 08:57:16 --> Global POST, GET and COOKIE data sanitized
INFO - 2019-02-12 08:57:16 --> Input Class Initialized
INFO - 2019-02-12 08:57:16 --> Language Class Initialized
INFO - 2019-02-12 08:57:17 --> Loader Class Initialized
INFO - 2019-02-12 08:57:17 --> Helper loaded: url_helper
INFO - 2019-02-12 08:57:17 --> Helper loaded: form_helper
INFO - 2019-02-12 08:57:17 --> Helper loaded: html_helper
INFO - 2019-02-12 08:57:17 --> Helper loaded: rbac_helper
INFO - 2019-02-12 08:57:17 --> Helper loaded: layout_helper
INFO - 2019-02-12 08:57:17 --> Helper loaded: func_helper
INFO - 2019-02-12 08:57:17 --> Helper loaded: oraxe_helper
INFO - 2019-02-12 08:57:17 --> Database Driver Class Initialized
DEBUG - 2019-02-12 08:57:17 --> Session: "sess_save_path" is empty; using "session.save_path" value from php.ini.
INFO - 2019-02-12 08:57:17 --> Session: Class initialized using 'files' driver.
INFO - 2019-02-12 08:57:17 --> Controller Class Initialized
DEBUG - 2019-02-12 08:57:17 --> Session class already loaded. Second attempt ignored.
INFO - 2019-02-12 08:57:17 --> Form Validation Class Initialized
INFO - 2019-02-12 08:57:17 --> user_id=[lutfi]module=[company]method[get]
INFO - 2019-02-12 08:57:17 --> user_id=[lutfi]module=[structure]method[get]
INFO - 2019-02-12 08:57:17 --> user_id=[lutfi]module=[report]method[get]
INFO - 2019-02-12 08:57:17 --> user_id=[lutfi]module=[workhour]method[get]
INFO - 2019-02-12 08:57:17 --> user_id=[lutfi]module=[holiday]method[get]
INFO - 2019-02-12 08:57:17 --> user_id=[lutfi]module=[employees]method[get]
INFO - 2019-02-12 08:57:17 --> user_id=[lutfi]module=[timesheet]method[get]
INFO - 2019-02-12 08:57:17 --> user_id=[lutfi]module=[absent]method[get]
INFO - 2019-02-12 08:57:17 --> user_id=[lutfi]module=[onleave]method[get]
INFO - 2019-02-12 08:57:17 --> user_id=[lutfi]module=[overtime]method[get]
INFO - 2019-02-12 08:57:17 --> user_id=[lutfi]module=[schemas]method[get]
INFO - 2019-02-12 08:57:17 --> user_id=[lutfi]module=[adjustment]method[get]
INFO - 2019-02-12 08:57:17 --> user_id=[lutfi]module=[reimburse]method[get]
INFO - 2019-02-12 08:57:17 --> user_id=[lutfi]module=[wages]method[get]
INFO - 2019-02-12 08:57:17 --> user_id=[lutfi]module=[paydays]method[get]
INFO - 2019-02-12 08:57:18 --> File loaded: C:\MNEMONIC\GDrive\Web\cyberhrm\application\views\timesheet.php
INFO - 2019-02-12 08:57:18 --> File loaded: C:\MNEMONIC\GDrive\Web\cyberhrm\application\views\layouts/default.php
INFO - 2019-02-12 08:57:18 --> Final output sent to browser
DEBUG - 2019-02-12 08:57:18 --> Total execution time: 1.5775
INFO - 2019-02-12 08:57:19 --> Config Class Initialized
INFO - 2019-02-12 08:57:19 --> Hooks Class Initialized
DEBUG - 2019-02-12 08:57:19 --> UTF-8 Support Enabled
INFO - 2019-02-12 08:57:19 --> Utf8 Class Initialized
INFO - 2019-02-12 08:57:19 --> URI Class Initialized
INFO - 2019-02-12 08:57:19 --> Router Class Initialized
INFO - 2019-02-12 08:57:19 --> Output Class Initialized
INFO - 2019-02-12 08:57:19 --> Security Class Initialized
DEBUG - 2019-02-12 08:57:19 --> Global POST, GET and COOKIE data sanitized
INFO - 2019-02-12 08:57:19 --> Input Class Initialized
INFO - 2019-02-12 08:57:19 --> Language Class Initialized
INFO - 2019-02-12 08:57:19 --> Loader Class Initialized
INFO - 2019-02-12 08:57:19 --> Helper loaded: url_helper
INFO - 2019-02-12 08:57:19 --> Helper loaded: form_helper
INFO - 2019-02-12 08:57:19 --> Helper loaded: html_helper
INFO - 2019-02-12 08:57:19 --> Helper loaded: rbac_helper
INFO - 2019-02-12 08:57:19 --> Helper loaded: layout_helper
INFO - 2019-02-12 08:57:19 --> Helper loaded: func_helper
INFO - 2019-02-12 08:57:19 --> Helper loaded: oraxe_helper
INFO - 2019-02-12 08:57:19 --> Database Driver Class Initialized
DEBUG - 2019-02-12 08:57:19 --> Session: "sess_save_path" is empty; using "session.save_path" value from php.ini.
INFO - 2019-02-12 08:57:19 --> Session: Class initialized using 'files' driver.
INFO - 2019-02-12 08:57:19 --> Controller Class Initialized
DEBUG - 2019-02-12 08:57:19 --> Session class already loaded. Second attempt ignored.
INFO - 2019-02-12 08:57:19 --> Form Validation Class Initialized
INFO - 2019-02-12 08:57:19 --> user_id=[lutfi]module=[timesheet]method[query]
INFO - 2019-02-12 08:57:19 --> Final output sent to browser
DEBUG - 2019-02-12 08:57:19 --> Total execution time: 0.7078
INFO - 2019-02-12 08:57:21 --> Config Class Initialized
INFO - 2019-02-12 08:57:21 --> Hooks Class Initialized
DEBUG - 2019-02-12 08:57:21 --> UTF-8 Support Enabled
INFO - 2019-02-12 08:57:21 --> Utf8 Class Initialized
INFO - 2019-02-12 08:57:21 --> URI Class Initialized
INFO - 2019-02-12 08:57:21 --> Router Class Initialized
INFO - 2019-02-12 08:57:21 --> Output Class Initialized
INFO - 2019-02-12 08:57:21 --> Security Class Initialized
DEBUG - 2019-02-12 08:57:21 --> Global POST, GET and COOKIE data sanitized
INFO - 2019-02-12 08:57:21 --> Input Class Initialized
INFO - 2019-02-12 08:57:21 --> Language Class Initialized
INFO - 2019-02-12 08:57:22 --> Loader Class Initialized
INFO - 2019-02-12 08:57:22 --> Helper loaded: url_helper
INFO - 2019-02-12 08:57:22 --> Helper loaded: form_helper
INFO - 2019-02-12 08:57:22 --> Helper loaded: html_helper
INFO - 2019-02-12 08:57:22 --> Helper loaded: rbac_helper
INFO - 2019-02-12 08:57:22 --> Helper loaded: layout_helper
INFO - 2019-02-12 08:57:22 --> Helper loaded: func_helper
INFO - 2019-02-12 08:57:22 --> Helper loaded: oraxe_helper
INFO - 2019-02-12 08:57:22 --> Database Driver Class Initialized
DEBUG - 2019-02-12 08:57:22 --> Session: "sess_save_path" is empty; using "session.save_path" value from php.ini.
INFO - 2019-02-12 08:57:22 --> Session: Class initialized using 'files' driver.
INFO - 2019-02-12 08:57:22 --> Controller Class Initialized
DEBUG - 2019-02-12 08:57:22 --> Session class already loaded. Second attempt ignored.
INFO - 2019-02-12 08:57:22 --> Form Validation Class Initialized
INFO - 2019-02-12 08:57:22 --> user_id=[lutfi]module=[company]method[get]
INFO - 2019-02-12 08:57:22 --> user_id=[lutfi]module=[structure]method[get]
INFO - 2019-02-12 08:57:22 --> user_id=[lutfi]module=[report]method[get]
INFO - 2019-02-12 08:57:22 --> user_id=[lutfi]module=[workhour]method[get]
INFO - 2019-02-12 08:57:22 --> user_id=[lutfi]module=[holiday]method[get]
INFO - 2019-02-12 08:57:22 --> user_id=[lutfi]module=[employees]method[get]
INFO - 2019-02-12 08:57:22 --> user_id=[lutfi]module=[timesheet]method[get]
INFO - 2019-02-12 08:57:22 --> user_id=[lutfi]module=[absent]method[get]
INFO - 2019-02-12 08:57:22 --> user_id=[lutfi]module=[onleave]method[get]
INFO - 2019-02-12 08:57:22 --> user_id=[lutfi]module=[overtime]method[get]
INFO - 2019-02-12 08:57:22 --> user_id=[lutfi]module=[schemas]method[get]
INFO - 2019-02-12 08:57:22 --> user_id=[lutfi]module=[adjustment]method[get]
INFO - 2019-02-12 08:57:22 --> user_id=[lutfi]module=[reimburse]method[get]
INFO - 2019-02-12 08:57:22 --> user_id=[lutfi]module=[wages]method[get]
INFO - 2019-02-12 08:57:22 --> user_id=[lutfi]module=[paydays]method[get]
INFO - 2019-02-12 08:57:22 --> File loaded: C:\MNEMONIC\GDrive\Web\cyberhrm\application\views\absent.php
INFO - 2019-02-12 08:57:22 --> File loaded: C:\MNEMONIC\GDrive\Web\cyberhrm\application\views\layouts/default.php
INFO - 2019-02-12 08:57:22 --> Final output sent to browser
DEBUG - 2019-02-12 08:57:22 --> Total execution time: 0.6560
INFO - 2019-02-12 08:57:22 --> Config Class Initialized
INFO - 2019-02-12 08:57:22 --> Hooks Class Initialized
DEBUG - 2019-02-12 08:57:22 --> UTF-8 Support Enabled
INFO - 2019-02-12 08:57:22 --> Utf8 Class Initialized
INFO - 2019-02-12 08:57:22 --> URI Class Initialized
INFO - 2019-02-12 08:57:22 --> Router Class Initialized
INFO - 2019-02-12 08:57:22 --> Output Class Initialized
INFO - 2019-02-12 08:57:22 --> Security Class Initialized
DEBUG - 2019-02-12 08:57:22 --> Global POST, GET and COOKIE data sanitized
INFO - 2019-02-12 08:57:22 --> Input Class Initialized
INFO - 2019-02-12 08:57:22 --> Language Class Initialized
INFO - 2019-02-12 08:57:22 --> Loader Class Initialized
INFO - 2019-02-12 08:57:22 --> Helper loaded: url_helper
INFO - 2019-02-12 08:57:22 --> Helper loaded: form_helper
INFO - 2019-02-12 08:57:22 --> Helper loaded: html_helper
INFO - 2019-02-12 08:57:22 --> Helper loaded: rbac_helper
INFO - 2019-02-12 08:57:22 --> Helper loaded: layout_helper
INFO - 2019-02-12 08:57:22 --> Helper loaded: func_helper
INFO - 2019-02-12 08:57:22 --> Helper loaded: oraxe_helper
INFO - 2019-02-12 08:57:22 --> Database Driver Class Initialized
DEBUG - 2019-02-12 08:57:23 --> Session: "sess_save_path" is empty; using "session.save_path" value from php.ini.
INFO - 2019-02-12 08:57:23 --> Session: Class initialized using 'files' driver.
INFO - 2019-02-12 08:57:23 --> Controller Class Initialized
DEBUG - 2019-02-12 08:57:23 --> Session class already loaded. Second attempt ignored.
INFO - 2019-02-12 08:57:23 --> Form Validation Class Initialized
INFO - 2019-02-12 08:57:23 --> user_id=[lutfi]module=[absent]method[query]
INFO - 2019-02-12 08:57:24 --> Final output sent to browser
DEBUG - 2019-02-12 08:57:24 --> Total execution time: 1.6797
INFO - 2019-02-12 08:57:26 --> Config Class Initialized
INFO - 2019-02-12 08:57:26 --> Hooks Class Initialized
DEBUG - 2019-02-12 08:57:26 --> UTF-8 Support Enabled
INFO - 2019-02-12 08:57:26 --> Utf8 Class Initialized
INFO - 2019-02-12 08:57:26 --> URI Class Initialized
INFO - 2019-02-12 08:57:26 --> Router Class Initialized
INFO - 2019-02-12 08:57:26 --> Output Class Initialized
INFO - 2019-02-12 08:57:26 --> Security Class Initialized
DEBUG - 2019-02-12 08:57:26 --> Global POST, GET and COOKIE data sanitized
INFO - 2019-02-12 08:57:26 --> Input Class Initialized
INFO - 2019-02-12 08:57:26 --> Language Class Initialized
INFO - 2019-02-12 08:57:26 --> Loader Class Initialized
INFO - 2019-02-12 08:57:26 --> Helper loaded: url_helper
INFO - 2019-02-12 08:57:26 --> Helper loaded: form_helper
INFO - 2019-02-12 08:57:26 --> Helper loaded: html_helper
INFO - 2019-02-12 08:57:26 --> Helper loaded: rbac_helper
INFO - 2019-02-12 08:57:26 --> Helper loaded: layout_helper
INFO - 2019-02-12 08:57:26 --> Helper loaded: func_helper
INFO - 2019-02-12 08:57:26 --> Helper loaded: oraxe_helper
INFO - 2019-02-12 08:57:26 --> Database Driver Class Initialized
DEBUG - 2019-02-12 08:57:26 --> Session: "sess_save_path" is empty; using "session.save_path" value from php.ini.
INFO - 2019-02-12 08:57:26 --> Session: Class initialized using 'files' driver.
INFO - 2019-02-12 08:57:26 --> Controller Class Initialized
DEBUG - 2019-02-12 08:57:26 --> Session class already loaded. Second attempt ignored.
INFO - 2019-02-12 08:57:26 --> Form Validation Class Initialized
INFO - 2019-02-12 08:57:26 --> user_id=[lutfi]module=[company]method[get]
INFO - 2019-02-12 08:57:26 --> user_id=[lutfi]module=[structure]method[get]
INFO - 2019-02-12 08:57:26 --> user_id=[lutfi]module=[report]method[get]
INFO - 2019-02-12 08:57:26 --> user_id=[lutfi]module=[workhour]method[get]
INFO - 2019-02-12 08:57:26 --> user_id=[lutfi]module=[holiday]method[get]
INFO - 2019-02-12 08:57:26 --> user_id=[lutfi]module=[employees]method[get]
INFO - 2019-02-12 08:57:26 --> user_id=[lutfi]module=[timesheet]method[get]
INFO - 2019-02-12 08:57:26 --> user_id=[lutfi]module=[absent]method[get]
INFO - 2019-02-12 08:57:26 --> user_id=[lutfi]module=[onleave]method[get]
INFO - 2019-02-12 08:57:26 --> user_id=[lutfi]module=[overtime]method[get]
INFO - 2019-02-12 08:57:26 --> user_id=[lutfi]module=[schemas]method[get]
INFO - 2019-02-12 08:57:26 --> user_id=[lutfi]module=[adjustment]method[get]
INFO - 2019-02-12 08:57:26 --> user_id=[lutfi]module=[reimburse]method[get]
INFO - 2019-02-12 08:57:26 --> user_id=[lutfi]module=[wages]method[get]
INFO - 2019-02-12 08:57:26 --> user_id=[lutfi]module=[paydays]method[get]
INFO - 2019-02-12 08:57:26 --> File loaded: C:\MNEMONIC\GDrive\Web\cyberhrm\application\views\holiday.php
INFO - 2019-02-12 08:57:26 --> File loaded: C:\MNEMONIC\GDrive\Web\cyberhrm\application\views\layouts/default.php
INFO - 2019-02-12 08:57:26 --> Final output sent to browser
DEBUG - 2019-02-12 08:57:26 --> Total execution time: 0.6974
INFO - 2019-02-12 08:57:27 --> Config Class Initialized
INFO - 2019-02-12 08:57:27 --> Hooks Class Initialized
DEBUG - 2019-02-12 08:57:27 --> UTF-8 Support Enabled
INFO - 2019-02-12 08:57:27 --> Utf8 Class Initialized
INFO - 2019-02-12 08:57:27 --> URI Class Initialized
INFO - 2019-02-12 08:57:27 --> Router Class Initialized
INFO - 2019-02-12 08:57:27 --> Output Class Initialized
INFO - 2019-02-12 08:57:27 --> Security Class Initialized
DEBUG - 2019-02-12 08:57:27 --> Global POST, GET and COOKIE data sanitized
INFO - 2019-02-12 08:57:27 --> Input Class Initialized
INFO - 2019-02-12 08:57:27 --> Language Class Initialized
INFO - 2019-02-12 08:57:27 --> Loader Class Initialized
INFO - 2019-02-12 08:57:27 --> Helper loaded: url_helper
INFO - 2019-02-12 08:57:27 --> Helper loaded: form_helper
INFO - 2019-02-12 08:57:27 --> Helper loaded: html_helper
INFO - 2019-02-12 08:57:27 --> Helper loaded: rbac_helper
INFO - 2019-02-12 08:57:27 --> Helper loaded: layout_helper
INFO - 2019-02-12 08:57:27 --> Helper loaded: func_helper
INFO - 2019-02-12 08:57:27 --> Helper loaded: oraxe_helper
INFO - 2019-02-12 08:57:27 --> Database Driver Class Initialized
DEBUG - 2019-02-12 08:57:27 --> Session: "sess_save_path" is empty; using "session.save_path" value from php.ini.
INFO - 2019-02-12 08:57:27 --> Session: Class initialized using 'files' driver.
INFO - 2019-02-12 08:57:27 --> Controller Class Initialized
DEBUG - 2019-02-12 08:57:27 --> Session class already loaded. Second attempt ignored.
INFO - 2019-02-12 08:57:27 --> Form Validation Class Initialized
INFO - 2019-02-12 08:57:27 --> user_id=[lutfi]module=[holiday]method[query]
INFO - 2019-02-12 08:57:28 --> Final output sent to browser
DEBUG - 2019-02-12 08:57:28 --> Total execution time: 1.2504
INFO - 2019-02-12 08:57:30 --> Config Class Initialized
INFO - 2019-02-12 08:57:30 --> Hooks Class Initialized
DEBUG - 2019-02-12 08:57:30 --> UTF-8 Support Enabled
INFO - 2019-02-12 08:57:30 --> Utf8 Class Initialized
INFO - 2019-02-12 08:57:30 --> URI Class Initialized
INFO - 2019-02-12 08:57:30 --> Router Class Initialized
INFO - 2019-02-12 08:57:30 --> Output Class Initialized
INFO - 2019-02-12 08:57:30 --> Security Class Initialized
DEBUG - 2019-02-12 08:57:30 --> Global POST, GET and COOKIE data sanitized
INFO - 2019-02-12 08:57:30 --> Input Class Initialized
INFO - 2019-02-12 08:57:30 --> Language Class Initialized
INFO - 2019-02-12 08:57:30 --> Loader Class Initialized
INFO - 2019-02-12 08:57:30 --> Helper loaded: url_helper
INFO - 2019-02-12 08:57:30 --> Helper loaded: form_helper
INFO - 2019-02-12 08:57:30 --> Helper loaded: html_helper
INFO - 2019-02-12 08:57:30 --> Helper loaded: rbac_helper
INFO - 2019-02-12 08:57:30 --> Helper loaded: layout_helper
INFO - 2019-02-12 08:57:30 --> Helper loaded: func_helper
INFO - 2019-02-12 08:57:30 --> Helper loaded: oraxe_helper
INFO - 2019-02-12 08:57:30 --> Database Driver Class Initialized
DEBUG - 2019-02-12 08:57:30 --> Session: "sess_save_path" is empty; using "session.save_path" value from php.ini.
INFO - 2019-02-12 08:57:30 --> Session: Class initialized using 'files' driver.
INFO - 2019-02-12 08:57:30 --> Controller Class Initialized
DEBUG - 2019-02-12 08:57:30 --> Session class already loaded. Second attempt ignored.
INFO - 2019-02-12 08:57:30 --> Form Validation Class Initialized
INFO - 2019-02-12 08:57:30 --> user_id=[lutfi]module=[company]method[get]
INFO - 2019-02-12 08:57:30 --> user_id=[lutfi]module=[structure]method[get]
INFO - 2019-02-12 08:57:30 --> user_id=[lutfi]module=[report]method[get]
INFO - 2019-02-12 08:57:30 --> user_id=[lutfi]module=[workhour]method[get]
INFO - 2019-02-12 08:57:30 --> user_id=[lutfi]module=[holiday]method[get]
INFO - 2019-02-12 08:57:30 --> user_id=[lutfi]module=[employees]method[get]
INFO - 2019-02-12 08:57:30 --> user_id=[lutfi]module=[timesheet]method[get]
INFO - 2019-02-12 08:57:30 --> user_id=[lutfi]module=[absent]method[get]
INFO - 2019-02-12 08:57:30 --> user_id=[lutfi]module=[onleave]method[get]
INFO - 2019-02-12 08:57:30 --> user_id=[lutfi]module=[overtime]method[get]
INFO - 2019-02-12 08:57:30 --> user_id=[lutfi]module=[schemas]method[get]
INFO - 2019-02-12 08:57:30 --> user_id=[lutfi]module=[adjustment]method[get]
INFO - 2019-02-12 08:57:30 --> user_id=[lutfi]module=[reimburse]method[get]
INFO - 2019-02-12 08:57:30 --> user_id=[lutfi]module=[wages]method[get]
INFO - 2019-02-12 08:57:30 --> user_id=[lutfi]module=[paydays]method[get]
INFO - 2019-02-12 08:57:31 --> File loaded: C:\MNEMONIC\GDrive\Web\cyberhrm\application\views\schemas.php
INFO - 2019-02-12 08:57:31 --> File loaded: C:\MNEMONIC\GDrive\Web\cyberhrm\application\views\layouts/default.php
INFO - 2019-02-12 08:57:31 --> Final output sent to browser
DEBUG - 2019-02-12 08:57:31 --> Total execution time: 0.6656
INFO - 2019-02-12 08:57:31 --> Config Class Initialized
INFO - 2019-02-12 08:57:31 --> Hooks Class Initialized
DEBUG - 2019-02-12 08:57:31 --> UTF-8 Support Enabled
INFO - 2019-02-12 08:57:31 --> Utf8 Class Initialized
INFO - 2019-02-12 08:57:31 --> URI Class Initialized
INFO - 2019-02-12 08:57:31 --> Router Class Initialized
INFO - 2019-02-12 08:57:31 --> Output Class Initialized
INFO - 2019-02-12 08:57:31 --> Security Class Initialized
DEBUG - 2019-02-12 08:57:31 --> Global POST, GET and COOKIE data sanitized
INFO - 2019-02-12 08:57:31 --> Input Class Initialized
INFO - 2019-02-12 08:57:31 --> Language Class Initialized
INFO - 2019-02-12 08:57:31 --> Loader Class Initialized
INFO - 2019-02-12 08:57:31 --> Helper loaded: url_helper
INFO - 2019-02-12 08:57:31 --> Helper loaded: form_helper
INFO - 2019-02-12 08:57:31 --> Helper loaded: html_helper
INFO - 2019-02-12 08:57:31 --> Helper loaded: rbac_helper
INFO - 2019-02-12 08:57:31 --> Helper loaded: layout_helper
INFO - 2019-02-12 08:57:31 --> Helper loaded: func_helper
INFO - 2019-02-12 08:57:31 --> Helper loaded: oraxe_helper
INFO - 2019-02-12 08:57:31 --> Database Driver Class Initialized
DEBUG - 2019-02-12 08:57:32 --> Session: "sess_save_path" is empty; using "session.save_path" value from php.ini.
INFO - 2019-02-12 08:57:32 --> Session: Class initialized using 'files' driver.
INFO - 2019-02-12 08:57:32 --> Controller Class Initialized
DEBUG - 2019-02-12 08:57:32 --> Session class already loaded. Second attempt ignored.
INFO - 2019-02-12 08:57:32 --> Form Validation Class Initialized
INFO - 2019-02-12 08:57:32 --> user_id=[lutfi]module=[schemas]method[query]
INFO - 2019-02-12 08:57:32 --> Final output sent to browser
DEBUG - 2019-02-12 08:57:32 --> Total execution time: 0.6593
INFO - 2019-02-12 08:57:51 --> Config Class Initialized
INFO - 2019-02-12 08:57:51 --> Hooks Class Initialized
DEBUG - 2019-02-12 08:57:51 --> UTF-8 Support Enabled
INFO - 2019-02-12 08:57:51 --> Utf8 Class Initialized
INFO - 2019-02-12 08:57:51 --> URI Class Initialized
INFO - 2019-02-12 08:57:51 --> Router Class Initialized
INFO - 2019-02-12 08:57:51 --> Output Class Initialized
INFO - 2019-02-12 08:57:51 --> Security Class Initialized
DEBUG - 2019-02-12 08:57:51 --> Global POST, GET and COOKIE data sanitized
INFO - 2019-02-12 08:57:51 --> Input Class Initialized
INFO - 2019-02-12 08:57:51 --> Language Class Initialized
INFO - 2019-02-12 08:57:51 --> Loader Class Initialized
INFO - 2019-02-12 08:57:51 --> Helper loaded: url_helper
INFO - 2019-02-12 08:57:51 --> Helper loaded: form_helper
INFO - 2019-02-12 08:57:51 --> Helper loaded: html_helper
INFO - 2019-02-12 08:57:51 --> Helper loaded: rbac_helper
INFO - 2019-02-12 08:57:51 --> Helper loaded: layout_helper
INFO - 2019-02-12 08:57:51 --> Helper loaded: func_helper
INFO - 2019-02-12 08:57:51 --> Helper loaded: oraxe_helper
INFO - 2019-02-12 08:57:51 --> Database Driver Class Initialized
DEBUG - 2019-02-12 08:57:51 --> Session: "sess_save_path" is empty; using "session.save_path" value from php.ini.
INFO - 2019-02-12 08:57:51 --> Session: Class initialized using 'files' driver.
INFO - 2019-02-12 08:57:51 --> Controller Class Initialized
DEBUG - 2019-02-12 08:57:51 --> Session class already loaded. Second attempt ignored.
INFO - 2019-02-12 08:57:51 --> Form Validation Class Initialized
INFO - 2019-02-12 08:57:51 --> user_id=[lutfi]module=[company]method[get]
INFO - 2019-02-12 08:57:51 --> user_id=[lutfi]module=[structure]method[get]
INFO - 2019-02-12 08:57:51 --> user_id=[lutfi]module=[report]method[get]
INFO - 2019-02-12 08:57:51 --> user_id=[lutfi]module=[workhour]method[get]
INFO - 2019-02-12 08:57:51 --> user_id=[lutfi]module=[holiday]method[get]
INFO - 2019-02-12 08:57:51 --> user_id=[lutfi]module=[employees]method[get]
INFO - 2019-02-12 08:57:51 --> user_id=[lutfi]module=[timesheet]method[get]
INFO - 2019-02-12 08:57:51 --> user_id=[lutfi]module=[absent]method[get]
INFO - 2019-02-12 08:57:51 --> user_id=[lutfi]module=[onleave]method[get]
INFO - 2019-02-12 08:57:51 --> user_id=[lutfi]module=[overtime]method[get]
INFO - 2019-02-12 08:57:51 --> user_id=[lutfi]module=[schemas]method[get]
INFO - 2019-02-12 08:57:51 --> user_id=[lutfi]module=[adjustment]method[get]
INFO - 2019-02-12 08:57:51 --> user_id=[lutfi]module=[reimburse]method[get]
INFO - 2019-02-12 08:57:51 --> user_id=[lutfi]module=[wages]method[get]
INFO - 2019-02-12 08:57:51 --> user_id=[lutfi]module=[paydays]method[get]
INFO - 2019-02-12 08:57:51 --> File loaded: C:\MNEMONIC\GDrive\Web\cyberhrm\application\views\schemas.php
INFO - 2019-02-12 08:57:51 --> File loaded: C:\MNEMONIC\GDrive\Web\cyberhrm\application\views\layouts/default.php
INFO - 2019-02-12 08:57:51 --> Final output sent to browser
DEBUG - 2019-02-12 08:57:51 --> Total execution time: 0.2287
INFO - 2019-02-12 08:57:52 --> Config Class Initialized
INFO - 2019-02-12 08:57:52 --> Hooks Class Initialized
DEBUG - 2019-02-12 08:57:52 --> UTF-8 Support Enabled
INFO - 2019-02-12 08:57:52 --> Utf8 Class Initialized
INFO - 2019-02-12 08:57:52 --> URI Class Initialized
INFO - 2019-02-12 08:57:52 --> Router Class Initialized
INFO - 2019-02-12 08:57:52 --> Output Class Initialized
INFO - 2019-02-12 08:57:52 --> Security Class Initialized
DEBUG - 2019-02-12 08:57:52 --> Global POST, GET and COOKIE data sanitized
INFO - 2019-02-12 08:57:52 --> Input Class Initialized
INFO - 2019-02-12 08:57:52 --> Language Class Initialized
INFO - 2019-02-12 08:57:52 --> Loader Class Initialized
INFO - 2019-02-12 08:57:52 --> Helper loaded: url_helper
INFO - 2019-02-12 08:57:52 --> Helper loaded: form_helper
INFO - 2019-02-12 08:57:52 --> Helper loaded: html_helper
INFO - 2019-02-12 08:57:52 --> Helper loaded: rbac_helper
INFO - 2019-02-12 08:57:52 --> Helper loaded: layout_helper
INFO - 2019-02-12 08:57:52 --> Helper loaded: func_helper
INFO - 2019-02-12 08:57:52 --> Helper loaded: oraxe_helper
INFO - 2019-02-12 08:57:52 --> Database Driver Class Initialized
DEBUG - 2019-02-12 08:57:52 --> Session: "sess_save_path" is empty; using "session.save_path" value from php.ini.
INFO - 2019-02-12 08:57:52 --> Session: Class initialized using 'files' driver.
INFO - 2019-02-12 08:57:52 --> Controller Class Initialized
DEBUG - 2019-02-12 08:57:52 --> Session class already loaded. Second attempt ignored.
INFO - 2019-02-12 08:57:52 --> Form Validation Class Initialized
INFO - 2019-02-12 08:57:52 --> user_id=[lutfi]module=[schemas]method[query]
INFO - 2019-02-12 08:57:52 --> Final output sent to browser
DEBUG - 2019-02-12 08:57:52 --> Total execution time: 0.1995
INFO - 2019-02-12 09:25:19 --> Config Class Initialized
INFO - 2019-02-12 09:25:19 --> Hooks Class Initialized
DEBUG - 2019-02-12 09:25:19 --> UTF-8 Support Enabled
INFO - 2019-02-12 09:25:19 --> Utf8 Class Initialized
INFO - 2019-02-12 09:25:19 --> URI Class Initialized
INFO - 2019-02-12 09:25:19 --> Router Class Initialized
INFO - 2019-02-12 09:25:19 --> Output Class Initialized
INFO - 2019-02-12 09:25:19 --> Security Class Initialized
DEBUG - 2019-02-12 09:25:19 --> Global POST, GET and COOKIE data sanitized
INFO - 2019-02-12 09:25:19 --> Input Class Initialized
INFO - 2019-02-12 09:25:19 --> Language Class Initialized
INFO - 2019-02-12 09:25:19 --> Loader Class Initialized
INFO - 2019-02-12 09:25:19 --> Helper loaded: url_helper
INFO - 2019-02-12 09:25:19 --> Helper loaded: form_helper
INFO - 2019-02-12 09:25:19 --> Helper loaded: html_helper
INFO - 2019-02-12 09:25:19 --> Helper loaded: rbac_helper
INFO - 2019-02-12 09:25:19 --> Helper loaded: layout_helper
INFO - 2019-02-12 09:25:19 --> Helper loaded: func_helper
INFO - 2019-02-12 09:25:19 --> Helper loaded: oraxe_helper
INFO - 2019-02-12 09:25:19 --> Database Driver Class Initialized
DEBUG - 2019-02-12 09:25:20 --> Session: "sess_save_path" is empty; using "session.save_path" value from php.ini.
INFO - 2019-02-12 09:25:20 --> Session: Class initialized using 'files' driver.
INFO - 2019-02-12 09:25:20 --> Controller Class Initialized
DEBUG - 2019-02-12 09:25:20 --> Session class already loaded. Second attempt ignored.
INFO - 2019-02-12 09:25:20 --> Form Validation Class Initialized
INFO - 2019-02-12 09:25:20 --> user_id=[lutfi]module=[company]method[get]
INFO - 2019-02-12 09:25:20 --> user_id=[lutfi]module=[structure]method[get]
INFO - 2019-02-12 09:25:20 --> user_id=[lutfi]module=[report]method[get]
INFO - 2019-02-12 09:25:20 --> user_id=[lutfi]module=[workhour]method[get]
INFO - 2019-02-12 09:25:20 --> user_id=[lutfi]module=[holiday]method[get]
INFO - 2019-02-12 09:25:20 --> user_id=[lutfi]module=[employees]method[get]
INFO - 2019-02-12 09:25:20 --> user_id=[lutfi]module=[timesheet]method[get]
INFO - 2019-02-12 09:25:20 --> user_id=[lutfi]module=[absent]method[get]
INFO - 2019-02-12 09:25:20 --> user_id=[lutfi]module=[onleave]method[get]
INFO - 2019-02-12 09:25:20 --> user_id=[lutfi]module=[overtime]method[get]
INFO - 2019-02-12 09:25:20 --> user_id=[lutfi]module=[schemas]method[get]
INFO - 2019-02-12 09:25:20 --> user_id=[lutfi]module=[adjustment]method[get]
INFO - 2019-02-12 09:25:20 --> user_id=[lutfi]module=[reimburse]method[get]
INFO - 2019-02-12 09:25:20 --> user_id=[lutfi]module=[wages]method[get]
INFO - 2019-02-12 09:25:20 --> user_id=[lutfi]module=[paydays]method[get]
INFO - 2019-02-12 09:25:20 --> File loaded: C:\MNEMONIC\GDrive\Web\cyberhrm\application\views\holiday.php
INFO - 2019-02-12 09:25:20 --> File loaded: C:\MNEMONIC\GDrive\Web\cyberhrm\application\views\layouts/default.php
INFO - 2019-02-12 09:25:20 --> Final output sent to browser
DEBUG - 2019-02-12 09:25:20 --> Total execution time: 1.3197
INFO - 2019-02-12 09:25:24 --> Config Class Initialized
INFO - 2019-02-12 09:25:24 --> Hooks Class Initialized
DEBUG - 2019-02-12 09:25:24 --> UTF-8 Support Enabled
INFO - 2019-02-12 09:25:24 --> Utf8 Class Initialized
INFO - 2019-02-12 09:25:24 --> URI Class Initialized
INFO - 2019-02-12 09:25:24 --> Router Class Initialized
INFO - 2019-02-12 09:25:24 --> Output Class Initialized
INFO - 2019-02-12 09:25:24 --> Security Class Initialized
DEBUG - 2019-02-12 09:25:24 --> Global POST, GET and COOKIE data sanitized
INFO - 2019-02-12 09:25:24 --> Input Class Initialized
INFO - 2019-02-12 09:25:24 --> Language Class Initialized
INFO - 2019-02-12 09:25:24 --> Loader Class Initialized
INFO - 2019-02-12 09:25:24 --> Helper loaded: url_helper
INFO - 2019-02-12 09:25:24 --> Helper loaded: form_helper
INFO - 2019-02-12 09:25:24 --> Helper loaded: html_helper
INFO - 2019-02-12 09:25:24 --> Helper loaded: rbac_helper
INFO - 2019-02-12 09:25:24 --> Helper loaded: layout_helper
INFO - 2019-02-12 09:25:24 --> Helper loaded: func_helper
INFO - 2019-02-12 09:25:24 --> Helper loaded: oraxe_helper
INFO - 2019-02-12 09:25:24 --> Database Driver Class Initialized
DEBUG - 2019-02-12 09:25:24 --> Session: "sess_save_path" is empty; using "session.save_path" value from php.ini.
INFO - 2019-02-12 09:25:24 --> Session: Class initialized using 'files' driver.
INFO - 2019-02-12 09:25:24 --> Controller Class Initialized
DEBUG - 2019-02-12 09:25:24 --> Session class already loaded. Second attempt ignored.
INFO - 2019-02-12 09:25:24 --> Form Validation Class Initialized
INFO - 2019-02-12 09:25:24 --> user_id=[lutfi]module=[holiday]method[query]
INFO - 2019-02-12 09:25:24 --> Final output sent to browser
DEBUG - 2019-02-12 09:25:24 --> Total execution time: 0.2088
INFO - 2019-02-12 09:25:55 --> Config Class Initialized
INFO - 2019-02-12 09:25:55 --> Hooks Class Initialized
DEBUG - 2019-02-12 09:25:55 --> UTF-8 Support Enabled
INFO - 2019-02-12 09:25:55 --> Utf8 Class Initialized
INFO - 2019-02-12 09:25:55 --> URI Class Initialized
INFO - 2019-02-12 09:25:55 --> Router Class Initialized
INFO - 2019-02-12 09:25:55 --> Output Class Initialized
INFO - 2019-02-12 09:25:55 --> Security Class Initialized
DEBUG - 2019-02-12 09:25:55 --> Global POST, GET and COOKIE data sanitized
INFO - 2019-02-12 09:25:55 --> Input Class Initialized
INFO - 2019-02-12 09:25:55 --> Language Class Initialized
INFO - 2019-02-12 09:25:55 --> Loader Class Initialized
INFO - 2019-02-12 09:25:55 --> Helper loaded: url_helper
INFO - 2019-02-12 09:25:55 --> Helper loaded: form_helper
INFO - 2019-02-12 09:25:55 --> Helper loaded: html_helper
INFO - 2019-02-12 09:25:55 --> Helper loaded: rbac_helper
INFO - 2019-02-12 09:25:55 --> Helper loaded: layout_helper
INFO - 2019-02-12 09:25:55 --> Helper loaded: func_helper
INFO - 2019-02-12 09:25:55 --> Helper loaded: oraxe_helper
INFO - 2019-02-12 09:25:55 --> Database Driver Class Initialized
DEBUG - 2019-02-12 09:25:55 --> Session: "sess_save_path" is empty; using "session.save_path" value from php.ini.
INFO - 2019-02-12 09:25:55 --> Session: Class initialized using 'files' driver.
INFO - 2019-02-12 09:25:55 --> Controller Class Initialized
DEBUG - 2019-02-12 09:25:55 --> Session class already loaded. Second attempt ignored.
INFO - 2019-02-12 09:25:55 --> Form Validation Class Initialized
INFO - 2019-02-12 09:25:55 --> user_id=[lutfi]module=[company]method[get]
INFO - 2019-02-12 09:25:55 --> user_id=[lutfi]module=[structure]method[get]
INFO - 2019-02-12 09:25:55 --> user_id=[lutfi]module=[report]method[get]
INFO - 2019-02-12 09:25:55 --> user_id=[lutfi]module=[workhour]method[get]
INFO - 2019-02-12 09:25:55 --> user_id=[lutfi]module=[holiday]method[get]
INFO - 2019-02-12 09:25:55 --> user_id=[lutfi]module=[employees]method[get]
INFO - 2019-02-12 09:25:55 --> user_id=[lutfi]module=[timesheet]method[get]
INFO - 2019-02-12 09:25:55 --> user_id=[lutfi]module=[absent]method[get]
INFO - 2019-02-12 09:25:55 --> user_id=[lutfi]module=[onleave]method[get]
INFO - 2019-02-12 09:25:55 --> user_id=[lutfi]module=[overtime]method[get]
INFO - 2019-02-12 09:25:55 --> user_id=[lutfi]module=[schemas]method[get]
INFO - 2019-02-12 09:25:55 --> user_id=[lutfi]module=[adjustment]method[get]
INFO - 2019-02-12 09:25:55 --> user_id=[lutfi]module=[reimburse]method[get]
INFO - 2019-02-12 09:25:55 --> user_id=[lutfi]module=[wages]method[get]
INFO - 2019-02-12 09:25:55 --> user_id=[lutfi]module=[paydays]method[get]
INFO - 2019-02-12 09:25:55 --> File loaded: C:\MNEMONIC\GDrive\Web\cyberhrm\application\views\report.php
INFO - 2019-02-12 09:25:55 --> File loaded: C:\MNEMONIC\GDrive\Web\cyberhrm\application\views\layouts/default.php
INFO - 2019-02-12 09:25:55 --> Final output sent to browser
DEBUG - 2019-02-12 09:25:55 --> Total execution time: 0.2667
INFO - 2019-02-12 09:25:57 --> Config Class Initialized
INFO - 2019-02-12 09:25:57 --> Hooks Class Initialized
DEBUG - 2019-02-12 09:25:57 --> UTF-8 Support Enabled
INFO - 2019-02-12 09:25:57 --> Utf8 Class Initialized
INFO - 2019-02-12 09:25:57 --> URI Class Initialized
INFO - 2019-02-12 09:25:57 --> Router Class Initialized
INFO - 2019-02-12 09:25:57 --> Output Class Initialized
INFO - 2019-02-12 09:25:57 --> Security Class Initialized
DEBUG - 2019-02-12 09:25:57 --> Global POST, GET and COOKIE data sanitized
INFO - 2019-02-12 09:25:57 --> Input Class Initialized
INFO - 2019-02-12 09:25:57 --> Language Class Initialized
INFO - 2019-02-12 09:25:57 --> Loader Class Initialized
INFO - 2019-02-12 09:25:57 --> Helper loaded: url_helper
INFO - 2019-02-12 09:25:57 --> Helper loaded: form_helper
INFO - 2019-02-12 09:25:57 --> Helper loaded: html_helper
INFO - 2019-02-12 09:25:57 --> Helper loaded: rbac_helper
INFO - 2019-02-12 09:25:57 --> Helper loaded: layout_helper
INFO - 2019-02-12 09:25:57 --> Helper loaded: func_helper
INFO - 2019-02-12 09:25:57 --> Helper loaded: oraxe_helper
INFO - 2019-02-12 09:25:57 --> Database Driver Class Initialized
DEBUG - 2019-02-12 09:25:57 --> Session: "sess_save_path" is empty; using "session.save_path" value from php.ini.
INFO - 2019-02-12 09:25:57 --> Session: Class initialized using 'files' driver.
INFO - 2019-02-12 09:25:57 --> Controller Class Initialized
DEBUG - 2019-02-12 09:25:57 --> Session class already loaded. Second attempt ignored.
INFO - 2019-02-12 09:25:57 --> Form Validation Class Initialized
INFO - 2019-02-12 09:25:57 --> user_id=[lutfi]module=[report]method[query]
INFO - 2019-02-12 09:25:59 --> Config Class Initialized
INFO - 2019-02-12 09:25:59 --> Hooks Class Initialized
DEBUG - 2019-02-12 09:25:59 --> UTF-8 Support Enabled
INFO - 2019-02-12 09:25:59 --> Utf8 Class Initialized
INFO - 2019-02-12 09:25:59 --> URI Class Initialized
INFO - 2019-02-12 09:25:59 --> Router Class Initialized
INFO - 2019-02-12 09:25:59 --> Output Class Initialized
INFO - 2019-02-12 09:25:59 --> Security Class Initialized
DEBUG - 2019-02-12 09:25:59 --> Global POST, GET and COOKIE data sanitized
INFO - 2019-02-12 09:25:59 --> Input Class Initialized
INFO - 2019-02-12 09:25:59 --> Language Class Initialized
INFO - 2019-02-12 09:25:59 --> Loader Class Initialized
INFO - 2019-02-12 09:25:59 --> Helper loaded: url_helper
INFO - 2019-02-12 09:25:59 --> Helper loaded: form_helper
INFO - 2019-02-12 09:25:59 --> Helper loaded: html_helper
INFO - 2019-02-12 09:25:59 --> Helper loaded: rbac_helper
INFO - 2019-02-12 09:25:59 --> Helper loaded: layout_helper
INFO - 2019-02-12 09:25:59 --> Helper loaded: func_helper
INFO - 2019-02-12 09:25:59 --> Helper loaded: oraxe_helper
INFO - 2019-02-12 09:25:59 --> Database Driver Class Initialized
DEBUG - 2019-02-12 09:25:59 --> Session: "sess_save_path" is empty; using "session.save_path" value from php.ini.
INFO - 2019-02-12 09:25:59 --> Session: Class initialized using 'files' driver.
INFO - 2019-02-12 09:25:59 --> Controller Class Initialized
DEBUG - 2019-02-12 09:25:59 --> Session class already loaded. Second attempt ignored.
INFO - 2019-02-12 09:25:59 --> Form Validation Class Initialized
INFO - 2019-02-12 09:25:59 --> user_id=[lutfi]module=[company]method[get]
INFO - 2019-02-12 09:25:59 --> user_id=[lutfi]module=[structure]method[get]
INFO - 2019-02-12 09:25:59 --> user_id=[lutfi]module=[report]method[get]
INFO - 2019-02-12 09:25:59 --> user_id=[lutfi]module=[workhour]method[get]
INFO - 2019-02-12 09:25:59 --> user_id=[lutfi]module=[holiday]method[get]
INFO - 2019-02-12 09:25:59 --> user_id=[lutfi]module=[employees]method[get]
INFO - 2019-02-12 09:25:59 --> user_id=[lutfi]module=[timesheet]method[get]
INFO - 2019-02-12 09:25:59 --> user_id=[lutfi]module=[absent]method[get]
INFO - 2019-02-12 09:25:59 --> user_id=[lutfi]module=[onleave]method[get]
INFO - 2019-02-12 09:25:59 --> user_id=[lutfi]module=[overtime]method[get]
INFO - 2019-02-12 09:25:59 --> user_id=[lutfi]module=[schemas]method[get]
INFO - 2019-02-12 09:25:59 --> user_id=[lutfi]module=[adjustment]method[get]
INFO - 2019-02-12 09:25:59 --> user_id=[lutfi]module=[reimburse]method[get]
INFO - 2019-02-12 09:25:59 --> user_id=[lutfi]module=[wages]method[get]
INFO - 2019-02-12 09:25:59 --> user_id=[lutfi]module=[paydays]method[get]
INFO - 2019-02-12 09:25:59 --> File loaded: C:\MNEMONIC\GDrive\Web\cyberhrm\application\views\report.php
INFO - 2019-02-12 09:25:59 --> File loaded: C:\MNEMONIC\GDrive\Web\cyberhrm\application\views\layouts/default.php
INFO - 2019-02-12 09:25:59 --> Final output sent to browser
DEBUG - 2019-02-12 09:25:59 --> Total execution time: 0.2907
INFO - 2019-02-12 09:25:59 --> Config Class Initialized
INFO - 2019-02-12 09:25:59 --> Hooks Class Initialized
DEBUG - 2019-02-12 09:25:59 --> UTF-8 Support Enabled
INFO - 2019-02-12 09:25:59 --> Utf8 Class Initialized
INFO - 2019-02-12 09:25:59 --> URI Class Initialized
INFO - 2019-02-12 09:25:59 --> Router Class Initialized
INFO - 2019-02-12 09:25:59 --> Output Class Initialized
INFO - 2019-02-12 09:25:59 --> Security Class Initialized
DEBUG - 2019-02-12 09:25:59 --> Global POST, GET and COOKIE data sanitized
INFO - 2019-02-12 09:25:59 --> Input Class Initialized
INFO - 2019-02-12 09:25:59 --> Language Class Initialized
INFO - 2019-02-12 09:25:59 --> Loader Class Initialized
INFO - 2019-02-12 09:25:59 --> Helper loaded: url_helper
INFO - 2019-02-12 09:25:59 --> Helper loaded: form_helper
INFO - 2019-02-12 09:25:59 --> Helper loaded: html_helper
INFO - 2019-02-12 09:25:59 --> Helper loaded: rbac_helper
INFO - 2019-02-12 09:25:59 --> Helper loaded: layout_helper
INFO - 2019-02-12 09:25:59 --> Helper loaded: func_helper
INFO - 2019-02-12 09:25:59 --> Helper loaded: oraxe_helper
INFO - 2019-02-12 09:25:59 --> Database Driver Class Initialized
DEBUG - 2019-02-12 09:25:59 --> Session: "sess_save_path" is empty; using "session.save_path" value from php.ini.
INFO - 2019-02-12 09:25:59 --> Session: Class initialized using 'files' driver.
INFO - 2019-02-12 09:25:59 --> Controller Class Initialized
DEBUG - 2019-02-12 09:25:59 --> Session class already loaded. Second attempt ignored.
INFO - 2019-02-12 09:25:59 --> Form Validation Class Initialized
INFO - 2019-02-12 09:25:59 --> user_id=[lutfi]module=[report]method[query]
INFO - 2019-02-12 09:26:04 --> Config Class Initialized
INFO - 2019-02-12 09:26:04 --> Hooks Class Initialized
DEBUG - 2019-02-12 09:26:04 --> UTF-8 Support Enabled
INFO - 2019-02-12 09:26:04 --> Utf8 Class Initialized
INFO - 2019-02-12 09:26:04 --> URI Class Initialized
INFO - 2019-02-12 09:26:05 --> Router Class Initialized
INFO - 2019-02-12 09:26:05 --> Output Class Initialized
INFO - 2019-02-12 09:26:05 --> Security Class Initialized
DEBUG - 2019-02-12 09:26:05 --> Global POST, GET and COOKIE data sanitized
INFO - 2019-02-12 09:26:05 --> Input Class Initialized
INFO - 2019-02-12 09:26:05 --> Language Class Initialized
INFO - 2019-02-12 09:26:05 --> Loader Class Initialized
INFO - 2019-02-12 09:26:05 --> Helper loaded: url_helper
INFO - 2019-02-12 09:26:05 --> Helper loaded: form_helper
INFO - 2019-02-12 09:26:05 --> Helper loaded: html_helper
INFO - 2019-02-12 09:26:05 --> Helper loaded: rbac_helper
INFO - 2019-02-12 09:26:05 --> Helper loaded: layout_helper
INFO - 2019-02-12 09:26:05 --> Helper loaded: func_helper
INFO - 2019-02-12 09:26:05 --> Helper loaded: oraxe_helper
INFO - 2019-02-12 09:26:06 --> Database Driver Class Initialized
DEBUG - 2019-02-12 09:26:06 --> Session: "sess_save_path" is empty; using "session.save_path" value from php.ini.
INFO - 2019-02-12 09:26:06 --> Session: Class initialized using 'files' driver.
INFO - 2019-02-12 09:26:06 --> Controller Class Initialized
DEBUG - 2019-02-12 09:26:06 --> Session class already loaded. Second attempt ignored.
INFO - 2019-02-12 09:26:06 --> Form Validation Class Initialized
INFO - 2019-02-12 09:26:07 --> Final output sent to browser
DEBUG - 2019-02-12 09:26:07 --> Total execution time: 3.4873
INFO - 2019-02-12 09:26:11 --> Config Class Initialized
INFO - 2019-02-12 09:26:11 --> Hooks Class Initialized
DEBUG - 2019-02-12 09:26:11 --> UTF-8 Support Enabled
INFO - 2019-02-12 09:26:11 --> Utf8 Class Initialized
INFO - 2019-02-12 09:26:11 --> URI Class Initialized
INFO - 2019-02-12 09:26:11 --> Router Class Initialized
INFO - 2019-02-12 09:26:11 --> Output Class Initialized
INFO - 2019-02-12 09:26:11 --> Security Class Initialized
DEBUG - 2019-02-12 09:26:11 --> Global POST, GET and COOKIE data sanitized
INFO - 2019-02-12 09:26:11 --> Input Class Initialized
INFO - 2019-02-12 09:26:11 --> Language Class Initialized
INFO - 2019-02-12 09:26:11 --> Loader Class Initialized
INFO - 2019-02-12 09:26:11 --> Helper loaded: url_helper
INFO - 2019-02-12 09:26:11 --> Helper loaded: form_helper
INFO - 2019-02-12 09:26:11 --> Helper loaded: html_helper
INFO - 2019-02-12 09:26:11 --> Helper loaded: rbac_helper
INFO - 2019-02-12 09:26:11 --> Helper loaded: layout_helper
INFO - 2019-02-12 09:26:11 --> Helper loaded: func_helper
INFO - 2019-02-12 09:26:11 --> Helper loaded: oraxe_helper
INFO - 2019-02-12 09:26:11 --> Database Driver Class Initialized
DEBUG - 2019-02-12 09:26:11 --> Session: "sess_save_path" is empty; using "session.save_path" value from php.ini.
INFO - 2019-02-12 09:26:12 --> Session: Class initialized using 'files' driver.
INFO - 2019-02-12 09:26:12 --> Controller Class Initialized
DEBUG - 2019-02-12 09:26:12 --> Session class already loaded. Second attempt ignored.
INFO - 2019-02-12 09:26:12 --> Form Validation Class Initialized
INFO - 2019-02-12 09:26:12 --> user_id=[lutfi]module=[report.employee]method[preview]
INFO - 2019-02-12 09:26:12 --> Found date1 = February 12, 2019
INFO - 2019-02-12 09:26:12 --> Found combo1 = -255
INFO - 2019-02-12 09:26:12 --> Found deptId1 = -255
INFO - 2019-02-12 09:26:12 --> Found deptId2 = -255
INFO - 2019-02-12 09:26:12 --> Found rptTitle = Daftar Pegawai
INFO - 2019-02-12 09:26:12 --> Found rptSubtitle = Per 12-Feb-2019
INFO - 2019-02-12 09:26:12 --> File loaded: C:\MNEMONIC\GDrive\Web\cyberhrm\application\views\reportviewer.php
INFO - 2019-02-12 09:26:12 --> File loaded: C:\MNEMONIC\GDrive\Web\cyberhrm\application\views\layouts/report.php
INFO - 2019-02-12 09:26:12 --> Final output sent to browser
DEBUG - 2019-02-12 09:26:12 --> Total execution time: 0.2237
INFO - 2019-02-12 09:26:43 --> Config Class Initialized
INFO - 2019-02-12 09:26:43 --> Hooks Class Initialized
DEBUG - 2019-02-12 09:26:43 --> UTF-8 Support Enabled
INFO - 2019-02-12 09:26:43 --> Utf8 Class Initialized
INFO - 2019-02-12 09:26:43 --> URI Class Initialized
INFO - 2019-02-12 09:26:43 --> Router Class Initialized
INFO - 2019-02-12 09:26:43 --> Output Class Initialized
INFO - 2019-02-12 09:26:43 --> Security Class Initialized
DEBUG - 2019-02-12 09:26:43 --> Global POST, GET and COOKIE data sanitized
INFO - 2019-02-12 09:26:43 --> Input Class Initialized
INFO - 2019-02-12 09:26:43 --> Language Class Initialized
INFO - 2019-02-12 09:26:43 --> Loader Class Initialized
INFO - 2019-02-12 09:26:43 --> Helper loaded: url_helper
INFO - 2019-02-12 09:26:43 --> Helper loaded: form_helper
INFO - 2019-02-12 09:26:43 --> Helper loaded: html_helper
INFO - 2019-02-12 09:26:43 --> Helper loaded: rbac_helper
INFO - 2019-02-12 09:26:43 --> Helper loaded: layout_helper
INFO - 2019-02-12 09:26:43 --> Helper loaded: func_helper
INFO - 2019-02-12 09:26:43 --> Helper loaded: oraxe_helper
INFO - 2019-02-12 09:26:43 --> Database Driver Class Initialized
DEBUG - 2019-02-12 09:26:43 --> Session: "sess_save_path" is empty; using "session.save_path" value from php.ini.
INFO - 2019-02-12 09:26:43 --> Session: Class initialized using 'files' driver.
INFO - 2019-02-12 09:26:43 --> Controller Class Initialized
DEBUG - 2019-02-12 09:26:43 --> Session class already loaded. Second attempt ignored.
INFO - 2019-02-12 09:26:43 --> Form Validation Class Initialized
INFO - 2019-02-12 09:26:43 --> Final output sent to browser
DEBUG - 2019-02-12 09:26:43 --> Total execution time: 0.1295
INFO - 2019-02-12 09:28:11 --> Config Class Initialized
INFO - 2019-02-12 09:28:12 --> Hooks Class Initialized
DEBUG - 2019-02-12 09:28:12 --> UTF-8 Support Enabled
INFO - 2019-02-12 09:28:12 --> Utf8 Class Initialized
INFO - 2019-02-12 09:28:12 --> URI Class Initialized
INFO - 2019-02-12 09:28:12 --> Router Class Initialized
INFO - 2019-02-12 09:28:12 --> Output Class Initialized
INFO - 2019-02-12 09:28:12 --> Security Class Initialized
DEBUG - 2019-02-12 09:28:12 --> Global POST, GET and COOKIE data sanitized
INFO - 2019-02-12 09:28:12 --> Input Class Initialized
INFO - 2019-02-12 09:28:12 --> Language Class Initialized
INFO - 2019-02-12 09:28:12 --> Loader Class Initialized
INFO - 2019-02-12 09:28:12 --> Helper loaded: url_helper
INFO - 2019-02-12 09:28:12 --> Helper loaded: form_helper
INFO - 2019-02-12 09:28:12 --> Helper loaded: html_helper
INFO - 2019-02-12 09:28:12 --> Helper loaded: rbac_helper
INFO - 2019-02-12 09:28:12 --> Helper loaded: layout_helper
INFO - 2019-02-12 09:28:12 --> Helper loaded: func_helper
INFO - 2019-02-12 09:28:12 --> Helper loaded: oraxe_helper
INFO - 2019-02-12 09:28:13 --> Database Driver Class Initialized
DEBUG - 2019-02-12 09:28:13 --> Session: "sess_save_path" is empty; using "session.save_path" value from php.ini.
INFO - 2019-02-12 09:28:13 --> Session: Class initialized using 'files' driver.
INFO - 2019-02-12 09:28:13 --> Controller Class Initialized
DEBUG - 2019-02-12 09:28:13 --> Session class already loaded. Second attempt ignored.
INFO - 2019-02-12 09:28:13 --> Form Validation Class Initialized
INFO - 2019-02-12 09:28:13 --> user_id=[lutfi]module=[report.gross_annual]method[preview]
INFO - 2019-02-12 09:28:13 --> Found date1 = 2019
INFO - 2019-02-12 09:28:13 --> Found year = 2019
INFO - 2019-02-12 09:28:13 --> Found rptTitle = Ringkasan Gaji (gross) per Tahun
INFO - 2019-02-12 09:28:13 --> Found rptSubtitle = 2019
INFO - 2019-02-12 09:28:13 --> File loaded: C:\MNEMONIC\GDrive\Web\cyberhrm\application\views\reportviewer.php
INFO - 2019-02-12 09:28:13 --> File loaded: C:\MNEMONIC\GDrive\Web\cyberhrm\application\views\layouts/report.php
INFO - 2019-02-12 09:28:13 --> Final output sent to browser
DEBUG - 2019-02-12 09:28:13 --> Total execution time: 1.8224
INFO - 2019-02-12 09:28:34 --> Config Class Initialized
INFO - 2019-02-12 09:28:34 --> Hooks Class Initialized
DEBUG - 2019-02-12 09:28:34 --> UTF-8 Support Enabled
INFO - 2019-02-12 09:28:34 --> Utf8 Class Initialized
INFO - 2019-02-12 09:28:34 --> URI Class Initialized
INFO - 2019-02-12 09:28:34 --> Router Class Initialized
INFO - 2019-02-12 09:28:34 --> Output Class Initialized
INFO - 2019-02-12 09:28:34 --> Security Class Initialized
DEBUG - 2019-02-12 09:28:34 --> Global POST, GET and COOKIE data sanitized
INFO - 2019-02-12 09:28:34 --> Input Class Initialized
INFO - 2019-02-12 09:28:34 --> Language Class Initialized
INFO - 2019-02-12 09:28:34 --> Loader Class Initialized
INFO - 2019-02-12 09:28:34 --> Helper loaded: url_helper
INFO - 2019-02-12 09:28:34 --> Helper loaded: form_helper
INFO - 2019-02-12 09:28:34 --> Helper loaded: html_helper
INFO - 2019-02-12 09:28:34 --> Helper loaded: rbac_helper
INFO - 2019-02-12 09:28:34 --> Helper loaded: layout_helper
INFO - 2019-02-12 09:28:35 --> Helper loaded: func_helper
INFO - 2019-02-12 09:28:35 --> Helper loaded: oraxe_helper
INFO - 2019-02-12 09:28:35 --> Database Driver Class Initialized
DEBUG - 2019-02-12 09:28:35 --> Session: "sess_save_path" is empty; using "session.save_path" value from php.ini.
INFO - 2019-02-12 09:28:35 --> Session: Class initialized using 'files' driver.
INFO - 2019-02-12 09:28:35 --> Controller Class Initialized
DEBUG - 2019-02-12 09:28:35 --> Session class already loaded. Second attempt ignored.
INFO - 2019-02-12 09:28:35 --> Form Validation Class Initialized
INFO - 2019-02-12 09:28:35 --> user_id=[lutfi]module=[report.gross_annual]method[preview]
INFO - 2019-02-12 09:28:35 --> Found date1 = 2018
INFO - 2019-02-12 09:28:35 --> Found year = 2018
INFO - 2019-02-12 09:28:35 --> Found rptTitle = Ringkasan Gaji (gross) per Tahun
INFO - 2019-02-12 09:28:35 --> Found rptSubtitle = 2018
INFO - 2019-02-12 09:28:35 --> File loaded: C:\MNEMONIC\GDrive\Web\cyberhrm\application\views\reportviewer.php
INFO - 2019-02-12 09:28:35 --> File loaded: C:\MNEMONIC\GDrive\Web\cyberhrm\application\views\layouts/report.php
INFO - 2019-02-12 09:28:35 --> Final output sent to browser
DEBUG - 2019-02-12 09:28:35 --> Total execution time: 0.1225
