INFO - 2019-06-20 16:56:14 --> Config Class Initialized
INFO - 2019-06-20 16:56:14 --> Hooks Class Initialized
DEBUG - 2019-06-20 16:56:14 --> UTF-8 Support Enabled
INFO - 2019-06-20 16:56:14 --> Utf8 Class Initialized
INFO - 2019-06-20 16:56:14 --> URI Class Initialized
INFO - 2019-06-20 16:56:14 --> Router Class Initialized
INFO - 2019-06-20 16:56:15 --> Output Class Initialized
INFO - 2019-06-20 16:56:15 --> Security Class Initialized
DEBUG - 2019-06-20 16:56:15 --> Global POST, GET and COOKIE data sanitized
INFO - 2019-06-20 16:56:15 --> Input Class Initialized
INFO - 2019-06-20 16:56:15 --> Language Class Initialized
INFO - 2019-06-20 16:56:15 --> Loader Class Initialized
INFO - 2019-06-20 16:56:15 --> Helper loaded: url_helper
INFO - 2019-06-20 16:56:15 --> Helper loaded: form_helper
INFO - 2019-06-20 16:56:15 --> Helper loaded: html_helper
INFO - 2019-06-20 16:56:15 --> Helper loaded: rbac_helper
INFO - 2019-06-20 16:56:15 --> Helper loaded: layout_helper
INFO - 2019-06-20 16:56:15 --> Helper loaded: func_helper
INFO - 2019-06-20 16:56:15 --> Helper loaded: oraxe_helper
INFO - 2019-06-20 16:56:15 --> Database Driver Class Initialized
DEBUG - 2019-06-20 16:56:18 --> Session: "sess_save_path" is empty; using "session.save_path" value from php.ini.
INFO - 2019-06-20 16:56:18 --> Session: Class initialized using 'files' driver.
INFO - 2019-06-20 16:56:18 --> Controller Class Initialized
DEBUG - 2019-06-20 16:56:18 --> Session class already loaded. Second attempt ignored.
INFO - 2019-06-20 16:56:18 --> Form Validation Class Initialized
INFO - 2019-06-20 16:56:19 --> user_id=[lutfi]module=[company]method[get]
INFO - 2019-06-20 16:56:19 --> user_id=[lutfi]module=[structure]method[get]
INFO - 2019-06-20 16:56:19 --> user_id=[lutfi]module=[report]method[get]
INFO - 2019-06-20 16:56:19 --> user_id=[lutfi]module=[workhour]method[get]
INFO - 2019-06-20 16:56:19 --> user_id=[lutfi]module=[holiday]method[get]
INFO - 2019-06-20 16:56:19 --> user_id=[lutfi]module=[employees]method[get]
INFO - 2019-06-20 16:56:19 --> user_id=[lutfi]module=[timesheet]method[get]
INFO - 2019-06-20 16:56:19 --> user_id=[lutfi]module=[absent]method[get]
INFO - 2019-06-20 16:56:19 --> user_id=[lutfi]module=[onleave]method[get]
INFO - 2019-06-20 16:56:19 --> user_id=[lutfi]module=[overtime]method[get]
INFO - 2019-06-20 16:56:19 --> user_id=[lutfi]module=[schemas]method[get]
INFO - 2019-06-20 16:56:19 --> user_id=[lutfi]module=[adjustment]method[get]
INFO - 2019-06-20 16:56:19 --> user_id=[lutfi]module=[reimburse]method[get]
INFO - 2019-06-20 16:56:19 --> user_id=[lutfi]module=[wages]method[get]
INFO - 2019-06-20 16:56:19 --> user_id=[lutfi]module=[paydays]method[get]
INFO - 2019-06-20 16:56:19 --> File loaded: C:\MNEMONIC\OneDrive\Projects\Web\cyberhrm\application\views\holiday.php
INFO - 2019-06-20 16:56:19 --> File loaded: C:\MNEMONIC\OneDrive\Projects\Web\cyberhrm\application\views\layouts/default.php
INFO - 2019-06-20 16:56:19 --> Final output sent to browser
DEBUG - 2019-06-20 16:56:19 --> Total execution time: 5.3242
INFO - 2019-06-20 16:56:29 --> Config Class Initialized
INFO - 2019-06-20 16:56:29 --> Hooks Class Initialized
DEBUG - 2019-06-20 16:56:29 --> UTF-8 Support Enabled
INFO - 2019-06-20 16:56:29 --> Utf8 Class Initialized
INFO - 2019-06-20 16:56:29 --> URI Class Initialized
INFO - 2019-06-20 16:56:29 --> Router Class Initialized
INFO - 2019-06-20 16:56:29 --> Output Class Initialized
INFO - 2019-06-20 16:56:29 --> Security Class Initialized
DEBUG - 2019-06-20 16:56:29 --> Global POST, GET and COOKIE data sanitized
INFO - 2019-06-20 16:56:29 --> Input Class Initialized
INFO - 2019-06-20 16:56:29 --> Language Class Initialized
INFO - 2019-06-20 16:56:29 --> Loader Class Initialized
INFO - 2019-06-20 16:56:29 --> Helper loaded: url_helper
INFO - 2019-06-20 16:56:29 --> Helper loaded: form_helper
INFO - 2019-06-20 16:56:29 --> Helper loaded: html_helper
INFO - 2019-06-20 16:56:29 --> Helper loaded: rbac_helper
INFO - 2019-06-20 16:56:29 --> Helper loaded: layout_helper
INFO - 2019-06-20 16:56:29 --> Helper loaded: func_helper
INFO - 2019-06-20 16:56:29 --> Helper loaded: oraxe_helper
INFO - 2019-06-20 16:56:29 --> Database Driver Class Initialized
DEBUG - 2019-06-20 16:56:29 --> Session: "sess_save_path" is empty; using "session.save_path" value from php.ini.
INFO - 2019-06-20 16:56:29 --> Session: Class initialized using 'files' driver.
INFO - 2019-06-20 16:56:29 --> Controller Class Initialized
DEBUG - 2019-06-20 16:56:29 --> Session class already loaded. Second attempt ignored.
INFO - 2019-06-20 16:56:29 --> Form Validation Class Initialized
INFO - 2019-06-20 16:56:29 --> user_id=[lutfi]module=[holiday]method[query]
INFO - 2019-06-20 16:56:30 --> Final output sent to browser
DEBUG - 2019-06-20 16:56:30 --> Total execution time: 0.4262
INFO - 2019-06-20 16:56:31 --> Config Class Initialized
INFO - 2019-06-20 16:56:31 --> Hooks Class Initialized
DEBUG - 2019-06-20 16:56:31 --> UTF-8 Support Enabled
INFO - 2019-06-20 16:56:31 --> Utf8 Class Initialized
INFO - 2019-06-20 16:56:31 --> URI Class Initialized
INFO - 2019-06-20 16:56:31 --> Router Class Initialized
INFO - 2019-06-20 16:56:31 --> Output Class Initialized
INFO - 2019-06-20 16:56:31 --> Security Class Initialized
DEBUG - 2019-06-20 16:56:31 --> Global POST, GET and COOKIE data sanitized
INFO - 2019-06-20 16:56:31 --> Input Class Initialized
INFO - 2019-06-20 16:56:31 --> Language Class Initialized
INFO - 2019-06-20 16:56:31 --> Loader Class Initialized
INFO - 2019-06-20 16:56:31 --> Helper loaded: url_helper
INFO - 2019-06-20 16:56:31 --> Helper loaded: form_helper
INFO - 2019-06-20 16:56:31 --> Helper loaded: html_helper
INFO - 2019-06-20 16:56:31 --> Helper loaded: rbac_helper
INFO - 2019-06-20 16:56:31 --> Helper loaded: layout_helper
INFO - 2019-06-20 16:56:31 --> Helper loaded: func_helper
INFO - 2019-06-20 16:56:31 --> Helper loaded: oraxe_helper
INFO - 2019-06-20 16:56:31 --> Database Driver Class Initialized
DEBUG - 2019-06-20 16:56:31 --> Session: "sess_save_path" is empty; using "session.save_path" value from php.ini.
INFO - 2019-06-20 16:56:31 --> Session: Class initialized using 'files' driver.
INFO - 2019-06-20 16:56:31 --> Controller Class Initialized
DEBUG - 2019-06-20 16:56:31 --> Session class already loaded. Second attempt ignored.
INFO - 2019-06-20 16:56:31 --> Form Validation Class Initialized
INFO - 2019-06-20 16:56:31 --> user_id=[lutfi]module=[company]method[get]
INFO - 2019-06-20 16:56:31 --> user_id=[lutfi]module=[structure]method[get]
INFO - 2019-06-20 16:56:31 --> user_id=[lutfi]module=[report]method[get]
INFO - 2019-06-20 16:56:31 --> user_id=[lutfi]module=[workhour]method[get]
INFO - 2019-06-20 16:56:31 --> user_id=[lutfi]module=[holiday]method[get]
INFO - 2019-06-20 16:56:31 --> user_id=[lutfi]module=[employees]method[get]
INFO - 2019-06-20 16:56:31 --> user_id=[lutfi]module=[timesheet]method[get]
INFO - 2019-06-20 16:56:31 --> user_id=[lutfi]module=[absent]method[get]
INFO - 2019-06-20 16:56:31 --> user_id=[lutfi]module=[onleave]method[get]
INFO - 2019-06-20 16:56:31 --> user_id=[lutfi]module=[overtime]method[get]
INFO - 2019-06-20 16:56:31 --> user_id=[lutfi]module=[schemas]method[get]
INFO - 2019-06-20 16:56:31 --> user_id=[lutfi]module=[adjustment]method[get]
INFO - 2019-06-20 16:56:31 --> user_id=[lutfi]module=[reimburse]method[get]
INFO - 2019-06-20 16:56:31 --> user_id=[lutfi]module=[wages]method[get]
INFO - 2019-06-20 16:56:31 --> user_id=[lutfi]module=[paydays]method[get]
INFO - 2019-06-20 16:56:31 --> File loaded: C:\MNEMONIC\OneDrive\Projects\Web\cyberhrm\application\views\onleave.php
INFO - 2019-06-20 16:56:31 --> File loaded: C:\MNEMONIC\OneDrive\Projects\Web\cyberhrm\application\views\layouts/default.php
INFO - 2019-06-20 16:56:31 --> Final output sent to browser
DEBUG - 2019-06-20 16:56:31 --> Total execution time: 0.4484
INFO - 2019-06-20 16:56:32 --> Config Class Initialized
INFO - 2019-06-20 16:56:32 --> Hooks Class Initialized
DEBUG - 2019-06-20 16:56:32 --> UTF-8 Support Enabled
INFO - 2019-06-20 16:56:32 --> Utf8 Class Initialized
INFO - 2019-06-20 16:56:32 --> URI Class Initialized
INFO - 2019-06-20 16:56:32 --> Router Class Initialized
INFO - 2019-06-20 16:56:32 --> Output Class Initialized
INFO - 2019-06-20 16:56:32 --> Security Class Initialized
DEBUG - 2019-06-20 16:56:32 --> Global POST, GET and COOKIE data sanitized
INFO - 2019-06-20 16:56:32 --> Input Class Initialized
INFO - 2019-06-20 16:56:32 --> Language Class Initialized
INFO - 2019-06-20 16:56:32 --> Loader Class Initialized
INFO - 2019-06-20 16:56:32 --> Helper loaded: url_helper
INFO - 2019-06-20 16:56:32 --> Helper loaded: form_helper
INFO - 2019-06-20 16:56:32 --> Helper loaded: html_helper
INFO - 2019-06-20 16:56:32 --> Helper loaded: rbac_helper
INFO - 2019-06-20 16:56:32 --> Helper loaded: layout_helper
INFO - 2019-06-20 16:56:32 --> Helper loaded: func_helper
INFO - 2019-06-20 16:56:32 --> Helper loaded: oraxe_helper
INFO - 2019-06-20 16:56:32 --> Database Driver Class Initialized
DEBUG - 2019-06-20 16:56:32 --> Session: "sess_save_path" is empty; using "session.save_path" value from php.ini.
INFO - 2019-06-20 16:56:32 --> Session: Class initialized using 'files' driver.
INFO - 2019-06-20 16:56:32 --> Controller Class Initialized
DEBUG - 2019-06-20 16:56:32 --> Session class already loaded. Second attempt ignored.
INFO - 2019-06-20 16:56:32 --> Form Validation Class Initialized
INFO - 2019-06-20 16:56:32 --> user_id=[lutfi]module=[onleave]method[query]
INFO - 2019-06-20 16:56:33 --> Final output sent to browser
DEBUG - 2019-06-20 16:56:33 --> Total execution time: 0.3615
INFO - 2019-06-20 16:56:45 --> Config Class Initialized
INFO - 2019-06-20 16:56:45 --> Hooks Class Initialized
DEBUG - 2019-06-20 16:56:45 --> UTF-8 Support Enabled
INFO - 2019-06-20 16:56:45 --> Utf8 Class Initialized
INFO - 2019-06-20 16:56:45 --> URI Class Initialized
INFO - 2019-06-20 16:56:45 --> Router Class Initialized
INFO - 2019-06-20 16:56:45 --> Output Class Initialized
INFO - 2019-06-20 16:56:45 --> Security Class Initialized
DEBUG - 2019-06-20 16:56:45 --> Global POST, GET and COOKIE data sanitized
INFO - 2019-06-20 16:56:45 --> Input Class Initialized
INFO - 2019-06-20 16:56:45 --> Language Class Initialized
INFO - 2019-06-20 16:56:45 --> Loader Class Initialized
INFO - 2019-06-20 16:56:45 --> Helper loaded: url_helper
INFO - 2019-06-20 16:56:45 --> Helper loaded: form_helper
INFO - 2019-06-20 16:56:45 --> Helper loaded: html_helper
INFO - 2019-06-20 16:56:45 --> Helper loaded: rbac_helper
INFO - 2019-06-20 16:56:45 --> Helper loaded: layout_helper
INFO - 2019-06-20 16:56:45 --> Helper loaded: func_helper
INFO - 2019-06-20 16:56:45 --> Helper loaded: oraxe_helper
INFO - 2019-06-20 16:56:45 --> Database Driver Class Initialized
DEBUG - 2019-06-20 16:56:45 --> Session: "sess_save_path" is empty; using "session.save_path" value from php.ini.
INFO - 2019-06-20 16:56:45 --> Session: Class initialized using 'files' driver.
INFO - 2019-06-20 16:56:45 --> Controller Class Initialized
DEBUG - 2019-06-20 16:56:45 --> Session class already loaded. Second attempt ignored.
INFO - 2019-06-20 16:56:45 --> Form Validation Class Initialized
INFO - 2019-06-20 16:56:45 --> user_id=[lutfi]module=[onleave]method[query]
INFO - 2019-06-20 16:56:45 --> Final output sent to browser
DEBUG - 2019-06-20 16:56:45 --> Total execution time: 0.5108
INFO - 2019-06-20 16:56:48 --> Config Class Initialized
INFO - 2019-06-20 16:56:48 --> Hooks Class Initialized
DEBUG - 2019-06-20 16:56:48 --> UTF-8 Support Enabled
INFO - 2019-06-20 16:56:48 --> Utf8 Class Initialized
INFO - 2019-06-20 16:56:48 --> URI Class Initialized
INFO - 2019-06-20 16:56:48 --> Router Class Initialized
INFO - 2019-06-20 16:56:48 --> Output Class Initialized
INFO - 2019-06-20 16:56:48 --> Security Class Initialized
DEBUG - 2019-06-20 16:56:48 --> Global POST, GET and COOKIE data sanitized
INFO - 2019-06-20 16:56:48 --> Input Class Initialized
INFO - 2019-06-20 16:56:48 --> Language Class Initialized
INFO - 2019-06-20 16:56:48 --> Loader Class Initialized
INFO - 2019-06-20 16:56:48 --> Helper loaded: url_helper
INFO - 2019-06-20 16:56:48 --> Helper loaded: form_helper
INFO - 2019-06-20 16:56:48 --> Helper loaded: html_helper
INFO - 2019-06-20 16:56:48 --> Helper loaded: rbac_helper
INFO - 2019-06-20 16:56:48 --> Helper loaded: layout_helper
INFO - 2019-06-20 16:56:48 --> Helper loaded: func_helper
INFO - 2019-06-20 16:56:48 --> Helper loaded: oraxe_helper
INFO - 2019-06-20 16:56:48 --> Database Driver Class Initialized
DEBUG - 2019-06-20 16:56:48 --> Session: "sess_save_path" is empty; using "session.save_path" value from php.ini.
INFO - 2019-06-20 16:56:48 --> Session: Class initialized using 'files' driver.
INFO - 2019-06-20 16:56:48 --> Controller Class Initialized
DEBUG - 2019-06-20 16:56:48 --> Session class already loaded. Second attempt ignored.
INFO - 2019-06-20 16:56:48 --> Form Validation Class Initialized
INFO - 2019-06-20 16:56:48 --> user_id=[lutfi]module=[onleave]method[query]
INFO - 2019-06-20 16:56:48 --> Final output sent to browser
DEBUG - 2019-06-20 16:56:48 --> Total execution time: 0.1223
INFO - 2019-06-20 16:56:53 --> Config Class Initialized
INFO - 2019-06-20 16:56:53 --> Hooks Class Initialized
DEBUG - 2019-06-20 16:56:53 --> UTF-8 Support Enabled
INFO - 2019-06-20 16:56:53 --> Utf8 Class Initialized
INFO - 2019-06-20 16:56:53 --> URI Class Initialized
INFO - 2019-06-20 16:56:53 --> Router Class Initialized
INFO - 2019-06-20 16:56:53 --> Output Class Initialized
INFO - 2019-06-20 16:56:53 --> Security Class Initialized
DEBUG - 2019-06-20 16:56:53 --> Global POST, GET and COOKIE data sanitized
INFO - 2019-06-20 16:56:53 --> Input Class Initialized
INFO - 2019-06-20 16:56:53 --> Language Class Initialized
INFO - 2019-06-20 16:56:53 --> Loader Class Initialized
INFO - 2019-06-20 16:56:53 --> Helper loaded: url_helper
INFO - 2019-06-20 16:56:53 --> Helper loaded: form_helper
INFO - 2019-06-20 16:56:53 --> Helper loaded: html_helper
INFO - 2019-06-20 16:56:53 --> Helper loaded: rbac_helper
INFO - 2019-06-20 16:56:53 --> Helper loaded: layout_helper
INFO - 2019-06-20 16:56:53 --> Helper loaded: func_helper
INFO - 2019-06-20 16:56:53 --> Helper loaded: oraxe_helper
INFO - 2019-06-20 16:56:53 --> Database Driver Class Initialized
DEBUG - 2019-06-20 16:56:54 --> Session: "sess_save_path" is empty; using "session.save_path" value from php.ini.
INFO - 2019-06-20 16:56:54 --> Session: Class initialized using 'files' driver.
INFO - 2019-06-20 16:56:54 --> Controller Class Initialized
DEBUG - 2019-06-20 16:56:54 --> Session class already loaded. Second attempt ignored.
INFO - 2019-06-20 16:56:54 --> Form Validation Class Initialized
INFO - 2019-06-20 16:56:54 --> user_id=[lutfi]module=[company]method[get]
INFO - 2019-06-20 16:56:54 --> user_id=[lutfi]module=[structure]method[get]
INFO - 2019-06-20 16:56:54 --> user_id=[lutfi]module=[report]method[get]
INFO - 2019-06-20 16:56:54 --> user_id=[lutfi]module=[workhour]method[get]
INFO - 2019-06-20 16:56:54 --> user_id=[lutfi]module=[holiday]method[get]
INFO - 2019-06-20 16:56:54 --> user_id=[lutfi]module=[employees]method[get]
INFO - 2019-06-20 16:56:54 --> user_id=[lutfi]module=[timesheet]method[get]
INFO - 2019-06-20 16:56:54 --> user_id=[lutfi]module=[absent]method[get]
INFO - 2019-06-20 16:56:54 --> user_id=[lutfi]module=[onleave]method[get]
INFO - 2019-06-20 16:56:54 --> user_id=[lutfi]module=[overtime]method[get]
INFO - 2019-06-20 16:56:54 --> user_id=[lutfi]module=[schemas]method[get]
INFO - 2019-06-20 16:56:54 --> user_id=[lutfi]module=[adjustment]method[get]
INFO - 2019-06-20 16:56:54 --> user_id=[lutfi]module=[reimburse]method[get]
INFO - 2019-06-20 16:56:54 --> user_id=[lutfi]module=[wages]method[get]
INFO - 2019-06-20 16:56:54 --> user_id=[lutfi]module=[paydays]method[get]
INFO - 2019-06-20 16:56:54 --> File loaded: C:\MNEMONIC\OneDrive\Projects\Web\cyberhrm\application\views\timesheet.php
INFO - 2019-06-20 16:56:54 --> File loaded: C:\MNEMONIC\OneDrive\Projects\Web\cyberhrm\application\views\layouts/default.php
INFO - 2019-06-20 16:56:54 --> Final output sent to browser
DEBUG - 2019-06-20 16:56:54 --> Total execution time: 0.8464
INFO - 2019-06-20 16:56:56 --> Config Class Initialized
INFO - 2019-06-20 16:56:56 --> Hooks Class Initialized
DEBUG - 2019-06-20 16:56:56 --> UTF-8 Support Enabled
INFO - 2019-06-20 16:56:56 --> Utf8 Class Initialized
INFO - 2019-06-20 16:56:56 --> URI Class Initialized
INFO - 2019-06-20 16:56:56 --> Router Class Initialized
INFO - 2019-06-20 16:56:56 --> Output Class Initialized
INFO - 2019-06-20 16:56:56 --> Security Class Initialized
DEBUG - 2019-06-20 16:56:56 --> Global POST, GET and COOKIE data sanitized
INFO - 2019-06-20 16:56:56 --> Input Class Initialized
INFO - 2019-06-20 16:56:56 --> Language Class Initialized
INFO - 2019-06-20 16:56:56 --> Loader Class Initialized
INFO - 2019-06-20 16:56:56 --> Helper loaded: url_helper
INFO - 2019-06-20 16:56:56 --> Helper loaded: form_helper
INFO - 2019-06-20 16:56:56 --> Helper loaded: html_helper
INFO - 2019-06-20 16:56:56 --> Helper loaded: rbac_helper
INFO - 2019-06-20 16:56:56 --> Helper loaded: layout_helper
INFO - 2019-06-20 16:56:56 --> Helper loaded: func_helper
INFO - 2019-06-20 16:56:56 --> Helper loaded: oraxe_helper
INFO - 2019-06-20 16:56:56 --> Database Driver Class Initialized
DEBUG - 2019-06-20 16:56:56 --> Session: "sess_save_path" is empty; using "session.save_path" value from php.ini.
INFO - 2019-06-20 16:56:56 --> Session: Class initialized using 'files' driver.
INFO - 2019-06-20 16:56:56 --> Controller Class Initialized
DEBUG - 2019-06-20 16:56:56 --> Session class already loaded. Second attempt ignored.
INFO - 2019-06-20 16:56:56 --> Form Validation Class Initialized
INFO - 2019-06-20 16:56:56 --> user_id=[lutfi]module=[timesheet]method[query]
INFO - 2019-06-20 16:56:56 --> Final output sent to browser
DEBUG - 2019-06-20 16:56:56 --> Total execution time: 0.2709
INFO - 2019-06-20 16:57:00 --> Config Class Initialized
INFO - 2019-06-20 16:57:00 --> Hooks Class Initialized
DEBUG - 2019-06-20 16:57:00 --> UTF-8 Support Enabled
INFO - 2019-06-20 16:57:00 --> Utf8 Class Initialized
INFO - 2019-06-20 16:57:00 --> URI Class Initialized
INFO - 2019-06-20 16:57:01 --> Router Class Initialized
INFO - 2019-06-20 16:57:01 --> Output Class Initialized
INFO - 2019-06-20 16:57:01 --> Security Class Initialized
DEBUG - 2019-06-20 16:57:01 --> Global POST, GET and COOKIE data sanitized
INFO - 2019-06-20 16:57:01 --> Input Class Initialized
INFO - 2019-06-20 16:57:01 --> Language Class Initialized
INFO - 2019-06-20 16:57:01 --> Loader Class Initialized
INFO - 2019-06-20 16:57:01 --> Helper loaded: url_helper
INFO - 2019-06-20 16:57:01 --> Helper loaded: form_helper
INFO - 2019-06-20 16:57:01 --> Helper loaded: html_helper
INFO - 2019-06-20 16:57:01 --> Helper loaded: rbac_helper
INFO - 2019-06-20 16:57:01 --> Helper loaded: layout_helper
INFO - 2019-06-20 16:57:01 --> Helper loaded: func_helper
INFO - 2019-06-20 16:57:01 --> Helper loaded: oraxe_helper
INFO - 2019-06-20 16:57:01 --> Database Driver Class Initialized
DEBUG - 2019-06-20 16:57:01 --> Session: "sess_save_path" is empty; using "session.save_path" value from php.ini.
INFO - 2019-06-20 16:57:01 --> Session: Class initialized using 'files' driver.
INFO - 2019-06-20 16:57:01 --> Controller Class Initialized
DEBUG - 2019-06-20 16:57:01 --> Session class already loaded. Second attempt ignored.
INFO - 2019-06-20 16:57:01 --> Form Validation Class Initialized
INFO - 2019-06-20 16:57:01 --> user_id=[lutfi]module=[timesheet]method[query]
INFO - 2019-06-20 16:57:01 --> Final output sent to browser
DEBUG - 2019-06-20 16:57:01 --> Total execution time: 0.2966
INFO - 2019-06-20 16:57:05 --> Config Class Initialized
INFO - 2019-06-20 16:57:05 --> Hooks Class Initialized
DEBUG - 2019-06-20 16:57:05 --> UTF-8 Support Enabled
INFO - 2019-06-20 16:57:05 --> Utf8 Class Initialized
INFO - 2019-06-20 16:57:05 --> URI Class Initialized
INFO - 2019-06-20 16:57:05 --> Router Class Initialized
INFO - 2019-06-20 16:57:05 --> Output Class Initialized
INFO - 2019-06-20 16:57:05 --> Security Class Initialized
DEBUG - 2019-06-20 16:57:05 --> Global POST, GET and COOKIE data sanitized
INFO - 2019-06-20 16:57:05 --> Input Class Initialized
INFO - 2019-06-20 16:57:05 --> Language Class Initialized
INFO - 2019-06-20 16:57:05 --> Loader Class Initialized
INFO - 2019-06-20 16:57:05 --> Helper loaded: url_helper
INFO - 2019-06-20 16:57:05 --> Helper loaded: form_helper
INFO - 2019-06-20 16:57:05 --> Helper loaded: html_helper
INFO - 2019-06-20 16:57:05 --> Helper loaded: rbac_helper
INFO - 2019-06-20 16:57:05 --> Helper loaded: layout_helper
INFO - 2019-06-20 16:57:05 --> Helper loaded: func_helper
INFO - 2019-06-20 16:57:05 --> Helper loaded: oraxe_helper
INFO - 2019-06-20 16:57:05 --> Database Driver Class Initialized
DEBUG - 2019-06-20 16:57:05 --> Session: "sess_save_path" is empty; using "session.save_path" value from php.ini.
INFO - 2019-06-20 16:57:05 --> Session: Class initialized using 'files' driver.
INFO - 2019-06-20 16:57:05 --> Controller Class Initialized
DEBUG - 2019-06-20 16:57:05 --> Session class already loaded. Second attempt ignored.
INFO - 2019-06-20 16:57:05 --> Form Validation Class Initialized
INFO - 2019-06-20 16:57:05 --> user_id=[lutfi]module=[timesheet]method[query]
INFO - 2019-06-20 16:57:05 --> Final output sent to browser
DEBUG - 2019-06-20 16:57:05 --> Total execution time: 0.2804
INFO - 2019-06-20 16:57:08 --> Config Class Initialized
INFO - 2019-06-20 16:57:08 --> Hooks Class Initialized
DEBUG - 2019-06-20 16:57:08 --> UTF-8 Support Enabled
INFO - 2019-06-20 16:57:08 --> Utf8 Class Initialized
INFO - 2019-06-20 16:57:08 --> URI Class Initialized
INFO - 2019-06-20 16:57:08 --> Router Class Initialized
INFO - 2019-06-20 16:57:08 --> Output Class Initialized
INFO - 2019-06-20 16:57:08 --> Security Class Initialized
DEBUG - 2019-06-20 16:57:08 --> Global POST, GET and COOKIE data sanitized
INFO - 2019-06-20 16:57:08 --> Input Class Initialized
INFO - 2019-06-20 16:57:08 --> Language Class Initialized
INFO - 2019-06-20 16:57:08 --> Loader Class Initialized
INFO - 2019-06-20 16:57:08 --> Helper loaded: url_helper
INFO - 2019-06-20 16:57:08 --> Helper loaded: form_helper
INFO - 2019-06-20 16:57:08 --> Helper loaded: html_helper
INFO - 2019-06-20 16:57:08 --> Helper loaded: rbac_helper
INFO - 2019-06-20 16:57:08 --> Helper loaded: layout_helper
INFO - 2019-06-20 16:57:08 --> Helper loaded: func_helper
INFO - 2019-06-20 16:57:08 --> Helper loaded: oraxe_helper
INFO - 2019-06-20 16:57:08 --> Database Driver Class Initialized
DEBUG - 2019-06-20 16:57:08 --> Session: "sess_save_path" is empty; using "session.save_path" value from php.ini.
INFO - 2019-06-20 16:57:08 --> Session: Class initialized using 'files' driver.
INFO - 2019-06-20 16:57:08 --> Controller Class Initialized
DEBUG - 2019-06-20 16:57:08 --> Session class already loaded. Second attempt ignored.
INFO - 2019-06-20 16:57:08 --> Form Validation Class Initialized
INFO - 2019-06-20 16:57:08 --> user_id=[lutfi]module=[timesheet]method[query]
INFO - 2019-06-20 16:57:08 --> Final output sent to browser
DEBUG - 2019-06-20 16:57:08 --> Total execution time: 0.4484
INFO - 2019-06-20 16:57:11 --> Config Class Initialized
INFO - 2019-06-20 16:57:11 --> Hooks Class Initialized
DEBUG - 2019-06-20 16:57:11 --> UTF-8 Support Enabled
INFO - 2019-06-20 16:57:11 --> Utf8 Class Initialized
INFO - 2019-06-20 16:57:11 --> URI Class Initialized
INFO - 2019-06-20 16:57:12 --> Router Class Initialized
INFO - 2019-06-20 16:57:12 --> Output Class Initialized
INFO - 2019-06-20 16:57:12 --> Security Class Initialized
DEBUG - 2019-06-20 16:57:12 --> Global POST, GET and COOKIE data sanitized
INFO - 2019-06-20 16:57:12 --> Input Class Initialized
INFO - 2019-06-20 16:57:12 --> Language Class Initialized
INFO - 2019-06-20 16:57:12 --> Loader Class Initialized
INFO - 2019-06-20 16:57:12 --> Helper loaded: url_helper
INFO - 2019-06-20 16:57:12 --> Helper loaded: form_helper
INFO - 2019-06-20 16:57:12 --> Helper loaded: html_helper
INFO - 2019-06-20 16:57:12 --> Helper loaded: rbac_helper
INFO - 2019-06-20 16:57:12 --> Helper loaded: layout_helper
INFO - 2019-06-20 16:57:12 --> Helper loaded: func_helper
INFO - 2019-06-20 16:57:12 --> Helper loaded: oraxe_helper
INFO - 2019-06-20 16:57:12 --> Database Driver Class Initialized
DEBUG - 2019-06-20 16:57:12 --> Session: "sess_save_path" is empty; using "session.save_path" value from php.ini.
INFO - 2019-06-20 16:57:12 --> Session: Class initialized using 'files' driver.
INFO - 2019-06-20 16:57:12 --> Controller Class Initialized
DEBUG - 2019-06-20 16:57:12 --> Session class already loaded. Second attempt ignored.
INFO - 2019-06-20 16:57:12 --> Form Validation Class Initialized
INFO - 2019-06-20 16:57:12 --> user_id=[lutfi]module=[company]method[get]
INFO - 2019-06-20 16:57:12 --> user_id=[lutfi]module=[structure]method[get]
INFO - 2019-06-20 16:57:12 --> user_id=[lutfi]module=[report]method[get]
INFO - 2019-06-20 16:57:12 --> user_id=[lutfi]module=[workhour]method[get]
INFO - 2019-06-20 16:57:12 --> user_id=[lutfi]module=[holiday]method[get]
INFO - 2019-06-20 16:57:12 --> user_id=[lutfi]module=[employees]method[get]
INFO - 2019-06-20 16:57:12 --> user_id=[lutfi]module=[timesheet]method[get]
INFO - 2019-06-20 16:57:12 --> user_id=[lutfi]module=[absent]method[get]
INFO - 2019-06-20 16:57:12 --> user_id=[lutfi]module=[onleave]method[get]
INFO - 2019-06-20 16:57:12 --> user_id=[lutfi]module=[overtime]method[get]
INFO - 2019-06-20 16:57:12 --> user_id=[lutfi]module=[schemas]method[get]
INFO - 2019-06-20 16:57:12 --> user_id=[lutfi]module=[adjustment]method[get]
INFO - 2019-06-20 16:57:12 --> user_id=[lutfi]module=[reimburse]method[get]
INFO - 2019-06-20 16:57:12 --> user_id=[lutfi]module=[wages]method[get]
INFO - 2019-06-20 16:57:12 --> user_id=[lutfi]module=[paydays]method[get]
INFO - 2019-06-20 16:57:12 --> File loaded: C:\MNEMONIC\OneDrive\Projects\Web\cyberhrm\application\views\absent.php
INFO - 2019-06-20 16:57:12 --> File loaded: C:\MNEMONIC\OneDrive\Projects\Web\cyberhrm\application\views\layouts/default.php
INFO - 2019-06-20 16:57:12 --> Final output sent to browser
DEBUG - 2019-06-20 16:57:12 --> Total execution time: 0.4705
INFO - 2019-06-20 16:57:14 --> Config Class Initialized
INFO - 2019-06-20 16:57:14 --> Hooks Class Initialized
DEBUG - 2019-06-20 16:57:14 --> UTF-8 Support Enabled
INFO - 2019-06-20 16:57:14 --> Utf8 Class Initialized
INFO - 2019-06-20 16:57:14 --> URI Class Initialized
INFO - 2019-06-20 16:57:14 --> Router Class Initialized
INFO - 2019-06-20 16:57:14 --> Output Class Initialized
INFO - 2019-06-20 16:57:14 --> Config Class Initialized
INFO - 2019-06-20 16:57:14 --> Security Class Initialized
INFO - 2019-06-20 16:57:14 --> Hooks Class Initialized
DEBUG - 2019-06-20 16:57:14 --> Global POST, GET and COOKIE data sanitized
INFO - 2019-06-20 16:57:14 --> Input Class Initialized
INFO - 2019-06-20 16:57:14 --> Language Class Initialized
DEBUG - 2019-06-20 16:57:14 --> UTF-8 Support Enabled
INFO - 2019-06-20 16:57:14 --> Utf8 Class Initialized
INFO - 2019-06-20 16:57:14 --> URI Class Initialized
INFO - 2019-06-20 16:57:14 --> Loader Class Initialized
INFO - 2019-06-20 16:57:14 --> Helper loaded: url_helper
INFO - 2019-06-20 16:57:14 --> Helper loaded: form_helper
INFO - 2019-06-20 16:57:14 --> Helper loaded: html_helper
INFO - 2019-06-20 16:57:14 --> Helper loaded: rbac_helper
INFO - 2019-06-20 16:57:14 --> Helper loaded: layout_helper
INFO - 2019-06-20 16:57:14 --> Helper loaded: func_helper
INFO - 2019-06-20 16:57:14 --> Helper loaded: oraxe_helper
INFO - 2019-06-20 16:57:14 --> Router Class Initialized
INFO - 2019-06-20 16:57:14 --> Output Class Initialized
INFO - 2019-06-20 16:57:14 --> Security Class Initialized
INFO - 2019-06-20 16:57:14 --> Database Driver Class Initialized
DEBUG - 2019-06-20 16:57:14 --> Global POST, GET and COOKIE data sanitized
INFO - 2019-06-20 16:57:14 --> Input Class Initialized
INFO - 2019-06-20 16:57:14 --> Language Class Initialized
INFO - 2019-06-20 16:57:14 --> Loader Class Initialized
INFO - 2019-06-20 16:57:14 --> Helper loaded: url_helper
INFO - 2019-06-20 16:57:14 --> Helper loaded: form_helper
INFO - 2019-06-20 16:57:14 --> Helper loaded: html_helper
INFO - 2019-06-20 16:57:14 --> Helper loaded: rbac_helper
INFO - 2019-06-20 16:57:14 --> Helper loaded: layout_helper
INFO - 2019-06-20 16:57:14 --> Helper loaded: func_helper
INFO - 2019-06-20 16:57:14 --> Helper loaded: oraxe_helper
DEBUG - 2019-06-20 16:57:14 --> Session: "sess_save_path" is empty; using "session.save_path" value from php.ini.
INFO - 2019-06-20 16:57:14 --> Session: Class initialized using 'files' driver.
INFO - 2019-06-20 16:57:14 --> Controller Class Initialized
DEBUG - 2019-06-20 16:57:14 --> Session class already loaded. Second attempt ignored.
INFO - 2019-06-20 16:57:14 --> Form Validation Class Initialized
INFO - 2019-06-20 16:57:14 --> Database Driver Class Initialized
INFO - 2019-06-20 16:57:14 --> user_id=[lutfi]module=[absent]method[query]
DEBUG - 2019-06-20 16:57:14 --> Session: "sess_save_path" is empty; using "session.save_path" value from php.ini.
INFO - 2019-06-20 16:57:14 --> Final output sent to browser
DEBUG - 2019-06-20 16:57:14 --> Total execution time: 0.4543
INFO - 2019-06-20 16:57:14 --> Session: Class initialized using 'files' driver.
INFO - 2019-06-20 16:57:14 --> Controller Class Initialized
DEBUG - 2019-06-20 16:57:14 --> Session class already loaded. Second attempt ignored.
INFO - 2019-06-20 16:57:14 --> Form Validation Class Initialized
INFO - 2019-06-20 16:57:14 --> user_id=[lutfi]module=[x100c]method[search]
INFO - 2019-06-20 16:57:14 --> Final output sent to browser
DEBUG - 2019-06-20 16:57:14 --> Total execution time: 0.6241
INFO - 2019-06-20 16:57:19 --> Config Class Initialized
INFO - 2019-06-20 16:57:19 --> Config Class Initialized
INFO - 2019-06-20 16:57:19 --> Hooks Class Initialized
INFO - 2019-06-20 16:57:19 --> Hooks Class Initialized
DEBUG - 2019-06-20 16:57:19 --> UTF-8 Support Enabled
DEBUG - 2019-06-20 16:57:19 --> UTF-8 Support Enabled
INFO - 2019-06-20 16:57:19 --> Utf8 Class Initialized
INFO - 2019-06-20 16:57:19 --> Utf8 Class Initialized
INFO - 2019-06-20 16:57:19 --> URI Class Initialized
INFO - 2019-06-20 16:57:19 --> URI Class Initialized
INFO - 2019-06-20 16:57:19 --> Router Class Initialized
INFO - 2019-06-20 16:57:19 --> Router Class Initialized
INFO - 2019-06-20 16:57:19 --> Output Class Initialized
INFO - 2019-06-20 16:57:19 --> Output Class Initialized
INFO - 2019-06-20 16:57:19 --> Security Class Initialized
INFO - 2019-06-20 16:57:19 --> Security Class Initialized
DEBUG - 2019-06-20 16:57:19 --> Global POST, GET and COOKIE data sanitized
INFO - 2019-06-20 16:57:19 --> Input Class Initialized
DEBUG - 2019-06-20 16:57:19 --> Global POST, GET and COOKIE data sanitized
INFO - 2019-06-20 16:57:19 --> Input Class Initialized
INFO - 2019-06-20 16:57:19 --> Language Class Initialized
INFO - 2019-06-20 16:57:19 --> Language Class Initialized
INFO - 2019-06-20 16:57:19 --> Loader Class Initialized
INFO - 2019-06-20 16:57:19 --> Helper loaded: url_helper
INFO - 2019-06-20 16:57:19 --> Loader Class Initialized
INFO - 2019-06-20 16:57:19 --> Helper loaded: form_helper
INFO - 2019-06-20 16:57:19 --> Helper loaded: url_helper
INFO - 2019-06-20 16:57:19 --> Helper loaded: html_helper
INFO - 2019-06-20 16:57:19 --> Helper loaded: form_helper
INFO - 2019-06-20 16:57:19 --> Helper loaded: rbac_helper
INFO - 2019-06-20 16:57:19 --> Helper loaded: html_helper
INFO - 2019-06-20 16:57:19 --> Helper loaded: layout_helper
INFO - 2019-06-20 16:57:19 --> Helper loaded: rbac_helper
INFO - 2019-06-20 16:57:19 --> Helper loaded: func_helper
INFO - 2019-06-20 16:57:19 --> Helper loaded: layout_helper
INFO - 2019-06-20 16:57:19 --> Helper loaded: func_helper
INFO - 2019-06-20 16:57:19 --> Helper loaded: oraxe_helper
INFO - 2019-06-20 16:57:19 --> Helper loaded: oraxe_helper
INFO - 2019-06-20 16:57:19 --> Database Driver Class Initialized
INFO - 2019-06-20 16:57:19 --> Database Driver Class Initialized
DEBUG - 2019-06-20 16:57:20 --> Session: "sess_save_path" is empty; using "session.save_path" value from php.ini.
INFO - 2019-06-20 16:57:20 --> Session: Class initialized using 'files' driver.
INFO - 2019-06-20 16:57:20 --> Controller Class Initialized
DEBUG - 2019-06-20 16:57:20 --> Session class already loaded. Second attempt ignored.
INFO - 2019-06-20 16:57:20 --> Form Validation Class Initialized
INFO - 2019-06-20 16:57:20 --> user_id=[lutfi]module=[absent]method[query]
DEBUG - 2019-06-20 16:57:20 --> Session: "sess_save_path" is empty; using "session.save_path" value from php.ini.
INFO - 2019-06-20 16:57:20 --> Final output sent to browser
DEBUG - 2019-06-20 16:57:20 --> Total execution time: 0.3647
INFO - 2019-06-20 16:57:20 --> Session: Class initialized using 'files' driver.
INFO - 2019-06-20 16:57:20 --> Controller Class Initialized
DEBUG - 2019-06-20 16:57:20 --> Session class already loaded. Second attempt ignored.
INFO - 2019-06-20 16:57:20 --> Form Validation Class Initialized
INFO - 2019-06-20 16:57:20 --> user_id=[lutfi]module=[x100c]method[search]
INFO - 2019-06-20 16:57:20 --> Final output sent to browser
DEBUG - 2019-06-20 16:57:20 --> Total execution time: 0.5100
INFO - 2019-06-20 17:00:51 --> Config Class Initialized
INFO - 2019-06-20 17:00:51 --> Hooks Class Initialized
DEBUG - 2019-06-20 17:00:51 --> UTF-8 Support Enabled
INFO - 2019-06-20 17:00:51 --> Utf8 Class Initialized
INFO - 2019-06-20 17:00:51 --> URI Class Initialized
INFO - 2019-06-20 17:00:51 --> Router Class Initialized
INFO - 2019-06-20 17:00:51 --> Output Class Initialized
INFO - 2019-06-20 17:00:51 --> Security Class Initialized
DEBUG - 2019-06-20 17:00:51 --> Global POST, GET and COOKIE data sanitized
INFO - 2019-06-20 17:00:51 --> Input Class Initialized
INFO - 2019-06-20 17:00:51 --> Language Class Initialized
INFO - 2019-06-20 17:00:51 --> Loader Class Initialized
INFO - 2019-06-20 17:00:51 --> Helper loaded: url_helper
INFO - 2019-06-20 17:00:51 --> Helper loaded: form_helper
INFO - 2019-06-20 17:00:51 --> Helper loaded: html_helper
INFO - 2019-06-20 17:00:51 --> Helper loaded: rbac_helper
INFO - 2019-06-20 17:00:51 --> Helper loaded: layout_helper
INFO - 2019-06-20 17:00:51 --> Helper loaded: func_helper
INFO - 2019-06-20 17:00:51 --> Helper loaded: oraxe_helper
INFO - 2019-06-20 17:00:51 --> Database Driver Class Initialized
DEBUG - 2019-06-20 17:00:52 --> Session: "sess_save_path" is empty; using "session.save_path" value from php.ini.
INFO - 2019-06-20 17:00:52 --> Session: Class initialized using 'files' driver.
INFO - 2019-06-20 17:00:52 --> Controller Class Initialized
DEBUG - 2019-06-20 17:00:52 --> Session class already loaded. Second attempt ignored.
INFO - 2019-06-20 17:00:52 --> Form Validation Class Initialized
INFO - 2019-06-20 17:00:52 --> user_id=[lutfi]module=[company]method[get]
INFO - 2019-06-20 17:00:52 --> user_id=[lutfi]module=[structure]method[get]
INFO - 2019-06-20 17:00:52 --> user_id=[lutfi]module=[report]method[get]
INFO - 2019-06-20 17:00:52 --> user_id=[lutfi]module=[workhour]method[get]
INFO - 2019-06-20 17:00:52 --> user_id=[lutfi]module=[holiday]method[get]
INFO - 2019-06-20 17:00:52 --> user_id=[lutfi]module=[employees]method[get]
INFO - 2019-06-20 17:00:52 --> user_id=[lutfi]module=[timesheet]method[get]
INFO - 2019-06-20 17:00:52 --> user_id=[lutfi]module=[absent]method[get]
INFO - 2019-06-20 17:00:52 --> user_id=[lutfi]module=[onleave]method[get]
INFO - 2019-06-20 17:00:52 --> user_id=[lutfi]module=[overtime]method[get]
INFO - 2019-06-20 17:00:52 --> user_id=[lutfi]module=[schemas]method[get]
INFO - 2019-06-20 17:00:52 --> user_id=[lutfi]module=[adjustment]method[get]
INFO - 2019-06-20 17:00:52 --> user_id=[lutfi]module=[reimburse]method[get]
INFO - 2019-06-20 17:00:52 --> user_id=[lutfi]module=[wages]method[get]
INFO - 2019-06-20 17:00:52 --> user_id=[lutfi]module=[paydays]method[get]
INFO - 2019-06-20 17:00:52 --> File loaded: C:\MNEMONIC\OneDrive\Projects\Web\cyberhrm\application\views\schemas.php
INFO - 2019-06-20 17:00:52 --> File loaded: C:\MNEMONIC\OneDrive\Projects\Web\cyberhrm\application\views\layouts/default.php
INFO - 2019-06-20 17:00:52 --> Final output sent to browser
DEBUG - 2019-06-20 17:00:52 --> Total execution time: 0.5625
INFO - 2019-06-20 17:00:53 --> Config Class Initialized
INFO - 2019-06-20 17:00:53 --> Hooks Class Initialized
DEBUG - 2019-06-20 17:00:53 --> UTF-8 Support Enabled
INFO - 2019-06-20 17:00:53 --> Utf8 Class Initialized
INFO - 2019-06-20 17:00:53 --> URI Class Initialized
INFO - 2019-06-20 17:00:53 --> Router Class Initialized
INFO - 2019-06-20 17:00:53 --> Output Class Initialized
INFO - 2019-06-20 17:00:53 --> Security Class Initialized
DEBUG - 2019-06-20 17:00:53 --> Global POST, GET and COOKIE data sanitized
INFO - 2019-06-20 17:00:53 --> Input Class Initialized
INFO - 2019-06-20 17:00:53 --> Language Class Initialized
INFO - 2019-06-20 17:00:53 --> Loader Class Initialized
INFO - 2019-06-20 17:00:53 --> Helper loaded: url_helper
INFO - 2019-06-20 17:00:53 --> Helper loaded: form_helper
INFO - 2019-06-20 17:00:53 --> Helper loaded: html_helper
INFO - 2019-06-20 17:00:53 --> Helper loaded: rbac_helper
INFO - 2019-06-20 17:00:53 --> Helper loaded: layout_helper
INFO - 2019-06-20 17:00:53 --> Helper loaded: func_helper
INFO - 2019-06-20 17:00:53 --> Helper loaded: oraxe_helper
INFO - 2019-06-20 17:00:53 --> Database Driver Class Initialized
DEBUG - 2019-06-20 17:00:53 --> Session: "sess_save_path" is empty; using "session.save_path" value from php.ini.
INFO - 2019-06-20 17:00:53 --> Session: Class initialized using 'files' driver.
INFO - 2019-06-20 17:00:53 --> Controller Class Initialized
DEBUG - 2019-06-20 17:00:53 --> Session class already loaded. Second attempt ignored.
INFO - 2019-06-20 17:00:53 --> Form Validation Class Initialized
INFO - 2019-06-20 17:00:53 --> user_id=[lutfi]module=[schemas]method[query]
INFO - 2019-06-20 17:00:53 --> Final output sent to browser
DEBUG - 2019-06-20 17:00:53 --> Total execution time: 0.2724
