INFO - 2019-04-14 03:53:22 --> Config Class Initialized
INFO - 2019-04-14 03:53:22 --> Hooks Class Initialized
DEBUG - 2019-04-14 03:53:22 --> UTF-8 Support Enabled
INFO - 2019-04-14 03:53:22 --> Utf8 Class Initialized
INFO - 2019-04-14 03:53:22 --> URI Class Initialized
INFO - 2019-04-14 03:53:22 --> Router Class Initialized
INFO - 2019-04-14 03:53:22 --> Output Class Initialized
INFO - 2019-04-14 03:53:22 --> Security Class Initialized
DEBUG - 2019-04-14 03:53:22 --> Global POST, GET and COOKIE data sanitized
INFO - 2019-04-14 03:53:22 --> Input Class Initialized
INFO - 2019-04-14 03:53:22 --> Language Class Initialized
INFO - 2019-04-14 03:53:22 --> Loader Class Initialized
INFO - 2019-04-14 03:53:22 --> Helper loaded: url_helper
INFO - 2019-04-14 03:53:22 --> Helper loaded: form_helper
INFO - 2019-04-14 03:53:22 --> Helper loaded: html_helper
INFO - 2019-04-14 03:53:22 --> Helper loaded: rbac_helper
INFO - 2019-04-14 03:53:22 --> Helper loaded: layout_helper
INFO - 2019-04-14 03:53:22 --> Helper loaded: func_helper
INFO - 2019-04-14 03:53:22 --> Helper loaded: oraxe_helper
INFO - 2019-04-14 03:53:22 --> Database Driver Class Initialized
DEBUG - 2019-04-14 03:53:23 --> Session: "sess_save_path" is empty; using "session.save_path" value from php.ini.
INFO - 2019-04-14 03:53:23 --> Session: Class initialized using 'files' driver.
INFO - 2019-04-14 03:53:23 --> Controller Class Initialized
DEBUG - 2019-04-14 03:53:23 --> Session class already loaded. Second attempt ignored.
INFO - 2019-04-14 03:53:23 --> Form Validation Class Initialized
INFO - 2019-04-14 03:53:23 --> 1
INFO - 2019-04-14 03:53:23 --> Final output sent to browser
DEBUG - 2019-04-14 03:53:23 --> Total execution time: 1.1050
INFO - 2019-04-14 03:53:28 --> Config Class Initialized
INFO - 2019-04-14 03:53:28 --> Hooks Class Initialized
DEBUG - 2019-04-14 03:53:28 --> UTF-8 Support Enabled
INFO - 2019-04-14 03:53:28 --> Utf8 Class Initialized
INFO - 2019-04-14 03:53:28 --> URI Class Initialized
DEBUG - 2019-04-14 03:53:29 --> No URI present. Default controller set.
INFO - 2019-04-14 03:53:29 --> Router Class Initialized
INFO - 2019-04-14 03:53:29 --> Output Class Initialized
INFO - 2019-04-14 03:53:29 --> Security Class Initialized
DEBUG - 2019-04-14 03:53:29 --> Global POST, GET and COOKIE data sanitized
INFO - 2019-04-14 03:53:29 --> Input Class Initialized
INFO - 2019-04-14 03:53:29 --> Language Class Initialized
INFO - 2019-04-14 03:53:29 --> Loader Class Initialized
INFO - 2019-04-14 03:53:29 --> Helper loaded: url_helper
INFO - 2019-04-14 03:53:29 --> Helper loaded: form_helper
INFO - 2019-04-14 03:53:29 --> Helper loaded: html_helper
INFO - 2019-04-14 03:53:29 --> Helper loaded: rbac_helper
INFO - 2019-04-14 03:53:29 --> Helper loaded: layout_helper
INFO - 2019-04-14 03:53:29 --> Helper loaded: func_helper
INFO - 2019-04-14 03:53:29 --> Helper loaded: oraxe_helper
INFO - 2019-04-14 03:53:29 --> Database Driver Class Initialized
DEBUG - 2019-04-14 03:53:29 --> Session: "sess_save_path" is empty; using "session.save_path" value from php.ini.
INFO - 2019-04-14 03:53:29 --> Session: Class initialized using 'files' driver.
INFO - 2019-04-14 03:53:29 --> Controller Class Initialized
DEBUG - 2019-04-14 03:53:29 --> Session class already loaded. Second attempt ignored.
INFO - 2019-04-14 03:53:29 --> Form Validation Class Initialized
INFO - 2019-04-14 03:53:29 --> Config Class Initialized
INFO - 2019-04-14 03:53:29 --> Hooks Class Initialized
DEBUG - 2019-04-14 03:53:29 --> UTF-8 Support Enabled
INFO - 2019-04-14 03:53:29 --> Utf8 Class Initialized
INFO - 2019-04-14 03:53:29 --> URI Class Initialized
INFO - 2019-04-14 03:53:29 --> Router Class Initialized
INFO - 2019-04-14 03:53:29 --> Output Class Initialized
INFO - 2019-04-14 03:53:29 --> Security Class Initialized
DEBUG - 2019-04-14 03:53:29 --> Global POST, GET and COOKIE data sanitized
INFO - 2019-04-14 03:53:29 --> Input Class Initialized
INFO - 2019-04-14 03:53:29 --> Language Class Initialized
INFO - 2019-04-14 03:53:29 --> Loader Class Initialized
INFO - 2019-04-14 03:53:29 --> Helper loaded: url_helper
INFO - 2019-04-14 03:53:29 --> Helper loaded: form_helper
INFO - 2019-04-14 03:53:29 --> Helper loaded: html_helper
INFO - 2019-04-14 03:53:29 --> Helper loaded: rbac_helper
INFO - 2019-04-14 03:53:29 --> Helper loaded: layout_helper
INFO - 2019-04-14 03:53:29 --> Helper loaded: func_helper
INFO - 2019-04-14 03:53:29 --> Helper loaded: oraxe_helper
INFO - 2019-04-14 03:53:29 --> Database Driver Class Initialized
DEBUG - 2019-04-14 03:53:29 --> Session: "sess_save_path" is empty; using "session.save_path" value from php.ini.
INFO - 2019-04-14 03:53:29 --> Session: Class initialized using 'files' driver.
INFO - 2019-04-14 03:53:29 --> Controller Class Initialized
DEBUG - 2019-04-14 03:53:29 --> Session class already loaded. Second attempt ignored.
INFO - 2019-04-14 03:53:29 --> Form Validation Class Initialized
INFO - 2019-04-14 03:53:29 --> user_id=[lutfi]module=[company]method[get]
INFO - 2019-04-14 03:53:29 --> user_id=[lutfi]module=[structure]method[get]
INFO - 2019-04-14 03:53:29 --> user_id=[lutfi]module=[report]method[get]
INFO - 2019-04-14 03:53:29 --> user_id=[lutfi]module=[workhour]method[get]
INFO - 2019-04-14 03:53:29 --> user_id=[lutfi]module=[holiday]method[get]
INFO - 2019-04-14 03:53:29 --> user_id=[lutfi]module=[employees]method[get]
INFO - 2019-04-14 03:53:29 --> user_id=[lutfi]module=[timesheet]method[get]
INFO - 2019-04-14 03:53:29 --> user_id=[lutfi]module=[absent]method[get]
INFO - 2019-04-14 03:53:29 --> user_id=[lutfi]module=[onleave]method[get]
INFO - 2019-04-14 03:53:29 --> user_id=[lutfi]module=[overtime]method[get]
INFO - 2019-04-14 03:53:29 --> user_id=[lutfi]module=[schemas]method[get]
INFO - 2019-04-14 03:53:29 --> user_id=[lutfi]module=[adjustment]method[get]
INFO - 2019-04-14 03:53:29 --> user_id=[lutfi]module=[reimburse]method[get]
INFO - 2019-04-14 03:53:29 --> user_id=[lutfi]module=[wages]method[get]
INFO - 2019-04-14 03:53:29 --> user_id=[lutfi]module=[paydays]method[get]
INFO - 2019-04-14 03:53:29 --> File loaded: C:\MNEMONIC\OneDrive\Projects\Web\cyberhrm\application\views\dashboard.php
INFO - 2019-04-14 03:53:29 --> File loaded: C:\MNEMONIC\OneDrive\Projects\Web\cyberhrm\application\views\layouts/default.php
INFO - 2019-04-14 03:53:29 --> Final output sent to browser
DEBUG - 2019-04-14 03:53:29 --> Total execution time: 0.3394
INFO - 2019-04-14 03:53:31 --> Config Class Initialized
INFO - 2019-04-14 03:53:31 --> Hooks Class Initialized
INFO - 2019-04-14 03:53:31 --> Config Class Initialized
INFO - 2019-04-14 03:53:31 --> Hooks Class Initialized
DEBUG - 2019-04-14 03:53:31 --> UTF-8 Support Enabled
INFO - 2019-04-14 03:53:31 --> Utf8 Class Initialized
DEBUG - 2019-04-14 03:53:31 --> UTF-8 Support Enabled
INFO - 2019-04-14 03:53:31 --> Utf8 Class Initialized
INFO - 2019-04-14 03:53:31 --> URI Class Initialized
INFO - 2019-04-14 03:53:31 --> URI Class Initialized
INFO - 2019-04-14 03:53:31 --> Router Class Initialized
INFO - 2019-04-14 03:53:31 --> Router Class Initialized
INFO - 2019-04-14 03:53:31 --> Output Class Initialized
INFO - 2019-04-14 03:53:31 --> Output Class Initialized
INFO - 2019-04-14 03:53:31 --> Security Class Initialized
DEBUG - 2019-04-14 03:53:31 --> Global POST, GET and COOKIE data sanitized
INFO - 2019-04-14 03:53:31 --> Input Class Initialized
INFO - 2019-04-14 03:53:31 --> Security Class Initialized
INFO - 2019-04-14 03:53:31 --> Language Class Initialized
DEBUG - 2019-04-14 03:53:31 --> Global POST, GET and COOKIE data sanitized
INFO - 2019-04-14 03:53:31 --> Input Class Initialized
INFO - 2019-04-14 03:53:31 --> Loader Class Initialized
INFO - 2019-04-14 03:53:31 --> Language Class Initialized
INFO - 2019-04-14 03:53:31 --> Config Class Initialized
INFO - 2019-04-14 03:53:31 --> Hooks Class Initialized
INFO - 2019-04-14 03:53:31 --> Helper loaded: url_helper
INFO - 2019-04-14 03:53:31 --> Loader Class Initialized
DEBUG - 2019-04-14 03:53:31 --> UTF-8 Support Enabled
INFO - 2019-04-14 03:53:31 --> Utf8 Class Initialized
INFO - 2019-04-14 03:53:31 --> Helper loaded: form_helper
INFO - 2019-04-14 03:53:31 --> Helper loaded: url_helper
INFO - 2019-04-14 03:53:31 --> URI Class Initialized
INFO - 2019-04-14 03:53:31 --> Helper loaded: html_helper
INFO - 2019-04-14 03:53:31 --> Helper loaded: rbac_helper
INFO - 2019-04-14 03:53:31 --> Helper loaded: form_helper
INFO - 2019-04-14 03:53:31 --> Helper loaded: layout_helper
INFO - 2019-04-14 03:53:31 --> Router Class Initialized
INFO - 2019-04-14 03:53:31 --> Helper loaded: func_helper
INFO - 2019-04-14 03:53:31 --> Output Class Initialized
INFO - 2019-04-14 03:53:31 --> Config Class Initialized
INFO - 2019-04-14 03:53:31 --> Helper loaded: oraxe_helper
INFO - 2019-04-14 03:53:31 --> Helper loaded: html_helper
INFO - 2019-04-14 03:53:31 --> Security Class Initialized
INFO - 2019-04-14 03:53:31 --> Hooks Class Initialized
DEBUG - 2019-04-14 03:53:31 --> Global POST, GET and COOKIE data sanitized
INFO - 2019-04-14 03:53:31 --> Input Class Initialized
INFO - 2019-04-14 03:53:31 --> Helper loaded: rbac_helper
INFO - 2019-04-14 03:53:31 --> Helper loaded: layout_helper
INFO - 2019-04-14 03:53:31 --> Helper loaded: func_helper
INFO - 2019-04-14 03:53:31 --> Language Class Initialized
DEBUG - 2019-04-14 03:53:31 --> UTF-8 Support Enabled
INFO - 2019-04-14 03:53:31 --> Utf8 Class Initialized
INFO - 2019-04-14 03:53:31 --> URI Class Initialized
INFO - 2019-04-14 03:53:31 --> Database Driver Class Initialized
INFO - 2019-04-14 03:53:31 --> Loader Class Initialized
INFO - 2019-04-14 03:53:31 --> Router Class Initialized
INFO - 2019-04-14 03:53:31 --> Helper loaded: oraxe_helper
INFO - 2019-04-14 03:53:31 --> Helper loaded: url_helper
INFO - 2019-04-14 03:53:31 --> Output Class Initialized
INFO - 2019-04-14 03:53:31 --> Helper loaded: form_helper
INFO - 2019-04-14 03:53:31 --> Security Class Initialized
INFO - 2019-04-14 03:53:31 --> Helper loaded: html_helper
INFO - 2019-04-14 03:53:31 --> Helper loaded: rbac_helper
INFO - 2019-04-14 03:53:31 --> Helper loaded: layout_helper
INFO - 2019-04-14 03:53:31 --> Helper loaded: func_helper
INFO - 2019-04-14 03:53:31 --> Helper loaded: oraxe_helper
INFO - 2019-04-14 03:53:31 --> Database Driver Class Initialized
DEBUG - 2019-04-14 03:53:31 --> Global POST, GET and COOKIE data sanitized
INFO - 2019-04-14 03:53:31 --> Input Class Initialized
INFO - 2019-04-14 03:53:31 --> Database Driver Class Initialized
INFO - 2019-04-14 03:53:31 --> Language Class Initialized
INFO - 2019-04-14 03:53:31 --> Loader Class Initialized
INFO - 2019-04-14 03:53:31 --> Helper loaded: url_helper
INFO - 2019-04-14 03:53:31 --> Helper loaded: form_helper
INFO - 2019-04-14 03:53:31 --> Helper loaded: html_helper
INFO - 2019-04-14 03:53:31 --> Helper loaded: rbac_helper
INFO - 2019-04-14 03:53:31 --> Helper loaded: layout_helper
INFO - 2019-04-14 03:53:31 --> Helper loaded: func_helper
INFO - 2019-04-14 03:53:31 --> Helper loaded: oraxe_helper
DEBUG - 2019-04-14 03:53:31 --> Session: "sess_save_path" is empty; using "session.save_path" value from php.ini.
INFO - 2019-04-14 03:53:31 --> Session: Class initialized using 'files' driver.
INFO - 2019-04-14 03:53:31 --> Controller Class Initialized
DEBUG - 2019-04-14 03:53:31 --> Session class already loaded. Second attempt ignored.
INFO - 2019-04-14 03:53:31 --> Database Driver Class Initialized
INFO - 2019-04-14 03:53:31 --> Form Validation Class Initialized
DEBUG - 2019-04-14 03:53:32 --> Session: "sess_save_path" is empty; using "session.save_path" value from php.ini.
DEBUG - 2019-04-14 03:53:32 --> Session: "sess_save_path" is empty; using "session.save_path" value from php.ini.
INFO - 2019-04-14 03:53:32 --> Session: Class initialized using 'files' driver.
INFO - 2019-04-14 03:53:32 --> Controller Class Initialized
DEBUG - 2019-04-14 03:53:32 --> Session class already loaded. Second attempt ignored.
INFO - 2019-04-14 03:53:32 --> Form Validation Class Initialized
INFO - 2019-04-14 03:53:32 --> Session: Class initialized using 'files' driver.
INFO - 2019-04-14 03:53:32 --> Controller Class Initialized
DEBUG - 2019-04-14 03:53:32 --> Session class already loaded. Second attempt ignored.
DEBUG - 2019-04-14 03:53:32 --> Session: "sess_save_path" is empty; using "session.save_path" value from php.ini.
INFO - 2019-04-14 03:53:32 --> Form Validation Class Initialized
INFO - 2019-04-14 03:53:32 --> Session: Class initialized using 'files' driver.
INFO - 2019-04-14 03:53:32 --> Controller Class Initialized
DEBUG - 2019-04-14 03:53:32 --> Session class already loaded. Second attempt ignored.
INFO - 2019-04-14 03:53:32 --> Form Validation Class Initialized
INFO - 2019-04-14 03:53:33 --> Config Class Initialized
INFO - 2019-04-14 03:53:33 --> Hooks Class Initialized
DEBUG - 2019-04-14 03:53:33 --> UTF-8 Support Enabled
INFO - 2019-04-14 03:53:33 --> Utf8 Class Initialized
INFO - 2019-04-14 03:53:33 --> URI Class Initialized
INFO - 2019-04-14 03:53:33 --> Router Class Initialized
INFO - 2019-04-14 03:53:33 --> Output Class Initialized
INFO - 2019-04-14 03:53:33 --> Security Class Initialized
DEBUG - 2019-04-14 03:53:33 --> Global POST, GET and COOKIE data sanitized
INFO - 2019-04-14 03:53:33 --> Input Class Initialized
INFO - 2019-04-14 03:53:33 --> Language Class Initialized
INFO - 2019-04-14 03:53:33 --> Loader Class Initialized
INFO - 2019-04-14 03:53:33 --> Helper loaded: url_helper
INFO - 2019-04-14 03:53:33 --> Helper loaded: form_helper
INFO - 2019-04-14 03:53:33 --> Helper loaded: html_helper
INFO - 2019-04-14 03:53:33 --> Helper loaded: rbac_helper
INFO - 2019-04-14 03:53:33 --> Helper loaded: layout_helper
INFO - 2019-04-14 03:53:33 --> Helper loaded: func_helper
INFO - 2019-04-14 03:53:33 --> Helper loaded: oraxe_helper
INFO - 2019-04-14 03:53:33 --> Database Driver Class Initialized
DEBUG - 2019-04-14 03:53:33 --> Session: "sess_save_path" is empty; using "session.save_path" value from php.ini.
INFO - 2019-04-14 03:53:33 --> Session: Class initialized using 'files' driver.
INFO - 2019-04-14 03:53:33 --> Controller Class Initialized
DEBUG - 2019-04-14 03:53:33 --> Session class already loaded. Second attempt ignored.
INFO - 2019-04-14 03:53:33 --> Form Validation Class Initialized
INFO - 2019-04-14 03:53:33 --> user_id=[lutfi]module=[company]method[get]
INFO - 2019-04-14 03:53:33 --> user_id=[lutfi]module=[structure]method[get]
INFO - 2019-04-14 03:53:33 --> user_id=[lutfi]module=[report]method[get]
INFO - 2019-04-14 03:53:33 --> user_id=[lutfi]module=[workhour]method[get]
INFO - 2019-04-14 03:53:33 --> user_id=[lutfi]module=[holiday]method[get]
INFO - 2019-04-14 03:53:33 --> user_id=[lutfi]module=[employees]method[get]
INFO - 2019-04-14 03:53:33 --> user_id=[lutfi]module=[timesheet]method[get]
INFO - 2019-04-14 03:53:33 --> user_id=[lutfi]module=[absent]method[get]
INFO - 2019-04-14 03:53:33 --> user_id=[lutfi]module=[onleave]method[get]
INFO - 2019-04-14 03:53:33 --> user_id=[lutfi]module=[overtime]method[get]
INFO - 2019-04-14 03:53:33 --> user_id=[lutfi]module=[schemas]method[get]
INFO - 2019-04-14 03:53:33 --> user_id=[lutfi]module=[adjustment]method[get]
INFO - 2019-04-14 03:53:33 --> user_id=[lutfi]module=[reimburse]method[get]
INFO - 2019-04-14 03:53:33 --> user_id=[lutfi]module=[wages]method[get]
INFO - 2019-04-14 03:53:33 --> user_id=[lutfi]module=[paydays]method[get]
INFO - 2019-04-14 03:53:33 --> File loaded: C:\MNEMONIC\OneDrive\Projects\Web\cyberhrm\application\views\structure.php
INFO - 2019-04-14 03:53:33 --> File loaded: C:\MNEMONIC\OneDrive\Projects\Web\cyberhrm\application\views\layouts/default.php
INFO - 2019-04-14 03:53:33 --> Final output sent to browser
DEBUG - 2019-04-14 03:53:33 --> Total execution time: 0.6405
INFO - 2019-04-14 03:53:35 --> Config Class Initialized
INFO - 2019-04-14 03:53:35 --> Hooks Class Initialized
DEBUG - 2019-04-14 03:53:35 --> UTF-8 Support Enabled
INFO - 2019-04-14 03:53:35 --> Utf8 Class Initialized
INFO - 2019-04-14 03:53:35 --> URI Class Initialized
INFO - 2019-04-14 03:53:35 --> Router Class Initialized
INFO - 2019-04-14 03:53:35 --> Output Class Initialized
INFO - 2019-04-14 03:53:35 --> Security Class Initialized
DEBUG - 2019-04-14 03:53:35 --> Global POST, GET and COOKIE data sanitized
INFO - 2019-04-14 03:53:35 --> Input Class Initialized
INFO - 2019-04-14 03:53:35 --> Language Class Initialized
INFO - 2019-04-14 03:53:35 --> Config Class Initialized
INFO - 2019-04-14 03:53:35 --> Hooks Class Initialized
DEBUG - 2019-04-14 03:53:35 --> UTF-8 Support Enabled
INFO - 2019-04-14 03:53:35 --> Loader Class Initialized
INFO - 2019-04-14 03:53:35 --> Utf8 Class Initialized
INFO - 2019-04-14 03:53:35 --> URI Class Initialized
INFO - 2019-04-14 03:53:35 --> Helper loaded: url_helper
INFO - 2019-04-14 03:53:35 --> Helper loaded: form_helper
INFO - 2019-04-14 03:53:35 --> Router Class Initialized
INFO - 2019-04-14 03:53:35 --> Helper loaded: html_helper
INFO - 2019-04-14 03:53:35 --> Output Class Initialized
INFO - 2019-04-14 03:53:35 --> Helper loaded: rbac_helper
INFO - 2019-04-14 03:53:35 --> Helper loaded: layout_helper
INFO - 2019-04-14 03:53:35 --> Helper loaded: func_helper
INFO - 2019-04-14 03:53:35 --> Security Class Initialized
DEBUG - 2019-04-14 03:53:35 --> Global POST, GET and COOKIE data sanitized
INFO - 2019-04-14 03:53:35 --> Helper loaded: oraxe_helper
INFO - 2019-04-14 03:53:35 --> Input Class Initialized
INFO - 2019-04-14 03:53:35 --> Config Class Initialized
INFO - 2019-04-14 03:53:35 --> Hooks Class Initialized
INFO - 2019-04-14 03:53:35 --> Language Class Initialized
DEBUG - 2019-04-14 03:53:35 --> UTF-8 Support Enabled
INFO - 2019-04-14 03:53:35 --> Utf8 Class Initialized
INFO - 2019-04-14 03:53:35 --> Database Driver Class Initialized
INFO - 2019-04-14 03:53:35 --> URI Class Initialized
INFO - 2019-04-14 03:53:35 --> Router Class Initialized
INFO - 2019-04-14 03:53:35 --> Loader Class Initialized
INFO - 2019-04-14 03:53:35 --> Output Class Initialized
INFO - 2019-04-14 03:53:35 --> Security Class Initialized
INFO - 2019-04-14 03:53:35 --> Helper loaded: url_helper
DEBUG - 2019-04-14 03:53:35 --> Global POST, GET and COOKIE data sanitized
INFO - 2019-04-14 03:53:35 --> Input Class Initialized
INFO - 2019-04-14 03:53:35 --> Helper loaded: form_helper
INFO - 2019-04-14 03:53:35 --> Language Class Initialized
INFO - 2019-04-14 03:53:35 --> Helper loaded: html_helper
INFO - 2019-04-14 03:53:35 --> Helper loaded: rbac_helper
INFO - 2019-04-14 03:53:35 --> Helper loaded: layout_helper
INFO - 2019-04-14 03:53:35 --> Helper loaded: func_helper
INFO - 2019-04-14 03:53:35 --> Helper loaded: oraxe_helper
DEBUG - 2019-04-14 03:53:35 --> Session: "sess_save_path" is empty; using "session.save_path" value from php.ini.
INFO - 2019-04-14 03:53:35 --> Loader Class Initialized
INFO - 2019-04-14 03:53:35 --> Session: Class initialized using 'files' driver.
INFO - 2019-04-14 03:53:35 --> Controller Class Initialized
INFO - 2019-04-14 03:53:35 --> Database Driver Class Initialized
DEBUG - 2019-04-14 03:53:35 --> Session class already loaded. Second attempt ignored.
INFO - 2019-04-14 03:53:35 --> Helper loaded: url_helper
INFO - 2019-04-14 03:53:35 --> Helper loaded: form_helper
INFO - 2019-04-14 03:53:35 --> Form Validation Class Initialized
INFO - 2019-04-14 03:53:35 --> Helper loaded: html_helper
INFO - 2019-04-14 03:53:35 --> user_id=[lutfi]module=[department]method[query]
INFO - 2019-04-14 03:53:35 --> Helper loaded: rbac_helper
INFO - 2019-04-14 03:53:35 --> Helper loaded: layout_helper
INFO - 2019-04-14 03:53:35 --> Final output sent to browser
DEBUG - 2019-04-14 03:53:35 --> Total execution time: 0.2373
INFO - 2019-04-14 03:53:35 --> Helper loaded: func_helper
INFO - 2019-04-14 03:53:35 --> Helper loaded: oraxe_helper
INFO - 2019-04-14 03:53:35 --> Database Driver Class Initialized
DEBUG - 2019-04-14 03:53:35 --> Session: "sess_save_path" is empty; using "session.save_path" value from php.ini.
INFO - 2019-04-14 03:53:35 --> Session: Class initialized using 'files' driver.
INFO - 2019-04-14 03:53:35 --> Controller Class Initialized
DEBUG - 2019-04-14 03:53:35 --> Session class already loaded. Second attempt ignored.
INFO - 2019-04-14 03:53:35 --> Form Validation Class Initialized
INFO - 2019-04-14 03:53:35 --> user_id=[lutfi]module=[grade]method[query]
INFO - 2019-04-14 03:53:35 --> Final output sent to browser
DEBUG - 2019-04-14 03:53:35 --> Total execution time: 0.2403
DEBUG - 2019-04-14 03:53:35 --> Session: "sess_save_path" is empty; using "session.save_path" value from php.ini.
INFO - 2019-04-14 03:53:35 --> Session: Class initialized using 'files' driver.
INFO - 2019-04-14 03:53:35 --> Controller Class Initialized
DEBUG - 2019-04-14 03:53:35 --> Session class already loaded. Second attempt ignored.
INFO - 2019-04-14 03:53:35 --> Form Validation Class Initialized
INFO - 2019-04-14 03:53:35 --> user_id=[lutfi]module=[job]method[query]
INFO - 2019-04-14 03:53:35 --> Final output sent to browser
DEBUG - 2019-04-14 03:53:35 --> Total execution time: 0.2250
INFO - 2019-04-14 03:58:48 --> Config Class Initialized
INFO - 2019-04-14 03:58:48 --> Hooks Class Initialized
DEBUG - 2019-04-14 03:58:48 --> UTF-8 Support Enabled
INFO - 2019-04-14 03:58:48 --> Utf8 Class Initialized
INFO - 2019-04-14 03:58:48 --> URI Class Initialized
INFO - 2019-04-14 03:58:48 --> Router Class Initialized
INFO - 2019-04-14 03:58:48 --> Output Class Initialized
INFO - 2019-04-14 03:58:48 --> Security Class Initialized
DEBUG - 2019-04-14 03:58:48 --> Global POST, GET and COOKIE data sanitized
INFO - 2019-04-14 03:58:48 --> Input Class Initialized
INFO - 2019-04-14 03:58:48 --> Language Class Initialized
INFO - 2019-04-14 03:58:48 --> Loader Class Initialized
INFO - 2019-04-14 03:58:48 --> Helper loaded: url_helper
INFO - 2019-04-14 03:58:48 --> Helper loaded: form_helper
INFO - 2019-04-14 03:58:48 --> Helper loaded: html_helper
INFO - 2019-04-14 03:58:48 --> Helper loaded: rbac_helper
INFO - 2019-04-14 03:58:48 --> Helper loaded: layout_helper
INFO - 2019-04-14 03:58:48 --> Helper loaded: func_helper
INFO - 2019-04-14 03:58:48 --> Helper loaded: oraxe_helper
INFO - 2019-04-14 03:58:48 --> Database Driver Class Initialized
DEBUG - 2019-04-14 03:58:48 --> Session: "sess_save_path" is empty; using "session.save_path" value from php.ini.
INFO - 2019-04-14 03:58:48 --> Session: Class initialized using 'files' driver.
INFO - 2019-04-14 03:58:48 --> Controller Class Initialized
DEBUG - 2019-04-14 03:58:48 --> Session class already loaded. Second attempt ignored.
INFO - 2019-04-14 03:58:49 --> Form Validation Class Initialized
INFO - 2019-04-14 03:58:49 --> user_id=[lutfi]module=[company]method[get]
INFO - 2019-04-14 03:58:49 --> user_id=[lutfi]module=[structure]method[get]
INFO - 2019-04-14 03:58:49 --> user_id=[lutfi]module=[report]method[get]
INFO - 2019-04-14 03:58:49 --> user_id=[lutfi]module=[workhour]method[get]
INFO - 2019-04-14 03:58:49 --> user_id=[lutfi]module=[holiday]method[get]
INFO - 2019-04-14 03:58:49 --> user_id=[lutfi]module=[employees]method[get]
INFO - 2019-04-14 03:58:49 --> user_id=[lutfi]module=[timesheet]method[get]
INFO - 2019-04-14 03:58:49 --> user_id=[lutfi]module=[absent]method[get]
INFO - 2019-04-14 03:58:49 --> user_id=[lutfi]module=[onleave]method[get]
INFO - 2019-04-14 03:58:49 --> user_id=[lutfi]module=[overtime]method[get]
INFO - 2019-04-14 03:58:49 --> user_id=[lutfi]module=[schemas]method[get]
INFO - 2019-04-14 03:58:49 --> user_id=[lutfi]module=[adjustment]method[get]
INFO - 2019-04-14 03:58:49 --> user_id=[lutfi]module=[reimburse]method[get]
INFO - 2019-04-14 03:58:49 --> user_id=[lutfi]module=[wages]method[get]
INFO - 2019-04-14 03:58:49 --> user_id=[lutfi]module=[paydays]method[get]
INFO - 2019-04-14 03:58:49 --> File loaded: C:\MNEMONIC\OneDrive\Projects\Web\cyberhrm\application\views\schemas.php
INFO - 2019-04-14 03:58:49 --> File loaded: C:\MNEMONIC\OneDrive\Projects\Web\cyberhrm\application\views\layouts/default.php
INFO - 2019-04-14 03:58:49 --> Final output sent to browser
DEBUG - 2019-04-14 03:58:49 --> Total execution time: 0.9612
INFO - 2019-04-14 03:58:50 --> Config Class Initialized
INFO - 2019-04-14 03:58:50 --> Hooks Class Initialized
DEBUG - 2019-04-14 03:58:50 --> UTF-8 Support Enabled
INFO - 2019-04-14 03:58:50 --> Utf8 Class Initialized
INFO - 2019-04-14 03:58:50 --> URI Class Initialized
INFO - 2019-04-14 03:58:50 --> Router Class Initialized
INFO - 2019-04-14 03:58:50 --> Output Class Initialized
INFO - 2019-04-14 03:58:50 --> Security Class Initialized
DEBUG - 2019-04-14 03:58:50 --> Global POST, GET and COOKIE data sanitized
INFO - 2019-04-14 03:58:50 --> Input Class Initialized
INFO - 2019-04-14 03:58:50 --> Language Class Initialized
INFO - 2019-04-14 03:58:50 --> Loader Class Initialized
INFO - 2019-04-14 03:58:50 --> Helper loaded: url_helper
INFO - 2019-04-14 03:58:50 --> Helper loaded: form_helper
INFO - 2019-04-14 03:58:50 --> Helper loaded: html_helper
INFO - 2019-04-14 03:58:50 --> Helper loaded: rbac_helper
INFO - 2019-04-14 03:58:50 --> Helper loaded: layout_helper
INFO - 2019-04-14 03:58:50 --> Helper loaded: func_helper
INFO - 2019-04-14 03:58:50 --> Helper loaded: oraxe_helper
INFO - 2019-04-14 03:58:50 --> Database Driver Class Initialized
DEBUG - 2019-04-14 03:58:50 --> Session: "sess_save_path" is empty; using "session.save_path" value from php.ini.
INFO - 2019-04-14 03:58:50 --> Session: Class initialized using 'files' driver.
INFO - 2019-04-14 03:58:50 --> Controller Class Initialized
DEBUG - 2019-04-14 03:58:50 --> Session class already loaded. Second attempt ignored.
INFO - 2019-04-14 03:58:50 --> Form Validation Class Initialized
INFO - 2019-04-14 03:58:50 --> user_id=[lutfi]module=[schemas]method[query]
INFO - 2019-04-14 03:58:50 --> Final output sent to browser
DEBUG - 2019-04-14 03:58:50 --> Total execution time: 0.2643
INFO - 2019-04-14 03:58:52 --> Config Class Initialized
INFO - 2019-04-14 03:58:52 --> Hooks Class Initialized
DEBUG - 2019-04-14 03:58:52 --> UTF-8 Support Enabled
INFO - 2019-04-14 03:58:52 --> Utf8 Class Initialized
INFO - 2019-04-14 03:58:52 --> URI Class Initialized
INFO - 2019-04-14 03:58:52 --> Router Class Initialized
INFO - 2019-04-14 03:58:52 --> Output Class Initialized
INFO - 2019-04-14 03:58:52 --> Security Class Initialized
DEBUG - 2019-04-14 03:58:52 --> Global POST, GET and COOKIE data sanitized
INFO - 2019-04-14 03:58:52 --> Input Class Initialized
INFO - 2019-04-14 03:58:52 --> Language Class Initialized
INFO - 2019-04-14 03:58:52 --> Loader Class Initialized
INFO - 2019-04-14 03:58:52 --> Helper loaded: url_helper
INFO - 2019-04-14 03:58:52 --> Helper loaded: form_helper
INFO - 2019-04-14 03:58:52 --> Helper loaded: html_helper
INFO - 2019-04-14 03:58:52 --> Helper loaded: rbac_helper
INFO - 2019-04-14 03:58:52 --> Helper loaded: layout_helper
INFO - 2019-04-14 03:58:52 --> Helper loaded: func_helper
INFO - 2019-04-14 03:58:52 --> Helper loaded: oraxe_helper
INFO - 2019-04-14 03:58:52 --> Database Driver Class Initialized
DEBUG - 2019-04-14 03:58:52 --> Session: "sess_save_path" is empty; using "session.save_path" value from php.ini.
INFO - 2019-04-14 03:58:52 --> Session: Class initialized using 'files' driver.
INFO - 2019-04-14 03:58:52 --> Controller Class Initialized
DEBUG - 2019-04-14 03:58:52 --> Session class already loaded. Second attempt ignored.
INFO - 2019-04-14 03:58:52 --> Form Validation Class Initialized
INFO - 2019-04-14 03:58:52 --> user_id=[lutfi]module=[company]method[get]
INFO - 2019-04-14 03:58:52 --> user_id=[lutfi]module=[structure]method[get]
INFO - 2019-04-14 03:58:52 --> user_id=[lutfi]module=[report]method[get]
INFO - 2019-04-14 03:58:52 --> user_id=[lutfi]module=[workhour]method[get]
INFO - 2019-04-14 03:58:52 --> user_id=[lutfi]module=[holiday]method[get]
INFO - 2019-04-14 03:58:52 --> user_id=[lutfi]module=[employees]method[get]
INFO - 2019-04-14 03:58:52 --> user_id=[lutfi]module=[timesheet]method[get]
INFO - 2019-04-14 03:58:52 --> user_id=[lutfi]module=[absent]method[get]
INFO - 2019-04-14 03:58:52 --> user_id=[lutfi]module=[onleave]method[get]
INFO - 2019-04-14 03:58:53 --> user_id=[lutfi]module=[overtime]method[get]
INFO - 2019-04-14 03:58:53 --> user_id=[lutfi]module=[schemas]method[get]
INFO - 2019-04-14 03:58:53 --> user_id=[lutfi]module=[adjustment]method[get]
INFO - 2019-04-14 03:58:53 --> user_id=[lutfi]module=[reimburse]method[get]
INFO - 2019-04-14 03:58:53 --> user_id=[lutfi]module=[wages]method[get]
INFO - 2019-04-14 03:58:53 --> user_id=[lutfi]module=[paydays]method[get]
INFO - 2019-04-14 03:58:53 --> File loaded: C:\MNEMONIC\OneDrive\Projects\Web\cyberhrm\application\views\workhour.php
INFO - 2019-04-14 03:58:53 --> File loaded: C:\MNEMONIC\OneDrive\Projects\Web\cyberhrm\application\views\layouts/default.php
INFO - 2019-04-14 03:58:53 --> Final output sent to browser
DEBUG - 2019-04-14 03:58:53 --> Total execution time: 0.2482
INFO - 2019-04-14 03:58:53 --> Config Class Initialized
INFO - 2019-04-14 03:58:53 --> Hooks Class Initialized
DEBUG - 2019-04-14 03:58:53 --> UTF-8 Support Enabled
INFO - 2019-04-14 03:58:53 --> Utf8 Class Initialized
INFO - 2019-04-14 03:58:53 --> URI Class Initialized
INFO - 2019-04-14 03:58:53 --> Router Class Initialized
INFO - 2019-04-14 03:58:53 --> Output Class Initialized
INFO - 2019-04-14 03:58:53 --> Security Class Initialized
INFO - 2019-04-14 03:58:53 --> Config Class Initialized
INFO - 2019-04-14 03:58:53 --> Hooks Class Initialized
DEBUG - 2019-04-14 03:58:53 --> Global POST, GET and COOKIE data sanitized
INFO - 2019-04-14 03:58:53 --> Input Class Initialized
DEBUG - 2019-04-14 03:58:53 --> UTF-8 Support Enabled
INFO - 2019-04-14 03:58:53 --> Language Class Initialized
INFO - 2019-04-14 03:58:53 --> Utf8 Class Initialized
INFO - 2019-04-14 03:58:53 --> URI Class Initialized
INFO - 2019-04-14 03:58:53 --> Router Class Initialized
INFO - 2019-04-14 03:58:54 --> Output Class Initialized
INFO - 2019-04-14 03:58:54 --> Security Class Initialized
DEBUG - 2019-04-14 03:58:54 --> Global POST, GET and COOKIE data sanitized
INFO - 2019-04-14 03:58:54 --> Input Class Initialized
INFO - 2019-04-14 03:58:54 --> Language Class Initialized
INFO - 2019-04-14 03:58:54 --> Config Class Initialized
INFO - 2019-04-14 03:58:54 --> Hooks Class Initialized
DEBUG - 2019-04-14 03:58:54 --> UTF-8 Support Enabled
INFO - 2019-04-14 03:58:54 --> Utf8 Class Initialized
INFO - 2019-04-14 03:58:54 --> URI Class Initialized
INFO - 2019-04-14 03:58:54 --> Router Class Initialized
INFO - 2019-04-14 03:58:54 --> Output Class Initialized
INFO - 2019-04-14 03:58:54 --> Security Class Initialized
DEBUG - 2019-04-14 03:58:54 --> Global POST, GET and COOKIE data sanitized
INFO - 2019-04-14 03:58:54 --> Input Class Initialized
INFO - 2019-04-14 03:58:54 --> Language Class Initialized
INFO - 2019-04-14 03:58:54 --> Loader Class Initialized
INFO - 2019-04-14 03:58:54 --> Helper loaded: url_helper
INFO - 2019-04-14 03:58:54 --> Loader Class Initialized
INFO - 2019-04-14 03:58:54 --> Loader Class Initialized
INFO - 2019-04-14 03:58:54 --> Helper loaded: form_helper
INFO - 2019-04-14 03:58:54 --> Helper loaded: url_helper
INFO - 2019-04-14 03:58:54 --> Helper loaded: url_helper
INFO - 2019-04-14 03:58:54 --> Helper loaded: html_helper
INFO - 2019-04-14 03:58:54 --> Helper loaded: rbac_helper
INFO - 2019-04-14 03:58:54 --> Helper loaded: form_helper
INFO - 2019-04-14 03:58:54 --> Helper loaded: form_helper
INFO - 2019-04-14 03:58:54 --> Helper loaded: layout_helper
INFO - 2019-04-14 03:58:54 --> Helper loaded: html_helper
INFO - 2019-04-14 03:58:54 --> Helper loaded: html_helper
INFO - 2019-04-14 03:58:54 --> Helper loaded: func_helper
INFO - 2019-04-14 03:58:54 --> Helper loaded: rbac_helper
INFO - 2019-04-14 03:58:54 --> Helper loaded: rbac_helper
INFO - 2019-04-14 03:58:54 --> Helper loaded: layout_helper
INFO - 2019-04-14 03:58:54 --> Helper loaded: layout_helper
INFO - 2019-04-14 03:58:54 --> Helper loaded: oraxe_helper
INFO - 2019-04-14 03:58:54 --> Helper loaded: func_helper
INFO - 2019-04-14 03:58:54 --> Helper loaded: func_helper
INFO - 2019-04-14 03:58:54 --> Helper loaded: oraxe_helper
INFO - 2019-04-14 03:58:54 --> Helper loaded: oraxe_helper
INFO - 2019-04-14 03:58:54 --> Database Driver Class Initialized
INFO - 2019-04-14 03:58:54 --> Database Driver Class Initialized
INFO - 2019-04-14 03:58:54 --> Database Driver Class Initialized
DEBUG - 2019-04-14 03:58:54 --> Session: "sess_save_path" is empty; using "session.save_path" value from php.ini.
INFO - 2019-04-14 03:58:54 --> Session: Class initialized using 'files' driver.
INFO - 2019-04-14 03:58:54 --> Controller Class Initialized
DEBUG - 2019-04-14 03:58:54 --> Session class already loaded. Second attempt ignored.
INFO - 2019-04-14 03:58:54 --> Form Validation Class Initialized
INFO - 2019-04-14 03:58:54 --> user_id=[lutfi]module=[ovrcategory]method[query]
INFO - 2019-04-14 03:58:54 --> Final output sent to browser
DEBUG - 2019-04-14 03:58:54 --> Total execution time: 0.5245
DEBUG - 2019-04-14 03:58:54 --> Session: "sess_save_path" is empty; using "session.save_path" value from php.ini.
DEBUG - 2019-04-14 03:58:54 --> Session: "sess_save_path" is empty; using "session.save_path" value from php.ini.
INFO - 2019-04-14 03:58:54 --> Session: Class initialized using 'files' driver.
INFO - 2019-04-14 03:58:54 --> Controller Class Initialized
DEBUG - 2019-04-14 03:58:54 --> Session class already loaded. Second attempt ignored.
INFO - 2019-04-14 03:58:54 --> Form Validation Class Initialized
INFO - 2019-04-14 03:58:54 --> user_id=[lutfi]module=[shift]method[query]
INFO - 2019-04-14 03:58:54 --> Final output sent to browser
DEBUG - 2019-04-14 03:58:54 --> Total execution time: 0.7374
INFO - 2019-04-14 03:58:54 --> Session: Class initialized using 'files' driver.
INFO - 2019-04-14 03:58:54 --> Controller Class Initialized
DEBUG - 2019-04-14 03:58:54 --> Session class already loaded. Second attempt ignored.
INFO - 2019-04-14 03:58:54 --> Form Validation Class Initialized
INFO - 2019-04-14 03:58:54 --> user_id=[lutfi]module=[absence]method[query]
INFO - 2019-04-14 03:58:54 --> Final output sent to browser
DEBUG - 2019-04-14 03:58:54 --> Total execution time: 0.7398
INFO - 2019-04-14 04:08:30 --> Config Class Initialized
INFO - 2019-04-14 04:08:30 --> Hooks Class Initialized
DEBUG - 2019-04-14 04:08:30 --> UTF-8 Support Enabled
INFO - 2019-04-14 04:08:30 --> Utf8 Class Initialized
INFO - 2019-04-14 04:08:30 --> URI Class Initialized
INFO - 2019-04-14 04:08:30 --> Router Class Initialized
INFO - 2019-04-14 04:08:30 --> Output Class Initialized
INFO - 2019-04-14 04:08:30 --> Security Class Initialized
DEBUG - 2019-04-14 04:08:30 --> Global POST, GET and COOKIE data sanitized
INFO - 2019-04-14 04:08:30 --> Input Class Initialized
INFO - 2019-04-14 04:08:30 --> Language Class Initialized
INFO - 2019-04-14 04:08:30 --> Loader Class Initialized
INFO - 2019-04-14 04:08:30 --> Helper loaded: url_helper
INFO - 2019-04-14 04:08:30 --> Helper loaded: form_helper
INFO - 2019-04-14 04:08:30 --> Helper loaded: html_helper
INFO - 2019-04-14 04:08:30 --> Helper loaded: rbac_helper
INFO - 2019-04-14 04:08:30 --> Helper loaded: layout_helper
INFO - 2019-04-14 04:08:30 --> Helper loaded: func_helper
INFO - 2019-04-14 04:08:30 --> Helper loaded: oraxe_helper
INFO - 2019-04-14 04:08:30 --> Database Driver Class Initialized
DEBUG - 2019-04-14 04:08:30 --> Session: "sess_save_path" is empty; using "session.save_path" value from php.ini.
INFO - 2019-04-14 04:08:30 --> Session: Class initialized using 'files' driver.
INFO - 2019-04-14 04:08:30 --> Controller Class Initialized
DEBUG - 2019-04-14 04:08:30 --> Session class already loaded. Second attempt ignored.
INFO - 2019-04-14 04:08:30 --> Form Validation Class Initialized
INFO - 2019-04-14 04:08:30 --> user_id=[lutfi]module=[company]method[get]
INFO - 2019-04-14 04:08:30 --> user_id=[lutfi]module=[structure]method[get]
INFO - 2019-04-14 04:08:30 --> user_id=[lutfi]module=[report]method[get]
INFO - 2019-04-14 04:08:30 --> user_id=[lutfi]module=[workhour]method[get]
INFO - 2019-04-14 04:08:30 --> user_id=[lutfi]module=[holiday]method[get]
INFO - 2019-04-14 04:08:30 --> user_id=[lutfi]module=[employees]method[get]
INFO - 2019-04-14 04:08:30 --> user_id=[lutfi]module=[timesheet]method[get]
INFO - 2019-04-14 04:08:30 --> user_id=[lutfi]module=[absent]method[get]
INFO - 2019-04-14 04:08:30 --> user_id=[lutfi]module=[onleave]method[get]
INFO - 2019-04-14 04:08:30 --> user_id=[lutfi]module=[overtime]method[get]
INFO - 2019-04-14 04:08:30 --> user_id=[lutfi]module=[schemas]method[get]
INFO - 2019-04-14 04:08:30 --> user_id=[lutfi]module=[adjustment]method[get]
INFO - 2019-04-14 04:08:30 --> user_id=[lutfi]module=[reimburse]method[get]
INFO - 2019-04-14 04:08:30 --> user_id=[lutfi]module=[wages]method[get]
INFO - 2019-04-14 04:08:30 --> user_id=[lutfi]module=[paydays]method[get]
INFO - 2019-04-14 04:08:30 --> File loaded: C:\MNEMONIC\OneDrive\Projects\Web\cyberhrm\application\views\workhour.php
INFO - 2019-04-14 04:08:30 --> File loaded: C:\MNEMONIC\OneDrive\Projects\Web\cyberhrm\application\views\layouts/default.php
INFO - 2019-04-14 04:08:30 --> Final output sent to browser
DEBUG - 2019-04-14 04:08:30 --> Total execution time: 0.3068
INFO - 2019-04-14 04:08:31 --> Config Class Initialized
INFO - 2019-04-14 04:08:31 --> Hooks Class Initialized
DEBUG - 2019-04-14 04:08:31 --> UTF-8 Support Enabled
INFO - 2019-04-14 04:08:31 --> Utf8 Class Initialized
INFO - 2019-04-14 04:08:31 --> URI Class Initialized
INFO - 2019-04-14 04:08:31 --> Router Class Initialized
INFO - 2019-04-14 04:08:31 --> Output Class Initialized
INFO - 2019-04-14 04:08:31 --> Security Class Initialized
DEBUG - 2019-04-14 04:08:31 --> Global POST, GET and COOKIE data sanitized
INFO - 2019-04-14 04:08:31 --> Input Class Initialized
INFO - 2019-04-14 04:08:31 --> Language Class Initialized
INFO - 2019-04-14 04:08:31 --> Loader Class Initialized
INFO - 2019-04-14 04:08:31 --> Helper loaded: url_helper
INFO - 2019-04-14 04:08:31 --> Config Class Initialized
INFO - 2019-04-14 04:08:31 --> Hooks Class Initialized
INFO - 2019-04-14 04:08:31 --> Helper loaded: form_helper
INFO - 2019-04-14 04:08:31 --> Helper loaded: html_helper
INFO - 2019-04-14 04:08:31 --> Helper loaded: rbac_helper
INFO - 2019-04-14 04:08:31 --> Helper loaded: layout_helper
DEBUG - 2019-04-14 04:08:31 --> UTF-8 Support Enabled
INFO - 2019-04-14 04:08:31 --> Utf8 Class Initialized
INFO - 2019-04-14 04:08:31 --> Helper loaded: func_helper
INFO - 2019-04-14 04:08:31 --> URI Class Initialized
INFO - 2019-04-14 04:08:31 --> Helper loaded: oraxe_helper
INFO - 2019-04-14 04:08:31 --> Router Class Initialized
INFO - 2019-04-14 04:08:31 --> Config Class Initialized
INFO - 2019-04-14 04:08:31 --> Hooks Class Initialized
INFO - 2019-04-14 04:08:31 --> Output Class Initialized
INFO - 2019-04-14 04:08:31 --> Security Class Initialized
DEBUG - 2019-04-14 04:08:31 --> Global POST, GET and COOKIE data sanitized
INFO - 2019-04-14 04:08:31 --> Input Class Initialized
INFO - 2019-04-14 04:08:31 --> Database Driver Class Initialized
INFO - 2019-04-14 04:08:31 --> Language Class Initialized
DEBUG - 2019-04-14 04:08:31 --> UTF-8 Support Enabled
INFO - 2019-04-14 04:08:31 --> Utf8 Class Initialized
INFO - 2019-04-14 04:08:31 --> URI Class Initialized
INFO - 2019-04-14 04:08:31 --> Loader Class Initialized
INFO - 2019-04-14 04:08:31 --> Router Class Initialized
INFO - 2019-04-14 04:08:31 --> Helper loaded: url_helper
INFO - 2019-04-14 04:08:31 --> Output Class Initialized
INFO - 2019-04-14 04:08:31 --> Helper loaded: form_helper
INFO - 2019-04-14 04:08:31 --> Security Class Initialized
INFO - 2019-04-14 04:08:31 --> Helper loaded: html_helper
INFO - 2019-04-14 04:08:31 --> Helper loaded: rbac_helper
INFO - 2019-04-14 04:08:31 --> Helper loaded: layout_helper
DEBUG - 2019-04-14 04:08:31 --> Global POST, GET and COOKIE data sanitized
INFO - 2019-04-14 04:08:31 --> Input Class Initialized
INFO - 2019-04-14 04:08:31 --> Helper loaded: func_helper
INFO - 2019-04-14 04:08:31 --> Language Class Initialized
INFO - 2019-04-14 04:08:31 --> Helper loaded: oraxe_helper
INFO - 2019-04-14 04:08:31 --> Loader Class Initialized
INFO - 2019-04-14 04:08:31 --> Helper loaded: url_helper
INFO - 2019-04-14 04:08:31 --> Database Driver Class Initialized
INFO - 2019-04-14 04:08:31 --> Helper loaded: form_helper
DEBUG - 2019-04-14 04:08:31 --> Session: "sess_save_path" is empty; using "session.save_path" value from php.ini.
INFO - 2019-04-14 04:08:31 --> Helper loaded: html_helper
INFO - 2019-04-14 04:08:31 --> Session: Class initialized using 'files' driver.
INFO - 2019-04-14 04:08:31 --> Controller Class Initialized
INFO - 2019-04-14 04:08:31 --> Helper loaded: rbac_helper
DEBUG - 2019-04-14 04:08:31 --> Session class already loaded. Second attempt ignored.
INFO - 2019-04-14 04:08:31 --> Helper loaded: layout_helper
INFO - 2019-04-14 04:08:31 --> Helper loaded: func_helper
INFO - 2019-04-14 04:08:31 --> Form Validation Class Initialized
INFO - 2019-04-14 04:08:31 --> user_id=[lutfi]module=[shift]method[query]
INFO - 2019-04-14 04:08:31 --> Helper loaded: oraxe_helper
INFO - 2019-04-14 04:08:31 --> Final output sent to browser
DEBUG - 2019-04-14 04:08:31 --> Total execution time: 0.2285
INFO - 2019-04-14 04:08:31 --> Database Driver Class Initialized
DEBUG - 2019-04-14 04:08:31 --> Session: "sess_save_path" is empty; using "session.save_path" value from php.ini.
INFO - 2019-04-14 04:08:31 --> Session: Class initialized using 'files' driver.
INFO - 2019-04-14 04:08:31 --> Controller Class Initialized
DEBUG - 2019-04-14 04:08:31 --> Session class already loaded. Second attempt ignored.
INFO - 2019-04-14 04:08:31 --> Form Validation Class Initialized
INFO - 2019-04-14 04:08:31 --> user_id=[lutfi]module=[absence]method[query]
INFO - 2019-04-14 04:08:31 --> Final output sent to browser
DEBUG - 2019-04-14 04:08:31 --> Total execution time: 0.2178
DEBUG - 2019-04-14 04:08:31 --> Session: "sess_save_path" is empty; using "session.save_path" value from php.ini.
INFO - 2019-04-14 04:08:31 --> Session: Class initialized using 'files' driver.
INFO - 2019-04-14 04:08:31 --> Controller Class Initialized
DEBUG - 2019-04-14 04:08:31 --> Session class already loaded. Second attempt ignored.
INFO - 2019-04-14 04:08:31 --> Form Validation Class Initialized
INFO - 2019-04-14 04:08:31 --> user_id=[lutfi]module=[ovrcategory]method[query]
INFO - 2019-04-14 04:08:31 --> Final output sent to browser
DEBUG - 2019-04-14 04:08:31 --> Total execution time: 0.2195
