INFO - 2019-05-18 07:49:02 --> Config Class Initialized
INFO - 2019-05-18 07:49:02 --> Hooks Class Initialized
DEBUG - 2019-05-18 07:49:02 --> UTF-8 Support Enabled
INFO - 2019-05-18 07:49:02 --> Utf8 Class Initialized
INFO - 2019-05-18 07:49:02 --> URI Class Initialized
DEBUG - 2019-05-18 07:49:02 --> No URI present. Default controller set.
INFO - 2019-05-18 07:49:02 --> Router Class Initialized
INFO - 2019-05-18 07:49:02 --> Output Class Initialized
INFO - 2019-05-18 07:49:02 --> Security Class Initialized
DEBUG - 2019-05-18 07:49:02 --> Global POST, GET and COOKIE data sanitized
INFO - 2019-05-18 07:49:02 --> Input Class Initialized
INFO - 2019-05-18 07:49:02 --> Language Class Initialized
INFO - 2019-05-18 07:49:02 --> Loader Class Initialized
INFO - 2019-05-18 07:49:02 --> Helper loaded: url_helper
INFO - 2019-05-18 07:49:02 --> Helper loaded: form_helper
INFO - 2019-05-18 07:49:02 --> Helper loaded: html_helper
INFO - 2019-05-18 07:49:02 --> Helper loaded: rbac_helper
INFO - 2019-05-18 07:49:02 --> Helper loaded: layout_helper
INFO - 2019-05-18 07:49:02 --> Helper loaded: func_helper
INFO - 2019-05-18 07:49:02 --> Helper loaded: oraxe_helper
INFO - 2019-05-18 07:49:03 --> Database Driver Class Initialized
DEBUG - 2019-05-18 07:49:08 --> Session: "sess_save_path" is empty; using "session.save_path" value from php.ini.
INFO - 2019-05-18 07:49:08 --> Session: Class initialized using 'files' driver.
INFO - 2019-05-18 07:49:08 --> Controller Class Initialized
DEBUG - 2019-05-18 07:49:08 --> Session class already loaded. Second attempt ignored.
INFO - 2019-05-18 07:49:08 --> Form Validation Class Initialized
INFO - 2019-05-18 07:49:08 --> Config Class Initialized
INFO - 2019-05-18 07:49:08 --> Hooks Class Initialized
DEBUG - 2019-05-18 07:49:08 --> UTF-8 Support Enabled
INFO - 2019-05-18 07:49:08 --> Utf8 Class Initialized
INFO - 2019-05-18 07:49:08 --> URI Class Initialized
INFO - 2019-05-18 07:49:08 --> Router Class Initialized
INFO - 2019-05-18 07:49:08 --> Output Class Initialized
INFO - 2019-05-18 07:49:08 --> Security Class Initialized
DEBUG - 2019-05-18 07:49:08 --> Global POST, GET and COOKIE data sanitized
INFO - 2019-05-18 07:49:08 --> Input Class Initialized
INFO - 2019-05-18 07:49:08 --> Language Class Initialized
INFO - 2019-05-18 07:49:09 --> Loader Class Initialized
INFO - 2019-05-18 07:49:09 --> Helper loaded: url_helper
INFO - 2019-05-18 07:49:09 --> Helper loaded: form_helper
INFO - 2019-05-18 07:49:09 --> Helper loaded: html_helper
INFO - 2019-05-18 07:49:09 --> Helper loaded: rbac_helper
INFO - 2019-05-18 07:49:09 --> Helper loaded: layout_helper
INFO - 2019-05-18 07:49:09 --> Helper loaded: func_helper
INFO - 2019-05-18 07:49:09 --> Helper loaded: oraxe_helper
INFO - 2019-05-18 07:49:09 --> Database Driver Class Initialized
DEBUG - 2019-05-18 07:49:09 --> Session: "sess_save_path" is empty; using "session.save_path" value from php.ini.
INFO - 2019-05-18 07:49:09 --> Session: Class initialized using 'files' driver.
INFO - 2019-05-18 07:49:09 --> Controller Class Initialized
DEBUG - 2019-05-18 07:49:09 --> Session class already loaded. Second attempt ignored.
INFO - 2019-05-18 07:49:09 --> Form Validation Class Initialized
INFO - 2019-05-18 07:49:09 --> user_id=[lutfi]module=[company]method[get]
INFO - 2019-05-18 07:49:09 --> user_id=[lutfi]module=[structure]method[get]
INFO - 2019-05-18 07:49:09 --> user_id=[lutfi]module=[report]method[get]
INFO - 2019-05-18 07:49:09 --> user_id=[lutfi]module=[workhour]method[get]
INFO - 2019-05-18 07:49:09 --> user_id=[lutfi]module=[holiday]method[get]
INFO - 2019-05-18 07:49:09 --> user_id=[lutfi]module=[employees]method[get]
INFO - 2019-05-18 07:49:09 --> user_id=[lutfi]module=[timesheet]method[get]
INFO - 2019-05-18 07:49:09 --> user_id=[lutfi]module=[absent]method[get]
INFO - 2019-05-18 07:49:09 --> user_id=[lutfi]module=[onleave]method[get]
INFO - 2019-05-18 07:49:09 --> user_id=[lutfi]module=[overtime]method[get]
INFO - 2019-05-18 07:49:09 --> user_id=[lutfi]module=[schemas]method[get]
INFO - 2019-05-18 07:49:09 --> user_id=[lutfi]module=[adjustment]method[get]
INFO - 2019-05-18 07:49:09 --> user_id=[lutfi]module=[reimburse]method[get]
INFO - 2019-05-18 07:49:09 --> user_id=[lutfi]module=[wages]method[get]
INFO - 2019-05-18 07:49:09 --> user_id=[lutfi]module=[paydays]method[get]
INFO - 2019-05-18 07:49:09 --> File loaded: C:\MNEMONIC\OneDrive\Projects\Web\cyberhrm\application\views\dashboard.php
INFO - 2019-05-18 07:49:09 --> File loaded: C:\MNEMONIC\OneDrive\Projects\Web\cyberhrm\application\views\layouts/default.php
INFO - 2019-05-18 07:49:09 --> Final output sent to browser
DEBUG - 2019-05-18 07:49:09 --> Total execution time: 0.5053
INFO - 2019-05-18 07:49:14 --> Config Class Initialized
INFO - 2019-05-18 07:49:14 --> Hooks Class Initialized
DEBUG - 2019-05-18 07:49:14 --> UTF-8 Support Enabled
INFO - 2019-05-18 07:49:14 --> Utf8 Class Initialized
INFO - 2019-05-18 07:49:14 --> Config Class Initialized
INFO - 2019-05-18 07:49:14 --> Hooks Class Initialized
INFO - 2019-05-18 07:49:14 --> Config Class Initialized
INFO - 2019-05-18 07:49:14 --> Hooks Class Initialized
INFO - 2019-05-18 07:49:14 --> Config Class Initialized
INFO - 2019-05-18 07:49:14 --> Hooks Class Initialized
DEBUG - 2019-05-18 07:49:14 --> UTF-8 Support Enabled
INFO - 2019-05-18 07:49:14 --> Utf8 Class Initialized
INFO - 2019-05-18 07:49:14 --> URI Class Initialized
INFO - 2019-05-18 07:49:14 --> URI Class Initialized
DEBUG - 2019-05-18 07:49:14 --> UTF-8 Support Enabled
INFO - 2019-05-18 07:49:14 --> Utf8 Class Initialized
DEBUG - 2019-05-18 07:49:14 --> UTF-8 Support Enabled
INFO - 2019-05-18 07:49:14 --> Utf8 Class Initialized
INFO - 2019-05-18 07:49:14 --> URI Class Initialized
INFO - 2019-05-18 07:49:14 --> Router Class Initialized
INFO - 2019-05-18 07:49:14 --> Router Class Initialized
INFO - 2019-05-18 07:49:14 --> URI Class Initialized
INFO - 2019-05-18 07:49:14 --> Router Class Initialized
INFO - 2019-05-18 07:49:14 --> Router Class Initialized
INFO - 2019-05-18 07:49:14 --> Output Class Initialized
INFO - 2019-05-18 07:49:14 --> Output Class Initialized
INFO - 2019-05-18 07:49:14 --> Output Class Initialized
INFO - 2019-05-18 07:49:14 --> Output Class Initialized
INFO - 2019-05-18 07:49:14 --> Security Class Initialized
INFO - 2019-05-18 07:49:14 --> Security Class Initialized
INFO - 2019-05-18 07:49:14 --> Security Class Initialized
INFO - 2019-05-18 07:49:14 --> Security Class Initialized
DEBUG - 2019-05-18 07:49:14 --> Global POST, GET and COOKIE data sanitized
INFO - 2019-05-18 07:49:14 --> Input Class Initialized
DEBUG - 2019-05-18 07:49:14 --> Global POST, GET and COOKIE data sanitized
DEBUG - 2019-05-18 07:49:14 --> Global POST, GET and COOKIE data sanitized
INFO - 2019-05-18 07:49:14 --> Input Class Initialized
DEBUG - 2019-05-18 07:49:14 --> Global POST, GET and COOKIE data sanitized
INFO - 2019-05-18 07:49:14 --> Input Class Initialized
INFO - 2019-05-18 07:49:14 --> Input Class Initialized
INFO - 2019-05-18 07:49:14 --> Language Class Initialized
INFO - 2019-05-18 07:49:14 --> Language Class Initialized
INFO - 2019-05-18 07:49:14 --> Language Class Initialized
INFO - 2019-05-18 07:49:14 --> Language Class Initialized
INFO - 2019-05-18 07:49:14 --> Loader Class Initialized
INFO - 2019-05-18 07:49:14 --> Loader Class Initialized
INFO - 2019-05-18 07:49:14 --> Loader Class Initialized
INFO - 2019-05-18 07:49:14 --> Loader Class Initialized
INFO - 2019-05-18 07:49:14 --> Helper loaded: url_helper
INFO - 2019-05-18 07:49:14 --> Helper loaded: url_helper
INFO - 2019-05-18 07:49:14 --> Helper loaded: url_helper
INFO - 2019-05-18 07:49:14 --> Helper loaded: form_helper
INFO - 2019-05-18 07:49:14 --> Helper loaded: url_helper
INFO - 2019-05-18 07:49:14 --> Helper loaded: form_helper
INFO - 2019-05-18 07:49:14 --> Helper loaded: form_helper
INFO - 2019-05-18 07:49:14 --> Helper loaded: html_helper
INFO - 2019-05-18 07:49:14 --> Helper loaded: form_helper
INFO - 2019-05-18 07:49:14 --> Helper loaded: html_helper
INFO - 2019-05-18 07:49:14 --> Helper loaded: html_helper
INFO - 2019-05-18 07:49:14 --> Helper loaded: rbac_helper
INFO - 2019-05-18 07:49:14 --> Helper loaded: html_helper
INFO - 2019-05-18 07:49:14 --> Helper loaded: layout_helper
INFO - 2019-05-18 07:49:14 --> Helper loaded: rbac_helper
INFO - 2019-05-18 07:49:14 --> Helper loaded: rbac_helper
INFO - 2019-05-18 07:49:14 --> Helper loaded: layout_helper
INFO - 2019-05-18 07:49:14 --> Helper loaded: func_helper
INFO - 2019-05-18 07:49:14 --> Helper loaded: rbac_helper
INFO - 2019-05-18 07:49:14 --> Helper loaded: layout_helper
INFO - 2019-05-18 07:49:14 --> Helper loaded: func_helper
INFO - 2019-05-18 07:49:14 --> Helper loaded: layout_helper
INFO - 2019-05-18 07:49:14 --> Helper loaded: func_helper
INFO - 2019-05-18 07:49:14 --> Helper loaded: oraxe_helper
INFO - 2019-05-18 07:49:14 --> Helper loaded: func_helper
INFO - 2019-05-18 07:49:14 --> Helper loaded: oraxe_helper
INFO - 2019-05-18 07:49:14 --> Helper loaded: oraxe_helper
INFO - 2019-05-18 07:49:14 --> Helper loaded: oraxe_helper
INFO - 2019-05-18 07:49:14 --> Database Driver Class Initialized
INFO - 2019-05-18 07:49:14 --> Database Driver Class Initialized
INFO - 2019-05-18 07:49:14 --> Database Driver Class Initialized
INFO - 2019-05-18 07:49:14 --> Database Driver Class Initialized
DEBUG - 2019-05-18 07:49:14 --> Session: "sess_save_path" is empty; using "session.save_path" value from php.ini.
DEBUG - 2019-05-18 07:49:14 --> Session: "sess_save_path" is empty; using "session.save_path" value from php.ini.
DEBUG - 2019-05-18 07:49:14 --> Session: "sess_save_path" is empty; using "session.save_path" value from php.ini.
DEBUG - 2019-05-18 07:49:14 --> Session: "sess_save_path" is empty; using "session.save_path" value from php.ini.
INFO - 2019-05-18 07:49:14 --> Session: Class initialized using 'files' driver.
INFO - 2019-05-18 07:49:14 --> Controller Class Initialized
DEBUG - 2019-05-18 07:49:14 --> Session class already loaded. Second attempt ignored.
INFO - 2019-05-18 07:49:14 --> Form Validation Class Initialized
INFO - 2019-05-18 07:49:14 --> Session: Class initialized using 'files' driver.
INFO - 2019-05-18 07:49:14 --> Controller Class Initialized
DEBUG - 2019-05-18 07:49:14 --> Session class already loaded. Second attempt ignored.
INFO - 2019-05-18 07:49:14 --> Form Validation Class Initialized
INFO - 2019-05-18 07:49:15 --> Session: Class initialized using 'files' driver.
INFO - 2019-05-18 07:49:15 --> Controller Class Initialized
DEBUG - 2019-05-18 07:49:15 --> Session class already loaded. Second attempt ignored.
INFO - 2019-05-18 07:49:15 --> Form Validation Class Initialized
INFO - 2019-05-18 07:49:15 --> Session: Class initialized using 'files' driver.
INFO - 2019-05-18 07:49:15 --> Controller Class Initialized
DEBUG - 2019-05-18 07:49:15 --> Session class already loaded. Second attempt ignored.
INFO - 2019-05-18 07:49:15 --> Form Validation Class Initialized
INFO - 2019-05-18 07:50:47 --> Config Class Initialized
INFO - 2019-05-18 07:50:47 --> Hooks Class Initialized
DEBUG - 2019-05-18 07:50:47 --> UTF-8 Support Enabled
INFO - 2019-05-18 07:50:47 --> Utf8 Class Initialized
INFO - 2019-05-18 07:50:47 --> URI Class Initialized
INFO - 2019-05-18 07:50:47 --> Router Class Initialized
INFO - 2019-05-18 07:50:47 --> Output Class Initialized
INFO - 2019-05-18 07:50:47 --> Security Class Initialized
DEBUG - 2019-05-18 07:50:47 --> Global POST, GET and COOKIE data sanitized
INFO - 2019-05-18 07:50:47 --> Input Class Initialized
INFO - 2019-05-18 07:50:47 --> Language Class Initialized
INFO - 2019-05-18 07:50:47 --> Loader Class Initialized
INFO - 2019-05-18 07:50:47 --> Helper loaded: url_helper
INFO - 2019-05-18 07:50:47 --> Helper loaded: form_helper
INFO - 2019-05-18 07:50:47 --> Helper loaded: html_helper
INFO - 2019-05-18 07:50:47 --> Helper loaded: rbac_helper
INFO - 2019-05-18 07:50:47 --> Helper loaded: layout_helper
INFO - 2019-05-18 07:50:47 --> Helper loaded: func_helper
INFO - 2019-05-18 07:50:47 --> Helper loaded: oraxe_helper
INFO - 2019-05-18 07:50:47 --> Database Driver Class Initialized
DEBUG - 2019-05-18 07:50:47 --> Session: "sess_save_path" is empty; using "session.save_path" value from php.ini.
INFO - 2019-05-18 07:50:47 --> Session: Class initialized using 'files' driver.
INFO - 2019-05-18 07:50:47 --> Controller Class Initialized
DEBUG - 2019-05-18 07:50:47 --> Session class already loaded. Second attempt ignored.
INFO - 2019-05-18 07:50:47 --> Form Validation Class Initialized
ERROR - 2019-05-18 07:50:47 --> Severity: error --> Exception: Class 'phpseclib\Crypt\Common\AsymmetricKey' not found C:\MNEMONIC\OneDrive\Projects\Web\cyberhrm\application\libraries\phpseclib\Crypt\RSA.php 64
INFO - 2019-05-18 07:51:31 --> Config Class Initialized
INFO - 2019-05-18 07:51:31 --> Hooks Class Initialized
DEBUG - 2019-05-18 07:51:31 --> UTF-8 Support Enabled
INFO - 2019-05-18 07:51:31 --> Utf8 Class Initialized
INFO - 2019-05-18 07:51:31 --> URI Class Initialized
INFO - 2019-05-18 07:51:31 --> Router Class Initialized
INFO - 2019-05-18 07:51:31 --> Output Class Initialized
INFO - 2019-05-18 07:51:31 --> Security Class Initialized
DEBUG - 2019-05-18 07:51:31 --> Global POST, GET and COOKIE data sanitized
INFO - 2019-05-18 07:51:31 --> Input Class Initialized
INFO - 2019-05-18 07:51:31 --> Language Class Initialized
INFO - 2019-05-18 07:51:31 --> Loader Class Initialized
INFO - 2019-05-18 07:51:31 --> Helper loaded: url_helper
INFO - 2019-05-18 07:51:31 --> Helper loaded: form_helper
INFO - 2019-05-18 07:51:31 --> Helper loaded: html_helper
INFO - 2019-05-18 07:51:31 --> Helper loaded: rbac_helper
INFO - 2019-05-18 07:51:31 --> Helper loaded: layout_helper
INFO - 2019-05-18 07:51:31 --> Helper loaded: func_helper
INFO - 2019-05-18 07:51:31 --> Helper loaded: oraxe_helper
INFO - 2019-05-18 07:51:31 --> Database Driver Class Initialized
DEBUG - 2019-05-18 07:51:31 --> Session: "sess_save_path" is empty; using "session.save_path" value from php.ini.
INFO - 2019-05-18 07:51:31 --> Session: Class initialized using 'files' driver.
INFO - 2019-05-18 07:51:31 --> Controller Class Initialized
DEBUG - 2019-05-18 07:51:31 --> Session class already loaded. Second attempt ignored.
INFO - 2019-05-18 07:51:31 --> Form Validation Class Initialized
ERROR - 2019-05-18 07:51:31 --> Non-existent class: AsymmetricKey
INFO - 2019-05-18 07:52:12 --> Config Class Initialized
INFO - 2019-05-18 07:52:12 --> Hooks Class Initialized
DEBUG - 2019-05-18 07:52:13 --> UTF-8 Support Enabled
INFO - 2019-05-18 07:52:13 --> Utf8 Class Initialized
INFO - 2019-05-18 07:52:13 --> URI Class Initialized
INFO - 2019-05-18 07:52:13 --> Router Class Initialized
INFO - 2019-05-18 07:52:13 --> Output Class Initialized
INFO - 2019-05-18 07:52:13 --> Security Class Initialized
DEBUG - 2019-05-18 07:52:13 --> Global POST, GET and COOKIE data sanitized
INFO - 2019-05-18 07:52:13 --> Input Class Initialized
INFO - 2019-05-18 07:52:13 --> Language Class Initialized
INFO - 2019-05-18 07:52:13 --> Loader Class Initialized
INFO - 2019-05-18 07:52:13 --> Helper loaded: url_helper
INFO - 2019-05-18 07:52:13 --> Helper loaded: form_helper
INFO - 2019-05-18 07:52:13 --> Helper loaded: html_helper
INFO - 2019-05-18 07:52:13 --> Helper loaded: rbac_helper
INFO - 2019-05-18 07:52:13 --> Helper loaded: layout_helper
INFO - 2019-05-18 07:52:13 --> Helper loaded: func_helper
INFO - 2019-05-18 07:52:13 --> Helper loaded: oraxe_helper
INFO - 2019-05-18 07:52:13 --> Database Driver Class Initialized
DEBUG - 2019-05-18 07:52:13 --> Session: "sess_save_path" is empty; using "session.save_path" value from php.ini.
INFO - 2019-05-18 07:52:13 --> Session: Class initialized using 'files' driver.
INFO - 2019-05-18 07:52:13 --> Controller Class Initialized
DEBUG - 2019-05-18 07:52:13 --> Session class already loaded. Second attempt ignored.
INFO - 2019-05-18 07:52:13 --> Form Validation Class Initialized
ERROR - 2019-05-18 07:52:13 --> Severity: error --> Exception: Cannot instantiate abstract class phpseclib\Crypt\Common\AsymmetricKey C:\MNEMONIC\OneDrive\Projects\Web\cyberhrm\system\core\Loader.php 1281
INFO - 2019-05-18 07:52:30 --> Config Class Initialized
INFO - 2019-05-18 07:52:30 --> Hooks Class Initialized
DEBUG - 2019-05-18 07:52:30 --> UTF-8 Support Enabled
INFO - 2019-05-18 07:52:30 --> Utf8 Class Initialized
INFO - 2019-05-18 07:52:30 --> URI Class Initialized
INFO - 2019-05-18 07:52:30 --> Router Class Initialized
INFO - 2019-05-18 07:52:30 --> Output Class Initialized
INFO - 2019-05-18 07:52:30 --> Security Class Initialized
DEBUG - 2019-05-18 07:52:30 --> Global POST, GET and COOKIE data sanitized
INFO - 2019-05-18 07:52:30 --> Input Class Initialized
INFO - 2019-05-18 07:52:30 --> Language Class Initialized
INFO - 2019-05-18 07:52:30 --> Loader Class Initialized
INFO - 2019-05-18 07:52:30 --> Helper loaded: url_helper
INFO - 2019-05-18 07:52:30 --> Helper loaded: form_helper
INFO - 2019-05-18 07:52:30 --> Helper loaded: html_helper
INFO - 2019-05-18 07:52:30 --> Helper loaded: rbac_helper
INFO - 2019-05-18 07:52:30 --> Helper loaded: layout_helper
INFO - 2019-05-18 07:52:30 --> Helper loaded: func_helper
INFO - 2019-05-18 07:52:30 --> Helper loaded: oraxe_helper
INFO - 2019-05-18 07:52:30 --> Database Driver Class Initialized
DEBUG - 2019-05-18 07:52:30 --> Session: "sess_save_path" is empty; using "session.save_path" value from php.ini.
INFO - 2019-05-18 07:52:30 --> Session: Class initialized using 'files' driver.
INFO - 2019-05-18 07:52:30 --> Controller Class Initialized
DEBUG - 2019-05-18 07:52:30 --> Session class already loaded. Second attempt ignored.
INFO - 2019-05-18 07:52:30 --> Form Validation Class Initialized
ERROR - 2019-05-18 07:52:30 --> Non-existent class: AsymmetricKey
INFO - 2019-05-18 08:07:42 --> Config Class Initialized
INFO - 2019-05-18 08:07:42 --> Hooks Class Initialized
DEBUG - 2019-05-18 08:07:42 --> UTF-8 Support Enabled
INFO - 2019-05-18 08:07:42 --> Utf8 Class Initialized
INFO - 2019-05-18 08:07:42 --> URI Class Initialized
INFO - 2019-05-18 08:07:42 --> Router Class Initialized
INFO - 2019-05-18 08:07:42 --> Output Class Initialized
INFO - 2019-05-18 08:07:42 --> Security Class Initialized
DEBUG - 2019-05-18 08:07:42 --> Global POST, GET and COOKIE data sanitized
INFO - 2019-05-18 08:07:42 --> Input Class Initialized
INFO - 2019-05-18 08:07:42 --> Language Class Initialized
INFO - 2019-05-18 08:07:42 --> Loader Class Initialized
INFO - 2019-05-18 08:07:42 --> Helper loaded: url_helper
INFO - 2019-05-18 08:07:42 --> Helper loaded: form_helper
INFO - 2019-05-18 08:07:42 --> Helper loaded: html_helper
INFO - 2019-05-18 08:07:42 --> Helper loaded: rbac_helper
INFO - 2019-05-18 08:07:42 --> Helper loaded: layout_helper
INFO - 2019-05-18 08:07:42 --> Helper loaded: func_helper
INFO - 2019-05-18 08:07:42 --> Helper loaded: oraxe_helper
INFO - 2019-05-18 08:07:42 --> Database Driver Class Initialized
DEBUG - 2019-05-18 08:07:42 --> Session: "sess_save_path" is empty; using "session.save_path" value from php.ini.
INFO - 2019-05-18 08:07:42 --> Session: Class initialized using 'files' driver.
INFO - 2019-05-18 08:07:42 --> Controller Class Initialized
DEBUG - 2019-05-18 08:07:42 --> Session class already loaded. Second attempt ignored.
INFO - 2019-05-18 08:07:42 --> Form Validation Class Initialized
ERROR - 2019-05-18 08:07:42 --> Unable to load the requested class: AsymmetricKey
INFO - 2019-05-18 08:07:44 --> Config Class Initialized
INFO - 2019-05-18 08:07:44 --> Hooks Class Initialized
DEBUG - 2019-05-18 08:07:44 --> UTF-8 Support Enabled
INFO - 2019-05-18 08:07:44 --> Utf8 Class Initialized
INFO - 2019-05-18 08:07:44 --> URI Class Initialized
INFO - 2019-05-18 08:07:44 --> Router Class Initialized
INFO - 2019-05-18 08:07:44 --> Output Class Initialized
INFO - 2019-05-18 08:07:44 --> Security Class Initialized
DEBUG - 2019-05-18 08:07:44 --> Global POST, GET and COOKIE data sanitized
INFO - 2019-05-18 08:07:44 --> Input Class Initialized
INFO - 2019-05-18 08:07:44 --> Language Class Initialized
INFO - 2019-05-18 08:07:44 --> Loader Class Initialized
INFO - 2019-05-18 08:07:44 --> Helper loaded: url_helper
INFO - 2019-05-18 08:07:44 --> Helper loaded: form_helper
INFO - 2019-05-18 08:07:44 --> Helper loaded: html_helper
INFO - 2019-05-18 08:07:44 --> Helper loaded: rbac_helper
INFO - 2019-05-18 08:07:44 --> Helper loaded: layout_helper
INFO - 2019-05-18 08:07:44 --> Helper loaded: func_helper
INFO - 2019-05-18 08:07:44 --> Helper loaded: oraxe_helper
INFO - 2019-05-18 08:07:44 --> Database Driver Class Initialized
DEBUG - 2019-05-18 08:07:44 --> Session: "sess_save_path" is empty; using "session.save_path" value from php.ini.
INFO - 2019-05-18 08:07:44 --> Session: Class initialized using 'files' driver.
INFO - 2019-05-18 08:07:44 --> Controller Class Initialized
DEBUG - 2019-05-18 08:07:44 --> Session class already loaded. Second attempt ignored.
INFO - 2019-05-18 08:07:44 --> Form Validation Class Initialized
ERROR - 2019-05-18 08:07:44 --> Unable to load the requested class: AsymmetricKey
INFO - 2019-05-18 08:07:55 --> Config Class Initialized
INFO - 2019-05-18 08:07:55 --> Hooks Class Initialized
DEBUG - 2019-05-18 08:07:55 --> UTF-8 Support Enabled
INFO - 2019-05-18 08:07:55 --> Utf8 Class Initialized
INFO - 2019-05-18 08:07:55 --> URI Class Initialized
INFO - 2019-05-18 08:07:55 --> Router Class Initialized
INFO - 2019-05-18 08:07:55 --> Output Class Initialized
INFO - 2019-05-18 08:07:55 --> Security Class Initialized
DEBUG - 2019-05-18 08:07:55 --> Global POST, GET and COOKIE data sanitized
INFO - 2019-05-18 08:07:55 --> Input Class Initialized
INFO - 2019-05-18 08:07:55 --> Language Class Initialized
INFO - 2019-05-18 08:07:55 --> Loader Class Initialized
INFO - 2019-05-18 08:07:55 --> Helper loaded: url_helper
INFO - 2019-05-18 08:07:55 --> Helper loaded: form_helper
INFO - 2019-05-18 08:07:55 --> Helper loaded: html_helper
INFO - 2019-05-18 08:07:55 --> Helper loaded: rbac_helper
INFO - 2019-05-18 08:07:55 --> Helper loaded: layout_helper
INFO - 2019-05-18 08:07:55 --> Helper loaded: func_helper
INFO - 2019-05-18 08:07:55 --> Helper loaded: oraxe_helper
INFO - 2019-05-18 08:07:55 --> Database Driver Class Initialized
DEBUG - 2019-05-18 08:07:55 --> Session: "sess_save_path" is empty; using "session.save_path" value from php.ini.
INFO - 2019-05-18 08:07:55 --> Session: Class initialized using 'files' driver.
INFO - 2019-05-18 08:07:55 --> Controller Class Initialized
DEBUG - 2019-05-18 08:07:55 --> Session class already loaded. Second attempt ignored.
INFO - 2019-05-18 08:07:55 --> Form Validation Class Initialized
ERROR - 2019-05-18 08:07:56 --> Non-existent class: RSA
INFO - 2019-05-18 08:08:28 --> Config Class Initialized
INFO - 2019-05-18 08:08:28 --> Hooks Class Initialized
DEBUG - 2019-05-18 08:08:28 --> UTF-8 Support Enabled
INFO - 2019-05-18 08:08:28 --> Utf8 Class Initialized
INFO - 2019-05-18 08:08:28 --> URI Class Initialized
INFO - 2019-05-18 08:08:28 --> Router Class Initialized
INFO - 2019-05-18 08:08:28 --> Output Class Initialized
INFO - 2019-05-18 08:08:28 --> Security Class Initialized
DEBUG - 2019-05-18 08:08:28 --> Global POST, GET and COOKIE data sanitized
INFO - 2019-05-18 08:08:28 --> Input Class Initialized
INFO - 2019-05-18 08:08:28 --> Language Class Initialized
INFO - 2019-05-18 08:08:28 --> Loader Class Initialized
INFO - 2019-05-18 08:08:28 --> Helper loaded: url_helper
INFO - 2019-05-18 08:08:28 --> Helper loaded: form_helper
INFO - 2019-05-18 08:08:28 --> Helper loaded: html_helper
INFO - 2019-05-18 08:08:28 --> Helper loaded: rbac_helper
INFO - 2019-05-18 08:08:28 --> Helper loaded: layout_helper
INFO - 2019-05-18 08:08:28 --> Helper loaded: func_helper
INFO - 2019-05-18 08:08:28 --> Helper loaded: oraxe_helper
INFO - 2019-05-18 08:08:28 --> Database Driver Class Initialized
DEBUG - 2019-05-18 08:08:28 --> Session: "sess_save_path" is empty; using "session.save_path" value from php.ini.
INFO - 2019-05-18 08:08:28 --> Session: Class initialized using 'files' driver.
INFO - 2019-05-18 08:08:28 --> Controller Class Initialized
DEBUG - 2019-05-18 08:08:28 --> Session class already loaded. Second attempt ignored.
INFO - 2019-05-18 08:08:28 --> Form Validation Class Initialized
ERROR - 2019-05-18 08:08:28 --> Non-existent class: Phpseclib\Crypt\RSA
INFO - 2019-05-18 08:08:38 --> Config Class Initialized
INFO - 2019-05-18 08:08:38 --> Hooks Class Initialized
DEBUG - 2019-05-18 08:08:38 --> UTF-8 Support Enabled
INFO - 2019-05-18 08:08:38 --> Utf8 Class Initialized
INFO - 2019-05-18 08:08:38 --> URI Class Initialized
INFO - 2019-05-18 08:08:38 --> Router Class Initialized
INFO - 2019-05-18 08:08:38 --> Output Class Initialized
INFO - 2019-05-18 08:08:38 --> Security Class Initialized
DEBUG - 2019-05-18 08:08:38 --> Global POST, GET and COOKIE data sanitized
INFO - 2019-05-18 08:08:38 --> Input Class Initialized
INFO - 2019-05-18 08:08:38 --> Language Class Initialized
INFO - 2019-05-18 08:08:38 --> Loader Class Initialized
INFO - 2019-05-18 08:08:38 --> Helper loaded: url_helper
INFO - 2019-05-18 08:08:38 --> Helper loaded: form_helper
INFO - 2019-05-18 08:08:38 --> Helper loaded: html_helper
INFO - 2019-05-18 08:08:38 --> Helper loaded: rbac_helper
INFO - 2019-05-18 08:08:38 --> Helper loaded: layout_helper
INFO - 2019-05-18 08:08:38 --> Helper loaded: func_helper
INFO - 2019-05-18 08:08:38 --> Helper loaded: oraxe_helper
INFO - 2019-05-18 08:08:38 --> Database Driver Class Initialized
DEBUG - 2019-05-18 08:08:38 --> Session: "sess_save_path" is empty; using "session.save_path" value from php.ini.
INFO - 2019-05-18 08:08:38 --> Session: Class initialized using 'files' driver.
INFO - 2019-05-18 08:08:38 --> Controller Class Initialized
DEBUG - 2019-05-18 08:08:38 --> Session class already loaded. Second attempt ignored.
INFO - 2019-05-18 08:08:38 --> Form Validation Class Initialized
ERROR - 2019-05-18 08:08:38 --> Non-existent class: RSA
INFO - 2019-05-18 08:13:00 --> Config Class Initialized
INFO - 2019-05-18 08:13:00 --> Hooks Class Initialized
DEBUG - 2019-05-18 08:13:00 --> UTF-8 Support Enabled
INFO - 2019-05-18 08:13:00 --> Utf8 Class Initialized
INFO - 2019-05-18 08:13:00 --> URI Class Initialized
INFO - 2019-05-18 08:13:00 --> Router Class Initialized
INFO - 2019-05-18 08:13:00 --> Output Class Initialized
INFO - 2019-05-18 08:13:00 --> Security Class Initialized
DEBUG - 2019-05-18 08:13:00 --> Global POST, GET and COOKIE data sanitized
INFO - 2019-05-18 08:13:00 --> Input Class Initialized
INFO - 2019-05-18 08:13:00 --> Language Class Initialized
INFO - 2019-05-18 08:13:00 --> Loader Class Initialized
INFO - 2019-05-18 08:13:00 --> Helper loaded: url_helper
INFO - 2019-05-18 08:13:00 --> Helper loaded: form_helper
INFO - 2019-05-18 08:13:00 --> Helper loaded: html_helper
INFO - 2019-05-18 08:13:00 --> Helper loaded: rbac_helper
INFO - 2019-05-18 08:13:00 --> Helper loaded: layout_helper
INFO - 2019-05-18 08:13:00 --> Helper loaded: func_helper
INFO - 2019-05-18 08:13:00 --> Helper loaded: oraxe_helper
INFO - 2019-05-18 08:13:00 --> Database Driver Class Initialized
DEBUG - 2019-05-18 08:13:00 --> Session: "sess_save_path" is empty; using "session.save_path" value from php.ini.
INFO - 2019-05-18 08:13:00 --> Session: Class initialized using 'files' driver.
INFO - 2019-05-18 08:13:00 --> Controller Class Initialized
DEBUG - 2019-05-18 08:13:00 --> Session class already loaded. Second attempt ignored.
INFO - 2019-05-18 08:13:00 --> Form Validation Class Initialized
INFO - 2019-05-18 08:13:01 --> user_id=[lutfi]module=[company]method[get]
INFO - 2019-05-18 08:13:01 --> user_id=[lutfi]module=[structure]method[get]
INFO - 2019-05-18 08:13:01 --> user_id=[lutfi]module=[report]method[get]
INFO - 2019-05-18 08:13:01 --> user_id=[lutfi]module=[workhour]method[get]
INFO - 2019-05-18 08:13:01 --> user_id=[lutfi]module=[holiday]method[get]
INFO - 2019-05-18 08:13:01 --> user_id=[lutfi]module=[employees]method[get]
INFO - 2019-05-18 08:13:01 --> user_id=[lutfi]module=[timesheet]method[get]
INFO - 2019-05-18 08:13:01 --> user_id=[lutfi]module=[absent]method[get]
INFO - 2019-05-18 08:13:01 --> user_id=[lutfi]module=[onleave]method[get]
INFO - 2019-05-18 08:13:01 --> user_id=[lutfi]module=[overtime]method[get]
INFO - 2019-05-18 08:13:01 --> user_id=[lutfi]module=[schemas]method[get]
INFO - 2019-05-18 08:13:01 --> user_id=[lutfi]module=[adjustment]method[get]
INFO - 2019-05-18 08:13:01 --> user_id=[lutfi]module=[reimburse]method[get]
INFO - 2019-05-18 08:13:01 --> user_id=[lutfi]module=[wages]method[get]
INFO - 2019-05-18 08:13:01 --> user_id=[lutfi]module=[paydays]method[get]
INFO - 2019-05-18 08:13:01 --> File loaded: C:\MNEMONIC\OneDrive\Projects\Web\cyberhrm\application\views\dashboard.php
INFO - 2019-05-18 08:13:01 --> File loaded: C:\MNEMONIC\OneDrive\Projects\Web\cyberhrm\application\views\layouts/default.php
INFO - 2019-05-18 08:13:01 --> Final output sent to browser
DEBUG - 2019-05-18 08:13:01 --> Total execution time: 0.3231
